RUN	it.game.GameSpikeItSimulation	gamespikeitsimulation	1717536889790	 	3.11.3
USER	RecordedSimulation	START	1717536891763
REQUEST		new	1717536891755	1717536891780	OK	 
USER	RecordedSimulation	START	1717536896617
REQUEST		new	1717536896615	1717536896623	OK	 
REQUEST		next	1717536896876	1717536896887	OK	 
REQUEST		undoMove	1717536899896	1717536899899	OK	 
USER	RecordedSimulation	START	1717536901624
USER	RecordedSimulation	START	1717536901624
USER	RecordedSimulation	START	1717536901624
USER	RecordedSimulation	START	1717536901634
USER	RecordedSimulation	START	1717536901636
USER	RecordedSimulation	START	1717536901636
USER	RecordedSimulation	START	1717536901638
USER	RecordedSimulation	START	1717536901640
USER	RecordedSimulation	START	1717536901640
REQUEST		new	1717536901621	1717536901643	OK	 
REQUEST		new	1717536901621	1717536901642	OK	 
USER	RecordedSimulation	START	1717536901646
USER	RecordedSimulation	START	1717536901648
USER	RecordedSimulation	START	1717536901648
REQUEST		new	1717536901621	1717536901648	OK	 
REQUEST		new	1717536901632	1717536901649	OK	 
REQUEST		new	1717536901636	1717536901650	OK	 
REQUEST		new	1717536901638	1717536901651	OK	 
USER	RecordedSimulation	START	1717536901653
USER	RecordedSimulation	START	1717536901653
USER	RecordedSimulation	START	1717536901653
REQUEST		new	1717536901635	1717536901654	OK	 
USER	RecordedSimulation	START	1717536901655
USER	RecordedSimulation	START	1717536901656
USER	RecordedSimulation	START	1717536901657
USER	RecordedSimulation	START	1717536901657
REQUEST		new	1717536901635	1717536901659	OK	 
USER	RecordedSimulation	START	1717536901663
USER	RecordedSimulation	START	1717536901665
REQUEST		new	1717536901638	1717536901664	OK	 
USER	RecordedSimulation	START	1717536901666
USER	RecordedSimulation	START	1717536901666
USER	RecordedSimulation	START	1717536901666
USER	RecordedSimulation	START	1717536901666
USER	RecordedSimulation	START	1717536901667
REQUEST		new	1717536901642	1717536901669	OK	 
USER	RecordedSimulation	START	1717536901669
USER	RecordedSimulation	START	1717536901669
REQUEST		next	1717536901646	1717536901668	OK	 
USER	RecordedSimulation	START	1717536901672
USER	RecordedSimulation	START	1717536901672
USER	RecordedSimulation	START	1717536901675
USER	RecordedSimulation	START	1717536901675
USER	RecordedSimulation	START	1717536901675
USER	RecordedSimulation	START	1717536901677
USER	RecordedSimulation	START	1717536901677
USER	RecordedSimulation	START	1717536901677
USER	RecordedSimulation	START	1717536901679
USER	RecordedSimulation	START	1717536901679
USER	RecordedSimulation	START	1717536901680
USER	RecordedSimulation	START	1717536901675
USER	RecordedSimulation	START	1717536901681
REQUEST		new	1717536901646	1717536901682	OK	 
USER	RecordedSimulation	START	1717536901683
USER	RecordedSimulation	START	1717536901684
REQUEST		new	1717536901651	1717536901685	OK	 
REQUEST		new	1717536901654	1717536901689	OK	 
USER	RecordedSimulation	START	1717536901872
USER	RecordedSimulation	START	1717536901872
USER	RecordedSimulation	START	1717536901873
USER	RecordedSimulation	START	1717536901873
USER	RecordedSimulation	START	1717536901873
USER	RecordedSimulation	START	1717536901873
USER	RecordedSimulation	START	1717536901873
USER	RecordedSimulation	START	1717536901875
USER	RecordedSimulation	START	1717536901876
USER	RecordedSimulation	START	1717536901879
USER	RecordedSimulation	START	1717536901879
USER	RecordedSimulation	START	1717536901879
USER	RecordedSimulation	START	1717536901879
REQUEST		new	1717536901646	1717536901691	OK	 
USER	RecordedSimulation	START	1717536901879
REQUEST		new	1717536901664	1717536901883	OK	 
USER	RecordedSimulation	START	1717536901884
USER	RecordedSimulation	START	1717536901884
USER	RecordedSimulation	START	1717536901884
USER	RecordedSimulation	START	1717536901884
USER	RecordedSimulation	START	1717536901884
USER	RecordedSimulation	START	1717536901884
USER	RecordedSimulation	START	1717536901885
USER	RecordedSimulation	START	1717536901885
USER	RecordedSimulation	START	1717536901887
USER	RecordedSimulation	START	1717536901888
USER	RecordedSimulation	START	1717536901889
USER	RecordedSimulation	START	1717536901889
USER	RecordedSimulation	START	1717536901889
REQUEST		new	1717536901651	1717536901889	OK	 
USER	RecordedSimulation	START	1717536901891
USER	RecordedSimulation	START	1717536901892
USER	RecordedSimulation	START	1717536901893
REQUEST		new	1717536901655	1717536901892	OK	 
USER	RecordedSimulation	START	1717536901895
USER	RecordedSimulation	START	1717536901895
REQUEST		new	1717536901660	1717536901896	OK	 
USER	RecordedSimulation	START	1717536901897
REQUEST		new	1717536901651	1717536901896	OK	 
USER	RecordedSimulation	START	1717536901898
REQUEST		new	1717536901670	1717536901898	OK	 
USER	RecordedSimulation	START	1717536901899
USER	RecordedSimulation	START	1717536901900
REQUEST		new	1717536901673	1717536901900	OK	 
USER	RecordedSimulation	START	1717536901902
USER	RecordedSimulation	START	1717536901902
USER	RecordedSimulation	START	1717536901903
USER	RecordedSimulation	START	1717536901904
REQUEST		new	1717536901654	1717536901901	OK	 
USER	RecordedSimulation	START	1717536901906
USER	RecordedSimulation	START	1717536901908
USER	RecordedSimulation	START	1717536901910
USER	RecordedSimulation	START	1717536901911
USER	RecordedSimulation	START	1717536901915
USER	RecordedSimulation	START	1717536901917
USER	RecordedSimulation	START	1717536901917
USER	RecordedSimulation	START	1717536901918
USER	RecordedSimulation	START	1717536901919
USER	RecordedSimulation	START	1717536901921
USER	RecordedSimulation	START	1717536901921
REQUEST		new	1717536901669	1717536901922	OK	 
USER	RecordedSimulation	START	1717536901924
USER	RecordedSimulation	START	1717536901924
USER	RecordedSimulation	START	1717536901924
USER	RecordedSimulation	START	1717536901924
USER	RecordedSimulation	START	1717536901925
REQUEST		new	1717536901665	1717536901925	OK	 
REQUEST		new	1717536901670	1717536901927	OK	 
REQUEST		new	1717536901664	1717536901927	OK	 
REQUEST		new	1717536901683	1717536901933	OK	 
USER	RecordedSimulation	START	1717536901936
USER	RecordedSimulation	START	1717536901947
REQUEST		new	1717536901668	1717536901938	OK	 
REQUEST		new	1717536901686	1717536901953	OK	 
REQUEST		new	1717536901653	1717536901956	OK	 
REQUEST		new	1717536901673	1717536901959	OK	 
REQUEST		new	1717536901895	1717536901960	OK	 
REQUEST		new	1717536901674	1717536901963	OK	 
REQUEST		new	1717536901899	1717536901963	OK	 
REQUEST		new	1717536901882	1717536901961	OK	 
REQUEST		new	1717536901660	1717536901963	OK	 
REQUEST		new	1717536901874	1717536901966	OK	 
REQUEST		new	1717536901888	1717536901969	OK	 
REQUEST		new	1717536901671	1717536901969	OK	 
REQUEST		new	1717536901675	1717536901967	OK	 
REQUEST		new	1717536901690	1717536901973	OK	 
REQUEST		new	1717536901664	1717536901974	OK	 
REQUEST		new	1717536901686	1717536901975	OK	 
REQUEST		new	1717536901885	1717536901975	OK	 
REQUEST		new	1717536901667	1717536901978	OK	 
REQUEST		new	1717536901685	1717536901981	OK	 
REQUEST		new	1717536901898	1717536901981	OK	 
REQUEST		new	1717536901670	1717536901982	OK	 
REQUEST		new	1717536901900	1717536901985	OK	 
REQUEST		new	1717536901680	1717536901986	OK	 
REQUEST		new	1717536901675	1717536901988	OK	 
REQUEST		new	1717536901887	1717536901991	OK	 
REQUEST		new	1717536901685	1717536901992	OK	 
REQUEST		new	1717536901687	1717536901994	OK	 
REQUEST		new	1717536901887	1717536901995	OK	 
REQUEST		new	1717536901883	1717536901997	OK	 
REQUEST		new	1717536901673	1717536901998	OK	 
REQUEST		new	1717536901907	1717536902000	OK	 
REQUEST		new	1717536901683	1717536902004	OK	 
REQUEST		new	1717536901679	1717536902005	OK	 
REQUEST		new	1717536901888	1717536902007	OK	 
REQUEST		new	1717536901888	1717536902010	OK	 
REQUEST		new	1717536901685	1717536902013	OK	 
REQUEST		new	1717536901672	1717536902016	OK	 
REQUEST		new	1717536901913	1717536902017	OK	 
REQUEST		new	1717536901888	1717536902021	OK	 
REQUEST		new	1717536901690	1717536902023	OK	 
REQUEST		new	1717536901890	1717536902025	OK	 
REQUEST		new	1717536901664	1717536902028	OK	 
REQUEST		new	1717536901916	1717536902026	OK	 
REQUEST		new	1717536901679	1717536902043	OK	 
REQUEST		new	1717536901689	1717536902043	OK	 
REQUEST		new	1717536901671	1717536902044	OK	 
REQUEST		new	1717536901896	1717536902046	OK	 
REQUEST		new	1717536901917	1717536902046	OK	 
REQUEST		new	1717536901893	1717536902059	OK	 
REQUEST		new	1717536901906	1717536902059	OK	 
REQUEST		new	1717536901670	1717536902066	OK	 
REQUEST		new	1717536901668	1717536902068	OK	 
REQUEST		new	1717536901896	1717536902073	OK	 
REQUEST		new	1717536901666	1717536902076	OK	 
REQUEST		new	1717536901678	1717536902078	OK	 
REQUEST		new	1717536901884	1717536902080	OK	 
REQUEST		new	1717536901887	1717536902082	OK	 
REQUEST		new	1717536901874	1717536902082	OK	 
REQUEST		new	1717536901876	1717536902084	OK	 
REQUEST		new	1717536901922	1717536902086	OK	 
REQUEST		new	1717536901920	1717536902091	OK	 
REQUEST		new	1717536901902	1717536902091	OK	 
REQUEST		new	1717536901922	1717536902093	OK	 
REQUEST		new	1717536901663	1717536902094	OK	 
REQUEST		new	1717536901673	1717536902098	OK	 
REQUEST		new	1717536901685	1717536902102	OK	 
REQUEST		new	1717536901663	1717536902104	OK	 
REQUEST		new	1717536901921	1717536902106	OK	 
REQUEST		new	1717536901671	1717536902107	OK	 
REQUEST		new	1717536901686	1717536902109	OK	 
REQUEST		new	1717536901911	1717536902112	OK	 
REQUEST		new	1717536901677	1717536902112	OK	 
REQUEST		new	1717536901893	1717536902115	OK	 
REQUEST		new	1717536901945	1717536902118	OK	 
REQUEST		sum	1717536902950	1717536902953	OK	 
REQUEST		undoMove	1717536904723	1717536904725	OK	 
REQUEST		next	1717536906645	1717536906648	OK	 
USER	RecordedSimulation	START	1717536906663
REQUEST		new	1717536906662	1717536906667	OK	 
REQUEST		next	1717536906670	1717536906673	OK	 
REQUEST		next	1717536906671	1717536906674	OK	 
REQUEST		next	1717536906694	1717536906700	OK	 
REQUEST		next	1717536906696	1717536906702	OK	 
REQUEST		next	1717536906697	1717536906703	OK	 
REQUEST		next	1717536906700	1717536906708	OK	 
REQUEST		next	1717536906702	1717536906710	OK	 
REQUEST		next	1717536906704	1717536906718	OK	 
REQUEST		next	1717536906706	1717536906730	OK	 
REQUEST		next	1717536906719	1717536906737	OK	 
REQUEST		next	1717536906731	1717536906740	OK	 
REQUEST		next	1717536906734	1717536906742	OK	 
REQUEST		next	1717536906913	1717536906919	OK	 
REQUEST		next	1717536906916	1717536906920	OK	 
REQUEST		next	1717536906918	1717536906922	OK	 
REQUEST		next	1717536906925	1717536906932	OK	 
REQUEST		next	1717536906927	1717536906936	OK	 
REQUEST		next	1717536906929	1717536906939	OK	 
REQUEST		next	1717536906925	1717536906944	OK	 
REQUEST		next	1717536906927	1717536906946	OK	 
REQUEST		next	1717536906946	1717536906949	OK	 
REQUEST		next	1717536906929	1717536906949	OK	 
REQUEST		next	1717536906962	1717536906968	OK	 
REQUEST		next	1717536906965	1717536906969	OK	 
REQUEST		next	1717536906967	1717536906971	OK	 
REQUEST		playerID	1717536906975	1717536906977	OK	 
REQUEST		next	1717536906975	1717536906980	OK	 
REQUEST		next	1717536906977	1717536906981	OK	 
REQUEST		next	1717536906979	1717536906983	OK	 
REQUEST		next	1717536906985	1717536906991	OK	 
REQUEST		next	1717536906985	1717536906991	OK	 
REQUEST		next	1717536906987	1717536906993	OK	 
REQUEST		next	1717536906987	1717536906993	OK	 
REQUEST		next	1717536906989	1717536906995	OK	 
REQUEST		next	1717536906989	1717536906995	OK	 
REQUEST		next	1717536906995	1717536907000	OK	 
REQUEST		next	1717536906998	1717536907002	OK	 
REQUEST		next	1717536906995	1717536907003	OK	 
REQUEST		next	1717536906998	1717536907004	OK	 
REQUEST		next	1717536907000	1717536907005	OK	 
REQUEST		next	1717536907005	1717536907008	OK	 
REQUEST		next	1717536907005	1717536907010	OK	 
REQUEST		next	1717536907007	1717536907010	OK	 
REQUEST		next	1717536907007	1717536907012	OK	 
REQUEST		next	1717536907009	1717536907015	OK	 
REQUEST		next	1717536907012	1717536907015	OK	 
REQUEST		next	1717536907011	1717536907018	OK	 
REQUEST		next	1717536907012	1717536907019	OK	 
REQUEST		next	1717536907014	1717536907021	OK	 
REQUEST		next	1717536907016	1717536907022	OK	 
REQUEST		next	1717536907015	1717536907023	OK	 
REQUEST		next	1717536907018	1717536907024	OK	 
REQUEST		next	1717536907020	1717536907026	OK	 
REQUEST		next	1717536907021	1717536907027	OK	 
REQUEST		next	1717536907025	1717536907030	OK	 
REQUEST		next	1717536907027	1717536907031	OK	 
REQUEST		next	1717536907028	1717536907032	OK	 
REQUEST		next	1717536907035	1717536907037	OK	 
REQUEST		next	1717536907035	1717536907039	OK	 
REQUEST		next	1717536907035	1717536907039	OK	 
REQUEST		next	1717536907037	1717536907040	OK	 
REQUEST		next	1717536907037	1717536907041	OK	 
REQUEST		next	1717536907038	1717536907042	OK	 
REQUEST		next	1717536907038	1717536907042	OK	 
REQUEST		next	1717536907055	1717536907060	OK	 
REQUEST		next	1717536907057	1717536907061	OK	 
REQUEST		next	1717536907058	1717536907062	OK	 
REQUEST		next	1717536907064	1717536907070	OK	 
REQUEST		next	1717536907065	1717536907072	OK	 
REQUEST		next	1717536907066	1717536907072	OK	 
REQUEST		next	1717536907068	1717536907074	OK	 
REQUEST		next	1717536907068	1717536907074	OK	 
REQUEST		next	1717536907070	1717536907075	OK	 
REQUEST		next	1717536907075	1717536907078	OK	 
REQUEST		next	1717536907075	1717536907078	OK	 
REQUEST		next	1717536907077	1717536907079	OK	 
REQUEST		next	1717536907085	1717536907089	OK	 
REQUEST		next	1717536907086	1717536907091	OK	 
REQUEST		next	1717536907088	1717536907092	OK	 
REQUEST		next	1717536907105	1717536907109	OK	 
REQUEST		next	1717536907107	1717536907111	OK	 
REQUEST		next	1717536907108	1717536907112	OK	 
REQUEST		next	1717536907113	1717536907117	OK	 
REQUEST		next	1717536907115	1717536907119	OK	 
REQUEST		next	1717536907125	1717536907130	OK	 
REQUEST		next	1717536907125	1717536907130	OK	 
REQUEST		next	1717536907125	1717536907130	OK	 
REQUEST		next	1717536907126	1717536907131	OK	 
REQUEST		next	1717536907125	1717536907131	OK	 
REQUEST		next	1717536907126	1717536907131	OK	 
REQUEST		next	1717536907127	1717536907131	OK	 
REQUEST		next	1717536907127	1717536907133	OK	 
REQUEST		next	1717536907128	1717536907133	OK	 
REQUEST		next	1717536907128	1717536907133	OK	 
REQUEST		next	1717536907128	1717536907133	OK	 
REQUEST		next	1717536907128	1717536907135	OK	 
REQUEST		next	1717536907130	1717536907137	OK	 
REQUEST		next	1717536907144	1717536907148	OK	 
REQUEST		next	1717536907145	1717536907149	OK	 
REQUEST		next	1717536907146	1717536907150	OK	 
REQUEST		next	1717536907147	1717536907152	OK	 
REQUEST		sum	1717536907775	1717536907777	OK	 
REQUEST		undoMove	1717536909672	1717536909675	OK	 
REQUEST		undoMove	1717536909676	1717536909678	OK	 
REQUEST		undoMove	1717536909677	1717536909680	OK	 
REQUEST		undoMove	1717536909723	1717536909728	OK	 
REQUEST		undoMove	1717536909725	1717536909728	OK	 
REQUEST		undoMove	1717536909726	1717536909729	OK	 
REQUEST		undoMove	1717536909759	1717536909763	OK	 
REQUEST		undoMove	1717536909760	1717536909764	OK	 
REQUEST		undoMove	1717536909761	1717536909765	OK	 
REQUEST		undoMove	1717536909762	1717536909767	OK	 
REQUEST		undoMove	1717536909775	1717536909778	OK	 
REQUEST		undoMove	1717536909776	1717536909779	OK	 
REQUEST		undoMove	1717536909777	1717536909781	OK	 
REQUEST		undoMove	1717536909930	1717536909936	OK	 
REQUEST		undoMove	1717536909932	1717536909938	OK	 
REQUEST		undoMove	1717536909934	1717536909940	OK	 
REQUEST		undoMove	1717536909957	1717536909962	OK	 
REQUEST		undoMove	1717536909959	1717536909963	OK	 
REQUEST		undoMove	1717536909961	1717536909964	OK	 
REQUEST		undoMove	1717536909983	1717536909987	OK	 
REQUEST		undoMove	1717536909985	1717536909992	OK	 
REQUEST		undoMove	1717536909985	1717536909992	OK	 
REQUEST		undoMove	1717536909986	1717536909992	OK	 
REQUEST		undoMove	1717536909990	1717536909994	OK	 
REQUEST		undoMove	1717536909987	1717536909994	OK	 
REQUEST		undoMove	1717536909987	1717536909994	OK	 
REQUEST		undoMove	1717536909990	1717536909996	OK	 
REQUEST		undoMove	1717536909990	1717536909996	OK	 
REQUEST		undoMove	1717536909998	1717536910000	OK	 
REQUEST		undoMove	1717536910002	1717536910003	OK	 
REQUEST		undoMove	1717536910005	1717536910006	OK	 
REQUEST		undoMove	1717536910025	1717536910029	OK	 
REQUEST		undoMove	1717536910027	1717536910031	OK	 
REQUEST		undoMove	1717536910028	1717536910032	OK	 
REQUEST		undoMove	1717536910036	1717536910041	OK	 
REQUEST		undoMove	1717536910036	1717536910041	OK	 
REQUEST		undoMove	1717536910035	1717536910041	OK	 
REQUEST		undoMove	1717536910035	1717536910041	OK	 
REQUEST		undoMove	1717536910035	1717536910041	OK	 
REQUEST		undoMove	1717536910038	1717536910044	OK	 
REQUEST		undoMove	1717536910037	1717536910044	OK	 
REQUEST		undoMove	1717536910037	1717536910044	OK	 
REQUEST		undoMove	1717536910037	1717536910044	OK	 
REQUEST		undoMove	1717536910037	1717536910044	OK	 
REQUEST		undoMove	1717536910039	1717536910045	OK	 
REQUEST		undoMove	1717536910039	1717536910045	OK	 
REQUEST		undoMove	1717536910039	1717536910045	OK	 
REQUEST		undoMove	1717536910039	1717536910045	OK	 
REQUEST		undoMove	1717536910039	1717536910045	OK	 
REQUEST		undoMove	1717536910045	1717536910052	OK	 
REQUEST		undoMove	1717536910047	1717536910054	OK	 
REQUEST		undoMove	1717536910049	1717536910056	OK	 
REQUEST		undoMove	1717536910050	1717536910058	OK	 
REQUEST		undoMove	1717536910060	1717536910065	OK	 
REQUEST		undoMove	1717536910062	1717536910066	OK	 
REQUEST		undoMove	1717536910064	1717536910068	OK	 
REQUEST		undoMove	1717536910067	1717536910074	OK	 
REQUEST		undoMove	1717536910069	1717536910077	OK	 
REQUEST		undoMove	1717536910073	1717536910078	OK	 
REQUEST		undoMove	1717536910071	1717536910078	OK	 
REQUEST		undoMove	1717536910073	1717536910079	OK	 
REQUEST		undoMove	1717536910074	1717536910079	OK	 
REQUEST		undoMove	1717536910076	1717536910080	OK	 
REQUEST		undoMove	1717536910085	1717536910088	OK	 
REQUEST		undoMove	1717536910085	1717536910090	OK	 
REQUEST		undoMove	1717536910085	1717536910090	OK	 
REQUEST		undoMove	1717536910085	1717536910090	OK	 
REQUEST		undoMove	1717536910085	1717536910090	OK	 
REQUEST		undoMove	1717536910087	1717536910091	OK	 
REQUEST		undoMove	1717536910087	1717536910091	OK	 
REQUEST		undoMove	1717536910087	1717536910091	OK	 
REQUEST		undoMove	1717536910087	1717536910091	OK	 
REQUEST		undoMove	1717536910088	1717536910093	OK	 
REQUEST		undoMove	1717536910088	1717536910093	OK	 
REQUEST		undoMove	1717536910088	1717536910093	OK	 
REQUEST		undoMove	1717536910088	1717536910093	OK	 
REQUEST		undoMove	1717536910125	1717536910128	OK	 
REQUEST		undoMove	1717536910127	1717536910129	OK	 
REQUEST		undoMove	1717536910125	1717536910129	OK	 
REQUEST		undoMove	1717536910127	1717536910131	OK	 
REQUEST		undoMove	1717536910128	1717536910132	OK	 
REQUEST		undoMove	1717536910135	1717536910138	OK	 
REQUEST		undoMove	1717536910135	1717536910138	OK	 
REQUEST		undoMove	1717536910136	1717536910140	OK	 
REQUEST		undoMove	1717536910136	1717536910140	OK	 
REQUEST		undoMove	1717536910137	1717536910141	OK	 
REQUEST		undoMove	1717536910137	1717536910141	OK	 
REQUEST		undoMove	1717536910175	1717536910181	OK	 
REQUEST		undoMove	1717536910175	1717536910181	OK	 
REQUEST		undoMove	1717536910177	1717536910182	OK	 
REQUEST		undoMove	1717536910177	1717536910182	OK	 
REQUEST		undoMove	1717536910179	1717536910184	OK	 
REQUEST		undoMove	1717536910179	1717536910184	OK	 
REQUEST		undoMove	1717536910188	1717536910194	OK	 
REQUEST		undoMove	1717536910189	1717536910194	OK	 
REQUEST		undoMove	1717536910190	1717536910196	OK	 
REQUEST		undoMove	1717536910190	1717536910196	OK	 
REQUEST		undoMove	1717536910191	1717536910198	OK	 
REQUEST		undoMove	1717536910191	1717536910198	OK	 
REQUEST		undoMove	1717536910192	1717536910199	OK	 
REQUEST		undoMove	1717536910192	1717536910199	OK	 
REQUEST		playerName	1717536910985	1717536910987	OK	 
REQUEST		next	1717536911717	1717536911719	OK	 
REQUEST		playerID	1717536911795	1717536911797	OK	 
REQUEST		sum	1717536912693	1717536912696	OK	 
REQUEST		sum	1717536912694	1717536912698	OK	 
REQUEST		sum	1717536912695	1717536912699	OK	 
REQUEST		sum	1717536912765	1717536912768	OK	 
REQUEST		sum	1717536912766	1717536912770	OK	 
REQUEST		sum	1717536912767	1717536912771	OK	 
REQUEST		sum	1717536912795	1717536912798	OK	 
REQUEST		sum	1717536912796	1717536912799	OK	 
REQUEST		sum	1717536912797	1717536912799	OK	 
REQUEST		sum	1717536912812	1717536912815	OK	 
REQUEST		sum	1717536912813	1717536912816	OK	 
REQUEST		sum	1717536912814	1717536912817	OK	 
REQUEST		sum	1717536912814	1717536912818	OK	 
REQUEST		sum	1717536912955	1717536912958	OK	 
REQUEST		sum	1717536912956	1717536912959	OK	 
REQUEST		sum	1717536912957	1717536912960	OK	 
REQUEST		sum	1717536912993	1717536912996	OK	 
REQUEST		sum	1717536912994	1717536912997	OK	 
REQUEST		sum	1717536912995	1717536912998	OK	 
REQUEST		sum	1717536913005	1717536913007	OK	 
REQUEST		sum	1717536913005	1717536913008	OK	 
REQUEST		sum	1717536913006	1717536913009	OK	 
REQUEST		sum	1717536913030	1717536913033	OK	 
REQUEST		sum	1717536913031	1717536913034	OK	 
REQUEST		sum	1717536913032	1717536913035	OK	 
REQUEST		sum	1717536913043	1717536913045	OK	 
REQUEST		sum	1717536913043	1717536913045	OK	 
REQUEST		sum	1717536913043	1717536913045	OK	 
REQUEST		sum	1717536913043	1717536913047	OK	 
REQUEST		sum	1717536913045	1717536913047	OK	 
REQUEST		sum	1717536913046	1717536913047	OK	 
REQUEST		sum	1717536913046	1717536913048	OK	 
REQUEST		sum	1717536913046	1717536913048	OK	 
REQUEST		sum	1717536913044	1717536913048	OK	 
REQUEST		sum	1717536913046	1717536913048	OK	 
REQUEST		sum	1717536913046	1717536913048	OK	 
REQUEST		sum	1717536913046	1717536913048	OK	 
REQUEST		sum	1717536913047	1717536913049	OK	 
REQUEST		sum	1717536913045	1717536913049	OK	 
REQUEST		sum	1717536913047	1717536913049	OK	 
REQUEST		sum	1717536913050	1717536913054	OK	 
REQUEST		sum	1717536913051	1717536913055	OK	 
REQUEST		sum	1717536913053	1717536913055	OK	 
REQUEST		sum	1717536913065	1717536913067	OK	 
REQUEST		sum	1717536913066	1717536913068	OK	 
REQUEST		sum	1717536913066	1717536913069	OK	 
REQUEST		sum	1717536913090	1717536913095	OK	 
REQUEST		sum	1717536913092	1717536913096	OK	 
REQUEST		sum	1717536913094	1717536913097	OK	 
REQUEST		sum	1717536913095	1717536913099	OK	 
REQUEST		sum	1717536913095	1717536913099	OK	 
REQUEST		sum	1717536913094	1717536913099	OK	 
REQUEST		sum	1717536913095	1717536913099	OK	 
REQUEST		sum	1717536913096	1717536913100	OK	 
REQUEST		sum	1717536913096	1717536913100	OK	 
REQUEST		sum	1717536913095	1717536913100	OK	 
REQUEST		sum	1717536913096	1717536913100	OK	 
REQUEST		sum	1717536913097	1717536913101	OK	 
REQUEST		sum	1717536913096	1717536913101	OK	 
REQUEST		sum	1717536913097	1717536913101	OK	 
REQUEST		sum	1717536913097	1717536913101	OK	 
REQUEST		sum	1717536913097	1717536913102	OK	 
REQUEST		sum	1717536913102	1717536913107	OK	 
REQUEST		sum	1717536913103	1717536913108	OK	 
REQUEST		sum	1717536913104	1717536913109	OK	 
REQUEST		sum	1717536913106	1717536913110	OK	 
REQUEST		sum	1717536913112	1717536913116	OK	 
REQUEST		sum	1717536913114	1717536913118	OK	 
REQUEST		sum	1717536913114	1717536913118	OK	 
REQUEST		sum	1717536913115	1717536913120	OK	 
REQUEST		sum	1717536913115	1717536913120	OK	 
REQUEST		sum	1717536913116	1717536913122	OK	 
REQUEST		sum	1717536913135	1717536913140	OK	 
REQUEST		sum	1717536913138	1717536913142	OK	 
REQUEST		sum	1717536913138	1717536913142	OK	 
REQUEST		sum	1717536913138	1717536913142	OK	 
REQUEST		sum	1717536913139	1717536913143	OK	 
REQUEST		sum	1717536913139	1717536913143	OK	 
REQUEST		sum	1717536913139	1717536913143	OK	 
REQUEST		sum	1717536913140	1717536913145	OK	 
REQUEST		sum	1717536913140	1717536913145	OK	 
REQUEST		sum	1717536913145	1717536913150	OK	 
REQUEST		sum	1717536913146	1717536913151	OK	 
REQUEST		sum	1717536913148	1717536913153	OK	 
REQUEST		sum	1717536913185	1717536913189	OK	 
REQUEST		sum	1717536913185	1717536913189	OK	 
REQUEST		sum	1717536913187	1717536913191	OK	 
REQUEST		sum	1717536913187	1717536913191	OK	 
REQUEST		sum	1717536913188	1717536913193	OK	 
REQUEST		sum	1717536913188	1717536913193	OK	 
REQUEST		sum	1717536913195	1717536913198	OK	 
REQUEST		sum	1717536913196	1717536913199	OK	 
REQUEST		sum	1717536913197	1717536913200	OK	 
REQUEST		sum	1717536913205	1717536913208	OK	 
REQUEST		sum	1717536913206	1717536913209	OK	 
REQUEST		sum	1717536913207	1717536913210	OK	 
REQUEST		sum	1717536913207	1717536913211	OK	 
REQUEST		sum	1717536913215	1717536913218	OK	 
REQUEST		sum	1717536913215	1717536913219	OK	 
REQUEST		sum	1717536913216	1717536913221	OK	 
REQUEST		sum	1717536913217	1717536913222	OK	 
REQUEST		undoMove	1717536914722	1717536914723	OK	 
REQUEST		nestedList	1717536915008	1717536915010	OK	 
REQUEST		playerName	1717536915847	1717536915849	OK	 
REQUEST		playerID	1717536916746	1717536916749	OK	 
REQUEST		playerID	1717536916747	1717536916750	OK	 
REQUEST		playerID	1717536916748	1717536916750	OK	 
REQUEST		playerID	1717536916818	1717536916821	OK	 
REQUEST		playerID	1717536916819	1717536916822	OK	 
REQUEST		playerID	1717536916820	1717536916823	OK	 
REQUEST		playerID	1717536916848	1717536916851	OK	 
REQUEST		playerID	1717536916849	1717536916852	OK	 
REQUEST		playerID	1717536916850	1717536916853	OK	 
REQUEST		playerID	1717536916860	1717536916863	OK	 
REQUEST		playerID	1717536916861	1717536916863	OK	 
REQUEST		playerID	1717536916861	1717536916865	OK	 
REQUEST		playerID	1717536916862	1717536916866	OK	 
REQUEST		playerID	1717536917004	1717536917007	OK	 
REQUEST		playerID	1717536917005	1717536917009	OK	 
REQUEST		playerID	1717536917006	1717536917010	OK	 
REQUEST		playerID	1717536917045	1717536917049	OK	 
REQUEST		playerID	1717536917046	1717536917050	OK	 
REQUEST		playerID	1717536917047	1717536917051	OK	 
REQUEST		playerID	1717536917051	1717536917054	OK	 
REQUEST		playerID	1717536917052	1717536917055	OK	 
REQUEST		playerID	1717536917053	1717536917056	OK	 
REQUEST		playerID	1717536917055	1717536917058	OK	 
REQUEST		playerID	1717536917055	1717536917058	OK	 
REQUEST		playerID	1717536917055	1717536917058	OK	 
REQUEST		playerID	1717536917055	1717536917058	OK	 
REQUEST		playerID	1717536917056	1717536917059	OK	 
REQUEST		playerID	1717536917056	1717536917059	OK	 
REQUEST		playerID	1717536917056	1717536917059	OK	 
REQUEST		playerID	1717536917056	1717536917059	OK	 
REQUEST		playerID	1717536917057	1717536917060	OK	 
REQUEST		playerID	1717536917057	1717536917060	OK	 
REQUEST		playerID	1717536917057	1717536917060	OK	 
REQUEST		playerID	1717536917057	1717536917060	OK	 
REQUEST		playerID	1717536917065	1717536917068	OK	 
REQUEST		playerID	1717536917066	1717536917069	OK	 
REQUEST		playerID	1717536917067	1717536917070	OK	 
REQUEST		playerID	1717536917095	1717536917097	OK	 
REQUEST		playerID	1717536917095	1717536917099	OK	 
REQUEST		playerID	1717536917096	1717536917100	OK	 
REQUEST		playerID	1717536917102	1717536917105	OK	 
REQUEST		playerID	1717536917102	1717536917104	OK	 
REQUEST		playerID	1717536917103	1717536917107	OK	 
REQUEST		playerID	1717536917103	1717536917107	OK	 
REQUEST		playerID	1717536917102	1717536917107	OK	 
REQUEST		playerID	1717536917104	1717536917108	OK	 
REQUEST		playerID	1717536917103	1717536917108	OK	 
REQUEST		playerID	1717536917104	1717536917108	OK	 
REQUEST		playerID	1717536917104	1717536917108	OK	 
REQUEST		playerID	1717536917105	1717536917109	OK	 
REQUEST		playerID	1717536917105	1717536917109	OK	 
REQUEST		playerID	1717536917105	1717536917109	OK	 
REQUEST		playerID	1717536917104	1717536917109	OK	 
REQUEST		playerID	1717536917106	1717536917110	OK	 
REQUEST		playerID	1717536917106	1717536917110	OK	 
REQUEST		playerID	1717536917108	1717536917110	OK	 
REQUEST		playerID	1717536917143	1717536917146	OK	 
REQUEST		playerID	1717536917143	1717536917146	OK	 
REQUEST		playerID	1717536917144	1717536917146	OK	 
REQUEST		playerID	1717536917144	1717536917146	OK	 
REQUEST		playerID	1717536917145	1717536917147	OK	 
REQUEST		playerID	1717536917145	1717536917147	OK	 
REQUEST		playerID	1717536917153	1717536917155	OK	 
REQUEST		playerID	1717536917153	1717536917155	OK	 
REQUEST		playerID	1717536917153	1717536917156	OK	 
REQUEST		playerID	1717536917154	1717536917156	OK	 
REQUEST		playerID	1717536917154	1717536917156	OK	 
REQUEST		playerID	1717536917155	1717536917157	OK	 
REQUEST		playerID	1717536917154	1717536917157	OK	 
REQUEST		playerID	1717536917154	1717536917157	OK	 
REQUEST		playerID	1717536917155	1717536917157	OK	 
REQUEST		playerID	1717536917155	1717536917157	OK	 
REQUEST		playerID	1717536917155	1717536917158	OK	 
REQUEST		playerID	1717536917155	1717536917158	OK	 
REQUEST		playerID	1717536917155	1717536917158	OK	 
REQUEST		playerID	1717536917156	1717536917158	OK	 
REQUEST		playerID	1717536917155	1717536917158	OK	 
REQUEST		playerID	1717536917156	1717536917158	OK	 
REQUEST		playerID	1717536917165	1717536917168	OK	 
REQUEST		playerID	1717536917166	1717536917169	OK	 
REQUEST		playerID	1717536917167	1717536917170	OK	 
REQUEST		playerID	1717536917192	1717536917194	OK	 
REQUEST		playerID	1717536917193	1717536917195	OK	 
REQUEST		playerID	1717536917193	1717536917196	OK	 
REQUEST		playerID	1717536917194	1717536917196	OK	 
REQUEST		playerID	1717536917195	1717536917197	OK	 
REQUEST		playerID	1717536917195	1717536917198	OK	 
REQUEST		playerID	1717536917204	1717536917206	OK	 
REQUEST		playerID	1717536917205	1717536917207	OK	 
REQUEST		playerID	1717536917205	1717536917207	OK	 
REQUEST		playerID	1717536917215	1717536917219	OK	 
REQUEST		playerID	1717536917216	1717536917220	OK	 
REQUEST		playerID	1717536917217	1717536917221	OK	 
REQUEST		playerID	1717536917253	1717536917257	OK	 
REQUEST		playerID	1717536917253	1717536917257	OK	 
REQUEST		playerID	1717536917254	1717536917258	OK	 
REQUEST		playerID	1717536917254	1717536917258	OK	 
REQUEST		playerID	1717536917254	1717536917259	OK	 
REQUEST		playerID	1717536917254	1717536917259	OK	 
REQUEST		playerID	1717536917255	1717536917260	OK	 
REQUEST		playerID	1717536917255	1717536917262	OK	 
REQUEST		sum	1717536917773	1717536917775	OK	 
REQUEST		remainingMoves	1717536919059	1717536919060	OK	 
REQUEST		nestedList	1717536919898	1717536919900	OK	 
REQUEST		playerName	1717536920774	1717536920777	OK	 
REQUEST		playerName	1717536920775	1717536920778	OK	 
REQUEST		playerName	1717536920776	1717536920779	OK	 
REQUEST		playerName	1717536920871	1717536920874	OK	 
REQUEST		playerName	1717536920871	1717536920875	OK	 
REQUEST		playerName	1717536920872	1717536920877	OK	 
REQUEST		playerName	1717536920875	1717536920878	OK	 
REQUEST		playerName	1717536920876	1717536920879	OK	 
REQUEST		playerName	1717536920877	1717536920879	OK	 
REQUEST		playerName	1717536920877	1717536920880	OK	 
REQUEST		playerName	1717536920901	1717536920904	OK	 
REQUEST		playerName	1717536920902	1717536920905	OK	 
REQUEST		playerName	1717536920903	1717536920906	OK	 
REQUEST		playerName	1717536921045	1717536921047	OK	 
REQUEST		playerName	1717536921045	1717536921047	OK	 
REQUEST		playerName	1717536921046	1717536921048	OK	 
REQUEST		playerName	1717536921072	1717536921074	OK	 
REQUEST		playerName	1717536921073	1717536921075	OK	 
REQUEST		playerName	1717536921073	1717536921075	OK	 
REQUEST		playerName	1717536921098	1717536921099	OK	 
REQUEST		playerName	1717536921098	1717536921100	OK	 
REQUEST		playerName	1717536921099	1717536921100	OK	 
REQUEST		playerName	1717536921099	1717536921101	OK	 
REQUEST		playerName	1717536921099	1717536921101	OK	 
REQUEST		playerName	1717536921099	1717536921101	OK	 
REQUEST		playerName	1717536921099	1717536921101	OK	 
REQUEST		playerName	1717536921100	1717536921102	OK	 
REQUEST		playerName	1717536921101	1717536921102	OK	 
REQUEST		playerName	1717536921103	1717536921105	OK	 
REQUEST		playerName	1717536921104	1717536921105	OK	 
REQUEST		playerName	1717536921104	1717536921106	OK	 
REQUEST		playerName	1717536921107	1717536921109	OK	 
REQUEST		playerName	1717536921107	1717536921109	OK	 
REQUEST		playerName	1717536921108	1717536921110	OK	 
REQUEST		playerName	1717536921108	1717536921110	OK	 
REQUEST		playerName	1717536921108	1717536921111	OK	 
REQUEST		playerName	1717536921108	1717536921111	OK	 
REQUEST		playerName	1717536921117	1717536921119	OK	 
REQUEST		playerName	1717536921118	1717536921120	OK	 
REQUEST		playerName	1717536921118	1717536921120	OK	 
REQUEST		playerName	1717536921125	1717536921127	OK	 
REQUEST		playerName	1717536921124	1717536921127	OK	 
REQUEST		playerName	1717536921125	1717536921128	OK	 
REQUEST		playerName	1717536921125	1717536921128	OK	 
REQUEST		playerName	1717536921125	1717536921128	OK	 
REQUEST		playerName	1717536921125	1717536921129	OK	 
REQUEST		playerName	1717536921126	1717536921129	OK	 
REQUEST		playerName	1717536921126	1717536921129	OK	 
REQUEST		playerName	1717536921126	1717536921130	OK	 
REQUEST		playerName	1717536921126	1717536921130	OK	 
REQUEST		playerName	1717536921155	1717536921157	OK	 
REQUEST		playerName	1717536921155	1717536921157	OK	 
REQUEST		playerName	1717536921155	1717536921158	OK	 
REQUEST		playerName	1717536921155	1717536921158	OK	 
REQUEST		playerName	1717536921156	1717536921158	OK	 
REQUEST		playerName	1717536921156	1717536921158	OK	 
REQUEST		playerName	1717536921175	1717536921177	OK	 
REQUEST		playerName	1717536921175	1717536921177	OK	 
REQUEST		playerName	1717536921176	1717536921178	OK	 
REQUEST		playerName	1717536921176	1717536921178	OK	 
REQUEST		playerName	1717536921176	1717536921179	OK	 
REQUEST		playerName	1717536921176	1717536921179	OK	 
REQUEST		playerName	1717536921205	1717536921206	OK	 
REQUEST		playerName	1717536921205	1717536921206	OK	 
REQUEST		playerName	1717536921205	1717536921207	OK	 
REQUEST		playerName	1717536921205	1717536921207	OK	 
REQUEST		playerName	1717536921205	1717536921207	OK	 
REQUEST		playerName	1717536921205	1717536921208	OK	 
REQUEST		playerName	1717536921206	1717536921208	OK	 
REQUEST		playerName	1717536921205	1717536921208	OK	 
REQUEST		playerName	1717536921205	1717536921208	OK	 
REQUEST		playerName	1717536921205	1717536921209	OK	 
REQUEST		playerName	1717536921206	1717536921209	OK	 
REQUEST		playerName	1717536921207	1717536921209	OK	 
REQUEST		playerName	1717536921207	1717536921209	OK	 
REQUEST		playerName	1717536921205	1717536921209	OK	 
REQUEST		playerName	1717536921207	1717536921209	OK	 
REQUEST		playerName	1717536921206	1717536921210	OK	 
REQUEST		playerName	1717536921208	1717536921210	OK	 
REQUEST		playerName	1717536921208	1717536921210	OK	 
REQUEST		playerName	1717536921208	1717536921211	OK	 
REQUEST		playerName	1717536921208	1717536921211	OK	 
REQUEST		playerName	1717536921209	1717536921211	OK	 
REQUEST		playerName	1717536921208	1717536921211	OK	 
REQUEST		playerName	1717536921209	1717536921212	OK	 
REQUEST		playerName	1717536921209	1717536921212	OK	 
REQUEST		playerName	1717536921209	1717536921212	OK	 
REQUEST		playerName	1717536921224	1717536921226	OK	 
REQUEST		playerName	1717536921225	1717536921226	OK	 
REQUEST		playerName	1717536921225	1717536921227	OK	 
REQUEST		playerName	1717536921244	1717536921246	OK	 
REQUEST		playerName	1717536921245	1717536921247	OK	 
REQUEST		playerName	1717536921246	1717536921247	OK	 
REQUEST		playerName	1717536921265	1717536921267	OK	 
REQUEST		playerName	1717536921265	1717536921268	OK	 
REQUEST		playerName	1717536921266	1717536921269	OK	 
REQUEST		playerName	1717536921267	1717536921269	OK	 
REQUEST		playerName	1717536921274	1717536921276	OK	 
REQUEST		playerName	1717536921275	1717536921277	OK	 
REQUEST		playerName	1717536921275	1717536921277	OK	 
REQUEST		playerName	1717536921276	1717536921278	OK	 
REQUEST		playerID	1717536921838	1717536921840	OK	 
REQUEST		players	1717536923110	1717536923111	OK	 
USER	RecordedSimulation	END	1717536923114
REQUEST		remainingMoves	1717536923949	1717536923950	OK	 
REQUEST		nestedList	1717536924826	1717536924828	OK	 
REQUEST		nestedList	1717536924826	1717536924828	OK	 
REQUEST		nestedList	1717536924827	1717536924829	OK	 
REQUEST		nestedList	1717536924893	1717536924894	OK	 
REQUEST		nestedList	1717536924893	1717536924895	OK	 
REQUEST		nestedList	1717536924893	1717536924896	OK	 
REQUEST		nestedList	1717536924928	1717536924929	OK	 
REQUEST		nestedList	1717536924928	1717536924930	OK	 
REQUEST		nestedList	1717536924928	1717536924931	OK	 
REQUEST		nestedList	1717536924929	1717536924932	OK	 
REQUEST		nestedList	1717536924953	1717536924955	OK	 
REQUEST		nestedList	1717536924953	1717536924956	OK	 
REQUEST		nestedList	1717536924954	1717536924956	OK	 
REQUEST		nestedList	1717536925096	1717536925098	OK	 
REQUEST		nestedList	1717536925097	1717536925099	OK	 
REQUEST		nestedList	1717536925097	1717536925099	OK	 
REQUEST		nestedList	1717536925117	1717536925118	OK	 
REQUEST		nestedList	1717536925117	1717536925119	OK	 
REQUEST		nestedList	1717536925118	1717536925119	OK	 
REQUEST		nestedList	1717536925125	1717536925127	OK	 
REQUEST		nestedList	1717536925126	1717536925127	OK	 
REQUEST		nestedList	1717536925126	1717536925128	OK	 
REQUEST		nestedList	1717536925134	1717536925136	OK	 
REQUEST		nestedList	1717536925135	1717536925136	OK	 
REQUEST		nestedList	1717536925135	1717536925137	OK	 
REQUEST		nestedList	1717536925138	1717536925140	OK	 
REQUEST		nestedList	1717536925138	1717536925141	OK	 
REQUEST		nestedList	1717536925139	1717536925142	OK	 
REQUEST		nestedList	1717536925149	1717536925150	OK	 
REQUEST		nestedList	1717536925149	1717536925151	OK	 
REQUEST		nestedList	1717536925150	1717536925152	OK	 
REQUEST		nestedList	1717536925150	1717536925152	OK	 
REQUEST		nestedList	1717536925150	1717536925152	OK	 
REQUEST		nestedList	1717536925150	1717536925152	OK	 
REQUEST		nestedList	1717536925150	1717536925152	OK	 
REQUEST		nestedList	1717536925151	1717536925153	OK	 
REQUEST		nestedList	1717536925151	1717536925153	OK	 
REQUEST		nestedList	1717536925154	1717536925156	OK	 
REQUEST		nestedList	1717536925154	1717536925157	OK	 
REQUEST		nestedList	1717536925154	1717536925157	OK	 
REQUEST		nestedList	1717536925155	1717536925157	OK	 
REQUEST		nestedList	1717536925155	1717536925158	OK	 
REQUEST		nestedList	1717536925154	1717536925158	OK	 
REQUEST		nestedList	1717536925155	1717536925159	OK	 
REQUEST		nestedList	1717536925156	1717536925159	OK	 
REQUEST		nestedList	1717536925156	1717536925159	OK	 
REQUEST		nestedList	1717536925157	1717536925160	OK	 
REQUEST		nestedList	1717536925169	1717536925171	OK	 
REQUEST		nestedList	1717536925169	1717536925171	OK	 
REQUEST		nestedList	1717536925170	1717536925172	OK	 
REQUEST		nestedList	1717536925205	1717536925207	OK	 
REQUEST		nestedList	1717536925205	1717536925207	OK	 
REQUEST		nestedList	1717536925205	1717536925207	OK	 
REQUEST		nestedList	1717536925206	1717536925208	OK	 
REQUEST		nestedList	1717536925205	1717536925208	OK	 
REQUEST		nestedList	1717536925206	1717536925208	OK	 
REQUEST		nestedList	1717536925207	1717536925208	OK	 
REQUEST		nestedList	1717536925206	1717536925209	OK	 
REQUEST		nestedList	1717536925207	1717536925209	OK	 
REQUEST		nestedList	1717536925214	1717536925217	OK	 
REQUEST		nestedList	1717536925215	1717536925217	OK	 
REQUEST		nestedList	1717536925215	1717536925217	OK	 
REQUEST		nestedList	1717536925216	1717536925218	OK	 
REQUEST		nestedList	1717536925216	1717536925218	OK	 
REQUEST		nestedList	1717536925217	1717536925219	OK	 
REQUEST		nestedList	1717536925225	1717536925226	OK	 
REQUEST		nestedList	1717536925225	1717536925226	OK	 
REQUEST		nestedList	1717536925225	1717536925226	OK	 
REQUEST		nestedList	1717536925225	1717536925226	OK	 
REQUEST		nestedList	1717536925225	1717536925226	OK	 
REQUEST		nestedList	1717536925225	1717536925226	OK	 
REQUEST		nestedList	1717536925225	1717536925227	OK	 
REQUEST		nestedList	1717536925225	1717536925227	OK	 
REQUEST		nestedList	1717536925225	1717536925227	OK	 
REQUEST		nestedList	1717536925225	1717536925227	OK	 
REQUEST		nestedList	1717536925225	1717536925227	OK	 
REQUEST		nestedList	1717536925225	1717536925227	OK	 
REQUEST		nestedList	1717536925226	1717536925227	OK	 
REQUEST		nestedList	1717536925243	1717536925244	OK	 
REQUEST		nestedList	1717536925243	1717536925245	OK	 
REQUEST		nestedList	1717536925243	1717536925245	OK	 
REQUEST		nestedList	1717536925243	1717536925245	OK	 
REQUEST		nestedList	1717536925243	1717536925245	OK	 
REQUEST		nestedList	1717536925244	1717536925245	OK	 
REQUEST		nestedList	1717536925259	1717536925261	OK	 
REQUEST		nestedList	1717536925259	1717536925261	OK	 
REQUEST		nestedList	1717536925259	1717536925261	OK	 
REQUEST		nestedList	1717536925259	1717536925261	OK	 
REQUEST		nestedList	1717536925260	1717536925262	OK	 
REQUEST		nestedList	1717536925260	1717536925262	OK	 
REQUEST		nestedList	1717536925265	1717536925267	OK	 
REQUEST		nestedList	1717536925265	1717536925267	OK	 
REQUEST		nestedList	1717536925266	1717536925268	OK	 
REQUEST		nestedList	1717536925302	1717536925303	OK	 
REQUEST		nestedList	1717536925301	1717536925304	OK	 
REQUEST		nestedList	1717536925302	1717536925304	OK	 
REQUEST		nestedList	1717536925303	1717536925305	OK	 
REQUEST		nestedList	1717536925314	1717536925316	OK	 
REQUEST		nestedList	1717536925315	1717536925317	OK	 
REQUEST		nestedList	1717536925315	1717536925317	OK	 
REQUEST		nestedList	1717536925316	1717536925318	OK	 
REQUEST		playerName	1717536925855	1717536925857	OK	 
REQUEST		players	1717536928000	1717536928001	OK	 
USER	RecordedSimulation	END	1717536928002
REQUEST		remainingMoves	1717536928856	1717536928858	OK	 
REQUEST		remainingMoves	1717536928856	1717536928858	OK	 
REQUEST		remainingMoves	1717536928857	1717536928859	OK	 
REQUEST		remainingMoves	1717536928944	1717536928945	OK	 
REQUEST		remainingMoves	1717536928944	1717536928946	OK	 
REQUEST		remainingMoves	1717536928945	1717536928947	OK	 
REQUEST		remainingMoves	1717536928961	1717536928963	OK	 
REQUEST		remainingMoves	1717536928962	1717536928964	OK	 
REQUEST		remainingMoves	1717536928963	1717536928964	OK	 
REQUEST		remainingMoves	1717536928964	1717536928967	OK	 
REQUEST		remainingMoves	1717536928965	1717536928968	OK	 
REQUEST		remainingMoves	1717536928965	1717536928968	OK	 
REQUEST		remainingMoves	1717536928966	1717536928969	OK	 
REQUEST		remainingMoves	1717536929141	1717536929143	OK	 
REQUEST		remainingMoves	1717536929141	1717536929143	OK	 
REQUEST		remainingMoves	1717536929142	1717536929143	OK	 
REQUEST		remainingMoves	1717536929155	1717536929156	OK	 
REQUEST		remainingMoves	1717536929155	1717536929156	OK	 
REQUEST		remainingMoves	1717536929154	1717536929156	OK	 
REQUEST		remainingMoves	1717536929155	1717536929156	OK	 
REQUEST		remainingMoves	1717536929154	1717536929156	OK	 
REQUEST		remainingMoves	1717536929154	1717536929156	OK	 
REQUEST		remainingMoves	1717536929155	1717536929157	OK	 
REQUEST		remainingMoves	1717536929155	1717536929157	OK	 
REQUEST		remainingMoves	1717536929155	1717536929157	OK	 
REQUEST		remainingMoves	1717536929165	1717536929174	OK	 
REQUEST		remainingMoves	1717536929165	1717536929173	OK	 
REQUEST		remainingMoves	1717536929165	1717536929179	OK	 
REQUEST		remainingMoves	1717536929165	1717536929179	OK	 
REQUEST		remainingMoves	1717536929177	1717536929184	OK	 
REQUEST		remainingMoves	1717536929168	1717536929184	OK	 
REQUEST		remainingMoves	1717536929166	1717536929184	OK	 
REQUEST		remainingMoves	1717536929180	1717536929185	OK	 
REQUEST		remainingMoves	1717536929177	1717536929185	OK	 
REQUEST		remainingMoves	1717536929177	1717536929185	OK	 
REQUEST		remainingMoves	1717536929182	1717536929186	OK	 
REQUEST		remainingMoves	1717536929182	1717536929186	OK	 
REQUEST		remainingMoves	1717536929180	1717536929187	OK	 
REQUEST		remainingMoves	1717536929184	1717536929187	OK	 
REQUEST		remainingMoves	1717536929184	1717536929187	OK	 
REQUEST		remainingMoves	1717536929195	1717536929198	OK	 
REQUEST		remainingMoves	1717536929195	1717536929199	OK	 
REQUEST		remainingMoves	1717536929196	1717536929199	OK	 
REQUEST		remainingMoves	1717536929197	1717536929200	OK	 
REQUEST		remainingMoves	1717536929205	1717536929206	OK	 
REQUEST		remainingMoves	1717536929205	1717536929206	OK	 
REQUEST		remainingMoves	1717536929205	1717536929207	OK	 
REQUEST		remainingMoves	1717536929205	1717536929207	OK	 
REQUEST		remainingMoves	1717536929206	1717536929207	OK	 
REQUEST		remainingMoves	1717536929206	1717536929207	OK	 
REQUEST		remainingMoves	1717536929215	1717536929218	OK	 
REQUEST		remainingMoves	1717536929216	1717536929219	OK	 
REQUEST		remainingMoves	1717536929217	1717536929220	OK	 
REQUEST		remainingMoves	1717536929245	1717536929246	OK	 
REQUEST		remainingMoves	1717536929245	1717536929247	OK	 
REQUEST		remainingMoves	1717536929246	1717536929247	OK	 
REQUEST		remainingMoves	1717536929254	1717536929255	OK	 
REQUEST		remainingMoves	1717536929253	1717536929256	OK	 
REQUEST		remainingMoves	1717536929254	1717536929256	OK	 
REQUEST		remainingMoves	1717536929253	1717536929256	OK	 
REQUEST		remainingMoves	1717536929255	1717536929257	OK	 
REQUEST		remainingMoves	1717536929253	1717536929257	OK	 
REQUEST		remainingMoves	1717536929255	1717536929257	OK	 
REQUEST		remainingMoves	1717536929254	1717536929257	OK	 
REQUEST		remainingMoves	1717536929255	1717536929257	OK	 
REQUEST		remainingMoves	1717536929255	1717536929257	OK	 
REQUEST		remainingMoves	1717536929255	1717536929257	OK	 
REQUEST		remainingMoves	1717536929255	1717536929257	OK	 
REQUEST		remainingMoves	1717536929255	1717536929257	OK	 
REQUEST		remainingMoves	1717536929255	1717536929258	OK	 
REQUEST		remainingMoves	1717536929256	1717536929258	OK	 
REQUEST		remainingMoves	1717536929255	1717536929258	OK	 
REQUEST		remainingMoves	1717536929256	1717536929258	OK	 
REQUEST		remainingMoves	1717536929256	1717536929258	OK	 
REQUEST		remainingMoves	1717536929257	1717536929258	OK	 
REQUEST		remainingMoves	1717536929265	1717536929266	OK	 
REQUEST		remainingMoves	1717536929264	1717536929266	OK	 
REQUEST		remainingMoves	1717536929265	1717536929266	OK	 
REQUEST		remainingMoves	1717536929265	1717536929267	OK	 
REQUEST		remainingMoves	1717536929264	1717536929267	OK	 
REQUEST		remainingMoves	1717536929265	1717536929267	OK	 
REQUEST		remainingMoves	1717536929266	1717536929267	OK	 
REQUEST		remainingMoves	1717536929265	1717536929267	OK	 
REQUEST		remainingMoves	1717536929265	1717536929267	OK	 
REQUEST		remainingMoves	1717536929275	1717536929277	OK	 
REQUEST		remainingMoves	1717536929275	1717536929278	OK	 
REQUEST		remainingMoves	1717536929276	1717536929278	OK	 
REQUEST		remainingMoves	1717536929305	1717536929306	OK	 
REQUEST		remainingMoves	1717536929305	1717536929306	OK	 
REQUEST		remainingMoves	1717536929305	1717536929307	OK	 
REQUEST		remainingMoves	1717536929305	1717536929307	OK	 
REQUEST		remainingMoves	1717536929305	1717536929307	OK	 
REQUEST		remainingMoves	1717536929305	1717536929307	OK	 
REQUEST		remainingMoves	1717536929314	1717536929316	OK	 
REQUEST		remainingMoves	1717536929315	1717536929317	OK	 
REQUEST		remainingMoves	1717536929315	1717536929317	OK	 
REQUEST		remainingMoves	1717536929316	1717536929317	OK	 
REQUEST		remainingMoves	1717536929325	1717536929326	OK	 
REQUEST		remainingMoves	1717536929325	1717536929327	OK	 
REQUEST		remainingMoves	1717536929326	1717536929327	OK	 
REQUEST		remainingMoves	1717536929326	1717536929327	OK	 
REQUEST		nestedList	1717536929906	1717536929908	OK	 
REQUEST		players	1717536932864	1717536932865	OK	 
USER	RecordedSimulation	END	1717536932866
REQUEST		players	1717536932864	1717536932867	OK	 
USER	RecordedSimulation	END	1717536932867
REQUEST		players	1717536932864	1717536932868	OK	 
USER	RecordedSimulation	END	1717536932869
REQUEST		players	1717536932964	1717536932966	OK	 
USER	RecordedSimulation	END	1717536932967
REQUEST		players	1717536932965	1717536932967	OK	 
USER	RecordedSimulation	END	1717536932968
REQUEST		players	1717536932965	1717536932969	OK	 
USER	RecordedSimulation	END	1717536932970
REQUEST		players	1717536932995	1717536932998	OK	 
USER	RecordedSimulation	END	1717536932998
REQUEST		players	1717536932996	1717536932999	OK	 
USER	RecordedSimulation	END	1717536932999
REQUEST		players	1717536932997	1717536933000	OK	 
USER	RecordedSimulation	END	1717536933000
REQUEST		players	1717536933012	1717536933014	OK	 
USER	RecordedSimulation	END	1717536933015
REQUEST		players	1717536933012	1717536933016	OK	 
USER	RecordedSimulation	END	1717536933016
REQUEST		players	1717536933013	1717536933017	OK	 
USER	RecordedSimulation	END	1717536933017
REQUEST		players	1717536933014	1717536933017	OK	 
USER	RecordedSimulation	END	1717536933018
REQUEST		players	1717536933163	1717536933165	OK	 
REQUEST		players	1717536933163	1717536933165	OK	 
USER	RecordedSimulation	END	1717536933166
USER	RecordedSimulation	END	1717536933166
REQUEST		players	1717536933164	1717536933166	OK	 
REQUEST		players	1717536933164	1717536933166	OK	 
REQUEST		players	1717536933164	1717536933166	OK	 
USER	RecordedSimulation	END	1717536933167
USER	RecordedSimulation	END	1717536933167
REQUEST		players	1717536933164	1717536933167	OK	 
REQUEST		players	1717536933164	1717536933167	OK	 
REQUEST		players	1717536933165	1717536933167	OK	 
USER	RecordedSimulation	END	1717536933168
USER	RecordedSimulation	END	1717536933168
USER	RecordedSimulation	END	1717536933168
USER	RecordedSimulation	END	1717536933168
REQUEST		players	1717536933165	1717536933168	OK	 
USER	RecordedSimulation	END	1717536933170
REQUEST		players	1717536933205	1717536933207	OK	 
REQUEST		players	1717536933205	1717536933207	OK	 
USER	RecordedSimulation	END	1717536933208
USER	RecordedSimulation	END	1717536933208
REQUEST		players	1717536933205	1717536933208	OK	 
REQUEST		players	1717536933205	1717536933208	OK	 
USER	RecordedSimulation	END	1717536933209
USER	RecordedSimulation	END	1717536933210
REQUEST		players	1717536933206	1717536933210	OK	 
REQUEST		players	1717536933206	1717536933210	OK	 
USER	RecordedSimulation	END	1717536933211
USER	RecordedSimulation	END	1717536933211
REQUEST		players	1717536933215	1717536933216	OK	 
REQUEST		players	1717536933215	1717536933216	OK	 
REQUEST		players	1717536933215	1717536933216	OK	 
REQUEST		players	1717536933215	1717536933217	OK	 
REQUEST		players	1717536933215	1717536933217	OK	 
USER	RecordedSimulation	END	1717536933218
REQUEST		players	1717536933215	1717536933218	OK	 
REQUEST		players	1717536933215	1717536933218	OK	 
USER	RecordedSimulation	END	1717536933218
USER	RecordedSimulation	END	1717536933218
USER	RecordedSimulation	END	1717536933219
USER	RecordedSimulation	END	1717536933219
REQUEST		players	1717536933216	1717536933219	OK	 
USER	RecordedSimulation	END	1717536933219
USER	RecordedSimulation	END	1717536933219
REQUEST		players	1717536933216	1717536933219	OK	 
REQUEST		players	1717536933216	1717536933219	OK	 
REQUEST		players	1717536933216	1717536933219	OK	 
USER	RecordedSimulation	END	1717536933220
USER	RecordedSimulation	END	1717536933220
REQUEST		players	1717536933216	1717536933220	OK	 
USER	RecordedSimulation	END	1717536933220
USER	RecordedSimulation	END	1717536933220
REQUEST		players	1717536933217	1717536933221	OK	 
USER	RecordedSimulation	END	1717536933221
USER	RecordedSimulation	END	1717536933221
REQUEST		players	1717536933224	1717536933225	OK	 
REQUEST		players	1717536933224	1717536933226	OK	 
USER	RecordedSimulation	END	1717536933227
USER	RecordedSimulation	END	1717536933227
REQUEST		players	1717536933225	1717536933227	OK	 
REQUEST		players	1717536933224	1717536933227	OK	 
USER	RecordedSimulation	END	1717536933228
USER	RecordedSimulation	END	1717536933228
REQUEST		players	1717536933225	1717536933228	OK	 
REQUEST		players	1717536933225	1717536933228	OK	 
USER	RecordedSimulation	END	1717536933229
USER	RecordedSimulation	END	1717536933229
REQUEST		players	1717536933245	1717536933246	OK	 
USER	RecordedSimulation	END	1717536933248
REQUEST		players	1717536933245	1717536933248	OK	 
USER	RecordedSimulation	END	1717536933249
REQUEST		players	1717536933245	1717536933249	OK	 
USER	RecordedSimulation	END	1717536933250
REQUEST		players	1717536933266	1717536933267	OK	 
USER	RecordedSimulation	END	1717536933268
REQUEST		players	1717536933265	1717536933268	OK	 
REQUEST		players	1717536933268	1717536933269	OK	 
USER	RecordedSimulation	END	1717536933269
REQUEST		players	1717536933265	1717536933270	OK	 
USER	RecordedSimulation	END	1717536933270
USER	RecordedSimulation	END	1717536933270
REQUEST		players	1717536933268	1717536933270	OK	 
USER	RecordedSimulation	END	1717536933271
REQUEST		players	1717536933269	1717536933271	OK	 
USER	RecordedSimulation	END	1717536933272
REQUEST		players	1717536933275	1717536933277	OK	 
REQUEST		players	1717536933275	1717536933277	OK	 
REQUEST		players	1717536933275	1717536933277	OK	 
REQUEST		players	1717536933275	1717536933278	OK	 
REQUEST		players	1717536933275	1717536933278	OK	 
USER	RecordedSimulation	END	1717536933279
REQUEST		players	1717536933275	1717536933279	OK	 
REQUEST		players	1717536933275	1717536933279	OK	 
REQUEST		players	1717536933276	1717536933279	OK	 
REQUEST		players	1717536933275	1717536933279	OK	 
REQUEST		players	1717536933275	1717536933279	OK	 
USER	RecordedSimulation	END	1717536933279
REQUEST		players	1717536933275	1717536933279	OK	 
USER	RecordedSimulation	END	1717536933279
USER	RecordedSimulation	END	1717536933279
USER	RecordedSimulation	END	1717536933279
USER	RecordedSimulation	END	1717536933280
REQUEST		players	1717536933275	1717536933280	OK	 
REQUEST		players	1717536933277	1717536933280	OK	 
USER	RecordedSimulation	END	1717536933280
USER	RecordedSimulation	END	1717536933280
REQUEST		players	1717536933277	1717536933280	OK	 
REQUEST		players	1717536933276	1717536933280	OK	 
REQUEST		players	1717536933277	1717536933280	OK	 
REQUEST		players	1717536933275	1717536933280	OK	 
USER	RecordedSimulation	END	1717536933280
USER	RecordedSimulation	END	1717536933280
USER	RecordedSimulation	END	1717536933281
USER	RecordedSimulation	END	1717536933281
USER	RecordedSimulation	END	1717536933281
USER	RecordedSimulation	END	1717536933281
USER	RecordedSimulation	END	1717536933282
REQUEST		players	1717536933277	1717536933282	OK	 
USER	RecordedSimulation	END	1717536933282
USER	RecordedSimulation	END	1717536933282
REQUEST		players	1717536933278	1717536933282	OK	 
USER	RecordedSimulation	END	1717536933284
USER	RecordedSimulation	END	1717536933285
REQUEST		players	1717536933295	1717536933297	OK	 
USER	RecordedSimulation	END	1717536933298
REQUEST		players	1717536933295	1717536933298	OK	 
USER	RecordedSimulation	END	1717536933299
REQUEST		players	1717536933296	1717536933299	OK	 
USER	RecordedSimulation	END	1717536933300
REQUEST		players	1717536933304	1717536933306	OK	 
USER	RecordedSimulation	END	1717536933307
REQUEST		players	1717536933305	1717536933307	OK	 
USER	RecordedSimulation	END	1717536933308
REQUEST		players	1717536933305	1717536933308	OK	 
USER	RecordedSimulation	END	1717536933309
REQUEST		players	1717536933315	1717536933317	OK	 
REQUEST		players	1717536933315	1717536933317	OK	 
USER	RecordedSimulation	END	1717536933318
REQUEST		players	1717536933315	1717536933318	OK	 
REQUEST		players	1717536933315	1717536933318	OK	 
USER	RecordedSimulation	END	1717536933318
USER	RecordedSimulation	END	1717536933319
USER	RecordedSimulation	END	1717536933319
REQUEST		players	1717536933316	1717536933320	OK	 
REQUEST		players	1717536933316	1717536933320	OK	 
USER	RecordedSimulation	END	1717536933321
USER	RecordedSimulation	END	1717536933321
REQUEST		players	1717536933325	1717536933327	OK	 
REQUEST		players	1717536933325	1717536933327	OK	 
USER	RecordedSimulation	END	1717536933328
USER	RecordedSimulation	END	1717536933328
REQUEST		players	1717536933325	1717536933328	OK	 
REQUEST		players	1717536933325	1717536933328	OK	 
USER	RecordedSimulation	END	1717536933329
USER	RecordedSimulation	END	1717536933329
REQUEST		players	1717536933326	1717536933329	OK	 
REQUEST		players	1717536933326	1717536933329	OK	 
USER	RecordedSimulation	END	1717536933331
USER	RecordedSimulation	END	1717536933331
REQUEST		players	1717536933334	1717536933336	OK	 
USER	RecordedSimulation	END	1717536933337
REQUEST		players	1717536933335	1717536933337	OK	 
USER	RecordedSimulation	END	1717536933337
REQUEST		players	1717536933335	1717536933338	OK	 
USER	RecordedSimulation	END	1717536933338
REQUEST		players	1717536933336	1717536933339	OK	 
USER	RecordedSimulation	END	1717536933339
REQUEST		players	1717536933365	1717536933367	OK	 
USER	RecordedSimulation	END	1717536933367
REQUEST		players	1717536933365	1717536933368	OK	 
USER	RecordedSimulation	END	1717536933368
REQUEST		players	1717536933366	1717536933369	OK	 
USER	RecordedSimulation	END	1717536933369
REQUEST		players	1717536933366	1717536933370	OK	 
USER	RecordedSimulation	END	1717536933370
REQUEST		remainingMoves	1717536933942	1717536933943	OK	 
REQUEST		players	1717536937968	1717536937970	OK	 
USER	RecordedSimulation	END	1717536937971
