RUN	it.dicecup.DiceCupEnduranceItSimulation	dicecupenduranceitsimulation	1717527207415	 	3.11.3
USER	RecordedSimulation	START	1717527209391
REQUEST		indexOfField	1717527209382	1717527209492	OK	 
USER	RecordedSimulation	START	1717527211232
REQUEST		indexOfField	1717527211229	1717527211256	OK	 
REQUEST		dice	1717527211564	1717527211570	OK	 
USER	RecordedSimulation	START	1717527213238
REQUEST		indexOfField	1717527213237	1717527213245	OK	 
REQUEST		dice	1717527213276	1717527213279	OK	 
REQUEST		representation	1717527213595	1717527213597	OK	 
REQUEST		dice	1717527215270	1717527215273	OK	 
REQUEST		representation	1717527215304	1717527215306	OK	 
REQUEST		putOut	1717527215622	1717527215625	OK	 
USER	RecordedSimulation	START	1717527216239
REQUEST		indexOfField	1717527216237	1717527216245	OK	 
REQUEST		representation	1717527217298	1717527217302	OK	 
REQUEST		putOut	1717527217332	1717527217335	OK	 
USER	RecordedSimulation	START	1717527218238
REQUEST		indexOfField	1717527218237	1717527218246	OK	 
REQUEST		dice	1717527218271	1717527218274	OK	 
REQUEST		putIn	1717527218649	1717527218652	OK	 
REQUEST		putOut	1717527219308	1717527219311	OK	 
REQUEST		dice	1717527220267	1717527220271	OK	 
REQUEST		representation	1717527220300	1717527220304	OK	 
REQUEST		putIn	1717527220359	1717527220363	OK	 
REQUEST		nextRound	1717527220677	1717527220681	OK	 
USER	RecordedSimulation	START	1717527221239
REQUEST		indexOfField	1717527221237	1717527221246	OK	 
REQUEST		representation	1717527222275	1717527222278	OK	 
REQUEST		putOut	1717527222309	1717527222312	OK	 
REQUEST		putIn	1717527222337	1717527222339	OK	 
REQUEST		nextRound	1717527222379	1717527222382	OK	 
REQUEST		inCup	1717527222704	1717527222706	OK	 
USER	RecordedSimulation	START	1717527223238
REQUEST		indexOfField	1717527223237	1717527223256	OK	 
REQUEST		dice	1717527223254	1717527223256	OK	 
REQUEST		putOut	1717527224303	1717527224305	OK	 
REQUEST		nextRound	1717527224359	1717527224361	OK	 
REQUEST		inCup	1717527224389	1717527224391	OK	 
REQUEST		locked	1717527224725	1717527224727	OK	 
USER	RecordedSimulation	START	1717527225223
REQUEST		indexOfField	1717527225221	1717527225228	OK	 
REQUEST		representation	1717527225279	1717527225282	OK	 
REQUEST		dice	1717527225282	1717527225285	OK	 
REQUEST		putIn	1717527225329	1717527225332	OK	 
REQUEST		inCup	1717527226387	1717527226389	OK	 
REQUEST		locked	1717527226416	1717527226419	OK	 
REQUEST		remainingDices	1717527226749	1717527226752	OK	 
REQUEST		dice	1717527227253	1717527227256	OK	 
REQUEST		putOut	1717527227307	1717527227309	OK	 
REQUEST		representation	1717527227311	1717527227314	OK	 
REQUEST		putIn	1717527227311	1717527227314	OK	 
REQUEST		nextRound	1717527227339	1717527227342	OK	 
USER	RecordedSimulation	START	1717527228248
REQUEST		indexOfField	1717527228238	1717527228253	OK	 
REQUEST		locked	1717527228415	1717527228417	OK	 
REQUEST		remainingDices	1717527228438	1717527228440	OK	 
REQUEST		result	1717527228777	1717527228779	OK	 
USER	RecordedSimulation	END	1717527228783
REQUEST		representation	1717527229282	1717527229285	OK	 
REQUEST		putOut	1717527229319	1717527229322	OK	 
REQUEST		nextRound	1717527229335	1717527229338	OK	 
REQUEST		inCup	1717527229349	1717527229352	OK	 
USER	RecordedSimulation	START	1717527230222
REQUEST		indexOfField	1717527230221	1717527230232	OK	 
REQUEST		dice	1717527230278	1717527230281	OK	 
REQUEST		putIn	1717527230319	1717527230321	OK	 
REQUEST		remainingDices	1717527230437	1717527230440	OK	 
REQUEST		result	1717527230459	1717527230462	OK	 
USER	RecordedSimulation	END	1717527230463
REQUEST		putOut	1717527231310	1717527231312	OK	 
REQUEST		inCup	1717527231364	1717527231366	OK	 
REQUEST		locked	1717527231366	1717527231368	OK	 
REQUEST		dice	1717527232239	1717527232241	OK	 
REQUEST		representation	1717527232299	1717527232301	OK	 
REQUEST		putIn	1717527232329	1717527232331	OK	 
REQUEST		nextRound	1717527232329	1717527232331	OK	 
REQUEST		result	1717527232448	1717527232452	OK	 
USER	RecordedSimulation	END	1717527232454
USER	RecordedSimulation	START	1717527233238
REQUEST		indexOfField	1717527233237	1717527233242	OK	 
REQUEST		remainingDices	1717527233386	1717527233388	OK	 
REQUEST		locked	1717527233391	1717527233393	OK	 
REQUEST		representation	1717527234266	1717527234273	OK	 
REQUEST		putOut	1717527234327	1717527234329	OK	 
REQUEST		putIn	1717527234337	1717527234340	OK	 
REQUEST		nextRound	1717527234341	1717527234343	OK	 
REQUEST		inCup	1717527234349	1717527234351	OK	 
USER	RecordedSimulation	START	1717527235218
REQUEST		indexOfField	1717527235216	1717527235222	OK	 
REQUEST		dice	1717527235260	1717527235262	OK	 
REQUEST		remainingDices	1717527235409	1717527235411	OK	 
REQUEST		result	1717527235413	1717527235415	OK	 
USER	RecordedSimulation	END	1717527235417
REQUEST		putOut	1717527236285	1717527236287	OK	 
REQUEST		inCup	1717527236362	1717527236364	OK	 
REQUEST		locked	1717527236362	1717527236364	OK	 
REQUEST		nextRound	1717527236365	1717527236367	OK	 
USER	RecordedSimulation	START	1717527237230
REQUEST		dice	1717527237230	1717527237234	OK	 
REQUEST		indexOfField	1717527237229	1717527237237	OK	 
REQUEST		representation	1717527237287	1717527237289	OK	 
REQUEST		putIn	1717527237355	1717527237358	OK	 
REQUEST		result	1717527237429	1717527237431	OK	 
USER	RecordedSimulation	END	1717527237433
REQUEST		remainingDices	1717527238389	1717527238391	OK	 
REQUEST		locked	1717527238389	1717527238391	OK	 
REQUEST		inCup	1717527238392	1717527238394	OK	 
REQUEST		representation	1717527239259	1717527239261	OK	 
REQUEST		dice	1717527239262	1717527239265	OK	 
REQUEST		putIn	1717527239312	1717527239315	OK	 
REQUEST		putOut	1717527239315	1717527239316	OK	 
REQUEST		nextRound	1717527239383	1717527239386	OK	 
USER	RecordedSimulation	START	1717527240238
REQUEST		indexOfField	1717527240236	1717527240250	OK	 
REQUEST		remainingDices	1717527240413	1717527240416	OK	 
REQUEST		locked	1717527240416	1717527240418	OK	 
REQUEST		result	1717527240416	1717527240418	OK	 
USER	RecordedSimulation	END	1717527240419
REQUEST		putOut	1717527241287	1717527241290	OK	 
REQUEST		representation	1717527241290	1717527241293	OK	 
REQUEST		nextRound	1717527241340	1717527241343	OK	 
REQUEST		inCup	1717527241412	1717527241414	OK	 
USER	RecordedSimulation	START	1717527242239
REQUEST		indexOfField	1717527242237	1717527242244	OK	 
REQUEST		dice	1717527242275	1717527242277	OK	 
REQUEST		putIn	1717527242354	1717527242355	OK	 
REQUEST		result	1717527242441	1717527242443	OK	 
USER	RecordedSimulation	END	1717527242445
REQUEST		remainingDices	1717527242443	1717527242445	OK	 
REQUEST		putOut	1717527243318	1717527243320	OK	 
REQUEST		inCup	1717527243348	1717527243350	OK	 
REQUEST		locked	1717527243439	1717527243441	OK	 
REQUEST		dice	1717527244250	1717527244252	OK	 
REQUEST		representation	1717527244279	1717527244282	OK	 
REQUEST		putIn	1717527244309	1717527244311	OK	 
REQUEST		nextRound	1717527244380	1717527244383	OK	 
REQUEST		result	1717527244471	1717527244472	OK	 
USER	RecordedSimulation	END	1717527244474
USER	RecordedSimulation	START	1717527245237
REQUEST		indexOfField	1717527245236	1717527245242	OK	 
REQUEST		locked	1717527245375	1717527245378	OK	 
REQUEST		remainingDices	1717527245467	1717527245469	OK	 
REQUEST		representation	1717527246276	1717527246279	OK	 
REQUEST		putOut	1717527246284	1717527246286	OK	 
REQUEST		nextRound	1717527246336	1717527246338	OK	 
REQUEST		putIn	1717527246345	1717527246348	OK	 
REQUEST		inCup	1717527246408	1717527246410	OK	 
USER	RecordedSimulation	START	1717527247239
REQUEST		indexOfField	1717527247236	1717527247262	OK	 
REQUEST		dice	1717527247269	1717527247272	OK	 
REQUEST		remainingDices	1717527247389	1717527247391	OK	 
REQUEST		result	1717527247494	1717527247496	OK	 
USER	RecordedSimulation	END	1717527247497
REQUEST		putOut	1717527248295	1717527248299	OK	 
REQUEST		inCup	1717527248349	1717527248354	OK	 
REQUEST		nextRound	1717527248373	1717527248375	OK	 
REQUEST		locked	1717527248436	1717527248438	OK	 
USER	RecordedSimulation	START	1717527249221
REQUEST		indexOfField	1717527249220	1717527249226	OK	 
REQUEST		dice	1717527249264	1717527249267	OK	 
REQUEST		representation	1717527249298	1717527249300	OK	 
REQUEST		putIn	1717527249300	1717527249303	OK	 
REQUEST		result	1717527249408	1717527249411	OK	 
USER	RecordedSimulation	END	1717527249413
REQUEST		locked	1717527250378	1717527250380	OK	 
REQUEST		inCup	1717527250401	1717527250403	OK	 
REQUEST		remainingDices	1717527250452	1717527250454	OK	 
REQUEST		dice	1717527251240	1717527251242	OK	 
REQUEST		representation	1717527251292	1717527251294	OK	 
REQUEST		putOut	1717527251325	1717527251327	OK	 
REQUEST		nextRound	1717527251325	1717527251327	OK	 
REQUEST		putIn	1717527251325	1717527251327	OK	 
USER	RecordedSimulation	START	1717527252230
REQUEST		indexOfField	1717527252229	1717527252235	OK	 
REQUEST		remainingDices	1717527252405	1717527252407	OK	 
REQUEST		locked	1717527252422	1717527252424	OK	 
REQUEST		result	1717527252465	1717527252467	OK	 
USER	RecordedSimulation	END	1717527252468
REQUEST		representation	1717527253261	1717527253263	OK	 
REQUEST		putOut	1717527253318	1717527253320	OK	 
REQUEST		inCup	1717527253352	1717527253354	OK	 
REQUEST		nextRound	1717527253352	1717527253354	OK	 
USER	RecordedSimulation	START	1717527254238
REQUEST		indexOfField	1717527254237	1717527254242	OK	 
REQUEST		dice	1717527254260	1717527254262	OK	 
REQUEST		putIn	1717527254352	1717527254353	OK	 
REQUEST		result	1717527254433	1717527254435	OK	 
USER	RecordedSimulation	END	1717527254436
REQUEST		remainingDices	1717527254449	1717527254451	OK	 
REQUEST		putOut	1717527255285	1717527255287	OK	 
REQUEST		inCup	1717527255366	1717527255368	OK	 
REQUEST		locked	1717527255366	1717527255368	OK	 
REQUEST		dice	1717527256249	1717527256251	OK	 
REQUEST		representation	1717527256287	1717527256288	OK	 
REQUEST		putIn	1717527256329	1717527256332	OK	 
REQUEST		nextRound	1717527256379	1717527256381	OK	 
REQUEST		result	1717527256462	1717527256463	OK	 
USER	RecordedSimulation	END	1717527256464
USER	RecordedSimulation	START	1717527257229
REQUEST		indexOfField	1717527257227	1717527257234	OK	 
REQUEST		locked	1717527257387	1717527257389	OK	 
REQUEST		remainingDices	1717527257389	1717527257391	OK	 
REQUEST		representation	1717527258276	1717527258278	OK	 
REQUEST		putIn	1717527258292	1717527258294	OK	 
REQUEST		putOut	1717527258313	1717527258315	OK	 
REQUEST		nextRound	1717527258338	1717527258340	OK	 
REQUEST		inCup	1717527258406	1717527258408	OK	 
USER	RecordedSimulation	START	1717527259239
REQUEST		indexOfField	1717527259238	1717527259252	OK	 
REQUEST		dice	1717527259252	1717527259255	OK	 
REQUEST		result	1717527259402	1717527259404	OK	 
REQUEST		remainingDices	1717527259402	1717527259404	OK	 
USER	RecordedSimulation	END	1717527259405
REQUEST		putOut	1717527260304	1717527260306	OK	 
REQUEST		nextRound	1717527260319	1717527260322	OK	 
REQUEST		inCup	1717527260359	1717527260361	OK	 
REQUEST		locked	1717527260433	1717527260435	OK	 
USER	RecordedSimulation	START	1717527261237
REQUEST		indexOfField	1717527261236	1717527261243	OK	 
REQUEST		representation	1717527261269	1717527261271	OK	 
REQUEST		dice	1717527261269	1717527261271	OK	 
REQUEST		putIn	1717527261340	1717527261342	OK	 
REQUEST		result	1717527261429	1717527261431	OK	 
USER	RecordedSimulation	END	1717527261432
REQUEST		inCup	1717527262348	1717527262350	OK	 
REQUEST		locked	1717527262378	1717527262380	OK	 
REQUEST		remainingDices	1717527262460	1717527262462	OK	 
REQUEST		dice	1717527263268	1717527263271	OK	 
REQUEST		putOut	1717527263296	1717527263298	OK	 
REQUEST		representation	1717527263296	1717527263298	OK	 
REQUEST		putIn	1717527263332	1717527263335	OK	 
REQUEST		nextRound	1717527263359	1717527263361	OK	 
USER	RecordedSimulation	START	1717527264237
REQUEST		indexOfField	1717527264236	1717527264241	OK	 
REQUEST		locked	1717527264359	1717527264361	OK	 
REQUEST		remainingDices	1717527264384	1717527264386	OK	 
REQUEST		result	1717527264486	1717527264488	OK	 
USER	RecordedSimulation	END	1717527264490
REQUEST		representation	1717527265295	1717527265297	OK	 
REQUEST		putOut	1717527265302	1717527265304	OK	 
REQUEST		nextRound	1717527265361	1717527265362	OK	 
REQUEST		inCup	1717527265369	1717527265370	OK	 
USER	RecordedSimulation	START	1717527266235
REQUEST		indexOfField	1717527266234	1717527266238	OK	 
REQUEST		dice	1717527266265	1717527266267	OK	 
REQUEST		putIn	1717527266301	1717527266302	OK	 
REQUEST		remainingDices	1717527266386	1717527266388	OK	 
REQUEST		result	1717527266394	1717527266397	OK	 
USER	RecordedSimulation	END	1717527266398
REQUEST		putOut	1717527267322	1717527267324	OK	 
REQUEST		inCup	1717527267388	1717527267389	OK	 
REQUEST		locked	1717527267389	1717527267391	OK	 
REQUEST		dice	1717527268263	1717527268265	OK	 
REQUEST		representation	1717527268292	1717527268294	OK	 
REQUEST		nextRound	1717527268323	1717527268325	OK	 
REQUEST		putIn	1717527268329	1717527268330	OK	 
REQUEST		result	1717527268396	1717527268398	OK	 
USER	RecordedSimulation	END	1717527268400
USER	RecordedSimulation	START	1717527269238
REQUEST		indexOfField	1717527269237	1717527269243	OK	 
REQUEST		locked	1717527269393	1717527269396	OK	 
REQUEST		remainingDices	1717527269415	1717527269417	OK	 
REQUEST		representation	1717527270291	1717527270293	OK	 
REQUEST		putOut	1717527270319	1717527270322	OK	 
REQUEST		inCup	1717527270329	1717527270330	OK	 
REQUEST		putIn	1717527270350	1717527270353	OK	 
REQUEST		nextRound	1717527270353	1717527270357	OK	 
USER	RecordedSimulation	START	1717527271238
REQUEST		indexOfField	1717527271237	1717527271249	OK	 
REQUEST		dice	1717527271268	1717527271270	OK	 
REQUEST		remainingDices	1717527271421	1717527271423	OK	 
REQUEST		result	1717527271442	1717527271444	OK	 
USER	RecordedSimulation	END	1717527271445
REQUEST		putOut	1717527272297	1717527272298	OK	 
REQUEST		locked	1717527272356	1717527272358	OK	 
REQUEST		inCup	1717527272366	1717527272368	OK	 
REQUEST		nextRound	1717527272379	1717527272381	OK	 
USER	RecordedSimulation	START	1717527273235
REQUEST		indexOfField	1717527273234	1717527273240	OK	 
REQUEST		dice	1717527273274	1717527273277	OK	 
REQUEST		representation	1717527273288	1717527273291	OK	 
REQUEST		putIn	1717527273347	1717527273349	OK	 
REQUEST		result	1717527273448	1717527273450	OK	 
USER	RecordedSimulation	END	1717527273451
REQUEST		remainingDices	1717527274383	1717527274385	OK	 
REQUEST		locked	1717527274393	1717527274395	OK	 
REQUEST		inCup	1717527274406	1717527274409	OK	 
REQUEST		dice	1717527275265	1717527275267	OK	 
REQUEST		representation	1717527275301	1717527275303	OK	 
REQUEST		putOut	1717527275322	1717527275323	OK	 
REQUEST		putIn	1717527275323	1717527275325	OK	 
REQUEST		nextRound	1717527275370	1717527275372	OK	 
USER	RecordedSimulation	START	1717527276237
REQUEST		indexOfField	1717527276237	1717527276241	OK	 
REQUEST		result	1717527276407	1717527276408	OK	 
USER	RecordedSimulation	END	1717527276410
REQUEST		remainingDices	1717527276412	1717527276413	OK	 
REQUEST		locked	1717527276433	1717527276435	OK	 
REQUEST		representation	1717527277291	1717527277293	OK	 
REQUEST		putOut	1717527277329	1717527277331	OK	 
REQUEST		nextRound	1717527277348	1717527277350	OK	 
REQUEST		inCup	1717527277397	1717527277399	OK	 
USER	RecordedSimulation	START	1717527278238
REQUEST		indexOfField	1717527278236	1717527278242	OK	 
REQUEST		dice	1717527278259	1717527278261	OK	 
REQUEST		putIn	1717527278348	1717527278350	OK	 
REQUEST		result	1717527278421	1717527278424	OK	 
USER	RecordedSimulation	END	1717527278425
REQUEST		remainingDices	1717527278460	1717527278462	OK	 
REQUEST		putOut	1717527279301	1717527279305	OK	 
REQUEST		inCup	1717527279359	1717527279362	OK	 
REQUEST		locked	1717527279424	1717527279427	OK	 
REQUEST		dice	1717527280248	1717527280251	OK	 
REQUEST		representation	1717527280278	1717527280281	OK	 
REQUEST		putIn	1717527280347	1717527280349	OK	 
REQUEST		nextRound	1717527280369	1717527280371	OK	 
REQUEST		result	1717527280487	1717527280488	OK	 
USER	RecordedSimulation	END	1717527280489
USER	RecordedSimulation	START	1717527281236
REQUEST		indexOfField	1717527281234	1717527281238	OK	 
REQUEST		locked	1717527281387	1717527281388	OK	 
REQUEST		remainingDices	1717527281452	1717527281454	OK	 
REQUEST		representation	1717527282269	1717527282271	OK	 
REQUEST		putOut	1717527282305	1717527282307	OK	 
REQUEST		putIn	1717527282328	1717527282330	OK	 
REQUEST		nextRound	1717527282376	1717527282378	OK	 
REQUEST		inCup	1717527282388	1717527282390	OK	 
USER	RecordedSimulation	START	1717527283214
REQUEST		indexOfField	1717527283213	1717527283217	OK	 
REQUEST		dice	1717527283263	1717527283265	OK	 
REQUEST		remainingDices	1717527283413	1717527283415	OK	 
REQUEST		result	1717527283479	1717527283481	OK	 
USER	RecordedSimulation	END	1717527283482
REQUEST		putOut	1717527284289	1717527284291	OK	 
REQUEST		nextRound	1717527284337	1717527284339	OK	 
REQUEST		inCup	1717527284402	1717527284404	OK	 
REQUEST		locked	1717527284415	1717527284417	OK	 
USER	RecordedSimulation	START	1717527285233
REQUEST		indexOfField	1717527285233	1717527285236	OK	 
REQUEST		dice	1717527285239	1717527285242	OK	 
REQUEST		representation	1717527285290	1717527285291	OK	 
REQUEST		putIn	1717527285309	1717527285310	OK	 
REQUEST		result	1717527285440	1717527285441	OK	 
USER	RecordedSimulation	END	1717527285442
REQUEST		inCup	1717527286359	1717527286360	OK	 
REQUEST		remainingDices	1717527286420	1717527286422	OK	 
REQUEST		locked	1717527286429	1717527286431	OK	 
REQUEST		representation	1717527287248	1717527287251	OK	 
REQUEST		dice	1717527287261	1717527287263	OK	 
REQUEST		putIn	1717527287316	1717527287318	OK	 
REQUEST		putOut	1717527287318	1717527287319	OK	 
REQUEST		nextRound	1717527287321	1717527287322	OK	 
USER	RecordedSimulation	START	1717527288221
REQUEST		indexOfField	1717527288221	1717527288225	OK	 
REQUEST		locked	1717527288367	1717527288369	OK	 
REQUEST		result	1717527288439	1717527288441	OK	 
USER	RecordedSimulation	END	1717527288442
REQUEST		remainingDices	1717527288455	1717527288457	OK	 
REQUEST		putOut	1717527289261	1717527289263	OK	 
REQUEST		representation	1717527289287	1717527289289	OK	 
REQUEST		nextRound	1717527289329	1717527289331	OK	 
REQUEST		inCup	1717527289347	1717527289350	OK	 
USER	RecordedSimulation	START	1717527290219
REQUEST		indexOfField	1717527290219	1717527290222	OK	 
REQUEST		dice	1717527290249	1717527290251	OK	 
REQUEST		putIn	1717527290344	1717527290347	OK	 
REQUEST		remainingDices	1717527290394	1717527290395	OK	 
REQUEST		result	1717527290458	1717527290460	OK	 
USER	RecordedSimulation	END	1717527290461
REQUEST		putOut	1717527291313	1717527291315	OK	 
REQUEST		inCup	1717527291349	1717527291351	OK	 
REQUEST		locked	1717527291362	1717527291363	OK	 
REQUEST		dice	1717527292247	1717527292248	OK	 
REQUEST		representation	1717527292275	1717527292276	OK	 
REQUEST		putIn	1717527292287	1717527292289	OK	 
REQUEST		nextRound	1717527292353	1717527292355	OK	 
REQUEST		result	1717527292408	1717527292410	OK	 
USER	RecordedSimulation	END	1717527292411
USER	RecordedSimulation	START	1717527293219
REQUEST		indexOfField	1717527293218	1717527293222	OK	 
REQUEST		remainingDices	1717527293372	1717527293373	OK	 
REQUEST		locked	1717527293375	1717527293377	OK	 
REQUEST		representation	1717527294273	1717527294274	OK	 
REQUEST		putOut	1717527294297	1717527294299	OK	 
REQUEST		nextRound	1717527294314	1717527294316	OK	 
REQUEST		putIn	1717527294340	1717527294341	OK	 
REQUEST		inCup	1717527294364	1717527294366	OK	 
USER	RecordedSimulation	START	1717527295229
REQUEST		indexOfField	1717527295229	1717527295232	OK	 
REQUEST		dice	1717527295239	1717527295241	OK	 
REQUEST		result	1717527295398	1717527295400	OK	 
REQUEST		remainingDices	1717527295398	1717527295400	OK	 
USER	RecordedSimulation	END	1717527295401
REQUEST		putOut	1717527296280	1717527296282	OK	 
REQUEST		inCup	1717527296318	1717527296320	OK	 
REQUEST		nextRound	1717527296365	1717527296367	OK	 
REQUEST		locked	1717527296368	1717527296370	OK	 
USER	RecordedSimulation	START	1717527297215
REQUEST		indexOfField	1717527297215	1717527297219	OK	 
REQUEST		dice	1717527297240	1717527297242	OK	 
REQUEST		representation	1717527297265	1717527297266	OK	 
REQUEST		putIn	1717527297309	1717527297311	OK	 
REQUEST		result	1717527297424	1717527297426	OK	 
USER	RecordedSimulation	END	1717527297427
REQUEST		locked	1717527298344	1717527298346	OK	 
REQUEST		remainingDices	1717527298375	1717527298377	OK	 
REQUEST		inCup	1717527298391	1717527298393	OK	 
REQUEST		dice	1717527299227	1717527299229	OK	 
REQUEST		representation	1717527299251	1717527299252	OK	 
REQUEST		putOut	1717527299290	1717527299292	OK	 
REQUEST		putIn	1717527299306	1717527299308	OK	 
REQUEST		nextRound	1717527299334	1717527299337	OK	 
USER	RecordedSimulation	START	1717527300237
REQUEST		indexOfField	1717527300236	1717527300239	OK	 
REQUEST		remainingDices	1717527300349	1717527300354	OK	 
REQUEST		result	1717527300401	1717527300404	OK	 
USER	RecordedSimulation	END	1717527300405
REQUEST		locked	1717527300417	1717527300419	OK	 
REQUEST		representation	1717527301235	1717527301236	OK	 
REQUEST		putOut	1717527301276	1717527301278	OK	 
REQUEST		nextRound	1717527301333	1717527301334	OK	 
REQUEST		inCup	1717527301358	1717527301360	OK	 
USER	RecordedSimulation	START	1717527302236
REQUEST		indexOfField	1717527302235	1717527302240	OK	 
REQUEST		dice	1717527302255	1717527302257	OK	 
REQUEST		putIn	1717527302316	1717527302318	OK	 
REQUEST		result	1717527302381	1717527302383	OK	 
USER	RecordedSimulation	END	1717527302385
REQUEST		remainingDices	1717527302443	1717527302444	OK	 
REQUEST		putOut	1717527303244	1717527303245	OK	 
REQUEST		inCup	1717527303359	1717527303360	OK	 
REQUEST		locked	1717527303369	1717527303370	OK	 
REQUEST		representation	1717527304258	1717527304259	OK	 
REQUEST		dice	1717527304264	1717527304266	OK	 
REQUEST		putIn	1717527304284	1717527304287	OK	 
REQUEST		nextRound	1717527304343	1717527304345	OK	 
REQUEST		result	1717527304468	1717527304470	OK	 
USER	RecordedSimulation	END	1717527304472
USER	RecordedSimulation	START	1717527305222
REQUEST		indexOfField	1717527305221	1717527305225	OK	 
REQUEST		locked	1717527305384	1717527305386	OK	 
REQUEST		remainingDices	1717527305394	1717527305396	OK	 
REQUEST		putIn	1717527306270	1717527306271	OK	 
REQUEST		putOut	1717527306283	1717527306285	OK	 
REQUEST		representation	1717527306290	1717527306292	OK	 
REQUEST		nextRound	1717527306311	1717527306313	OK	 
REQUEST		inCup	1717527306370	1717527306371	OK	 
USER	RecordedSimulation	START	1717527307237
REQUEST		indexOfField	1717527307236	1717527307239	OK	 
REQUEST		dice	1717527307250	1717527307252	OK	 
REQUEST		remainingDices	1717527307392	1717527307395	OK	 
REQUEST		result	1717527307420	1717527307422	OK	 
USER	RecordedSimulation	END	1717527307423
REQUEST		nextRound	1717527308296	1717527308298	OK	 
REQUEST		putOut	1717527308301	1717527308302	OK	 
REQUEST		inCup	1717527308337	1717527308339	OK	 
REQUEST		locked	1717527308395	1717527308397	OK	 
USER	RecordedSimulation	START	1717527309236
REQUEST		indexOfField	1717527309236	1717527309238	OK	 
REQUEST		dice	1717527309265	1717527309266	OK	 
REQUEST		representation	1717527309264	1717527309266	OK	 
REQUEST		putIn	1717527309310	1717527309314	OK	 
REQUEST		result	1717527309419	1717527309427	OK	 
USER	RecordedSimulation	END	1717527309430
REQUEST		inCup	1717527310304	1717527310306	OK	 
REQUEST		locked	1717527310363	1717527310366	OK	 
REQUEST		remainingDices	1717527310419	1717527310421	OK	 
REQUEST		dice	1717527311242	1717527311244	OK	 
REQUEST		representation	1717527311290	1717527311292	OK	 
REQUEST		putOut	1717527311290	1717527311292	OK	 
REQUEST		putIn	1717527311326	1717527311328	OK	 
REQUEST		nextRound	1717527311338	1717527311340	OK	 
USER	RecordedSimulation	START	1717527312237
REQUEST		indexOfField	1717527312236	1717527312240	OK	 
REQUEST		locked	1717527312327	1717527312329	OK	 
REQUEST		remainingDices	1717527312388	1717527312390	OK	 
REQUEST		result	1717527312445	1717527312447	OK	 
USER	RecordedSimulation	END	1717527312448
REQUEST		representation	1717527313269	1717527313270	OK	 
REQUEST		putOut	1717527313316	1717527313318	OK	 
REQUEST		nextRound	1717527313351	1717527313353	OK	 
REQUEST		inCup	1717527313364	1717527313366	OK	 
USER	RecordedSimulation	START	1717527314233
REQUEST		indexOfField	1717527314233	1717527314236	OK	 
REQUEST		dice	1717527314264	1717527314266	OK	 
REQUEST		putIn	1717527314316	1717527314318	OK	 
REQUEST		remainingDices	1717527314349	1717527314351	OK	 
REQUEST		result	1717527314402	1717527314404	OK	 
USER	RecordedSimulation	END	1717527314405
REQUEST		putOut	1717527315288	1717527315290	OK	 
REQUEST		inCup	1717527315377	1717527315379	OK	 
REQUEST		locked	1717527315389	1717527315390	OK	 
REQUEST		dice	1717527316260	1717527316262	OK	 
REQUEST		representation	1717527316291	1717527316292	OK	 
REQUEST		nextRound	1717527316334	1717527316335	OK	 
REQUEST		putIn	1717527316342	1717527316344	OK	 
REQUEST		result	1717527316368	1717527316370	OK	 
USER	RecordedSimulation	END	1717527316371
USER	RecordedSimulation	START	1717527317236
REQUEST		indexOfField	1717527317236	1717527317239	OK	 
REQUEST		locked	1717527317403	1717527317404	OK	 
REQUEST		remainingDices	1717527317405	1717527317407	OK	 
REQUEST		representation	1717527318286	1717527318288	OK	 
REQUEST		putIn	1717527318314	1717527318315	OK	 
REQUEST		putOut	1717527318316	1717527318318	OK	 
REQUEST		inCup	1717527318346	1717527318348	OK	 
REQUEST		nextRound	1717527318346	1717527318348	OK	 
USER	RecordedSimulation	START	1717527319236
REQUEST		indexOfField	1717527319235	1717527319238	OK	 
REQUEST		dice	1717527319264	1717527319265	OK	 
REQUEST		result	1717527319408	1717527319410	OK	 
USER	RecordedSimulation	END	1717527319412
REQUEST		remainingDices	1717527319429	1717527319432	OK	 
REQUEST		putOut	1717527320311	1717527320312	OK	 
REQUEST		nextRound	1717527320342	1717527320343	OK	 
REQUEST		locked	1717527320369	1717527320370	OK	 
REQUEST		inCup	1717527320373	1717527320375	OK	 
USER	RecordedSimulation	START	1717527321236
REQUEST		indexOfField	1717527321236	1717527321238	OK	 
REQUEST		dice	1717527321254	1717527321256	OK	 
REQUEST		representation	1717527321290	1717527321292	OK	 
REQUEST		putIn	1717527321339	1717527321340	OK	 
REQUEST		result	1717527321456	1717527321458	OK	 
USER	RecordedSimulation	END	1717527321459
REQUEST		inCup	1717527322368	1717527322369	OK	 
REQUEST		remainingDices	1717527322394	1717527322396	OK	 
REQUEST		locked	1717527322398	1717527322400	OK	 
REQUEST		dice	1717527323262	1717527323264	OK	 
REQUEST		representation	1717527323276	1717527323278	OK	 
REQUEST		putIn	1717527323315	1717527323316	OK	 
REQUEST		putOut	1717527323315	1717527323317	OK	 
REQUEST		nextRound	1717527323364	1717527323365	OK	 
USER	RecordedSimulation	START	1717527324236
REQUEST		indexOfField	1717527324236	1717527324239	OK	 
REQUEST		locked	1717527324393	1717527324395	OK	 
REQUEST		result	1717527324401	1717527324402	OK	 
USER	RecordedSimulation	END	1717527324403
REQUEST		remainingDices	1717527324424	1717527324425	OK	 
REQUEST		representation	1717527325277	1717527325279	OK	 
REQUEST		putOut	1717527325294	1717527325296	OK	 
REQUEST		nextRound	1717527325340	1717527325341	OK	 
REQUEST		inCup	1717527325375	1717527325376	OK	 
USER	RecordedSimulation	START	1717527326219
REQUEST		indexOfField	1717527326218	1717527326221	OK	 
REQUEST		dice	1717527326263	1717527326265	OK	 
REQUEST		putIn	1717527326325	1717527326326	OK	 
REQUEST		remainingDices	1717527326418	1717527326420	OK	 
REQUEST		result	1717527326428	1717527326430	OK	 
USER	RecordedSimulation	END	1717527326431
REQUEST		putOut	1717527327289	1717527327291	OK	 
REQUEST		inCup	1717527327365	1717527327367	OK	 
REQUEST		locked	1717527327401	1717527327402	OK	 
REQUEST		dice	1717527328245	1717527328246	OK	 
REQUEST		representation	1717527328278	1717527328280	OK	 
REQUEST		putIn	1717527328311	1717527328313	OK	 
REQUEST		nextRound	1717527328334	1717527328335	OK	 
REQUEST		result	1717527328425	1717527328426	OK	 
USER	RecordedSimulation	END	1717527328427
REQUEST		locked	1717527329390	1717527329392	OK	 
REQUEST		remainingDices	1717527329427	1717527329429	OK	 
REQUEST		representation	1717527330270	1717527330271	OK	 
REQUEST		putOut	1717527330291	1717527330292	OK	 
REQUEST		putIn	1717527330315	1717527330316	OK	 
REQUEST		nextRound	1717527330337	1717527330339	OK	 
REQUEST		inCup	1717527330348	1717527330350	OK	 
REQUEST		remainingDices	1717527331416	1717527331417	OK	 
REQUEST		result	1717527331434	1717527331435	OK	 
USER	RecordedSimulation	END	1717527331436
REQUEST		putOut	1717527332298	1717527332307	OK	 
REQUEST		nextRound	1717527332341	1717527332350	OK	 
REQUEST		inCup	1717527332353	1717527332356	OK	 
REQUEST		locked	1717527332374	1717527332375	OK	 
REQUEST		putIn	1717527333301	1717527333303	OK	 
REQUEST		result	1717527333422	1717527333423	OK	 
USER	RecordedSimulation	END	1717527333424
REQUEST		inCup	1717527334374	1717527334376	OK	 
REQUEST		locked	1717527334381	1717527334382	OK	 
REQUEST		remainingDices	1717527334394	1717527334396	OK	 
REQUEST		putIn	1717527335327	1717527335328	OK	 
REQUEST		nextRound	1717527335327	1717527335328	OK	 
REQUEST		locked	1717527336395	1717527336397	OK	 
REQUEST		result	1717527336405	1717527336406	OK	 
USER	RecordedSimulation	END	1717527336407
REQUEST		remainingDices	1717527336406	1717527336408	OK	 
REQUEST		nextRound	1717527337352	1717527337354	OK	 
REQUEST		inCup	1717527337352	1717527337354	OK	 
REQUEST		remainingDices	1717527338402	1717527338403	OK	 
REQUEST		result	1717527338432	1717527338433	OK	 
USER	RecordedSimulation	END	1717527338434
REQUEST		inCup	1717527339371	1717527339372	OK	 
REQUEST		locked	1717527339378	1717527339380	OK	 
REQUEST		result	1717527340427	1717527340429	OK	 
USER	RecordedSimulation	END	1717527340435
REQUEST		locked	1717527341396	1717527341398	OK	 
REQUEST		remainingDices	1717527341406	1717527341414	OK	 
REQUEST		remainingDices	1717527343408	1717527343410	OK	 
REQUEST		result	1717527343442	1717527343444	OK	 
USER	RecordedSimulation	END	1717527343445
REQUEST		result	1717527345434	1717527345436	OK	 
USER	RecordedSimulation	END	1717527345437
