RUN	it.game.GameLoadItSimulation	gameloaditsimulation	1717534049326	 	3.11.3
USER	RecordedSimulation	START	1717534051425
REQUEST		new	1717534051413	1717534051451	OK	 
USER	RecordedSimulation	START	1717534053279
REQUEST		new	1717534053278	1717534053288	OK	 
USER	RecordedSimulation	START	1717534055258
REQUEST		new	1717534055256	1717534055264	OK	 
REQUEST		next	1717534056568	1717534056583	OK	 
USER	RecordedSimulation	START	1717534057254
REQUEST		new	1717534057252	1717534057260	OK	 
REQUEST		next	1717534058316	1717534058320	OK	 
USER	RecordedSimulation	START	1717534059238
REQUEST		new	1717534059236	1717534059244	OK	 
REQUEST		undoMove	1717534059591	1717534059594	OK	 
REQUEST		next	1717534060274	1717534060277	OK	 
USER	RecordedSimulation	START	1717534061271
REQUEST		new	1717534061269	1717534061277	OK	 
REQUEST		undoMove	1717534061362	1717534061366	OK	 
REQUEST		next	1717534062303	1717534062307	OK	 
REQUEST		sum	1717534062628	1717534062631	OK	 
USER	RecordedSimulation	START	1717534063263
REQUEST		new	1717534063261	1717534063270	OK	 
REQUEST		undoMove	1717534063306	1717534063311	OK	 
REQUEST		next	1717534064256	1717534064260	OK	 
REQUEST		sum	1717534064396	1717534064399	OK	 
USER	RecordedSimulation	START	1717534065270
REQUEST		new	1717534065269	1717534065276	OK	 
REQUEST		undoMove	1717534065345	1717534065349	OK	 
REQUEST		next	1717534066308	1717534066312	OK	 
REQUEST		sum	1717534066331	1717534066335	OK	 
REQUEST		playerID	1717534066667	1717534066671	OK	 
USER	RecordedSimulation	START	1717534067271
REQUEST		new	1717534067269	1717534067286	OK	 
REQUEST		undoMove	1717534067304	1717534067307	OK	 
REQUEST		next	1717534068314	1717534068319	OK	 
REQUEST		sum	1717534068392	1717534068396	OK	 
REQUEST		playerID	1717534068417	1717534068421	OK	 
USER	RecordedSimulation	START	1717534069270
REQUEST		new	1717534069269	1717534069281	OK	 
REQUEST		undoMove	1717534069355	1717534069359	OK	 
REQUEST		next	1717534070319	1717534070323	OK	 
REQUEST		sum	1717534070350	1717534070354	OK	 
REQUEST		playerID	1717534070378	1717534070381	OK	 
REQUEST		playerName	1717534070716	1717534070719	OK	 
REQUEST		undoMove	1717534071343	1717534071346	OK	 
REQUEST		next	1717534072329	1717534072334	OK	 
REQUEST		playerID	1717534072402	1717534072405	OK	 
REQUEST		sum	1717534072402	1717534072413	OK	 
REQUEST		playerName	1717534072426	1717534072429	OK	 
REQUEST		undoMove	1717534073345	1717534073349	OK	 
REQUEST		next	1717534074296	1717534074300	OK	 
REQUEST		sum	1717534074356	1717534074359	OK	 
REQUEST		playerID	1717534074376	1717534074379	OK	 
REQUEST		playerName	1717534074424	1717534074428	OK	 
REQUEST		nestedList	1717534074762	1717534074765	OK	 
REQUEST		undoMove	1717534075374	1717534075377	OK	 
REQUEST		sum	1717534076356	1717534076359	OK	 
REQUEST		playerID	1717534076448	1717534076451	OK	 
REQUEST		playerName	1717534076448	1717534076451	OK	 
REQUEST		nestedList	1717534076456	1717534076459	OK	 
REQUEST		undoMove	1717534077302	1717534077306	OK	 
REQUEST		playerID	1717534078402	1717534078405	OK	 
REQUEST		sum	1717534078420	1717534078431	OK	 
REQUEST		playerName	1717534078422	1717534078433	OK	 
REQUEST		nestedList	1717534078470	1717534078473	OK	 
REQUEST		remainingMoves	1717534078807	1717534078810	OK	 
REQUEST		sum	1717534080336	1717534080339	OK	 
REQUEST		playerID	1717534080386	1717534080389	OK	 
REQUEST		remainingMoves	1717534080486	1717534080489	OK	 
REQUEST		playerName	1717534080507	1717534080510	OK	 
REQUEST		nestedList	1717534080507	1717534080510	OK	 
REQUEST		playerName	1717534082420	1717534082423	OK	 
REQUEST		playerID	1717534082466	1717534082468	OK	 
REQUEST		nestedList	1717534082476	1717534082479	OK	 
REQUEST		remainingMoves	1717534082516	1717534082519	OK	 
REQUEST		players	1717534082854	1717534082857	OK	 
USER	RecordedSimulation	END	1717534082861
REQUEST		playerID	1717534084376	1717534084380	OK	 
REQUEST		playerName	1717534084426	1717534084429	OK	 
REQUEST		players	1717534084523	1717534084525	OK	 
USER	RecordedSimulation	END	1717534084527
REQUEST		nestedList	1717534084526	1717534084529	OK	 
REQUEST		remainingMoves	1717534084526	1717534084529	OK	 
REQUEST		nestedList	1717534086465	1717534086468	OK	 
REQUEST		remainingMoves	1717534086486	1717534086489	OK	 
REQUEST		playerName	1717534086511	1717534086514	OK	 
REQUEST		players	1717534086561	1717534086564	OK	 
USER	RecordedSimulation	END	1717534086565
REQUEST		playerName	1717534088422	1717534088425	OK	 
REQUEST		nestedList	1717534088436	1717534088439	OK	 
REQUEST		players	1717534088537	1717534088540	OK	 
REQUEST		remainingMoves	1717534088537	1717534088540	OK	 
USER	RecordedSimulation	END	1717534088542
REQUEST		remainingMoves	1717534090510	1717534090514	OK	 
REQUEST		players	1717534090528	1717534090531	OK	 
USER	RecordedSimulation	END	1717534090532
REQUEST		nestedList	1717534090556	1717534090558	OK	 
REQUEST		nestedList	1717534092466	1717534092469	OK	 
REQUEST		remainingMoves	1717534092466	1717534092469	OK	 
REQUEST		players	1717534092582	1717534092585	OK	 
USER	RecordedSimulation	END	1717534092587
REQUEST		players	1717534094556	1717534094559	OK	 
USER	RecordedSimulation	END	1717534094561
REQUEST		remainingMoves	1717534094601	1717534094604	OK	 
REQUEST		players	1717534096509	1717534096512	OK	 
REQUEST		remainingMoves	1717534096509	1717534096512	OK	 
USER	RecordedSimulation	END	1717534096513
REQUEST		players	1717534098626	1717534098628	OK	 
USER	RecordedSimulation	END	1717534098630
REQUEST		players	1717534100526	1717534100529	OK	 
USER	RecordedSimulation	END	1717534100530
