RUN	it.persistence.PersistenceSpikeItSimulation	persistencespikeitsimulation	1717492349932	 	3.11.3
USER	RecordedSimulation	START	1717492350522
REQUEST		ping	1717492350519	1717492350541	OK	 
USER	RecordedSimulation	START	1717492355473
REQUEST		ping	1717492355472	1717492355480	OK	 
REQUEST		saveField	1717492358566	1717492358665	OK	 
USER	RecordedSimulation	START	1717492360474
USER	RecordedSimulation	START	1717492360474
USER	RecordedSimulation	START	1717492360474
USER	RecordedSimulation	START	1717492360475
USER	RecordedSimulation	START	1717492360475
USER	RecordedSimulation	START	1717492360476
USER	RecordedSimulation	START	1717492360477
USER	RecordedSimulation	START	1717492360477
USER	RecordedSimulation	START	1717492360478
USER	RecordedSimulation	START	1717492360478
USER	RecordedSimulation	START	1717492360480
USER	RecordedSimulation	START	1717492360481
USER	RecordedSimulation	START	1717492360481
USER	RecordedSimulation	START	1717492360482
USER	RecordedSimulation	START	1717492360482
USER	RecordedSimulation	START	1717492360487
USER	RecordedSimulation	START	1717492360489
USER	RecordedSimulation	START	1717492360490
USER	RecordedSimulation	START	1717492360491
USER	RecordedSimulation	START	1717492360491
USER	RecordedSimulation	START	1717492360491
USER	RecordedSimulation	START	1717492360491
USER	RecordedSimulation	START	1717492360492
USER	RecordedSimulation	START	1717492360492
USER	RecordedSimulation	START	1717492360492
USER	RecordedSimulation	START	1717492360493
USER	RecordedSimulation	START	1717492360494
USER	RecordedSimulation	START	1717492360494
USER	RecordedSimulation	START	1717492360494
USER	RecordedSimulation	START	1717492360495
USER	RecordedSimulation	START	1717492360495
USER	RecordedSimulation	START	1717492360495
USER	RecordedSimulation	START	1717492360496
USER	RecordedSimulation	START	1717492360496
USER	RecordedSimulation	START	1717492360496
USER	RecordedSimulation	START	1717492360497
USER	RecordedSimulation	START	1717492360497
USER	RecordedSimulation	START	1717492360497
USER	RecordedSimulation	START	1717492360499
USER	RecordedSimulation	START	1717492360499
USER	RecordedSimulation	START	1717492360499
USER	RecordedSimulation	START	1717492360496
USER	RecordedSimulation	START	1717492360501
USER	RecordedSimulation	START	1717492360501
USER	RecordedSimulation	START	1717492360502
USER	RecordedSimulation	START	1717492360503
USER	RecordedSimulation	START	1717492360504
USER	RecordedSimulation	START	1717492360504
USER	RecordedSimulation	START	1717492360505
USER	RecordedSimulation	START	1717492360505
USER	RecordedSimulation	START	1717492360507
USER	RecordedSimulation	START	1717492360508
USER	RecordedSimulation	START	1717492360508
USER	RecordedSimulation	START	1717492360509
USER	RecordedSimulation	START	1717492360509
USER	RecordedSimulation	START	1717492360511
USER	RecordedSimulation	START	1717492360511
USER	RecordedSimulation	START	1717492360511
USER	RecordedSimulation	START	1717492360512
USER	RecordedSimulation	START	1717492360512
USER	RecordedSimulation	START	1717492360513
USER	RecordedSimulation	START	1717492360515
USER	RecordedSimulation	START	1717492360515
USER	RecordedSimulation	START	1717492360515
USER	RecordedSimulation	START	1717492360517
USER	RecordedSimulation	START	1717492360518
USER	RecordedSimulation	START	1717492360518
USER	RecordedSimulation	START	1717492360520
USER	RecordedSimulation	START	1717492360520
USER	RecordedSimulation	START	1717492360520
REQUEST		ping	1717492360474	1717492360520	OK	 
USER	RecordedSimulation	START	1717492360521
USER	RecordedSimulation	START	1717492360522
REQUEST		ping	1717492360475	1717492360522	OK	 
USER	RecordedSimulation	START	1717492360523
REQUEST		ping	1717492360476	1717492360523	OK	 
USER	RecordedSimulation	START	1717492360523
USER	RecordedSimulation	START	1717492360525
USER	RecordedSimulation	START	1717492360525
USER	RecordedSimulation	START	1717492360525
USER	RecordedSimulation	START	1717492360526
USER	RecordedSimulation	START	1717492360527
USER	RecordedSimulation	START	1717492360525
USER	RecordedSimulation	START	1717492360528
USER	RecordedSimulation	START	1717492360528
USER	RecordedSimulation	START	1717492360529
REQUEST		ping	1717492360477	1717492360530	OK	 
USER	RecordedSimulation	START	1717492360531
USER	RecordedSimulation	START	1717492360533
USER	RecordedSimulation	START	1717492360534
USER	RecordedSimulation	START	1717492360536
USER	RecordedSimulation	START	1717492360535
REQUEST		ping	1717492360472	1717492360538	OK	 
REQUEST		ping	1717492360476	1717492360542	OK	 
USER	RecordedSimulation	START	1717492360545
REQUEST		ping	1717492360478	1717492360547	OK	 
USER	RecordedSimulation	START	1717492360548
REQUEST		ping	1717492360472	1717492360554	OK	 
REQUEST		ping	1717492360479	1717492360551	OK	 
REQUEST		ping	1717492360485	1717492360557	OK	 
REQUEST		ping	1717492360491	1717492360556	OK	 
REQUEST		ping	1717492360496	1717492360559	OK	 
REQUEST		ping	1717492360495	1717492360561	OK	 
USER	RecordedSimulation	START	1717492360562
USER	RecordedSimulation	START	1717492360564
USER	RecordedSimulation	START	1717492360565
USER	RecordedSimulation	START	1717492360568
USER	RecordedSimulation	START	1717492360580
USER	RecordedSimulation	START	1717492360586
USER	RecordedSimulation	START	1717492360586
USER	RecordedSimulation	START	1717492360587
REQUEST		ping	1717492360474	1717492360588	OK	 
USER	RecordedSimulation	START	1717492360590
USER	RecordedSimulation	START	1717492360617
REQUEST		ping	1717492360472	1717492360621	OK	 
REQUEST		ping	1717492360501	1717492360621	OK	 
REQUEST		ping	1717492360481	1717492360647	OK	 
REQUEST		ping	1717492360486	1717492360650	OK	 
USER	RecordedSimulation	START	1717492360650
REQUEST		ping	1717492360500	1717492360651	OK	 
REQUEST		ping	1717492360487	1717492360653	OK	 
REQUEST		ping	1717492360483	1717492360687	OK	 
REQUEST		ping	1717492360503	1717492360686	OK	 
REQUEST		ping	1717492360482	1717492360692	OK	 
REQUEST		ping	1717492360488	1717492360693	OK	 
REQUEST		ping	1717492360494	1717492360694	OK	 
REQUEST		ping	1717492360484	1717492360694	OK	 
REQUEST		ping	1717492360521	1717492360732	OK	 
REQUEST		ping	1717492360523	1717492360734	OK	 
REQUEST		ping	1717492360472	1717492360735	OK	 
REQUEST		ping	1717492360478	1717492360733	OK	 
REQUEST		ping	1717492360481	1717492360737	OK	 
REQUEST		ping	1717492360486	1717492360738	OK	 
REQUEST		ping	1717492360495	1717492360737	OK	 
REQUEST		ping	1717492360524	1717492360740	OK	 
REQUEST		ping	1717492360505	1717492360740	OK	 
REQUEST		ping	1717492360491	1717492360740	OK	 
REQUEST		ping	1717492360508	1717492360770	OK	 
REQUEST		ping	1717492360495	1717492360771	OK	 
REQUEST		ping	1717492360513	1717492360772	OK	 
REQUEST		ping	1717492360496	1717492360772	OK	 
REQUEST		ping	1717492360489	1717492360774	OK	 
REQUEST		ping	1717492360514	1717492360773	OK	 
REQUEST		ping	1717492360481	1717492360775	OK	 
REQUEST		ping	1717492360517	1717492360776	OK	 
REQUEST		ping	1717492360487	1717492360777	OK	 
REQUEST		ping	1717492360548	1717492360813	OK	 
REQUEST		ping	1717492360493	1717492360813	OK	 
REQUEST		ping	1717492360486	1717492360813	OK	 
REQUEST		ping	1717492360526	1717492360813	OK	 
REQUEST		ping	1717492360510	1717492360814	OK	 
REQUEST		ping	1717492360511	1717492360814	OK	 
REQUEST		ping	1717492360493	1717492360814	OK	 
REQUEST		ping	1717492360529	1717492360815	OK	 
REQUEST		ping	1717492360526	1717492360815	OK	 
REQUEST		ping	1717492360479	1717492360815	OK	 
REQUEST		ping	1717492360496	1717492360833	OK	 
REQUEST		ping	1717492360483	1717492360834	OK	 
REQUEST		ping	1717492360512	1717492360835	OK	 
REQUEST		ping	1717492360497	1717492360835	OK	 
REQUEST		ping	1717492360490	1717492360835	OK	 
REQUEST		ping	1717492360519	1717492360835	OK	 
REQUEST		ping	1717492360493	1717492360835	OK	 
REQUEST		ping	1717492360501	1717492360836	OK	 
REQUEST		ping	1717492360498	1717492360836	OK	 
REQUEST		ping	1717492360498	1717492360836	OK	 
REQUEST		ping	1717492360488	1717492360852	OK	 
REQUEST		ping	1717492360521	1717492360852	OK	 
REQUEST		ping	1717492360501	1717492360853	OK	 
REQUEST		ping	1717492360500	1717492360853	OK	 
REQUEST		ping	1717492360505	1717492360854	OK	 
REQUEST		ping	1717492360504	1717492360854	OK	 
REQUEST		ping	1717492360506	1717492360855	OK	 
REQUEST		ping	1717492360530	1717492360855	OK	 
REQUEST		ping	1717492360530	1717492360872	OK	 
REQUEST		ping	1717492360519	1717492360873	OK	 
REQUEST		ping	1717492360509	1717492360873	OK	 
REQUEST		ping	1717492360527	1717492360873	OK	 
REQUEST		ping	1717492360508	1717492360873	OK	 
REQUEST		ping	1717492360520	1717492360873	OK	 
REQUEST		ping	1717492360510	1717492360874	OK	 
REQUEST		ping	1717492360512	1717492360874	OK	 
REQUEST		ping	1717492360521	1717492360874	OK	 
REQUEST		ping	1717492360514	1717492360874	OK	 
REQUEST		ping	1717492360499	1717492360893	OK	 
REQUEST		ping	1717492360557	1717492360893	OK	 
REQUEST		ping	1717492360557	1717492360893	OK	 
REQUEST		ping	1717492360581	1717492360894	OK	 
REQUEST		ping	1717492360534	1717492360895	OK	 
REQUEST		ping	1717492360650	1717492360896	OK	 
REQUEST		ping	1717492360520	1717492360896	OK	 
REQUEST		ping	1717492360616	1717492360897	OK	 
REQUEST		ping	1717492360532	1717492360913	OK	 
REQUEST		ping	1717492360552	1717492360914	OK	 
REQUEST		ping	1717492360563	1717492360914	OK	 
REQUEST		ping	1717492360552	1717492360914	OK	 
REQUEST		ping	1717492360587	1717492360915	OK	 
REQUEST		ping	1717492360579	1717492360915	OK	 
REQUEST		ping	1717492360535	1717492360915	OK	 
REQUEST		ping	1717492360498	1717492360915	OK	 
REQUEST		ping	1717492360516	1717492360916	OK	 
REQUEST		ping	1717492360548	1717492360917	OK	 
REQUEST		saveGame	1717492361667	1717492361693	OK	 
REQUEST		saveField	1717492363481	1717492363574	OK	 
USER	RecordedSimulation	START	1717492365473
REQUEST		ping	1717492365472	1717492365476	OK	 
REQUEST		saveDiceCup	1717492365694	1717492365723	OK	 
REQUEST		saveGame	1717492366575	1717492366603	OK	 
REQUEST		saveField	1717492368523	1717492369304	OK	 
REQUEST		saveField	1717492368539	1717492369372	OK	 
REQUEST		saveField	1717492368564	1717492369433	OK	 
REQUEST		saveField	1717492368590	1717492369545	OK	 
REQUEST		saveField	1717492368547	1717492369798	OK	 
REQUEST		saveField	1717492368559	1717492370136	OK	 
REQUEST		saveField	1717492368694	1717492370136	OK	 
REQUEST		saveField	1717492368740	1717492370137	OK	 
REQUEST		saveField	1717492368521	1717492370137	OK	 
REQUEST		saveField	1717492368591	1717492370137	OK	 
REQUEST		saveField	1717492368654	1717492370138	OK	 
REQUEST		saveField	1717492368625	1717492370138	OK	 
REQUEST		saveField	1717492368531	1717492370139	OK	 
REQUEST		saveField	1717492368561	1717492370141	OK	 
REQUEST		saveField	1717492368552	1717492370141	OK	 
REQUEST		saveField	1717492368556	1717492370142	OK	 
REQUEST		saveField	1717492368524	1717492370142	OK	 
REQUEST		saveField	1717492368651	1717492370302	OK	 
REQUEST		saveField	1717492368688	1717492370303	OK	 
REQUEST		saveField	1717492368624	1717492370351	OK	 
REQUEST		saveField	1717492368654	1717492370369	OK	 
REQUEST		saveField	1717492368620	1717492370369	OK	 
REQUEST		saveField	1717492368900	1717492370392	OK	 
REQUEST		saveField	1717492368694	1717492370510	OK	 
REQUEST		saveField	1717492368915	1717492371028	OK	 
REQUEST		saveField	1717492368835	1717492371356	OK	 
REQUEST		saveField	1717492368736	1717492371413	OK	 
REQUEST		saveField	1717492368836	1717492371413	OK	 
REQUEST		saveField	1717492368650	1717492371414	OK	 
REQUEST		saveField	1717492368737	1717492371414	OK	 
REQUEST		saveField	1717492368915	1717492371416	OK	 
REQUEST		saveField	1717492368738	1717492371416	OK	 
REQUEST		saveField	1717492368917	1717492371416	OK	 
REQUEST		saveField	1717492368779	1717492371415	OK	 
REQUEST		saveField	1717492368817	1717492372012	OK	 
REQUEST		saveField	1717492368740	1717492372017	OK	 
REQUEST		saveField	1717492368813	1717492372017	OK	 
REQUEST		saveField	1717492368839	1717492372018	OK	 
REQUEST		saveField	1717492368734	1717492372018	OK	 
REQUEST		saveField	1717492368816	1717492372020	OK	 
REQUEST		saveField	1717492368740	1717492372020	OK	 
REQUEST		saveField	1717492368815	1717492372021	OK	 
REQUEST		saveField	1717492368835	1717492372023	OK	 
REQUEST		saveField	1717492368695	1717492372750	OK	 
REQUEST		saveField	1717492368777	1717492372750	OK	 
REQUEST		saveField	1717492368742	1717492372751	OK	 
REQUEST		saveField	1717492368875	1717492372751	OK	 
REQUEST		saveField	1717492368773	1717492372752	OK	 
REQUEST		saveField	1717492368837	1717492372750	OK	 
REQUEST		saveField	1717492368696	1717492372754	OK	 
REQUEST		saveField	1717492368742	1717492372755	OK	 
REQUEST		saveField	1717492368920	1717492372756	OK	 
REQUEST		saveField	1717492368870	1717492373228	OK	 
REQUEST		saveField	1717492368836	1717492373228	OK	 
REQUEST		saveField	1717492368864	1717492373229	OK	 
REQUEST		saveField	1717492368918	1717492373229	OK	 
REQUEST		saveField	1717492368817	1717492373230	OK	 
REQUEST		saveField	1717492368919	1717492373230	OK	 
REQUEST		saveField	1717492368773	1717492373242	OK	 
REQUEST		saveField	1717492368900	1717492373242	OK	 
REQUEST		saveField	1717492368856	1717492373242	OK	 
REQUEST		saveField	1717492368859	1717492373243	OK	 
REQUEST		saveField	1717492368772	1717492373243	OK	 
REQUEST		saveField	1717492368857	1717492373244	OK	 
REQUEST		saveDiceCup	1717492370604	1717492373244	OK	 
REQUEST		saveField	1717492368854	1717492373279	OK	 
REQUEST		saveField	1717492368878	1717492373279	OK	 
REQUEST		saveField	1717492368858	1717492373280	OK	 
REQUEST		saveField	1717492368898	1717492373280	OK	 
REQUEST		saveField	1717492368837	1717492373281	OK	 
REQUEST		saveField	1717492368900	1717492373281	OK	 
REQUEST		saveField	1717492368918	1717492373282	OK	 
REQUEST		saveField	1717492368877	1717492373282	OK	 
REQUEST		saveField	1717492368836	1717492373282	OK	 
REQUEST		saveField	1717492368877	1717492373308	OK	 
REQUEST		saveField	1717492368876	1717492373309	OK	 
REQUEST		saveField	1717492368873	1717492373309	OK	 
REQUEST		saveField	1717492368874	1717492373310	OK	 
REQUEST		saveField	1717492368875	1717492373310	OK	 
REQUEST		saveField	1717492368777	1717492373360	OK	 
REQUEST		saveField	1717492368772	1717492373361	OK	 
REQUEST		saveField	1717492368837	1717492373360	OK	 
REQUEST		saveField	1717492368918	1717492373362	OK	 
REQUEST		saveField	1717492368904	1717492373363	OK	 
REQUEST		saveField	1717492368857	1717492373363	OK	 
REQUEST		saveField	1717492368898	1717492373376	OK	 
REQUEST		saveGame	1717492373243	1717492373376	OK	 
REQUEST		saveField	1717492368875	1717492373377	OK	 
REQUEST		saveField	1717492368814	1717492373378	OK	 
REQUEST		saveField	1717492368815	1717492373379	OK	 
REQUEST		saveField	1717492368858	1717492373381	OK	 
REQUEST		saveField	1717492368922	1717492373744	OK	 
REQUEST		saveField	1717492368899	1717492373745	OK	 
REQUEST		saveGame	1717492373364	1717492373745	OK	 
REQUEST		saveField	1717492368924	1717492373745	OK	 
REQUEST		saveField	1717492368814	1717492373746	OK	 
REQUEST		saveField	1717492368896	1717492373745	OK	 
REQUEST		saveGame	1717492373744	1717492373897	OK	 
REQUEST		saveGame	1717492373313	1717492373893	OK	 
REQUEST		saveField	1717492368876	1717492373897	OK	 
REQUEST		saveField	1717492368816	1717492373898	OK	 
REQUEST		saveGame	1717492373281	1717492374157	OK	 
REQUEST		saveGame	1717492373311	1717492374158	OK	 
REQUEST		saveGame	1717492373363	1717492374158	OK	 
REQUEST		saveGame	1717492373310	1717492374159	OK	 
REQUEST		saveGame	1717492373364	1717492374159	OK	 
REQUEST		saveGame	1717492373747	1717492374160	OK	 
REQUEST		saveField	1717492368814	1717492374160	OK	 
REQUEST		saveField	1717492368877	1717492374160	OK	 
REQUEST		saveGame	1717492373379	1717492374160	OK	 
REQUEST		saveGame	1717492373312	1717492374200	OK	 
REQUEST		saveGame	1717492373230	1717492374201	OK	 
REQUEST		saveGame	1717492373312	1717492374203	OK	 
REQUEST		saveField	1717492368815	1717492374204	OK	 
REQUEST		saveGame	1717492373380	1717492374205	OK	 
REQUEST		saveField	1717492368876	1717492374208	OK	 
REQUEST		saveGame	1717492373896	1717492374208	OK	 
REQUEST		saveGame	1717492373376	1717492374205	OK	 
REQUEST		saveField	1717492368896	1717492374373	OK	 
REQUEST		saveGame	1717492373745	1717492374373	OK	 
REQUEST		saveGame	1717492374160	1717492374373	OK	 
REQUEST		saveGame	1717492374160	1717492374373	OK	 
REQUEST		saveGame	1717492373895	1717492374374	OK	 
REQUEST		saveGame	1717492374157	1717492374374	OK	 
REQUEST		saveGame	1717492373898	1717492374373	OK	 
REQUEST		saveGame	1717492374157	1717492374374	OK	 
REQUEST		saveGame	1717492373376	1717492374375	OK	 
REQUEST		saveField	1717492374157	1717492374404	OK	 
REQUEST		saveGame	1717492374375	1717492374405	OK	 
REQUEST		saveGame	1717492374415	1717492374461	OK	 
REQUEST		saveGame	1717492374414	1717492374464	OK	 
REQUEST		saveGame	1717492374415	1717492374468	OK	 
REQUEST		saveGame	1717492374414	1717492374471	OK	 
REQUEST		loadGame	1717492374724	1717492374744	OK	 
REQUEST		saveGame	1717492375012	1717492375126	OK	 
REQUEST		saveGame	1717492375013	1717492375135	OK	 
REQUEST		saveGame	1717492375019	1717492375137	OK	 
REQUEST		saveGame	1717492375025	1717492375148	OK	 
REQUEST		saveGame	1717492375021	1717492375149	OK	 
REQUEST		saveGame	1717492375022	1717492375150	OK	 
REQUEST		saveGame	1717492375018	1717492375152	OK	 
REQUEST		saveGame	1717492375020	1717492375159	OK	 
REQUEST		saveGame	1717492375026	1717492375161	OK	 
REQUEST		saveGame	1717492375026	1717492375161	OK	 
REQUEST		saveGame	1717492375021	1717492375163	OK	 
REQUEST		saveGame	1717492375751	1717492375810	OK	 
REQUEST		saveGame	1717492375751	1717492375811	OK	 
REQUEST		saveGame	1717492375752	1717492375816	OK	 
REQUEST		saveGame	1717492375756	1717492375816	OK	 
REQUEST		saveGame	1717492375758	1717492375819	OK	 
REQUEST		saveGame	1717492375752	1717492375819	OK	 
REQUEST		saveGame	1717492375753	1717492375821	OK	 
REQUEST		saveGame	1717492376231	1717492376405	OK	 
REQUEST		saveGame	1717492376229	1717492376408	OK	 
REQUEST		saveGame	1717492376230	1717492376411	OK	 
REQUEST		saveGame	1717492376230	1717492376426	OK	 
REQUEST		saveGame	1717492376243	1717492376440	OK	 
REQUEST		saveGame	1717492376244	1717492376475	OK	 
REQUEST		saveGame	1717492376229	1717492376478	OK	 
REQUEST		saveGame	1717492376233	1717492376522	OK	 
REQUEST		saveGame	1717492376244	1717492376523	OK	 
REQUEST		saveGame	1717492376246	1717492376525	OK	 
REQUEST		saveGame	1717492376231	1717492376526	OK	 
REQUEST		saveGame	1717492376243	1717492376528	OK	 
REQUEST		saveGame	1717492376245	1717492376529	OK	 
REQUEST		saveGame	1717492376250	1717492376624	OK	 
REQUEST		saveGame	1717492376279	1717492376692	OK	 
REQUEST		saveGame	1717492376363	1717492376694	OK	 
REQUEST		saveGame	1717492376280	1717492376733	OK	 
REQUEST		saveGame	1717492376249	1717492376776	OK	 
REQUEST		saveGame	1717492376280	1717492376854	OK	 
REQUEST		saveGame	1717492376283	1717492376854	OK	 
REQUEST		saveGame	1717492376285	1717492376857	OK	 
REQUEST		saveGame	1717492376363	1717492376884	OK	 
REQUEST		saveGame	1717492376362	1717492376893	OK	 
REQUEST		saveGame	1717492376311	1717492376893	OK	 
REQUEST		saveGame	1717492376314	1717492376894	OK	 
REQUEST		saveGame	1717492376313	1717492376905	OK	 
REQUEST		saveGame	1717492376364	1717492376911	OK	 
REQUEST		saveGame	1717492376310	1717492376911	OK	 
REQUEST		saveGame	1717492376365	1717492376912	OK	 
REQUEST		saveGame	1717492376281	1717492376912	OK	 
REQUEST		saveGame	1717492376363	1717492376913	OK	 
REQUEST		saveGame	1717492376309	1717492376914	OK	 
REQUEST		saveGame	1717492376365	1717492376929	OK	 
REQUEST		saveGame	1717492376379	1717492376957	OK	 
REQUEST		saveGame	1717492376282	1717492376958	OK	 
REQUEST		saveGame	1717492376380	1717492376959	OK	 
REQUEST		saveGame	1717492376376	1717492376960	OK	 
REQUEST		saveGame	1717492376379	1717492376960	OK	 
REQUEST		saveGame	1717492376381	1717492376991	OK	 
REQUEST		saveGame	1717492376745	1717492376992	OK	 
REQUEST		saveGame	1717492376378	1717492376993	OK	 
REQUEST		saveGame	1717492376894	1717492377000	OK	 
REQUEST		saveGame	1717492376747	1717492377000	OK	 
REQUEST		saveGame	1717492376746	1717492377001	OK	 
REQUEST		saveGame	1717492376899	1717492377001	OK	 
REQUEST		saveGame	1717492376748	1717492377002	OK	 
REQUEST		saveGame	1717492376898	1717492377003	OK	 
REQUEST		saveGame	1717492376900	1717492377004	OK	 
REQUEST		saveGame	1717492377161	1717492377197	OK	 
REQUEST		saveGame	1717492377161	1717492377198	OK	 
REQUEST		saveGame	1717492377204	1717492377245	OK	 
REQUEST		saveGame	1717492377209	1717492377261	OK	 
REQUEST		saveGame	1717492377375	1717492377439	OK	 
REQUEST		saveDiceCup	1717492377378	1717492377449	OK	 
REQUEST		saveGame	1717492377405	1717492377458	OK	 
REQUEST		saveDiceCup	1717492377898	1717492377952	OK	 
REQUEST		saveDiceCup	1717492377898	1717492377953	OK	 
REQUEST		saveDiceCup	1717492377897	1717492377953	OK	 
REQUEST		saveDiceCup	1717492378162	1717492378338	OK	 
REQUEST		saveDiceCup	1717492378160	1717492378347	OK	 
REQUEST		saveDiceCup	1717492378159	1717492378348	OK	 
REQUEST		saveDiceCup	1717492378160	1717492378353	OK	 
REQUEST		saveDiceCup	1717492378159	1717492378354	OK	 
REQUEST		saveDiceCup	1717492378202	1717492378362	OK	 
REQUEST		saveDiceCup	1717492378160	1717492378362	OK	 
REQUEST		saveDiceCup	1717492378160	1717492378362	OK	 
REQUEST		saveDiceCup	1717492378205	1717492378363	OK	 
REQUEST		saveDiceCup	1717492378210	1717492378366	OK	 
REQUEST		saveDiceCup	1717492378209	1717492378373	OK	 
REQUEST		saveDiceCup	1717492378202	1717492378382	OK	 
REQUEST		saveDiceCup	1717492378206	1717492378384	OK	 
REQUEST		saveDiceCup	1717492378375	1717492378579	OK	 
REQUEST		saveDiceCup	1717492378376	1717492378581	OK	 
REQUEST		saveDiceCup	1717492378375	1717492378581	OK	 
REQUEST		saveDiceCup	1717492378374	1717492378581	OK	 
REQUEST		saveDiceCup	1717492378375	1717492378581	OK	 
REQUEST		saveDiceCup	1717492378377	1717492378581	OK	 
REQUEST		saveDiceCup	1717492378406	1717492378591	OK	 
REQUEST		saveDiceCup	1717492378406	1717492378606	OK	 
REQUEST		saveDiceCup	1717492378405	1717492378608	OK	 
REQUEST		saveDiceCup	1717492378463	1717492378611	OK	 
REQUEST		saveDiceCup	1717492378470	1717492378612	OK	 
REQUEST		saveDiceCup	1717492378473	1717492378612	OK	 
REQUEST		saveDiceCup	1717492378465	1717492378613	OK	 
REQUEST		saveDiceCup	1717492379136	1717492379391	OK	 
REQUEST		saveDiceCup	1717492379127	1717492379394	OK	 
REQUEST		saveDiceCup	1717492379152	1717492379397	OK	 
REQUEST		saveDiceCup	1717492379151	1717492379406	OK	 
REQUEST		saveDiceCup	1717492379154	1717492379407	OK	 
REQUEST		saveDiceCup	1717492379168	1717492379410	OK	 
REQUEST		saveDiceCup	1717492379150	1717492379410	OK	 
REQUEST		saveDiceCup	1717492379167	1717492379411	OK	 
REQUEST		saveDiceCup	1717492379165	1717492379414	OK	 
REQUEST		saveDiceCup	1717492379138	1717492379415	OK	 
REQUEST		saveDiceCup	1717492379164	1717492379416	OK	 
REQUEST		saveDiceCup	1717492379811	1717492379926	OK	 
REQUEST		saveDiceCup	1717492379819	1717492379945	OK	 
REQUEST		saveDiceCup	1717492379823	1717492379945	OK	 
REQUEST		saveDiceCup	1717492379824	1717492379950	OK	 
REQUEST		saveDiceCup	1717492379813	1717492379955	OK	 
REQUEST		saveDiceCup	1717492379817	1717492379957	OK	 
REQUEST		saveDiceCup	1717492379821	1717492379957	OK	 
REQUEST		saveDiceCup	1717492380411	1717492380644	OK	 
REQUEST		saveDiceCup	1717492380406	1717492380647	OK	 
REQUEST		saveDiceCup	1717492380412	1717492380650	OK	 
REQUEST		saveDiceCup	1717492380479	1717492380651	OK	 
REQUEST		saveDiceCup	1717492380445	1717492380652	OK	 
REQUEST		saveDiceCup	1717492380433	1717492380677	OK	 
REQUEST		saveDiceCup	1717492380477	1717492380690	OK	 
REQUEST		saveDiceCup	1717492380525	1717492380744	OK	 
REQUEST		saveDiceCup	1717492380625	1717492380782	OK	 
REQUEST		saveDiceCup	1717492380531	1717492380783	OK	 
REQUEST		saveDiceCup	1717492380527	1717492380783	OK	 
REQUEST		saveDiceCup	1717492380528	1717492380784	OK	 
REQUEST		saveDiceCup	1717492380693	1717492380788	OK	 
REQUEST		saveDiceCup	1717492380530	1717492380791	OK	 
REQUEST		saveDiceCup	1717492380525	1717492380793	OK	 
REQUEST		saveDiceCup	1717492380696	1717492380809	OK	 
REQUEST		saveDiceCup	1717492380734	1717492380815	OK	 
REQUEST		saveDiceCup	1717492380777	1717492380829	OK	 
REQUEST		saveDiceCup	1717492380856	1717492381072	OK	 
REQUEST		saveDiceCup	1717492380860	1717492381152	OK	 
REQUEST		saveDiceCup	1717492380857	1717492381153	OK	 
REQUEST		saveDiceCup	1717492380885	1717492381241	OK	 
REQUEST		saveDiceCup	1717492380899	1717492381279	OK	 
REQUEST		saveDiceCup	1717492380916	1717492381279	OK	 
REQUEST		saveDiceCup	1717492380895	1717492381281	OK	 
REQUEST		saveDiceCup	1717492380906	1717492381348	OK	 
REQUEST		saveDiceCup	1717492380894	1717492381350	OK	 
REQUEST		saveDiceCup	1717492380917	1717492381351	OK	 
REQUEST		saveDiceCup	1717492380918	1717492381353	OK	 
REQUEST		saveDiceCup	1717492380912	1717492381353	OK	 
REQUEST		saveDiceCup	1717492380932	1717492381401	OK	 
REQUEST		saveDiceCup	1717492380919	1717492381401	OK	 
REQUEST		saveDiceCup	1717492380916	1717492381468	OK	 
REQUEST		saveDiceCup	1717492380959	1717492381473	OK	 
REQUEST		saveDiceCup	1717492380961	1717492381481	OK	 
REQUEST		saveDiceCup	1717492380960	1717492381481	OK	 
REQUEST		saveDiceCup	1717492381003	1717492381482	OK	 
REQUEST		saveDiceCup	1717492381004	1717492381484	OK	 
REQUEST		saveDiceCup	1717492380993	1717492381485	OK	 
REQUEST		saveDiceCup	1717492381002	1717492381486	OK	 
REQUEST		saveDiceCup	1717492381003	1717492381487	OK	 
REQUEST		saveDiceCup	1717492380992	1717492381487	OK	 
REQUEST		saveDiceCup	1717492380961	1717492381491	OK	 
REQUEST		saveDiceCup	1717492380962	1717492381492	OK	 
REQUEST		saveDiceCup	1717492381005	1717492381492	OK	 
REQUEST		saveDiceCup	1717492380994	1717492381493	OK	 
REQUEST		saveDiceCup	1717492381003	1717492381498	OK	 
REQUEST		saveDiceCup	1717492381002	1717492381508	OK	 
REQUEST		saveDiceCup	1717492381198	1717492381513	OK	 
REQUEST		saveDiceCup	1717492381262	1717492381517	OK	 
REQUEST		saveDiceCup	1717492381199	1717492381519	OK	 
REQUEST		saveDiceCup	1717492381246	1717492381531	OK	 
REQUEST		saveDiceCup	1717492381440	1717492381548	OK	 
REQUEST		saveDiceCup	1717492381458	1717492381549	OK	 
REQUEST		loadGame	1717492382245	1717492382266	OK	 
REQUEST		loadDiceCup	1717492383745	1717492383757	OK	 
REQUEST		loadGame	1717492386450	1717492386461	OK	 
REQUEST		loadGame	1717492386953	1717492386968	OK	 
REQUEST		loadGame	1717492386953	1717492386968	OK	 
REQUEST		loadGame	1717492386954	1717492386969	OK	 
REQUEST		loadGame	1717492387342	1717492387368	OK	 
REQUEST		loadGame	1717492387355	1717492387413	OK	 
REQUEST		loadGame	1717492387348	1717492387413	OK	 
REQUEST		loadGame	1717492387364	1717492387421	OK	 
REQUEST		loadGame	1717492387365	1717492387430	OK	 
REQUEST		loadGame	1717492387367	1717492387432	OK	 
REQUEST		loadGame	1717492387374	1717492387434	OK	 
REQUEST		loadGame	1717492387349	1717492387437	OK	 
REQUEST		loadGame	1717492387364	1717492387445	OK	 
REQUEST		loadGame	1717492387367	1717492387445	OK	 
REQUEST		loadGame	1717492387356	1717492387447	OK	 
REQUEST		loadGame	1717492387383	1717492387449	OK	 
REQUEST		loadGame	1717492387386	1717492387454	OK	 
REQUEST		loadGame	1717492387582	1717492387641	OK	 
REQUEST		loadGame	1717492387582	1717492387641	OK	 
REQUEST		loadGame	1717492387582	1717492387642	OK	 
REQUEST		loadGame	1717492387582	1717492387648	OK	 
REQUEST		loadGame	1717492387592	1717492387648	OK	 
REQUEST		loadGame	1717492387582	1717492387650	OK	 
REQUEST		loadGame	1717492387584	1717492387659	OK	 
REQUEST		loadGame	1717492387609	1717492387665	OK	 
REQUEST		loadGame	1717492387616	1717492387675	OK	 
REQUEST		loadGame	1717492387609	1717492387675	OK	 
REQUEST		loadGame	1717492387621	1717492387676	OK	 
REQUEST		loadGame	1717492387616	1717492387676	OK	 
REQUEST		loadGame	1717492387623	1717492387679	OK	 
REQUEST		loadGame	1717492388392	1717492388407	OK	 
REQUEST		loadGame	1717492388395	1717492388416	OK	 
REQUEST		loadGame	1717492388399	1717492388434	OK	 
REQUEST		loadGame	1717492388416	1717492388457	OK	 
REQUEST		loadGame	1717492388416	1717492388459	OK	 
REQUEST		loadGame	1717492388412	1717492388463	OK	 
REQUEST		loadGame	1717492388409	1717492388463	OK	 
REQUEST		loadGame	1717492388412	1717492388464	OK	 
REQUEST		loadGame	1717492388407	1717492388464	OK	 
REQUEST		loadGame	1717492388412	1717492388464	OK	 
REQUEST		loadGame	1717492388418	1717492388465	OK	 
REQUEST		loadGame	1717492388927	1717492388942	OK	 
REQUEST		loadGame	1717492388951	1717492388978	OK	 
REQUEST		loadGame	1717492388958	1717492388992	OK	 
REQUEST		loadGame	1717492388946	1717492388992	OK	 
REQUEST		loadGame	1717492388957	1717492388995	OK	 
REQUEST		loadGame	1717492388946	1717492388994	OK	 
REQUEST		loadGame	1717492388959	1717492388995	OK	 
REQUEST		loadGame	1717492389645	1717492389674	OK	 
REQUEST		loadGame	1717492389650	1717492389679	OK	 
REQUEST		loadGame	1717492389651	1717492389680	OK	 
REQUEST		loadGame	1717492389648	1717492389681	OK	 
REQUEST		loadGame	1717492389656	1717492389685	OK	 
REQUEST		loadGame	1717492389679	1717492389698	OK	 
REQUEST		loadGame	1717492389692	1717492389707	OK	 
REQUEST		loadGame	1717492389745	1717492389757	OK	 
REQUEST		loadGame	1717492389783	1717492389814	OK	 
REQUEST		loadGame	1717492389794	1717492389824	OK	 
REQUEST		loadGame	1717492389791	1717492389824	OK	 
REQUEST		loadGame	1717492389784	1717492389826	OK	 
REQUEST		loadGame	1717492389785	1717492389829	OK	 
REQUEST		loadGame	1717492389785	1717492389829	OK	 
REQUEST		loadGame	1717492389794	1717492389834	OK	 
REQUEST		loadGame	1717492389816	1717492389844	OK	 
REQUEST		loadGame	1717492389812	1717492389849	OK	 
REQUEST		loadGame	1717492389830	1717492389854	OK	 
REQUEST		loadGame	1717492390073	1717492390091	OK	 
REQUEST		loadGame	1717492390153	1717492390169	OK	 
REQUEST		loadGame	1717492390154	1717492390171	OK	 
REQUEST		loadGame	1717492390243	1717492390255	OK	 
REQUEST		loadGame	1717492390279	1717492390296	OK	 
REQUEST		loadGame	1717492390282	1717492390298	OK	 
REQUEST		loadGame	1717492390280	1717492390298	OK	 
REQUEST		loadGame	1717492390349	1717492390367	OK	 
REQUEST		loadGame	1717492390352	1717492390369	OK	 
REQUEST		loadGame	1717492390351	1717492390370	OK	 
REQUEST		loadGame	1717492390353	1717492390371	OK	 
REQUEST		loadGame	1717492390353	1717492390375	OK	 
REQUEST		loadGame	1717492390402	1717492390415	OK	 
REQUEST		loadGame	1717492390401	1717492390417	OK	 
REQUEST		loadGame	1717492390469	1717492390482	OK	 
REQUEST		loadGame	1717492390473	1717492390509	OK	 
REQUEST		loadGame	1717492390486	1717492390530	OK	 
REQUEST		loadGame	1717492390486	1717492390532	OK	 
REQUEST		loadGame	1717492390488	1717492390562	OK	 
REQUEST		loadGame	1717492390493	1717492390562	OK	 
REQUEST		loadGame	1717492390482	1717492390562	OK	 
REQUEST		loadGame	1717492390493	1717492390564	OK	 
REQUEST		loadGame	1717492390487	1717492390564	OK	 
REQUEST		loadGame	1717492390483	1717492390566	OK	 
REQUEST		loadGame	1717492390488	1717492390579	OK	 
REQUEST		loadGame	1717492390493	1717492390580	OK	 
REQUEST		loadGame	1717492390511	1717492390582	OK	 
REQUEST		loadGame	1717492390483	1717492390582	OK	 
REQUEST		loadGame	1717492390494	1717492390585	OK	 
REQUEST		loadGame	1717492390515	1717492390593	OK	 
REQUEST		loadGame	1717492390521	1717492390596	OK	 
REQUEST		loadGame	1717492390499	1717492390597	OK	 
REQUEST		loadGame	1717492390549	1717492390603	OK	 
REQUEST		loadGame	1717492390518	1717492390603	OK	 
REQUEST		loadGame	1717492390532	1717492390603	OK	 
REQUEST		loadGame	1717492390549	1717492390604	OK	 
REQUEST		loadDiceCup	1717492391267	1717492391284	OK	 
REQUEST		loadDiceCup	1717492395461	1717492395480	OK	 
REQUEST		loadDiceCup	1717492395968	1717492395984	OK	 
REQUEST		loadDiceCup	1717492395969	1717492395986	OK	 
REQUEST		loadDiceCup	1717492395969	1717492395986	OK	 
REQUEST		loadDiceCup	1717492396369	1717492396381	OK	 
REQUEST		loadDiceCup	1717492396413	1717492396430	OK	 
REQUEST		loadDiceCup	1717492396413	1717492396432	OK	 
REQUEST		loadDiceCup	1717492396421	1717492396443	OK	 
REQUEST		loadDiceCup	1717492396431	1717492396455	OK	 
REQUEST		loadDiceCup	1717492396433	1717492396467	OK	 
REQUEST		loadDiceCup	1717492396438	1717492396477	OK	 
REQUEST		loadDiceCup	1717492396436	1717492396485	OK	 
REQUEST		loadDiceCup	1717492396448	1717492396493	OK	 
REQUEST		loadDiceCup	1717492396455	1717492396494	OK	 
REQUEST		loadDiceCup	1717492396446	1717492396495	OK	 
REQUEST		loadDiceCup	1717492396446	1717492396496	OK	 
REQUEST		loadDiceCup	1717492396452	1717492396500	OK	 
REQUEST		loadDiceCup	1717492396642	1717492396693	OK	 
REQUEST		loadDiceCup	1717492396641	1717492396713	OK	 
REQUEST		loadDiceCup	1717492396652	1717492396716	OK	 
REQUEST		loadDiceCup	1717492396644	1717492396717	OK	 
REQUEST		loadDiceCup	1717492396650	1717492396721	OK	 
REQUEST		loadDiceCup	1717492396648	1717492396722	OK	 
REQUEST		loadDiceCup	1717492396660	1717492396724	OK	 
REQUEST		loadDiceCup	1717492396677	1717492396726	OK	 
REQUEST		loadDiceCup	1717492396676	1717492396734	OK	 
REQUEST		loadDiceCup	1717492396666	1717492396735	OK	 
REQUEST		loadDiceCup	1717492396680	1717492396736	OK	 
REQUEST		loadDiceCup	1717492396677	1717492396738	OK	 
REQUEST		loadDiceCup	1717492396680	1717492396739	OK	 
REQUEST		loadDiceCup	1717492397407	1717492397424	OK	 
REQUEST		loadDiceCup	1717492397417	1717492397432	OK	 
REQUEST		loadDiceCup	1717492397435	1717492397453	OK	 
REQUEST		loadDiceCup	1717492397459	1717492397496	OK	 
REQUEST		loadDiceCup	1717492397463	1717492397501	OK	 
REQUEST		loadDiceCup	1717492397464	1717492397504	OK	 
REQUEST		loadDiceCup	1717492397464	1717492397506	OK	 
REQUEST		loadDiceCup	1717492397465	1717492397508	OK	 
REQUEST		loadDiceCup	1717492397465	1717492397509	OK	 
REQUEST		loadDiceCup	1717492397458	1717492397509	OK	 
REQUEST		loadDiceCup	1717492397466	1717492397510	OK	 
REQUEST		loadDiceCup	1717492397943	1717492397957	OK	 
REQUEST		loadDiceCup	1717492397979	1717492397993	OK	 
REQUEST		loadDiceCup	1717492397994	1717492398024	OK	 
REQUEST		loadDiceCup	1717492397995	1717492398025	OK	 
REQUEST		loadDiceCup	1717492397993	1717492398028	OK	 
REQUEST		loadDiceCup	1717492397997	1717492398029	OK	 
REQUEST		loadDiceCup	1717492397997	1717492398030	OK	 
REQUEST		loadDiceCup	1717492398682	1717492398717	OK	 
REQUEST		loadDiceCup	1717492398679	1717492398718	OK	 
REQUEST		loadDiceCup	1717492398675	1717492398719	OK	 
REQUEST		loadDiceCup	1717492398686	1717492398722	OK	 
REQUEST		loadDiceCup	1717492398681	1717492398723	OK	 
REQUEST		loadDiceCup	1717492398699	1717492398731	OK	 
REQUEST		loadDiceCup	1717492398708	1717492398736	OK	 
REQUEST		loadDiceCup	1717492398758	1717492398777	OK	 
REQUEST		loadDiceCup	1717492398815	1717492398858	OK	 
REQUEST		loadDiceCup	1717492398825	1717492398876	OK	 
REQUEST		loadDiceCup	1717492398825	1717492398876	OK	 
REQUEST		loadDiceCup	1717492398830	1717492398883	OK	 
REQUEST		loadDiceCup	1717492398829	1717492398884	OK	 
REQUEST		loadDiceCup	1717492398828	1717492398887	OK	 
REQUEST		loadDiceCup	1717492398835	1717492398888	OK	 
REQUEST		loadDiceCup	1717492398845	1717492398892	OK	 
REQUEST		loadDiceCup	1717492398850	1717492398893	OK	 
REQUEST		loadDiceCup	1717492398854	1717492398894	OK	 
REQUEST		loadDiceCup	1717492399091	1717492399108	OK	 
REQUEST		loadDiceCup	1717492399170	1717492399187	OK	 
REQUEST		loadDiceCup	1717492399172	1717492399190	OK	 
REQUEST		loadDiceCup	1717492399256	1717492399270	OK	 
REQUEST		loadDiceCup	1717492399298	1717492399315	OK	 
REQUEST		loadDiceCup	1717492399297	1717492399315	OK	 
REQUEST		loadDiceCup	1717492399298	1717492399318	OK	 
REQUEST		loadDiceCup	1717492399370	1717492399389	OK	 
REQUEST		loadDiceCup	1717492399367	1717492399390	OK	 
REQUEST		loadDiceCup	1717492399371	1717492399391	OK	 
REQUEST		loadDiceCup	1717492399372	1717492399393	OK	 
REQUEST		loadDiceCup	1717492399376	1717492399396	OK	 
REQUEST		loadDiceCup	1717492399417	1717492399434	OK	 
REQUEST		loadDiceCup	1717492399416	1717492399435	OK	 
REQUEST		loadDiceCup	1717492399483	1717492399494	OK	 
REQUEST		loadDiceCup	1717492399510	1717492399527	OK	 
REQUEST		loadDiceCup	1717492399532	1717492399545	OK	 
REQUEST		loadDiceCup	1717492399533	1717492399547	OK	 
REQUEST		loadDiceCup	1717492399562	1717492399603	OK	 
REQUEST		loadDiceCup	1717492399565	1717492399607	OK	 
REQUEST		loadDiceCup	1717492399563	1717492399607	OK	 
REQUEST		loadDiceCup	1717492399565	1717492399616	OK	 
REQUEST		loadDiceCup	1717492399568	1717492399619	OK	 
REQUEST		loadDiceCup	1717492399562	1717492399619	OK	 
REQUEST		loadDiceCup	1717492399581	1717492399632	OK	 
REQUEST		loadDiceCup	1717492399583	1717492399643	OK	 
REQUEST		loadDiceCup	1717492399580	1717492399644	OK	 
REQUEST		loadDiceCup	1717492399595	1717492399650	OK	 
REQUEST		loadDiceCup	1717492399583	1717492399652	OK	 
REQUEST		loadDiceCup	1717492399604	1717492399653	OK	 
REQUEST		loadDiceCup	1717492399597	1717492399656	OK	 
REQUEST		loadDiceCup	1717492399586	1717492399658	OK	 
REQUEST		loadDiceCup	1717492399598	1717492399659	OK	 
REQUEST		loadDiceCup	1717492399604	1717492399659	OK	 
REQUEST		loadDiceCup	1717492399605	1717492399661	OK	 
REQUEST		loadDiceCup	1717492399605	1717492399664	OK	 
REQUEST		loadField	1717492404758	1717492404787	OK	 
USER	RecordedSimulation	END	1717492404789
REQUEST		loadField	1717492412285	1717492412314	OK	 
USER	RecordedSimulation	END	1717492412314
REQUEST		loadField	1717492416481	1717492416514	OK	 
USER	RecordedSimulation	END	1717492416515
REQUEST		loadField	1717492416987	1717492417037	OK	 
REQUEST		loadField	1717492416987	1717492417037	OK	 
USER	RecordedSimulation	END	1717492417038
USER	RecordedSimulation	END	1717492417038
REQUEST		loadField	1717492416984	1717492417041	OK	 
USER	RecordedSimulation	END	1717492417042
REQUEST		loadField	1717492417382	1717492417429	OK	 
USER	RecordedSimulation	END	1717492417429
REQUEST		loadField	1717492417431	1717492417494	OK	 
USER	RecordedSimulation	END	1717492417496
REQUEST		loadField	1717492417433	1717492417502	OK	 
USER	RecordedSimulation	END	1717492417504
REQUEST		loadField	1717492417444	1717492417513	OK	 
USER	RecordedSimulation	END	1717492417515
REQUEST		loadField	1717492417456	1717492417580	OK	 
USER	RecordedSimulation	END	1717492417585
REQUEST		loadField	1717492417478	1717492417594	OK	 
USER	RecordedSimulation	END	1717492417595
REQUEST		loadField	1717492417469	1717492417596	OK	 
USER	RecordedSimulation	END	1717492417598
REQUEST		loadField	1717492417495	1717492417604	OK	 
USER	RecordedSimulation	END	1717492417607
REQUEST		loadField	1717492417486	1717492417614	OK	 
USER	RecordedSimulation	END	1717492417617
REQUEST		loadField	1717492417495	1717492417626	OK	 
USER	RecordedSimulation	END	1717492417627
REQUEST		loadField	1717492417494	1717492417632	OK	 
USER	RecordedSimulation	END	1717492417632
REQUEST		loadField	1717492417502	1717492417635	OK	 
USER	RecordedSimulation	END	1717492417635
REQUEST		loadField	1717492417502	1717492417636	OK	 
USER	RecordedSimulation	END	1717492417637
REQUEST		loadField	1717492417694	1717492417764	OK	 
USER	RecordedSimulation	END	1717492417764
REQUEST		loadField	1717492417717	1717492417859	OK	 
USER	RecordedSimulation	END	1717492417861
REQUEST		loadField	1717492417714	1717492417864	OK	 
USER	RecordedSimulation	END	1717492417866
REQUEST		loadField	1717492417741	1717492417894	OK	 
USER	RecordedSimulation	END	1717492417895
REQUEST		loadField	1717492417724	1717492417897	OK	 
USER	RecordedSimulation	END	1717492417898
REQUEST		loadField	1717492417727	1717492417902	OK	 
USER	RecordedSimulation	END	1717492417904
REQUEST		loadField	1717492417725	1717492417912	OK	 
REQUEST		loadField	1717492417718	1717492417912	OK	 
USER	RecordedSimulation	END	1717492417913
USER	RecordedSimulation	END	1717492417915
REQUEST		loadField	1717492417735	1717492417914	OK	 
USER	RecordedSimulation	END	1717492417916
REQUEST		loadField	1717492417724	1717492417918	OK	 
REQUEST		loadField	1717492417739	1717492417919	OK	 
USER	RecordedSimulation	END	1717492417919
USER	RecordedSimulation	END	1717492417919
REQUEST		loadField	1717492417736	1717492417923	OK	 
USER	RecordedSimulation	END	1717492417924
REQUEST		loadField	1717492417737	1717492417932	OK	 
USER	RecordedSimulation	END	1717492417932
REQUEST		loadField	1717492418425	1717492418481	OK	 
USER	RecordedSimulation	END	1717492418482
REQUEST		loadField	1717492418433	1717492418487	OK	 
USER	RecordedSimulation	END	1717492418487
REQUEST		loadField	1717492418454	1717492418527	OK	 
USER	RecordedSimulation	END	1717492418529
REQUEST		loadField	1717492418496	1717492418607	OK	 
USER	RecordedSimulation	END	1717492418608
REQUEST		loadField	1717492418502	1717492418612	OK	 
USER	RecordedSimulation	END	1717492418613
REQUEST		loadField	1717492418510	1717492418613	OK	 
USER	RecordedSimulation	END	1717492418613
REQUEST		loadField	1717492418511	1717492418626	OK	 
USER	RecordedSimulation	END	1717492418628
REQUEST		loadField	1717492418505	1717492418638	OK	 
USER	RecordedSimulation	END	1717492418639
REQUEST		loadField	1717492418507	1717492418643	OK	 
REQUEST		loadField	1717492418510	1717492418644	OK	 
USER	RecordedSimulation	END	1717492418644
USER	RecordedSimulation	END	1717492418645
REQUEST		loadField	1717492418510	1717492418646	OK	 
USER	RecordedSimulation	END	1717492418646
REQUEST		loadField	1717492418958	1717492419014	OK	 
USER	RecordedSimulation	END	1717492419014
REQUEST		loadField	1717492418993	1717492419057	OK	 
USER	RecordedSimulation	END	1717492419058
REQUEST		loadField	1717492419026	1717492419123	OK	 
USER	RecordedSimulation	END	1717492419124
REQUEST		loadField	1717492419029	1717492419125	OK	 
USER	RecordedSimulation	END	1717492419126
REQUEST		loadField	1717492419025	1717492419130	OK	 
USER	RecordedSimulation	END	1717492419130
REQUEST		loadField	1717492419033	1717492419131	OK	 
USER	RecordedSimulation	END	1717492419131
REQUEST		loadField	1717492419030	1717492419132	OK	 
USER	RecordedSimulation	END	1717492419132
REQUEST		loadField	1717492419719	1717492419797	OK	 
USER	RecordedSimulation	END	1717492419798
REQUEST		loadField	1717492419718	1717492419811	OK	 
USER	RecordedSimulation	END	1717492419814
REQUEST		loadField	1717492419724	1717492419817	OK	 
USER	RecordedSimulation	END	1717492419819
REQUEST		loadField	1717492419719	1717492419825	OK	 
USER	RecordedSimulation	END	1717492419826
REQUEST		loadField	1717492419737	1717492419830	OK	 
USER	RecordedSimulation	END	1717492419831
REQUEST		loadField	1717492419723	1717492419831	OK	 
USER	RecordedSimulation	END	1717492419831
REQUEST		loadField	1717492419732	1717492419848	OK	 
USER	RecordedSimulation	END	1717492419849
REQUEST		loadField	1717492419779	1717492419864	OK	 
USER	RecordedSimulation	END	1717492419865
REQUEST		loadField	1717492419858	1717492419911	OK	 
USER	RecordedSimulation	END	1717492419912
REQUEST		loadField	1717492419877	1717492419984	OK	 
USER	RecordedSimulation	END	1717492419986
REQUEST		loadField	1717492419883	1717492419992	OK	 
USER	RecordedSimulation	END	1717492419993
REQUEST		loadField	1717492419885	1717492420011	OK	 
USER	RecordedSimulation	END	1717492420012
REQUEST		loadField	1717492419877	1717492420015	OK	 
USER	RecordedSimulation	END	1717492420017
REQUEST		loadField	1717492419890	1717492420017	OK	 
USER	RecordedSimulation	END	1717492420018
REQUEST		loadField	1717492419897	1717492420021	OK	 
REQUEST		loadField	1717492419893	1717492420021	OK	 
USER	RecordedSimulation	END	1717492420021
USER	RecordedSimulation	END	1717492420022
REQUEST		loadField	1717492419888	1717492420022	OK	 
USER	RecordedSimulation	END	1717492420023
REQUEST		loadField	1717492419897	1717492420032	OK	 
USER	RecordedSimulation	END	1717492420032
REQUEST		loadField	1717492420109	1717492420154	OK	 
USER	RecordedSimulation	END	1717492420154
REQUEST		loadField	1717492420188	1717492420241	OK	 
USER	RecordedSimulation	END	1717492420242
REQUEST		loadField	1717492420192	1717492420242	OK	 
USER	RecordedSimulation	END	1717492420243
REQUEST		loadField	1717492420271	1717492420323	OK	 
USER	RecordedSimulation	END	1717492420323
REQUEST		loadField	1717492420318	1717492420375	OK	 
USER	RecordedSimulation	END	1717492420375
REQUEST		loadField	1717492420315	1717492420380	OK	 
USER	RecordedSimulation	END	1717492420380
REQUEST		loadField	1717492420315	1717492420382	OK	 
USER	RecordedSimulation	END	1717492420382
REQUEST		loadField	1717492420390	1717492420478	OK	 
USER	RecordedSimulation	END	1717492420479
REQUEST		loadField	1717492420393	1717492420483	OK	 
USER	RecordedSimulation	END	1717492420483
REQUEST		loadField	1717492420389	1717492420485	OK	 
REQUEST		loadField	1717492420392	1717492420486	OK	 
USER	RecordedSimulation	END	1717492420486
USER	RecordedSimulation	END	1717492420486
REQUEST		loadField	1717492420398	1717492420493	OK	 
USER	RecordedSimulation	END	1717492420495
REQUEST		loadField	1717492420440	1717492420518	OK	 
REQUEST		loadField	1717492420435	1717492420518	OK	 
USER	RecordedSimulation	END	1717492420518
USER	RecordedSimulation	END	1717492420518
REQUEST		loadField	1717492420495	1717492420550	OK	 
USER	RecordedSimulation	END	1717492420550
REQUEST		loadField	1717492420528	1717492420596	OK	 
USER	RecordedSimulation	END	1717492420597
REQUEST		loadField	1717492420546	1717492420615	OK	 
USER	RecordedSimulation	END	1717492420615
REQUEST		loadField	1717492420548	1717492420616	OK	 
USER	RecordedSimulation	END	1717492420617
REQUEST		loadField	1717492420604	1717492420743	OK	 
USER	RecordedSimulation	END	1717492420746
REQUEST		loadField	1717492420607	1717492420749	OK	 
USER	RecordedSimulation	END	1717492420749
REQUEST		loadField	1717492420607	1717492420761	OK	 
USER	RecordedSimulation	END	1717492420764
REQUEST		loadField	1717492420623	1717492420779	OK	 
USER	RecordedSimulation	END	1717492420781
REQUEST		loadField	1717492420617	1717492420782	OK	 
USER	RecordedSimulation	END	1717492420784
REQUEST		loadField	1717492420633	1717492420803	OK	 
REQUEST		loadField	1717492420656	1717492420802	OK	 
USER	RecordedSimulation	END	1717492420806
USER	RecordedSimulation	END	1717492420806
REQUEST		loadField	1717492420645	1717492420865	OK	 
USER	RecordedSimulation	END	1717492420866
REQUEST		loadField	1717492420669	1717492420874	OK	 
USER	RecordedSimulation	END	1717492420876
REQUEST		loadField	1717492420654	1717492420879	OK	 
USER	RecordedSimulation	END	1717492420880
REQUEST		loadField	1717492420620	1717492420892	OK	 
USER	RecordedSimulation	END	1717492420895
REQUEST		loadField	1717492420670	1717492420898	OK	 
USER	RecordedSimulation	END	1717492420900
REQUEST		loadField	1717492420644	1717492420901	OK	 
USER	RecordedSimulation	END	1717492420905
REQUEST		loadField	1717492420664	1717492420910	OK	 
USER	RecordedSimulation	END	1717492420913
REQUEST		loadField	1717492420670	1717492420919	OK	 
USER	RecordedSimulation	END	1717492420919
REQUEST		loadField	1717492420671	1717492420934	OK	 
USER	RecordedSimulation	END	1717492420935
REQUEST		loadField	1717492420670	1717492420937	OK	 
USER	RecordedSimulation	END	1717492420938
REQUEST		loadField	1717492420670	1717492420946	OK	 
USER	RecordedSimulation	END	1717492420947
