RUN	it.dicecup.DiceCupSpikeItSimulation	dicecupspikeitsimulation	1717527398511	 	3.11.3
USER	RecordedSimulation	START	1717527400501
REQUEST		indexOfField	1717527400493	1717527400528	OK	 
REQUEST		dice	1717527402587	1717527402592	OK	 
REQUEST		representation	1717527404617	1717527404620	OK	 
USER	RecordedSimulation	START	1717527405372
REQUEST		indexOfField	1717527405369	1717527405378	OK	 
REQUEST		putOut	1717527406626	1717527406630	OK	 
REQUEST		dice	1717527407405	1717527407407	OK	 
REQUEST		representation	1717527409453	1717527409458	OK	 
REQUEST		putIn	1717527409637	1717527409640	OK	 
USER	RecordedSimulation	START	1717527410374
USER	RecordedSimulation	START	1717527410374
USER	RecordedSimulation	START	1717527410381
USER	RecordedSimulation	START	1717527410381
USER	RecordedSimulation	START	1717527410381
USER	RecordedSimulation	START	1717527410383
USER	RecordedSimulation	START	1717527410383
USER	RecordedSimulation	START	1717527410383
USER	RecordedSimulation	START	1717527410383
USER	RecordedSimulation	START	1717527410384
USER	RecordedSimulation	START	1717527410384
USER	RecordedSimulation	START	1717527410385
USER	RecordedSimulation	START	1717527410386
USER	RecordedSimulation	START	1717527410385
USER	RecordedSimulation	START	1717527410388
USER	RecordedSimulation	START	1717527410389
USER	RecordedSimulation	START	1717527410389
USER	RecordedSimulation	START	1717527410389
USER	RecordedSimulation	START	1717527410393
USER	RecordedSimulation	START	1717527410394
USER	RecordedSimulation	START	1717527410394
USER	RecordedSimulation	START	1717527410398
USER	RecordedSimulation	START	1717527410399
USER	RecordedSimulation	START	1717527410400
USER	RecordedSimulation	START	1717527410401
USER	RecordedSimulation	START	1717527410401
USER	RecordedSimulation	START	1717527410401
USER	RecordedSimulation	START	1717527410402
USER	RecordedSimulation	START	1717527410402
USER	RecordedSimulation	START	1717527410402
USER	RecordedSimulation	START	1717527410402
USER	RecordedSimulation	START	1717527410402
USER	RecordedSimulation	START	1717527410403
USER	RecordedSimulation	START	1717527410404
USER	RecordedSimulation	START	1717527410406
USER	RecordedSimulation	START	1717527410406
USER	RecordedSimulation	START	1717527410407
USER	RecordedSimulation	START	1717527410407
USER	RecordedSimulation	START	1717527410407
USER	RecordedSimulation	START	1717527410409
USER	RecordedSimulation	START	1717527410411
USER	RecordedSimulation	START	1717527410411
USER	RecordedSimulation	START	1717527410411
USER	RecordedSimulation	START	1717527410559
USER	RecordedSimulation	START	1717527410559
USER	RecordedSimulation	START	1717527410559
USER	RecordedSimulation	START	1717527410559
USER	RecordedSimulation	START	1717527410559
USER	RecordedSimulation	START	1717527410559
USER	RecordedSimulation	START	1717527410560
USER	RecordedSimulation	START	1717527410560
USER	RecordedSimulation	START	1717527410562
USER	RecordedSimulation	START	1717527410562
USER	RecordedSimulation	START	1717527410562
USER	RecordedSimulation	START	1717527410562
USER	RecordedSimulation	START	1717527410559
USER	RecordedSimulation	START	1717527410563
USER	RecordedSimulation	START	1717527410564
USER	RecordedSimulation	START	1717527410565
USER	RecordedSimulation	START	1717527410565
USER	RecordedSimulation	START	1717527410566
USER	RecordedSimulation	START	1717527410569
USER	RecordedSimulation	START	1717527410562
USER	RecordedSimulation	START	1717527410567
USER	RecordedSimulation	START	1717527410570
USER	RecordedSimulation	START	1717527410571
USER	RecordedSimulation	START	1717527410572
USER	RecordedSimulation	START	1717527410572
REQUEST		indexOfField	1717527410380	1717527410573	OK	 
USER	RecordedSimulation	START	1717527410574
USER	RecordedSimulation	START	1717527410574
USER	RecordedSimulation	START	1717527410574
USER	RecordedSimulation	START	1717527410575
USER	RecordedSimulation	START	1717527410575
USER	RecordedSimulation	START	1717527410575
USER	RecordedSimulation	START	1717527410576
REQUEST		indexOfField	1717527410378	1717527410576	OK	 
USER	RecordedSimulation	START	1717527410577
USER	RecordedSimulation	START	1717527410577
USER	RecordedSimulation	START	1717527410580
REQUEST		indexOfField	1717527410401	1717527410580	OK	 
USER	RecordedSimulation	START	1717527410585
REQUEST		indexOfField	1717527410397	1717527410585	OK	 
REQUEST		indexOfField	1717527410380	1717527410579	OK	 
REQUEST		indexOfField	1717527410398	1717527410585	OK	 
USER	RecordedSimulation	START	1717527410588
REQUEST		indexOfField	1717527410380	1717527410588	OK	 
REQUEST		indexOfField	1717527410407	1717527410588	OK	 
USER	RecordedSimulation	START	1717527410590
USER	RecordedSimulation	START	1717527410590
USER	RecordedSimulation	START	1717527410591
USER	RecordedSimulation	START	1717527410591
REQUEST		indexOfField	1717527410385	1717527410579	OK	 
USER	RecordedSimulation	START	1717527410593
USER	RecordedSimulation	START	1717527410594
USER	RecordedSimulation	START	1717527410595
USER	RecordedSimulation	START	1717527410595
USER	RecordedSimulation	START	1717527410597
REQUEST		indexOfField	1717527410379	1717527410597	OK	 
REQUEST		indexOfField	1717527410408	1717527410599	OK	 
REQUEST		indexOfField	1717527410378	1717527410599	OK	 
REQUEST		indexOfField	1717527410378	1717527410599	OK	 
REQUEST		indexOfField	1717527410386	1717527410600	OK	 
USER	RecordedSimulation	START	1717527410601
USER	RecordedSimulation	START	1717527410605
REQUEST		indexOfField	1717527410394	1717527410595	OK	 
REQUEST		indexOfField	1717527410396	1717527410607	OK	 
REQUEST		indexOfField	1717527410397	1717527410579	OK	 
USER	RecordedSimulation	START	1717527410621
USER	RecordedSimulation	START	1717527410625
REQUEST		indexOfField	1717527410403	1717527410623	OK	 
REQUEST		indexOfField	1717527410378	1717527410627	OK	 
REQUEST		indexOfField	1717527410408	1717527410619	OK	 
USER	RecordedSimulation	START	1717527410630
USER	RecordedSimulation	START	1717527410630
REQUEST		indexOfField	1717527410400	1717527410630	OK	 
REQUEST		indexOfField	1717527410371	1717527410631	OK	 
USER	RecordedSimulation	START	1717527410633
USER	RecordedSimulation	START	1717527410634
REQUEST		indexOfField	1717527410380	1717527410634	OK	 
USER	RecordedSimulation	START	1717527410635
USER	RecordedSimulation	START	1717527410635
REQUEST		indexOfField	1717527410561	1717527410636	OK	 
USER	RecordedSimulation	START	1717527410640
REQUEST		indexOfField	1717527410408	1717527410638	OK	 
REQUEST		indexOfField	1717527410387	1717527410641	OK	 
USER	RecordedSimulation	START	1717527410643
REQUEST		indexOfField	1717527410393	1717527410635	OK	 
REQUEST		indexOfField	1717527410403	1717527410636	OK	 
REQUEST		indexOfField	1717527410407	1717527410632	OK	 
REQUEST		indexOfField	1717527410420	1717527410634	OK	 
REQUEST		indexOfField	1717527410564	1717527410644	OK	 
REQUEST		indexOfField	1717527410405	1717527410645	OK	 
REQUEST		indexOfField	1717527410567	1717527410646	OK	 
REQUEST		indexOfField	1717527410561	1717527410646	OK	 
REQUEST		indexOfField	1717527410396	1717527410652	OK	 
REQUEST		indexOfField	1717527410371	1717527410653	OK	 
REQUEST		indexOfField	1717527410409	1717527410653	OK	 
REQUEST		indexOfField	1717527410410	1717527410646	OK	 
REQUEST		indexOfField	1717527410380	1717527410656	OK	 
REQUEST		indexOfField	1717527410400	1717527410661	OK	 
REQUEST		indexOfField	1717527410386	1717527410663	OK	 
REQUEST		indexOfField	1717527410405	1717527410664	OK	 
REQUEST		indexOfField	1717527410561	1717527410665	OK	 
REQUEST		indexOfField	1717527410412	1717527410668	OK	 
REQUEST		indexOfField	1717527410408	1717527410668	OK	 
REQUEST		indexOfField	1717527410408	1717527410669	OK	 
REQUEST		indexOfField	1717527410566	1717527410672	OK	 
REQUEST		indexOfField	1717527410380	1717527410673	OK	 
REQUEST		indexOfField	1717527410567	1717527410673	OK	 
REQUEST		indexOfField	1717527410570	1717527410675	OK	 
REQUEST		indexOfField	1717527410386	1717527410676	OK	 
REQUEST		indexOfField	1717527410405	1717527410681	OK	 
REQUEST		indexOfField	1717527410561	1717527410681	OK	 
REQUEST		indexOfField	1717527410576	1717527410685	OK	 
REQUEST		indexOfField	1717527410392	1717527410685	OK	 
REQUEST		indexOfField	1717527410566	1717527410687	OK	 
REQUEST		indexOfField	1717527410571	1717527410687	OK	 
REQUEST		indexOfField	1717527410411	1717527410688	OK	 
REQUEST		indexOfField	1717527410581	1717527410691	OK	 
REQUEST		indexOfField	1717527410579	1717527410691	OK	 
REQUEST		indexOfField	1717527410399	1717527410692	OK	 
REQUEST		indexOfField	1717527410562	1717527410697	OK	 
REQUEST		indexOfField	1717527410380	1717527410701	OK	 
REQUEST		indexOfField	1717527410586	1717527410700	OK	 
REQUEST		indexOfField	1717527410567	1717527410704	OK	 
REQUEST		indexOfField	1717527410393	1717527410706	OK	 
REQUEST		indexOfField	1717527410399	1717527410707	OK	 
REQUEST		indexOfField	1717527410410	1717527410712	OK	 
REQUEST		indexOfField	1717527410399	1717527410712	OK	 
REQUEST		indexOfField	1717527410405	1717527410716	OK	 
REQUEST		indexOfField	1717527410565	1717527410716	OK	 
REQUEST		indexOfField	1717527410412	1717527410720	OK	 
REQUEST		indexOfField	1717527410588	1717527410721	OK	 
REQUEST		indexOfField	1717527410561	1717527410722	OK	 
REQUEST		indexOfField	1717527410406	1717527410722	OK	 
REQUEST		indexOfField	1717527410592	1717527410722	OK	 
REQUEST		indexOfField	1717527410412	1717527410725	OK	 
REQUEST		indexOfField	1717527410561	1717527410730	OK	 
REQUEST		indexOfField	1717527410620	1717527410729	OK	 
REQUEST		indexOfField	1717527410576	1717527410730	OK	 
REQUEST		indexOfField	1717527410566	1717527410736	OK	 
REQUEST		indexOfField	1717527410612	1717527410736	OK	 
REQUEST		indexOfField	1717527410410	1717527410737	OK	 
REQUEST		indexOfField	1717527410629	1717527410739	OK	 
REQUEST		indexOfField	1717527410403	1717527410740	OK	 
REQUEST		indexOfField	1717527410578	1717527410741	OK	 
REQUEST		indexOfField	1717527410412	1717527410745	OK	 
REQUEST		indexOfField	1717527410603	1717527410747	OK	 
REQUEST		indexOfField	1717527410401	1717527410749	OK	 
REQUEST		indexOfField	1717527410407	1717527410752	OK	 
REQUEST		indexOfField	1717527410608	1717527410752	OK	 
REQUEST		indexOfField	1717527410399	1717527410753	OK	 
REQUEST		indexOfField	1717527410412	1717527410757	OK	 
REQUEST		indexOfField	1717527410408	1717527410757	OK	 
REQUEST		indexOfField	1717527410589	1717527410761	OK	 
REQUEST		indexOfField	1717527410607	1717527410761	OK	 
REQUEST		indexOfField	1717527410411	1717527410764	OK	 
REQUEST		indexOfField	1717527410637	1717527410764	OK	 
REQUEST		indexOfField	1717527410627	1717527410764	OK	 
REQUEST		indexOfField	1717527410579	1717527410768	OK	 
REQUEST		indexOfField	1717527410631	1717527410771	OK	 
REQUEST		putOut	1717527411483	1717527411486	OK	 
REQUEST		nextRound	1717527411666	1717527411668	OK	 
REQUEST		dice	1717527412587	1717527412590	OK	 
REQUEST		dice	1717527412602	1717527412604	OK	 
REQUEST		dice	1717527412606	1717527412608	OK	 
REQUEST		dice	1717527412606	1717527412610	OK	 
REQUEST		dice	1717527412608	1717527412612	OK	 
REQUEST		dice	1717527412610	1717527412614	OK	 
REQUEST		dice	1717527412611	1717527412617	OK	 
REQUEST		dice	1717527412612	1717527412619	OK	 
REQUEST		dice	1717527412616	1717527412620	OK	 
REQUEST		dice	1717527412616	1717527412622	OK	 
REQUEST		dice	1717527412615	1717527412622	OK	 
REQUEST		dice	1717527412617	1717527412622	OK	 
REQUEST		dice	1717527412619	1717527412624	OK	 
REQUEST		dice	1717527412619	1717527412624	OK	 
REQUEST		dice	1717527412632	1717527412637	OK	 
REQUEST		dice	1717527412637	1717527412641	OK	 
REQUEST		dice	1717527412637	1717527412641	OK	 
REQUEST		dice	1717527412634	1717527412642	OK	 
REQUEST		dice	1717527412639	1717527412647	OK	 
REQUEST		dice	1717527412647	1717527412651	OK	 
REQUEST		dice	1717527412648	1717527412653	OK	 
REQUEST		dice	1717527412647	1717527412653	OK	 
REQUEST		dice	1717527412650	1717527412656	OK	 
REQUEST		dice	1717527412651	1717527412658	OK	 
REQUEST		dice	1717527412655	1717527412658	OK	 
REQUEST		dice	1717527412656	1717527412659	OK	 
REQUEST		dice	1717527412656	1717527412660	OK	 
REQUEST		dice	1717527412656	1717527412661	OK	 
REQUEST		dice	1717527412656	1717527412661	OK	 
REQUEST		dice	1717527412658	1717527412662	OK	 
REQUEST		dice	1717527412658	1717527412663	OK	 
REQUEST		dice	1717527412664	1717527412666	OK	 
REQUEST		dice	1717527412662	1717527412667	OK	 
REQUEST		dice	1717527412664	1717527412670	OK	 
REQUEST		dice	1717527412670	1717527412673	OK	 
REQUEST		dice	1717527412666	1717527412673	OK	 
REQUEST		dice	1717527412677	1717527412679	OK	 
REQUEST		dice	1717527412677	1717527412682	OK	 
REQUEST		dice	1717527412679	1717527412684	OK	 
REQUEST		dice	1717527412686	1717527412690	OK	 
REQUEST		dice	1717527412685	1717527412692	OK	 
REQUEST		dice	1717527412685	1717527412694	OK	 
REQUEST		dice	1717527412688	1717527412694	OK	 
REQUEST		dice	1717527412688	1717527412695	OK	 
REQUEST		dice	1717527412688	1717527412695	OK	 
REQUEST		dice	1717527412690	1717527412696	OK	 
REQUEST		dice	1717527412688	1717527412696	OK	 
REQUEST		dice	1717527412692	1717527412697	OK	 
REQUEST		dice	1717527412690	1717527412697	OK	 
REQUEST		dice	1717527412691	1717527412698	OK	 
REQUEST		dice	1717527412692	1717527412701	OK	 
REQUEST		dice	1717527412692	1717527412702	OK	 
REQUEST		dice	1717527412698	1717527412704	OK	 
REQUEST		dice	1717527412703	1717527412706	OK	 
REQUEST		dice	1717527412705	1717527412708	OK	 
REQUEST		dice	1717527412703	1717527412708	OK	 
REQUEST		dice	1717527412705	1717527412709	OK	 
REQUEST		dice	1717527412706	1717527412711	OK	 
REQUEST		dice	1717527412716	1717527412718	OK	 
REQUEST		dice	1717527412714	1717527412719	OK	 
REQUEST		dice	1717527412715	1717527412721	OK	 
REQUEST		dice	1717527412716	1717527412721	OK	 
REQUEST		dice	1717527412718	1717527412723	OK	 
REQUEST		dice	1717527412721	1717527412723	OK	 
REQUEST		dice	1717527412717	1717527412723	OK	 
REQUEST		dice	1717527412719	1717527412725	OK	 
REQUEST		dice	1717527412725	1717527412728	OK	 
REQUEST		dice	1717527412726	1717527412731	OK	 
REQUEST		dice	1717527412726	1717527412731	OK	 
REQUEST		dice	1717527412728	1717527412733	OK	 
REQUEST		dice	1717527412728	1717527412733	OK	 
REQUEST		dice	1717527412730	1717527412734	OK	 
REQUEST		dice	1717527412730	1717527412734	OK	 
REQUEST		dice	1717527412742	1717527412745	OK	 
REQUEST		dice	1717527412743	1717527412746	OK	 
REQUEST		dice	1717527412746	1717527412749	OK	 
REQUEST		dice	1717527412747	1717527412751	OK	 
REQUEST		dice	1717527412746	1717527412751	OK	 
REQUEST		dice	1717527412747	1717527412754	OK	 
REQUEST		dice	1717527412747	1717527412754	OK	 
REQUEST		dice	1717527412749	1717527412756	OK	 
REQUEST		dice	1717527412749	1717527412757	OK	 
REQUEST		dice	1717527412751	1717527412760	OK	 
REQUEST		dice	1717527412757	1717527412762	OK	 
REQUEST		dice	1717527412760	1717527412764	OK	 
REQUEST		dice	1717527412764	1717527412771	OK	 
REQUEST		dice	1717527412766	1717527412773	OK	 
REQUEST		dice	1717527412766	1717527412773	OK	 
REQUEST		dice	1717527412769	1717527412775	OK	 
REQUEST		dice	1717527412769	1717527412775	OK	 
REQUEST		dice	1717527412772	1717527412776	OK	 
REQUEST		dice	1717527412775	1717527412779	OK	 
REQUEST		dice	1717527412776	1717527412780	OK	 
REQUEST		dice	1717527412777	1717527412781	OK	 
REQUEST		dice	1717527412778	1717527412782	OK	 
REQUEST		dice	1717527412786	1717527412790	OK	 
REQUEST		dice	1717527412786	1717527412791	OK	 
REQUEST		dice	1717527412790	1717527412791	OK	 
REQUEST		dice	1717527412788	1717527412791	OK	 
REQUEST		dice	1717527412788	1717527412792	OK	 
REQUEST		dice	1717527412790	1717527412794	OK	 
REQUEST		inCup	1717527413676	1717527413678	OK	 
REQUEST		putIn	1717527414512	1717527414514	OK	 
REQUEST		representation	1717527414615	1717527414617	OK	 
REQUEST		representation	1717527414616	1717527414618	OK	 
REQUEST		representation	1717527414618	1717527414620	OK	 
REQUEST		representation	1717527414626	1717527414628	OK	 
REQUEST		representation	1717527414626	1717527414629	OK	 
REQUEST		representation	1717527414628	1717527414630	OK	 
REQUEST		representation	1717527414633	1717527414634	OK	 
REQUEST		representation	1717527414642	1717527414644	OK	 
REQUEST		representation	1717527414642	1717527414645	OK	 
REQUEST		representation	1717527414643	1717527414646	OK	 
REQUEST		representation	1717527414642	1717527414647	OK	 
REQUEST		representation	1717527414645	1717527414648	OK	 
REQUEST		representation	1717527414644	1717527414649	OK	 
REQUEST		representation	1717527414646	1717527414649	OK	 
REQUEST		representation	1717527414647	1717527414650	OK	 
REQUEST		representation	1717527414645	1717527414650	OK	 
REQUEST		representation	1717527414661	1717527414670	OK	 
REQUEST		representation	1717527414663	1717527414671	OK	 
REQUEST		representation	1717527414667	1717527414671	OK	 
REQUEST		representation	1717527414669	1717527414673	OK	 
REQUEST		representation	1717527414671	1717527414675	OK	 
REQUEST		representation	1717527414676	1717527414679	OK	 
REQUEST		representation	1717527414675	1717527414679	OK	 
REQUEST		representation	1717527414676	1717527414680	OK	 
REQUEST		representation	1717527414676	1717527414681	OK	 
REQUEST		representation	1717527414676	1717527414681	OK	 
REQUEST		representation	1717527414676	1717527414682	OK	 
REQUEST		representation	1717527414678	1717527414683	OK	 
REQUEST		representation	1717527414678	1717527414683	OK	 
REQUEST		representation	1717527414679	1717527414684	OK	 
REQUEST		representation	1717527414680	1717527414684	OK	 
REQUEST		representation	1717527414679	1717527414685	OK	 
REQUEST		representation	1717527414684	1717527414688	OK	 
REQUEST		representation	1717527414685	1717527414689	OK	 
REQUEST		representation	1717527414685	1717527414689	OK	 
REQUEST		representation	1717527414687	1717527414696	OK	 
REQUEST		representation	1717527414687	1717527414709	OK	 
REQUEST		representation	1717527414703	1717527414712	OK	 
REQUEST		representation	1717527414698	1717527414713	OK	 
REQUEST		representation	1717527414709	1717527414719	OK	 
REQUEST		representation	1717527414715	1717527414719	OK	 
REQUEST		representation	1717527414710	1717527414721	OK	 
REQUEST		representation	1717527414716	1717527414721	OK	 
REQUEST		representation	1717527414716	1717527414723	OK	 
REQUEST		representation	1717527414715	1717527414724	OK	 
REQUEST		representation	1717527414713	1717527414724	OK	 
REQUEST		representation	1717527414718	1717527414724	OK	 
REQUEST		representation	1717527414713	1717527414724	OK	 
REQUEST		representation	1717527414715	1717527414725	OK	 
REQUEST		representation	1717527414717	1717527414725	OK	 
REQUEST		representation	1717527414718	1717527414726	OK	 
REQUEST		representation	1717527414716	1717527414727	OK	 
REQUEST		representation	1717527414722	1717527414727	OK	 
REQUEST		representation	1717527414717	1717527414728	OK	 
REQUEST		representation	1717527414715	1717527414728	OK	 
REQUEST		representation	1717527414717	1717527414732	OK	 
REQUEST		representation	1717527414726	1717527414735	OK	 
REQUEST		representation	1717527414723	1717527414747	OK	 
REQUEST		representation	1717527414746	1717527414753	OK	 
REQUEST		representation	1717527414748	1717527414755	OK	 
REQUEST		representation	1717527414746	1717527414755	OK	 
REQUEST		representation	1717527414741	1717527414756	OK	 
REQUEST		representation	1717527414747	1717527414757	OK	 
REQUEST		representation	1717527414751	1717527414757	OK	 
REQUEST		representation	1717527414748	1717527414757	OK	 
REQUEST		representation	1717527414748	1717527414757	OK	 
REQUEST		representation	1717527414752	1717527414758	OK	 
REQUEST		representation	1717527414747	1717527414758	OK	 
REQUEST		representation	1717527414751	1717527414758	OK	 
REQUEST		representation	1717527414749	1717527414759	OK	 
REQUEST		representation	1717527414752	1717527414761	OK	 
REQUEST		representation	1717527414754	1717527414761	OK	 
REQUEST		representation	1717527414754	1717527414762	OK	 
REQUEST		representation	1717527414761	1717527414765	OK	 
REQUEST		representation	1717527414763	1717527414766	OK	 
REQUEST		representation	1717527414766	1717527414769	OK	 
REQUEST		representation	1717527414766	1717527414769	OK	 
REQUEST		representation	1717527414768	1717527414770	OK	 
REQUEST		representation	1717527414766	1717527414770	OK	 
REQUEST		representation	1717527414768	1717527414770	OK	 
REQUEST		representation	1717527414768	1717527414772	OK	 
REQUEST		representation	1717527414769	1717527414774	OK	 
REQUEST		representation	1717527414776	1717527414779	OK	 
REQUEST		representation	1717527414777	1717527414780	OK	 
REQUEST		representation	1717527414778	1717527414781	OK	 
REQUEST		representation	1717527414786	1717527414790	OK	 
REQUEST		representation	1717527414787	1717527414791	OK	 
REQUEST		representation	1717527414789	1717527414793	OK	 
REQUEST		representation	1717527414790	1717527414793	OK	 
REQUEST		representation	1717527414790	1717527414794	OK	 
REQUEST		representation	1717527414792	1717527414795	OK	 
REQUEST		representation	1717527414796	1717527414800	OK	 
REQUEST		representation	1717527414797	1717527414802	OK	 
REQUEST		representation	1717527414798	1717527414804	OK	 
REQUEST		representation	1717527414804	1717527414810	OK	 
REQUEST		representation	1717527414806	1717527414811	OK	 
REQUEST		representation	1717527414808	1717527414812	OK	 
REQUEST		representation	1717527414809	1717527414814	OK	 
REQUEST		representation	1717527414814	1717527414816	OK	 
REQUEST		representation	1717527414815	1717527414817	OK	 
REQUEST		representation	1717527414815	1717527414817	OK	 
USER	RecordedSimulation	START	1717527415389
REQUEST		indexOfField	1717527415388	1717527415392	OK	 
REQUEST		locked	1717527415679	1717527415682	OK	 
REQUEST		nextRound	1717527416516	1717527416518	OK	 
REQUEST		putOut	1717527416637	1717527416638	OK	 
REQUEST		putOut	1717527416641	1717527416643	OK	 
REQUEST		putOut	1717527416641	1717527416643	OK	 
REQUEST		putOut	1717527416643	1717527416645	OK	 
REQUEST		putOut	1717527416653	1717527416655	OK	 
REQUEST		putOut	1717527416654	1717527416657	OK	 
REQUEST		putOut	1717527416654	1717527416657	OK	 
REQUEST		putOut	1717527416656	1717527416659	OK	 
REQUEST		putOut	1717527416656	1717527416659	OK	 
REQUEST		putOut	1717527416669	1717527416672	OK	 
REQUEST		putOut	1717527416669	1717527416672	OK	 
REQUEST		putOut	1717527416669	1717527416673	OK	 
REQUEST		putOut	1717527416671	1717527416673	OK	 
REQUEST		putOut	1717527416671	1717527416673	OK	 
REQUEST		putOut	1717527416671	1717527416675	OK	 
REQUEST		putOut	1717527416672	1717527416676	OK	 
REQUEST		putOut	1717527416686	1717527416688	OK	 
REQUEST		putOut	1717527416686	1717527416689	OK	 
REQUEST		putOut	1717527416687	1717527416690	OK	 
REQUEST		putOut	1717527416695	1717527416697	OK	 
REQUEST		putOut	1717527416695	1717527416697	OK	 
REQUEST		putOut	1717527416696	1717527416697	OK	 
REQUEST		putOut	1717527416696	1717527416697	OK	 
REQUEST		putOut	1717527416695	1717527416697	OK	 
REQUEST		putOut	1717527416696	1717527416697	OK	 
REQUEST		putOut	1717527416695	1717527416697	OK	 
REQUEST		putOut	1717527416696	1717527416698	OK	 
REQUEST		putOut	1717527416697	1717527416699	OK	 
REQUEST		putOut	1717527416706	1717527416709	OK	 
REQUEST		putOut	1717527416706	1717527416710	OK	 
REQUEST		putOut	1717527416707	1717527416711	OK	 
REQUEST		putOut	1717527416706	1717527416711	OK	 
REQUEST		putOut	1717527416708	1717527416712	OK	 
REQUEST		putOut	1717527416708	1717527416712	OK	 
REQUEST		putOut	1717527416710	1717527416713	OK	 
REQUEST		putOut	1717527416730	1717527416733	OK	 
REQUEST		putOut	1717527416729	1717527416733	OK	 
REQUEST		putOut	1717527416730	1717527416734	OK	 
REQUEST		putOut	1717527416730	1717527416734	OK	 
REQUEST		putOut	1717527416732	1717527416736	OK	 
REQUEST		putOut	1717527416730	1717527416737	OK	 
REQUEST		putOut	1717527416736	1717527416739	OK	 
REQUEST		putOut	1717527416732	1717527416739	OK	 
REQUEST		putOut	1717527416732	1717527416740	OK	 
REQUEST		putOut	1717527416735	1717527416741	OK	 
REQUEST		putOut	1717527416736	1717527416742	OK	 
REQUEST		putOut	1717527416736	1717527416743	OK	 
REQUEST		putOut	1717527416738	1717527416743	OK	 
REQUEST		putOut	1717527416738	1717527416744	OK	 
REQUEST		putOut	1717527416740	1717527416745	OK	 
REQUEST		putOut	1717527416748	1717527416750	OK	 
REQUEST		putOut	1717527416749	1717527416751	OK	 
REQUEST		putOut	1717527416753	1717527416757	OK	 
REQUEST		putOut	1717527416756	1717527416758	OK	 
REQUEST		putOut	1717527416754	1717527416758	OK	 
REQUEST		putOut	1717527416755	1717527416760	OK	 
REQUEST		putOut	1717527416756	1717527416761	OK	 
REQUEST		putOut	1717527416757	1717527416761	OK	 
REQUEST		putOut	1717527416760	1717527416763	OK	 
REQUEST		putOut	1717527416765	1717527416767	OK	 
REQUEST		putOut	1717527416766	1717527416768	OK	 
REQUEST		putOut	1717527416776	1717527416781	OK	 
REQUEST		putOut	1717527416776	1717527416781	OK	 
REQUEST		putOut	1717527416776	1717527416781	OK	 
REQUEST		putOut	1717527416778	1717527416782	OK	 
REQUEST		putOut	1717527416778	1717527416782	OK	 
REQUEST		putOut	1717527416778	1717527416782	OK	 
REQUEST		putOut	1717527416780	1717527416784	OK	 
REQUEST		putOut	1717527416780	1717527416784	OK	 
REQUEST		putOut	1717527416780	1717527416784	OK	 
REQUEST		putOut	1717527416782	1717527416786	OK	 
REQUEST		putOut	1717527416782	1717527416786	OK	 
REQUEST		putOut	1717527416783	1717527416788	OK	 
REQUEST		putOut	1717527416783	1717527416788	OK	 
REQUEST		putOut	1717527416786	1717527416789	OK	 
REQUEST		putOut	1717527416785	1717527416790	OK	 
REQUEST		putOut	1717527416787	1717527416790	OK	 
REQUEST		putOut	1717527416785	1717527416790	OK	 
REQUEST		putOut	1717527416789	1717527416793	OK	 
REQUEST		putOut	1717527416788	1717527416793	OK	 
REQUEST		putOut	1717527416791	1717527416795	OK	 
REQUEST		putOut	1717527416789	1717527416796	OK	 
REQUEST		putOut	1717527416791	1717527416797	OK	 
REQUEST		putOut	1717527416795	1717527416797	OK	 
REQUEST		putOut	1717527416796	1717527416799	OK	 
REQUEST		putOut	1717527416807	1717527416811	OK	 
REQUEST		putOut	1717527416807	1717527416811	OK	 
REQUEST		putOut	1717527416809	1717527416812	OK	 
REQUEST		putOut	1717527416809	1717527416812	OK	 
REQUEST		putOut	1717527416810	1717527416813	OK	 
REQUEST		putOut	1717527416810	1717527416813	OK	 
REQUEST		putOut	1717527416816	1717527416818	OK	 
REQUEST		putOut	1717527416816	1717527416819	OK	 
REQUEST		putOut	1717527416817	1717527416819	OK	 
REQUEST		putOut	1717527416817	1717527416820	OK	 
REQUEST		putOut	1717527416817	1717527416820	OK	 
REQUEST		putOut	1717527416817	1717527416821	OK	 
REQUEST		putOut	1717527416818	1717527416822	OK	 
REQUEST		putOut	1717527416836	1717527416839	OK	 
REQUEST		putOut	1717527416837	1717527416839	OK	 
REQUEST		putOut	1717527416842	1717527416843	OK	 
REQUEST		dice	1717527417417	1717527417418	OK	 
REQUEST		remainingDices	1717527417703	1717527417705	OK	 
REQUEST		inCup	1717527418543	1717527418545	OK	 
REQUEST		representation	1717527419436	1717527419438	OK	 
REQUEST		putIn	1717527419646	1717527419648	OK	 
REQUEST		putIn	1717527419648	1717527419649	OK	 
REQUEST		putIn	1717527419656	1717527419658	OK	 
REQUEST		putIn	1717527419666	1717527419667	OK	 
REQUEST		putIn	1717527419666	1717527419667	OK	 
REQUEST		putIn	1717527419667	1717527419668	OK	 
REQUEST		putIn	1717527419668	1717527419670	OK	 
REQUEST		putIn	1717527419668	1717527419670	OK	 
REQUEST		putIn	1717527419669	1717527419671	OK	 
REQUEST		putIn	1717527419696	1717527419698	OK	 
REQUEST		putIn	1717527419696	1717527419698	OK	 
REQUEST		putIn	1717527419696	1717527419699	OK	 
REQUEST		putIn	1717527419697	1717527419699	OK	 
REQUEST		putIn	1717527419697	1717527419700	OK	 
REQUEST		putIn	1717527419697	1717527419700	OK	 
REQUEST		putIn	1717527419698	1717527419701	OK	 
REQUEST		putIn	1717527419699	1717527419701	OK	 
REQUEST		putIn	1717527419706	1717527419708	OK	 
REQUEST		putIn	1717527419706	1717527419708	OK	 
REQUEST		putIn	1717527419706	1717527419709	OK	 
REQUEST		putIn	1717527419707	1717527419709	OK	 
REQUEST		putIn	1717527419707	1717527419710	OK	 
REQUEST		putIn	1717527419708	1717527419711	OK	 
REQUEST		putIn	1717527419716	1717527419718	OK	 
REQUEST		putIn	1717527419716	1717527419718	OK	 
REQUEST		putIn	1717527419716	1717527419718	OK	 
REQUEST		putIn	1717527419716	1717527419718	OK	 
REQUEST		putIn	1717527419716	1717527419719	OK	 
REQUEST		result	1717527419717	1717527419719	OK	 
REQUEST		putIn	1717527419717	1717527419721	OK	 
REQUEST		putIn	1717527419718	1717527419726	OK	 
REQUEST		putIn	1717527419724	1717527419734	OK	 
REQUEST		putIn	1717527419725	1717527419738	OK	 
USER	RecordedSimulation	END	1717527419742
REQUEST		putIn	1717527419738	1717527419742	OK	 
REQUEST		putIn	1717527419738	1717527419744	OK	 
REQUEST		putIn	1717527419742	1717527419745	OK	 
REQUEST		putIn	1717527419742	1717527419745	OK	 
REQUEST		putIn	1717527419740	1717527419745	OK	 
REQUEST		putIn	1717527419742	1717527419747	OK	 
REQUEST		putIn	1717527419747	1717527419750	OK	 
REQUEST		putIn	1717527419747	1717527419750	OK	 
REQUEST		putIn	1717527419748	1717527419751	OK	 
REQUEST		putIn	1717527419746	1717527419751	OK	 
REQUEST		putIn	1717527419748	1717527419752	OK	 
REQUEST		putIn	1717527419747	1717527419752	OK	 
REQUEST		putIn	1717527419749	1717527419753	OK	 
REQUEST		putIn	1717527419748	1717527419753	OK	 
REQUEST		putIn	1717527419748	1717527419753	OK	 
REQUEST		putIn	1717527419750	1717527419754	OK	 
REQUEST		putIn	1717527419752	1717527419754	OK	 
REQUEST		putIn	1717527419751	1717527419755	OK	 
REQUEST		putIn	1717527419766	1717527419769	OK	 
REQUEST		putIn	1717527419767	1717527419770	OK	 
REQUEST		putIn	1717527419766	1717527419770	OK	 
REQUEST		putIn	1717527419768	1717527419771	OK	 
REQUEST		putIn	1717527419767	1717527419771	OK	 
REQUEST		putIn	1717527419768	1717527419772	OK	 
REQUEST		putIn	1717527419769	1717527419773	OK	 
REQUEST		putIn	1717527419773	1717527419775	OK	 
REQUEST		putIn	1717527419774	1717527419776	OK	 
REQUEST		putIn	1717527419780	1717527419782	OK	 
REQUEST		putIn	1717527419780	1717527419782	OK	 
REQUEST		putIn	1717527419796	1717527419800	OK	 
REQUEST		putIn	1717527419796	1717527419800	OK	 
REQUEST		putIn	1717527419797	1717527419801	OK	 
REQUEST		putIn	1717527419797	1717527419801	OK	 
REQUEST		putIn	1717527419799	1717527419802	OK	 
REQUEST		putIn	1717527419798	1717527419802	OK	 
REQUEST		putIn	1717527419806	1717527419808	OK	 
REQUEST		putIn	1717527419807	1717527419809	OK	 
REQUEST		putIn	1717527419805	1717527419809	OK	 
REQUEST		putIn	1717527419805	1717527419809	OK	 
REQUEST		putIn	1717527419806	1717527419809	OK	 
REQUEST		putIn	1717527419806	1717527419810	OK	 
REQUEST		putIn	1717527419806	1717527419810	OK	 
REQUEST		putIn	1717527419807	1717527419810	OK	 
REQUEST		putIn	1717527419807	1717527419810	OK	 
REQUEST		putIn	1717527419807	1717527419811	OK	 
REQUEST		putIn	1717527419808	1717527419811	OK	 
REQUEST		putIn	1717527419807	1717527419811	OK	 
REQUEST		putIn	1717527419808	1717527419811	OK	 
REQUEST		putIn	1717527419809	1717527419811	OK	 
REQUEST		putIn	1717527419814	1717527419816	OK	 
REQUEST		putIn	1717527419814	1717527419816	OK	 
REQUEST		putIn	1717527419816	1717527419818	OK	 
REQUEST		putIn	1717527419815	1717527419818	OK	 
REQUEST		putIn	1717527419815	1717527419819	OK	 
REQUEST		putIn	1717527419817	1717527419819	OK	 
REQUEST		putIn	1717527419817	1717527419820	OK	 
REQUEST		putIn	1717527419827	1717527419831	OK	 
REQUEST		putIn	1717527419828	1717527419832	OK	 
REQUEST		putIn	1717527419827	1717527419833	OK	 
REQUEST		putIn	1717527419826	1717527419834	OK	 
REQUEST		putIn	1717527419836	1717527419840	OK	 
REQUEST		putIn	1717527419836	1717527419840	OK	 
REQUEST		putIn	1717527419837	1717527419841	OK	 
REQUEST		putIn	1717527419837	1717527419842	OK	 
REQUEST		putIn	1717527419838	1717527419843	OK	 
REQUEST		putIn	1717527419839	1717527419843	OK	 
REQUEST		putIn	1717527419856	1717527419859	OK	 
REQUEST		putIn	1717527419857	1717527419861	OK	 
REQUEST		putIn	1717527419867	1717527419869	OK	 
REQUEST		locked	1717527420551	1717527420553	OK	 
REQUEST		putOut	1717527421451	1717527421452	OK	 
REQUEST		nextRound	1717527421649	1717527421651	OK	 
REQUEST		nextRound	1717527421663	1717527421665	OK	 
REQUEST		nextRound	1717527421667	1717527421668	OK	 
REQUEST		nextRound	1717527421676	1717527421677	OK	 
REQUEST		nextRound	1717527421677	1717527421678	OK	 
REQUEST		nextRound	1717527421692	1717527421693	OK	 
REQUEST		nextRound	1717527421694	1717527421695	OK	 
REQUEST		nextRound	1717527421694	1717527421695	OK	 
REQUEST		nextRound	1717527421695	1717527421696	OK	 
REQUEST		nextRound	1717527421706	1717527421708	OK	 
REQUEST		nextRound	1717527421706	1717527421709	OK	 
REQUEST		nextRound	1717527421707	1717527421709	OK	 
REQUEST		nextRound	1717527421722	1717527421724	OK	 
REQUEST		nextRound	1717527421722	1717527421724	OK	 
REQUEST		nextRound	1717527421723	1717527421725	OK	 
REQUEST		nextRound	1717527421723	1717527421725	OK	 
REQUEST		nextRound	1717527421723	1717527421725	OK	 
REQUEST		nextRound	1717527421725	1717527421727	OK	 
REQUEST		nextRound	1717527421726	1717527421728	OK	 
REQUEST		nextRound	1717527421732	1717527421734	OK	 
REQUEST		nextRound	1717527421732	1717527421736	OK	 
REQUEST		nextRound	1717527421734	1717527421737	OK	 
REQUEST		nextRound	1717527421736	1717527421737	OK	 
REQUEST		nextRound	1717527421735	1717527421738	OK	 
REQUEST		nextRound	1717527421737	1717527421739	OK	 
REQUEST		nextRound	1717527421742	1717527421744	OK	 
REQUEST		nextRound	1717527421742	1717527421744	OK	 
REQUEST		nextRound	1717527421742	1717527421745	OK	 
REQUEST		nextRound	1717527421743	1717527421745	OK	 
REQUEST		nextRound	1717527421744	1717527421746	OK	 
REQUEST		nextRound	1717527421756	1717527421757	OK	 
REQUEST		nextRound	1717527421756	1717527421758	OK	 
REQUEST		nextRound	1717527421756	1717527421758	OK	 
REQUEST		nextRound	1717527421756	1717527421758	OK	 
REQUEST		nextRound	1717527421757	1717527421759	OK	 
REQUEST		nextRound	1717527421756	1717527421759	OK	 
REQUEST		nextRound	1717527421757	1717527421759	OK	 
REQUEST		nextRound	1717527421758	1717527421760	OK	 
REQUEST		nextRound	1717527421759	1717527421761	OK	 
REQUEST		nextRound	1717527421760	1717527421762	OK	 
REQUEST		nextRound	1717527421761	1717527421763	OK	 
REQUEST		nextRound	1717527421760	1717527421763	OK	 
REQUEST		nextRound	1717527421762	1717527421764	OK	 
REQUEST		nextRound	1717527421762	1717527421764	OK	 
REQUEST		nextRound	1717527421767	1717527421769	OK	 
REQUEST		nextRound	1717527421767	1717527421769	OK	 
REQUEST		nextRound	1717527421768	1717527421770	OK	 
REQUEST		nextRound	1717527421768	1717527421770	OK	 
REQUEST		nextRound	1717527421774	1717527421775	OK	 
REQUEST		nextRound	1717527421774	1717527421776	OK	 
REQUEST		nextRound	1717527421786	1717527421787	OK	 
REQUEST		nextRound	1717527421786	1717527421788	OK	 
REQUEST		nextRound	1717527421794	1717527421795	OK	 
REQUEST		nextRound	1717527421794	1717527421796	OK	 
REQUEST		nextRound	1717527421794	1717527421796	OK	 
REQUEST		nextRound	1717527421795	1717527421797	OK	 
REQUEST		nextRound	1717527421794	1717527421797	OK	 
REQUEST		nextRound	1717527421795	1717527421797	OK	 
REQUEST		nextRound	1717527421796	1717527421798	OK	 
REQUEST		nextRound	1717527421795	1717527421798	OK	 
REQUEST		nextRound	1717527421795	1717527421799	OK	 
REQUEST		nextRound	1717527421804	1717527421806	OK	 
REQUEST		nextRound	1717527421805	1717527421807	OK	 
REQUEST		nextRound	1717527421805	1717527421807	OK	 
REQUEST		nextRound	1717527421816	1717527421819	OK	 
REQUEST		nextRound	1717527421816	1717527421819	OK	 
REQUEST		nextRound	1717527421816	1717527421819	OK	 
REQUEST		nextRound	1717527421816	1717527421819	OK	 
REQUEST		nextRound	1717527421817	1717527421820	OK	 
REQUEST		nextRound	1717527421817	1717527421820	OK	 
REQUEST		nextRound	1717527421817	1717527421820	OK	 
REQUEST		nextRound	1717527421817	1717527421820	OK	 
REQUEST		nextRound	1717527421818	1717527421821	OK	 
REQUEST		nextRound	1717527421818	1717527421821	OK	 
REQUEST		nextRound	1717527421818	1717527421821	OK	 
REQUEST		nextRound	1717527421818	1717527421821	OK	 
REQUEST		nextRound	1717527421826	1717527421827	OK	 
REQUEST		nextRound	1717527421826	1717527421827	OK	 
REQUEST		nextRound	1717527421826	1717527421828	OK	 
REQUEST		nextRound	1717527421826	1717527421828	OK	 
REQUEST		nextRound	1717527421833	1717527421835	OK	 
REQUEST		nextRound	1717527421834	1717527421836	OK	 
REQUEST		nextRound	1717527421834	1717527421837	OK	 
REQUEST		nextRound	1717527421836	1717527421838	OK	 
REQUEST		nextRound	1717527421836	1717527421839	OK	 
REQUEST		nextRound	1717527421837	1717527421839	OK	 
REQUEST		nextRound	1717527421837	1717527421839	OK	 
REQUEST		nextRound	1717527421837	1717527421839	OK	 
REQUEST		nextRound	1717527421837	1717527421840	OK	 
REQUEST		nextRound	1717527421838	1717527421840	OK	 
REQUEST		nextRound	1717527421840	1717527421842	OK	 
REQUEST		nextRound	1717527421841	1717527421842	OK	 
REQUEST		nextRound	1717527421856	1717527421858	OK	 
REQUEST		nextRound	1717527421856	1717527421858	OK	 
REQUEST		nextRound	1717527421856	1717527421859	OK	 
REQUEST		nextRound	1717527421856	1717527421859	OK	 
REQUEST		nextRound	1717527421857	1717527421859	OK	 
REQUEST		nextRound	1717527421857	1717527421859	OK	 
REQUEST		nextRound	1717527421866	1717527421867	OK	 
REQUEST		nextRound	1717527421867	1717527421868	OK	 
REQUEST		nextRound	1717527421893	1717527421894	OK	 
REQUEST		remainingDices	1717527422571	1717527422572	OK	 
REQUEST		inCup	1717527423676	1717527423677	OK	 
REQUEST		inCup	1717527423689	1717527423691	OK	 
REQUEST		inCup	1717527423689	1717527423691	OK	 
REQUEST		inCup	1717527423702	1717527423704	OK	 
REQUEST		inCup	1717527423702	1717527423704	OK	 
REQUEST		inCup	1717527423703	1717527423704	OK	 
REQUEST		inCup	1717527423709	1717527423710	OK	 
REQUEST		inCup	1717527423716	1717527423717	OK	 
REQUEST		inCup	1717527423716	1717527423718	OK	 
REQUEST		inCup	1717527423732	1717527423734	OK	 
REQUEST		inCup	1717527423733	1717527423735	OK	 
REQUEST		inCup	1717527423733	1717527423736	OK	 
REQUEST		inCup	1717527423736	1717527423738	OK	 
REQUEST		inCup	1717527423736	1717527423738	OK	 
REQUEST		inCup	1717527423736	1717527423738	OK	 
REQUEST		inCup	1717527423736	1717527423738	OK	 
REQUEST		inCup	1717527423736	1717527423738	OK	 
REQUEST		inCup	1717527423737	1717527423739	OK	 
REQUEST		inCup	1717527423738	1717527423740	OK	 
REQUEST		inCup	1717527423756	1717527423757	OK	 
REQUEST		inCup	1717527423756	1717527423758	OK	 
REQUEST		inCup	1717527423756	1717527423758	OK	 
REQUEST		inCup	1717527423756	1717527423758	OK	 
REQUEST		inCup	1717527423756	1717527423758	OK	 
REQUEST		inCup	1717527423756	1717527423758	OK	 
REQUEST		inCup	1717527423757	1717527423759	OK	 
REQUEST		inCup	1717527423757	1717527423759	OK	 
REQUEST		inCup	1717527423758	1717527423760	OK	 
REQUEST		inCup	1717527423763	1717527423765	OK	 
REQUEST		inCup	1717527423763	1717527423765	OK	 
REQUEST		inCup	1717527423766	1717527423770	OK	 
REQUEST		inCup	1717527423768	1717527423773	OK	 
REQUEST		inCup	1717527423768	1717527423773	OK	 
REQUEST		inCup	1717527423767	1717527423774	OK	 
REQUEST		inCup	1717527423768	1717527423777	OK	 
REQUEST		inCup	1717527423767	1717527423782	OK	 
REQUEST		inCup	1717527423778	1717527423786	OK	 
REQUEST		inCup	1717527423770	1717527423784	OK	 
REQUEST		inCup	1717527423781	1717527423790	OK	 
REQUEST		inCup	1717527423787	1717527423790	OK	 
REQUEST		inCup	1717527423773	1717527423790	OK	 
REQUEST		inCup	1717527423786	1717527423791	OK	 
REQUEST		inCup	1717527423787	1717527423792	OK	 
REQUEST		inCup	1717527423790	1717527423792	OK	 
REQUEST		inCup	1717527423786	1717527423792	OK	 
REQUEST		inCup	1717527423786	1717527423792	OK	 
REQUEST		inCup	1717527423787	1717527423793	OK	 
REQUEST		inCup	1717527423787	1717527423793	OK	 
REQUEST		inCup	1717527423790	1717527423794	OK	 
REQUEST		inCup	1717527423791	1717527423795	OK	 
REQUEST		inCup	1717527423809	1717527423811	OK	 
REQUEST		inCup	1717527423810	1717527423811	OK	 
REQUEST		inCup	1717527423811	1717527423812	OK	 
REQUEST		inCup	1717527423811	1717527423813	OK	 
REQUEST		inCup	1717527423816	1717527423817	OK	 
REQUEST		inCup	1717527423816	1717527423817	OK	 
REQUEST		inCup	1717527423816	1717527423818	OK	 
REQUEST		inCup	1717527423816	1717527423818	OK	 
REQUEST		inCup	1717527423816	1717527423818	OK	 
REQUEST		inCup	1717527423816	1717527423818	OK	 
REQUEST		inCup	1717527423817	1717527423818	OK	 
REQUEST		inCup	1717527423826	1717527423827	OK	 
REQUEST		inCup	1717527423826	1717527423827	OK	 
REQUEST		inCup	1717527423826	1717527423827	OK	 
REQUEST		inCup	1717527423826	1717527423827	OK	 
REQUEST		inCup	1717527423826	1717527423827	OK	 
REQUEST		inCup	1717527423826	1717527423828	OK	 
REQUEST		inCup	1717527423826	1717527423828	OK	 
REQUEST		inCup	1717527423826	1717527423828	OK	 
REQUEST		inCup	1717527423826	1717527423828	OK	 
REQUEST		inCup	1717527423836	1717527423837	OK	 
REQUEST		inCup	1717527423835	1717527423838	OK	 
REQUEST		inCup	1717527423836	1717527423838	OK	 
REQUEST		inCup	1717527423836	1717527423838	OK	 
REQUEST		inCup	1717527423836	1717527423839	OK	 
REQUEST		inCup	1717527423843	1717527423844	OK	 
REQUEST		inCup	1717527423843	1717527423845	OK	 
REQUEST		inCup	1717527423844	1717527423845	OK	 
REQUEST		inCup	1717527423845	1717527423847	OK	 
REQUEST		inCup	1717527423845	1717527423847	OK	 
REQUEST		inCup	1717527423845	1717527423847	OK	 
REQUEST		inCup	1717527423846	1717527423847	OK	 
REQUEST		inCup	1717527423846	1717527423847	OK	 
REQUEST		inCup	1717527423846	1717527423847	OK	 
REQUEST		inCup	1717527423846	1717527423848	OK	 
REQUEST		inCup	1717527423846	1717527423848	OK	 
REQUEST		inCup	1717527423851	1717527423852	OK	 
REQUEST		inCup	1717527423851	1717527423853	OK	 
REQUEST		inCup	1717527423856	1717527423858	OK	 
REQUEST		inCup	1717527423856	1717527423858	OK	 
REQUEST		inCup	1717527423857	1717527423858	OK	 
REQUEST		inCup	1717527423857	1717527423859	OK	 
REQUEST		inCup	1717527423866	1717527423867	OK	 
REQUEST		inCup	1717527423866	1717527423867	OK	 
REQUEST		inCup	1717527423866	1717527423867	OK	 
REQUEST		inCup	1717527423866	1717527423867	OK	 
REQUEST		inCup	1717527423866	1717527423868	OK	 
REQUEST		inCup	1717527423866	1717527423868	OK	 
REQUEST		inCup	1717527423891	1717527423892	OK	 
REQUEST		inCup	1717527423892	1717527423893	OK	 
REQUEST		inCup	1717527423906	1717527423907	OK	 
REQUEST		putIn	1717527424467	1717527424468	OK	 
REQUEST		result	1717527424573	1717527424575	OK	 
USER	RecordedSimulation	END	1717527424576
REQUEST		locked	1717527425696	1717527425697	OK	 
REQUEST		locked	1717527425696	1717527425697	OK	 
REQUEST		locked	1717527425703	1717527425705	OK	 
REQUEST		locked	1717527425719	1717527425721	OK	 
REQUEST		locked	1717527425727	1717527425728	OK	 
REQUEST		locked	1717527425728	1717527425729	OK	 
REQUEST		locked	1717527425729	1717527425730	OK	 
REQUEST		locked	1717527425741	1717527425742	OK	 
REQUEST		locked	1717527425741	1717527425743	OK	 
REQUEST		locked	1717527425754	1717527425756	OK	 
REQUEST		locked	1717527425755	1717527425757	OK	 
REQUEST		locked	1717527425755	1717527425757	OK	 
REQUEST		locked	1717527425755	1717527425758	OK	 
REQUEST		locked	1717527425756	1717527425758	OK	 
REQUEST		locked	1717527425757	1717527425758	OK	 
REQUEST		locked	1717527425761	1717527425762	OK	 
REQUEST		locked	1717527425762	1717527425762	OK	 
REQUEST		locked	1717527425762	1717527425763	OK	 
REQUEST		locked	1717527425762	1717527425763	OK	 
REQUEST		locked	1717527425777	1717527425779	OK	 
REQUEST		locked	1717527425777	1717527425779	OK	 
REQUEST		locked	1717527425778	1717527425779	OK	 
REQUEST		locked	1717527425778	1717527425779	OK	 
REQUEST		locked	1717527425778	1717527425780	OK	 
REQUEST		locked	1717527425781	1717527425782	OK	 
REQUEST		locked	1717527425782	1717527425783	OK	 
REQUEST		locked	1717527425782	1717527425783	OK	 
REQUEST		locked	1717527425782	1717527425784	OK	 
REQUEST		locked	1717527425783	1717527425785	OK	 
REQUEST		locked	1717527425790	1717527425791	OK	 
REQUEST		locked	1717527425790	1717527425791	OK	 
REQUEST		locked	1717527425790	1717527425791	OK	 
REQUEST		locked	1717527425790	1717527425792	OK	 
REQUEST		locked	1717527425791	1717527425793	OK	 
REQUEST		locked	1717527425796	1717527425798	OK	 
REQUEST		locked	1717527425796	1717527425798	OK	 
REQUEST		locked	1717527425797	1717527425798	OK	 
REQUEST		locked	1717527425797	1717527425799	OK	 
REQUEST		locked	1717527425799	1717527425801	OK	 
REQUEST		locked	1717527425799	1717527425801	OK	 
REQUEST		locked	1717527425800	1717527425801	OK	 
REQUEST		locked	1717527425800	1717527425801	OK	 
REQUEST		locked	1717527425813	1717527425815	OK	 
REQUEST		locked	1717527425813	1717527425815	OK	 
REQUEST		locked	1717527425814	1717527425816	OK	 
REQUEST		locked	1717527425814	1717527425817	OK	 
REQUEST		locked	1717527425816	1717527425817	OK	 
REQUEST		locked	1717527425816	1717527425817	OK	 
REQUEST		locked	1717527425816	1717527425818	OK	 
REQUEST		locked	1717527425816	1717527425817	OK	 
REQUEST		locked	1717527425814	1717527425818	OK	 
REQUEST		locked	1717527425817	1717527425818	OK	 
REQUEST		locked	1717527425817	1717527425818	OK	 
REQUEST		locked	1717527425817	1717527425818	OK	 
REQUEST		locked	1717527425828	1717527425830	OK	 
REQUEST		locked	1717527425828	1717527425830	OK	 
REQUEST		locked	1717527425829	1717527425831	OK	 
REQUEST		locked	1717527425836	1717527425837	OK	 
REQUEST		locked	1717527425836	1717527425837	OK	 
REQUEST		locked	1717527425836	1717527425838	OK	 
REQUEST		locked	1717527425836	1717527425838	OK	 
REQUEST		locked	1717527425837	1717527425838	OK	 
REQUEST		locked	1717527425837	1717527425838	OK	 
REQUEST		locked	1717527425840	1717527425842	OK	 
REQUEST		locked	1717527425840	1717527425842	OK	 
REQUEST		locked	1717527425841	1717527425842	OK	 
REQUEST		locked	1717527425841	1717527425843	OK	 
REQUEST		locked	1717527425841	1717527425843	OK	 
REQUEST		locked	1717527425842	1717527425843	OK	 
REQUEST		locked	1717527425846	1717527425847	OK	 
REQUEST		locked	1717527425846	1717527425847	OK	 
REQUEST		locked	1717527425846	1717527425848	OK	 
REQUEST		locked	1717527425846	1717527425848	OK	 
REQUEST		locked	1717527425847	1717527425848	OK	 
REQUEST		locked	1717527425847	1717527425848	OK	 
REQUEST		locked	1717527425851	1717527425852	OK	 
REQUEST		locked	1717527425851	1717527425852	OK	 
REQUEST		locked	1717527425851	1717527425853	OK	 
REQUEST		locked	1717527425863	1717527425865	OK	 
REQUEST		locked	1717527425864	1717527425865	OK	 
REQUEST		locked	1717527425863	1717527425865	OK	 
REQUEST		locked	1717527425864	1717527425866	OK	 
REQUEST		locked	1717527425865	1717527425867	OK	 
REQUEST		locked	1717527425865	1717527425867	OK	 
REQUEST		locked	1717527425866	1717527425867	OK	 
REQUEST		locked	1717527425866	1717527425867	OK	 
REQUEST		locked	1717527425866	1717527425867	OK	 
REQUEST		locked	1717527425870	1717527425872	OK	 
REQUEST		locked	1717527425870	1717527425872	OK	 
REQUEST		locked	1717527425871	1717527425872	OK	 
REQUEST		locked	1717527425870	1717527425872	OK	 
REQUEST		locked	1717527425871	1717527425873	OK	 
REQUEST		locked	1717527425890	1717527425893	OK	 
REQUEST		locked	1717527425890	1717527425893	OK	 
REQUEST		locked	1717527425891	1717527425893	OK	 
REQUEST		locked	1717527425891	1717527425893	OK	 
REQUEST		locked	1717527425892	1717527425894	OK	 
REQUEST		locked	1717527425892	1717527425894	OK	 
REQUEST		locked	1717527425906	1717527425907	OK	 
REQUEST		locked	1717527425906	1717527425908	OK	 
REQUEST		locked	1717527425931	1717527425932	OK	 
REQUEST		nextRound	1717527426493	1717527426494	OK	 
REQUEST		remainingDices	1717527427709	1717527427711	OK	 
REQUEST		remainingDices	1717527427716	1717527427717	OK	 
REQUEST		remainingDices	1717527427721	1717527427722	OK	 
REQUEST		remainingDices	1717527427727	1717527427728	OK	 
REQUEST		remainingDices	1717527427736	1717527427737	OK	 
REQUEST		remainingDices	1717527427754	1717527427755	OK	 
REQUEST		remainingDices	1717527427754	1717527427756	OK	 
REQUEST		remainingDices	1717527427766	1717527427767	OK	 
REQUEST		remainingDices	1717527427766	1717527427767	OK	 
REQUEST		remainingDices	1717527427766	1717527427767	OK	 
REQUEST		remainingDices	1717527427766	1717527427767	OK	 
REQUEST		remainingDices	1717527427769	1717527427771	OK	 
REQUEST		remainingDices	1717527427770	1717527427772	OK	 
REQUEST		remainingDices	1717527427770	1717527427772	OK	 
REQUEST		remainingDices	1717527427776	1717527427777	OK	 
REQUEST		remainingDices	1717527427776	1717527427778	OK	 
REQUEST		remainingDices	1717527427776	1717527427778	OK	 
REQUEST		remainingDices	1717527427785	1717527427787	OK	 
REQUEST		remainingDices	1717527427786	1717527427787	OK	 
REQUEST		remainingDices	1717527427786	1717527427788	OK	 
REQUEST		remainingDices	1717527427786	1717527427788	OK	 
REQUEST		remainingDices	1717527427786	1717527427788	OK	 
REQUEST		remainingDices	1717527427796	1717527427797	OK	 
REQUEST		remainingDices	1717527427796	1717527427798	OK	 
REQUEST		remainingDices	1717527427799	1717527427801	OK	 
REQUEST		remainingDices	1717527427803	1717527427804	OK	 
REQUEST		remainingDices	1717527427802	1717527427804	OK	 
REQUEST		remainingDices	1717527427803	1717527427805	OK	 
REQUEST		remainingDices	1717527427806	1717527427807	OK	 
REQUEST		remainingDices	1717527427806	1717527427807	OK	 
REQUEST		remainingDices	1717527427805	1717527427807	OK	 
REQUEST		remainingDices	1717527427805	1717527427807	OK	 
REQUEST		remainingDices	1717527427806	1717527427807	OK	 
REQUEST		remainingDices	1717527427806	1717527427807	OK	 
REQUEST		remainingDices	1717527427806	1717527427808	OK	 
REQUEST		remainingDices	1717527427814	1717527427816	OK	 
REQUEST		remainingDices	1717527427814	1717527427816	OK	 
REQUEST		remainingDices	1717527427821	1717527427822	OK	 
REQUEST		remainingDices	1717527427821	1717527427822	OK	 
REQUEST		remainingDices	1717527427821	1717527427822	OK	 
REQUEST		remainingDices	1717527427821	1717527427823	OK	 
REQUEST		remainingDices	1717527427824	1717527427826	OK	 
REQUEST		remainingDices	1717527427824	1717527427826	OK	 
REQUEST		remainingDices	1717527427825	1717527427826	OK	 
REQUEST		remainingDices	1717527427825	1717527427826	OK	 
REQUEST		remainingDices	1717527427836	1717527427837	OK	 
REQUEST		remainingDices	1717527427836	1717527427838	OK	 
REQUEST		remainingDices	1717527427837	1717527427838	OK	 
REQUEST		remainingDices	1717527427838	1717527427839	OK	 
REQUEST		remainingDices	1717527427839	1717527427841	OK	 
REQUEST		remainingDices	1717527427839	1717527427841	OK	 
REQUEST		remainingDices	1717527427840	1717527427842	OK	 
REQUEST		remainingDices	1717527427841	1717527427843	OK	 
REQUEST		remainingDices	1717527427841	1717527427843	OK	 
REQUEST		remainingDices	1717527427840	1717527427843	OK	 
REQUEST		remainingDices	1717527427841	1717527427843	OK	 
REQUEST		remainingDices	1717527427841	1717527427843	OK	 
REQUEST		remainingDices	1717527427856	1717527427857	OK	 
REQUEST		remainingDices	1717527427856	1717527427857	OK	 
REQUEST		remainingDices	1717527427856	1717527427858	OK	 
REQUEST		remainingDices	1717527427856	1717527427858	OK	 
REQUEST		remainingDices	1717527427856	1717527427858	OK	 
REQUEST		remainingDices	1717527427856	1717527427858	OK	 
REQUEST		remainingDices	1717527427857	1717527427858	OK	 
REQUEST		remainingDices	1717527427856	1717527427858	OK	 
REQUEST		remainingDices	1717527427857	1717527427858	OK	 
REQUEST		remainingDices	1717527427857	1717527427859	OK	 
REQUEST		remainingDices	1717527427857	1717527427859	OK	 
REQUEST		remainingDices	1717527427857	1717527427860	OK	 
REQUEST		remainingDices	1717527427861	1717527427863	OK	 
REQUEST		remainingDices	1717527427861	1717527427863	OK	 
REQUEST		remainingDices	1717527427862	1717527427863	OK	 
REQUEST		remainingDices	1717527427862	1717527427863	OK	 
REQUEST		remainingDices	1717527427862	1717527427864	OK	 
REQUEST		remainingDices	1717527427862	1717527427864	OK	 
REQUEST		remainingDices	1717527427866	1717527427868	OK	 
REQUEST		remainingDices	1717527427866	1717527427868	OK	 
REQUEST		remainingDices	1717527427867	1717527427869	OK	 
REQUEST		remainingDices	1717527427876	1717527427877	OK	 
REQUEST		remainingDices	1717527427876	1717527427877	OK	 
REQUEST		remainingDices	1717527427886	1717527427887	OK	 
REQUEST		remainingDices	1717527427886	1717527427887	OK	 
REQUEST		remainingDices	1717527427886	1717527427887	OK	 
REQUEST		remainingDices	1717527427886	1717527427887	OK	 
REQUEST		remainingDices	1717527427886	1717527427887	OK	 
REQUEST		remainingDices	1717527427886	1717527427887	OK	 
REQUEST		remainingDices	1717527427886	1717527427888	OK	 
REQUEST		remainingDices	1717527427886	1717527427888	OK	 
REQUEST		remainingDices	1717527427886	1717527427888	OK	 
REQUEST		remainingDices	1717527427886	1717527427888	OK	 
REQUEST		remainingDices	1717527427886	1717527427888	OK	 
REQUEST		remainingDices	1717527427887	1717527427888	OK	 
REQUEST		remainingDices	1717527427906	1717527427908	OK	 
REQUEST		remainingDices	1717527427906	1717527427908	OK	 
REQUEST		remainingDices	1717527427906	1717527427908	OK	 
REQUEST		remainingDices	1717527427906	1717527427908	OK	 
REQUEST		remainingDices	1717527427907	1717527427909	OK	 
REQUEST		remainingDices	1717527427907	1717527427909	OK	 
REQUEST		remainingDices	1717527427916	1717527427917	OK	 
REQUEST		remainingDices	1717527427917	1717527427918	OK	 
REQUEST		remainingDices	1717527427953	1717527427954	OK	 
REQUEST		inCup	1717527428519	1717527428520	OK	 
REQUEST		result	1717527429725	1717527429727	OK	 
USER	RecordedSimulation	END	1717527429728
REQUEST		result	1717527429729	1717527429730	OK	 
USER	RecordedSimulation	END	1717527429731
REQUEST		result	1717527429746	1717527429747	OK	 
USER	RecordedSimulation	END	1717527429748
REQUEST		result	1717527429751	1717527429753	OK	 
USER	RecordedSimulation	END	1717527429754
REQUEST		result	1717527429762	1717527429763	OK	 
USER	RecordedSimulation	END	1717527429764
REQUEST		result	1717527429776	1717527429777	OK	 
USER	RecordedSimulation	END	1717527429778
REQUEST		result	1717527429776	1717527429779	OK	 
USER	RecordedSimulation	END	1717527429780
REQUEST		result	1717527429786	1717527429787	OK	 
USER	RecordedSimulation	END	1717527429788
REQUEST		result	1717527429786	1717527429788	OK	 
USER	RecordedSimulation	END	1717527429789
REQUEST		result	1717527429786	1717527429789	OK	 
USER	RecordedSimulation	END	1717527429790
REQUEST		result	1717527429791	1717527429792	OK	 
REQUEST		result	1717527429791	1717527429792	OK	 
REQUEST		result	1717527429791	1717527429792	OK	 
USER	RecordedSimulation	END	1717527429793
USER	RecordedSimulation	END	1717527429793
REQUEST		result	1717527429791	1717527429793	OK	 
REQUEST		result	1717527429791	1717527429793	OK	 
USER	RecordedSimulation	END	1717527429793
REQUEST		result	1717527429791	1717527429793	OK	 
USER	RecordedSimulation	END	1717527429794
USER	RecordedSimulation	END	1717527429794
USER	RecordedSimulation	END	1717527429795
REQUEST		result	1717527429792	1717527429795	OK	 
USER	RecordedSimulation	END	1717527429796
REQUEST		result	1717527429806	1717527429807	OK	 
REQUEST		result	1717527429806	1717527429807	OK	 
REQUEST		result	1717527429806	1717527429807	OK	 
REQUEST		result	1717527429806	1717527429808	OK	 
USER	RecordedSimulation	END	1717527429808
USER	RecordedSimulation	END	1717527429808
USER	RecordedSimulation	END	1717527429809
USER	RecordedSimulation	END	1717527429809
REQUEST		result	1717527429807	1717527429809	OK	 
REQUEST		result	1717527429806	1717527429809	OK	 
REQUEST		result	1717527429807	1717527429809	OK	 
USER	RecordedSimulation	END	1717527429810
USER	RecordedSimulation	END	1717527429810
USER	RecordedSimulation	END	1717527429810
REQUEST		result	1717527429807	1717527429810	OK	 
USER	RecordedSimulation	END	1717527429812
REQUEST		result	1717527429809	1717527429812	OK	 
USER	RecordedSimulation	END	1717527429814
REQUEST		result	1717527429810	1717527429814	OK	 
USER	RecordedSimulation	END	1717527429815
REQUEST		result	1717527429811	1717527429816	OK	 
USER	RecordedSimulation	END	1717527429818
REQUEST		result	1717527429816	1717527429819	OK	 
REQUEST		result	1717527429816	1717527429819	OK	 
USER	RecordedSimulation	END	1717527429820
USER	RecordedSimulation	END	1717527429820
REQUEST		result	1717527429817	1717527429820	OK	 
REQUEST		result	1717527429817	1717527429820	OK	 
USER	RecordedSimulation	END	1717527429821
USER	RecordedSimulation	END	1717527429821
REQUEST		result	1717527429818	1717527429821	OK	 
REQUEST		result	1717527429818	1717527429821	OK	 
USER	RecordedSimulation	END	1717527429822
USER	RecordedSimulation	END	1717527429822
REQUEST		result	1717527429826	1717527429827	OK	 
USER	RecordedSimulation	END	1717527429829
REQUEST		result	1717527429830	1717527429831	OK	 
USER	RecordedSimulation	END	1717527429832
REQUEST		result	1717527429836	1717527429837	OK	 
USER	RecordedSimulation	END	1717527429838
REQUEST		result	1717527429839	1717527429841	OK	 
REQUEST		result	1717527429839	1717527429841	OK	 
USER	RecordedSimulation	END	1717527429841
USER	RecordedSimulation	END	1717527429842
REQUEST		result	1717527429846	1717527429848	OK	 
REQUEST		result	1717527429846	1717527429848	OK	 
REQUEST		result	1717527429846	1717527429848	OK	 
USER	RecordedSimulation	END	1717527429849
USER	RecordedSimulation	END	1717527429849
REQUEST		result	1717527429846	1717527429848	OK	 
USER	RecordedSimulation	END	1717527429849
REQUEST		result	1717527429847	1717527429849	OK	 
USER	RecordedSimulation	END	1717527429850
REQUEST		result	1717527429847	1717527429850	OK	 
USER	RecordedSimulation	END	1717527429850
USER	RecordedSimulation	END	1717527429851
REQUEST		result	1717527429848	1717527429851	OK	 
USER	RecordedSimulation	END	1717527429852
REQUEST		result	1717527429856	1717527429857	OK	 
USER	RecordedSimulation	END	1717527429858
REQUEST		result	1717527429856	1717527429858	OK	 
USER	RecordedSimulation	END	1717527429860
REQUEST		result	1717527429859	1717527429862	OK	 
REQUEST		result	1717527429860	1717527429864	OK	 
USER	RecordedSimulation	END	1717527429864
REQUEST		result	1717527429859	1717527429864	OK	 
USER	RecordedSimulation	END	1717527429865
REQUEST		result	1717527429861	1717527429866	OK	 
USER	RecordedSimulation	END	1717527429866
REQUEST		result	1717527429860	1717527429866	OK	 
REQUEST		result	1717527429860	1717527429866	OK	 
USER	RecordedSimulation	END	1717527429867
USER	RecordedSimulation	END	1717527429867
REQUEST		result	1717527429862	1717527429867	OK	 
REQUEST		result	1717527429866	1717527429867	OK	 
REQUEST		result	1717527429865	1717527429867	OK	 
REQUEST		result	1717527429866	1717527429867	OK	 
USER	RecordedSimulation	END	1717527429868
REQUEST		result	1717527429866	1717527429868	OK	 
REQUEST		result	1717527429866	1717527429868	OK	 
USER	RecordedSimulation	END	1717527429868
USER	RecordedSimulation	END	1717527429868
USER	RecordedSimulation	END	1717527429868
REQUEST		result	1717527429866	1717527429868	OK	 
USER	RecordedSimulation	END	1717527429869
USER	RecordedSimulation	END	1717527429869
REQUEST		result	1717527429867	1717527429869	OK	 
USER	RecordedSimulation	END	1717527429870
REQUEST		result	1717527429861	1717527429870	OK	 
REQUEST		result	1717527429867	1717527429870	OK	 
REQUEST		result	1717527429866	1717527429871	OK	 
USER	RecordedSimulation	END	1717527429871
USER	RecordedSimulation	END	1717527429871
REQUEST		result	1717527429863	1717527429871	OK	 
REQUEST		result	1717527429865	1717527429871	OK	 
USER	RecordedSimulation	END	1717527429872
USER	RecordedSimulation	END	1717527429872
REQUEST		result	1717527429866	1717527429872	OK	 
USER	RecordedSimulation	END	1717527429872
REQUEST		result	1717527429868	1717527429872	OK	 
REQUEST		result	1717527429867	1717527429872	OK	 
USER	RecordedSimulation	END	1717527429872
USER	RecordedSimulation	END	1717527429872
USER	RecordedSimulation	END	1717527429873
REQUEST		result	1717527429867	1717527429874	OK	 
USER	RecordedSimulation	END	1717527429874
REQUEST		result	1717527429867	1717527429874	OK	 
USER	RecordedSimulation	END	1717527429874
USER	RecordedSimulation	END	1717527429874
USER	RecordedSimulation	END	1717527429875
REQUEST		result	1717527429867	1717527429875	OK	 
USER	RecordedSimulation	END	1717527429876
REQUEST		result	1717527429876	1717527429877	OK	 
REQUEST		result	1717527429876	1717527429878	OK	 
USER	RecordedSimulation	END	1717527429879
USER	RecordedSimulation	END	1717527429879
REQUEST		result	1717527429876	1717527429879	OK	 
REQUEST		result	1717527429876	1717527429879	OK	 
USER	RecordedSimulation	END	1717527429880
USER	RecordedSimulation	END	1717527429881
REQUEST		result	1717527429877	1717527429881	OK	 
USER	RecordedSimulation	END	1717527429882
REQUEST		result	1717527429896	1717527429898	OK	 
USER	RecordedSimulation	END	1717527429899
REQUEST		result	1717527429896	1717527429899	OK	 
USER	RecordedSimulation	END	1717527429901
REQUEST		result	1717527429897	1717527429901	OK	 
USER	RecordedSimulation	END	1717527429902
REQUEST		result	1717527429900	1717527429902	OK	 
REQUEST		result	1717527429898	1717527429902	OK	 
USER	RecordedSimulation	END	1717527429903
USER	RecordedSimulation	END	1717527429903
REQUEST		result	1717527429901	1717527429903	OK	 
USER	RecordedSimulation	END	1717527429904
REQUEST		result	1717527429906	1717527429908	OK	 
USER	RecordedSimulation	END	1717527429909
REQUEST		result	1717527429907	1717527429910	OK	 
USER	RecordedSimulation	END	1717527429911
REQUEST		result	1717527429907	1717527429912	OK	 
REQUEST		result	1717527429911	1717527429914	OK	 
REQUEST		result	1717527429911	1717527429913	OK	 
USER	RecordedSimulation	END	1717527429914
USER	RecordedSimulation	END	1717527429914
USER	RecordedSimulation	END	1717527429915
REQUEST		result	1717527429912	1717527429915	OK	 
REQUEST		result	1717527429912	1717527429915	OK	 
USER	RecordedSimulation	END	1717527429916
USER	RecordedSimulation	END	1717527429916
REQUEST		result	1717527429913	1717527429916	OK	 
USER	RecordedSimulation	END	1717527429917
REQUEST		result	1717527429926	1717527429927	OK	 
REQUEST		result	1717527429926	1717527429928	OK	 
REQUEST		result	1717527429926	1717527429928	OK	 
USER	RecordedSimulation	END	1717527429929
USER	RecordedSimulation	END	1717527429930
REQUEST		result	1717527429926	1717527429930	OK	 
REQUEST		result	1717527429926	1717527429930	OK	 
REQUEST		result	1717527429927	1717527429930	OK	 
USER	RecordedSimulation	END	1717527429930
USER	RecordedSimulation	END	1717527429931
USER	RecordedSimulation	END	1717527429931
USER	RecordedSimulation	END	1717527429931
REQUEST		result	1717527429927	1717527429931	OK	 
REQUEST		result	1717527429927	1717527429931	OK	 
USER	RecordedSimulation	END	1717527429932
USER	RecordedSimulation	END	1717527429932
REQUEST		result	1717527429970	1717527429971	OK	 
USER	RecordedSimulation	END	1717527429972
REQUEST		locked	1717527430544	1717527430546	OK	 
REQUEST		remainingDices	1717527432571	1717527432572	OK	 
REQUEST		result	1717527434576	1717527434577	OK	 
USER	RecordedSimulation	END	1717527434578
