RUN	it.persistence.PersistenceLoadItSimulation	persistenceloaditsimulation	1717491726905	 	3.11.3
USER	RecordedSimulation	START	1717491727583
REQUEST		ping	1717491727579	1717491727603	OK	 
USER	RecordedSimulation	START	1717491729536
REQUEST		ping	1717491729535	1717491729543	OK	 
USER	RecordedSimulation	START	1717491731527
REQUEST		ping	1717491731526	1717491731534	OK	 
USER	RecordedSimulation	START	1717491733527
REQUEST		ping	1717491733526	1717491733534	OK	 
USER	RecordedSimulation	START	1717491735528
REQUEST		ping	1717491735527	1717491735534	OK	 
REQUEST		saveField	1717491735629	1717491736147	OK	 
USER	RecordedSimulation	START	1717491737527
REQUEST		ping	1717491737526	1717491737533	OK	 
REQUEST		saveField	1717491737544	1717491737805	OK	 
REQUEST		saveGame	1717491739148	1717491739206	OK	 
USER	RecordedSimulation	START	1717491739527
REQUEST		ping	1717491739526	1717491739534	OK	 
REQUEST		saveField	1717491739536	1717491739773	OK	 
REQUEST		saveGame	1717491740806	1717491740856	OK	 
USER	RecordedSimulation	START	1717491741528
REQUEST		ping	1717491741527	1717491741534	OK	 
REQUEST		saveField	1717491741535	1717491741730	OK	 
REQUEST		saveGame	1717491742774	1717491742837	OK	 
REQUEST		saveDiceCup	1717491743208	1717491743281	OK	 
USER	RecordedSimulation	START	1717491743528
REQUEST		ping	1717491743527	1717491743539	OK	 
REQUEST		saveField	1717491743536	1717491743807	OK	 
REQUEST		saveGame	1717491744731	1717491744775	OK	 
REQUEST		saveDiceCup	1717491744858	1717491744915	OK	 
USER	RecordedSimulation	START	1717491745528
REQUEST		ping	1717491745527	1717491745534	OK	 
REQUEST		saveField	1717491745535	1717491745710	OK	 
REQUEST		saveGame	1717491746809	1717491746855	OK	 
REQUEST		saveDiceCup	1717491746838	1717491746892	OK	 
REQUEST		saveField	1717491747535	1717491747686	OK	 
REQUEST		saveGame	1717491748711	1717491748752	OK	 
REQUEST		saveDiceCup	1717491748777	1717491748823	OK	 
REQUEST		saveField	1717491749535	1717491749682	OK	 
REQUEST		saveGame	1717491750687	1717491750728	OK	 
REQUEST		saveDiceCup	1717491750857	1717491750905	OK	 
REQUEST		saveField	1717491751541	1717491751688	OK	 
REQUEST		loadGame	1717491752283	1717491752317	OK	 
REQUEST		saveGame	1717491752683	1717491752729	OK	 
REQUEST		saveDiceCup	1717491752753	1717491752803	OK	 
REQUEST		saveField	1717491753535	1717491753668	OK	 
REQUEST		loadGame	1717491753916	1717491753946	OK	 
REQUEST		saveGame	1717491754689	1717491754723	OK	 
REQUEST		saveDiceCup	1717491754729	1717491754772	OK	 
REQUEST		loadGame	1717491755893	1717491755928	OK	 
REQUEST		saveGame	1717491756669	1717491756705	OK	 
REQUEST		saveDiceCup	1717491756731	1717491756772	OK	 
REQUEST		loadGame	1717491757825	1717491757843	OK	 
REQUEST		saveDiceCup	1717491758725	1717491758770	OK	 
REQUEST		loadGame	1717491759906	1717491759927	OK	 
REQUEST		saveDiceCup	1717491760706	1717491760747	OK	 
REQUEST		loadDiceCup	1717491761318	1717491761340	OK	 
REQUEST		loadGame	1717491761805	1717491761823	OK	 
REQUEST		loadDiceCup	1717491762947	1717491762966	OK	 
REQUEST		loadGame	1717491763774	1717491763793	OK	 
REQUEST		loadDiceCup	1717491764930	1717491764955	OK	 
REQUEST		loadGame	1717491765773	1717491765791	OK	 
REQUEST		loadDiceCup	1717491766845	1717491766866	OK	 
REQUEST		loadGame	1717491767771	1717491767792	OK	 
REQUEST		loadDiceCup	1717491768928	1717491768947	OK	 
REQUEST		loadGame	1717491769748	1717491769770	OK	 
REQUEST		loadDiceCup	1717491770824	1717491770843	OK	 
REQUEST		loadDiceCup	1717491772794	1717491772812	OK	 
REQUEST		loadDiceCup	1717491774792	1717491774810	OK	 
REQUEST		loadDiceCup	1717491776793	1717491776819	OK	 
REQUEST		loadDiceCup	1717491778771	1717491778787	OK	 
REQUEST		loadField	1717491782341	1717491782363	OK	 
USER	RecordedSimulation	END	1717491782365
REQUEST		loadField	1717491783967	1717491783990	OK	 
USER	RecordedSimulation	END	1717491783990
REQUEST		loadField	1717491785956	1717491785977	OK	 
USER	RecordedSimulation	END	1717491785978
REQUEST		loadField	1717491787867	1717491787886	OK	 
USER	RecordedSimulation	END	1717491787887
REQUEST		loadField	1717491789948	1717491789966	OK	 
USER	RecordedSimulation	END	1717491789966
REQUEST		loadField	1717491791844	1717491791864	OK	 
USER	RecordedSimulation	END	1717491791864
REQUEST		loadField	1717491793813	1717491793848	OK	 
USER	RecordedSimulation	END	1717491793849
REQUEST		loadField	1717491795811	1717491795829	OK	 
USER	RecordedSimulation	END	1717491795830
REQUEST		loadField	1717491797820	1717491797837	OK	 
USER	RecordedSimulation	END	1717491797838
REQUEST		loadField	1717491799788	1717491799813	OK	 
USER	RecordedSimulation	END	1717491799813
