RUN	it.field.FieldEnduranceItSimulation	fieldenduranceitsimulation	1717570432402	 	3.11.3
USER	RecordedSimulation	START	1717570434444
REQUEST		new	1717570434436	1717570434458	OK	 
USER	RecordedSimulation	START	1717570436314
REQUEST		new	1717570436312	1717570436321	OK	 
REQUEST		putMulti	1717570437514	1717570437526	OK	 
USER	RecordedSimulation	START	1717570438308
REQUEST		new	1717570438306	1717570438317	OK	 
REQUEST		putMulti	1717570439326	1717570439329	OK	 
REQUEST		undoMove	1717570439533	1717570439536	OK	 
USER	RecordedSimulation	START	1717570441304
REQUEST		new	1717570441303	1717570441310	OK	 
REQUEST		putMulti	1717570441325	1717570441329	OK	 
REQUEST		undoMove	1717570441334	1717570441338	OK	 
REQUEST		cell	1717570442544	1717570442547	OK	 
USER	RecordedSimulation	START	1717570443307
REQUEST		new	1717570443305	1717570443320	OK	 
REQUEST		undoMove	1717570443336	1717570443339	OK	 
REQUEST		putMulti	1717570444319	1717570444322	OK	 
REQUEST		cell	1717570444346	1717570444349	OK	 
REQUEST		numberOfPlayers	1717570445555	1717570445558	OK	 
USER	RecordedSimulation	START	1717570446305
REQUEST		new	1717570446302	1717570446311	OK	 
REQUEST		putMulti	1717570446328	1717570446332	OK	 
REQUEST		undoMove	1717570446328	1717570446332	OK	 
REQUEST		cell	1717570446347	1717570446351	OK	 
REQUEST		numberOfPlayers	1717570447356	1717570447359	OK	 
USER	RecordedSimulation	START	1717570448303
REQUEST		new	1717570448302	1717570448307	OK	 
REQUEST		undoMove	1717570448336	1717570448339	OK	 
REQUEST		isEmpty	1717570448565	1717570448568	OK	 
REQUEST		putMulti	1717570449315	1717570449318	OK	 
REQUEST		cell	1717570449336	1717570449339	OK	 
REQUEST		numberOfPlayers	1717570449360	1717570449363	OK	 
USER	RecordedSimulation	START	1717570450307
REQUEST		new	1717570450305	1717570450316	OK	 
REQUEST		isEmpty	1717570450367	1717570450371	OK	 
REQUEST		putMulti	1717570451309	1717570451313	OK	 
REQUEST		undoMove	1717570451326	1717570451330	OK	 
REQUEST		cell	1717570451342	1717570451345	OK	 
REQUEST		mesh	1717570451575	1717570451578	OK	 
USER	RecordedSimulation	END	1717570451585
REQUEST		numberOfPlayers	1717570452347	1717570452350	OK	 
REQUEST		isEmpty	1717570452367	1717570452369	OK	 
USER	RecordedSimulation	START	1717570453306
REQUEST		new	1717570453305	1717570453312	OK	 
REQUEST		undoMove	1717570453321	1717570453325	OK	 
REQUEST		putMulti	1717570453324	1717570453328	OK	 
REQUEST		mesh	1717570453379	1717570453382	OK	 
USER	RecordedSimulation	END	1717570453384
REQUEST		cell	1717570454335	1717570454338	OK	 
REQUEST		numberOfPlayers	1717570454354	1717570454356	OK	 
USER	RecordedSimulation	START	1717570455306
REQUEST		new	1717570455305	1717570455312	OK	 
REQUEST		undoMove	1717570455336	1717570455340	OK	 
REQUEST		isEmpty	1717570455352	1717570455356	OK	 
REQUEST		mesh	1717570455376	1717570455379	OK	 
USER	RecordedSimulation	END	1717570455381
REQUEST		putMulti	1717570456315	1717570456318	OK	 
REQUEST		cell	1717570456333	1717570456335	OK	 
REQUEST		numberOfPlayers	1717570457346	1717570457348	OK	 
REQUEST		isEmpty	1717570457364	1717570457366	OK	 
USER	RecordedSimulation	START	1717570458306
REQUEST		new	1717570458304	1717570458320	OK	 
REQUEST		putMulti	1717570458319	1717570458322	OK	 
REQUEST		undoMove	1717570458322	1717570458325	OK	 
REQUEST		cell	1717570458348	1717570458351	OK	 
REQUEST		mesh	1717570458364	1717570458368	OK	 
USER	RecordedSimulation	END	1717570458369
REQUEST		numberOfPlayers	1717570459343	1717570459346	OK	 
USER	RecordedSimulation	START	1717570460307
REQUEST		new	1717570460305	1717570460314	OK	 
REQUEST		undoMove	1717570460329	1717570460332	OK	 
REQUEST		isEmpty	1717570460356	1717570460368	OK	 
REQUEST		mesh	1717570460370	1717570460373	OK	 
USER	RecordedSimulation	END	1717570460376
REQUEST		putMulti	1717570461322	1717570461325	OK	 
REQUEST		cell	1717570461332	1717570461335	OK	 
REQUEST		numberOfPlayers	1717570461359	1717570461362	OK	 
USER	RecordedSimulation	START	1717570462306
REQUEST		new	1717570462305	1717570462323	OK	 
REQUEST		isEmpty	1717570462354	1717570462358	OK	 
REQUEST		putMulti	1717570463322	1717570463325	OK	 
REQUEST		undoMove	1717570463333	1717570463336	OK	 
REQUEST		cell	1717570463340	1717570463342	OK	 
REQUEST		mesh	1717570463376	1717570463379	OK	 
USER	RecordedSimulation	END	1717570463380
REQUEST		numberOfPlayers	1717570464342	1717570464345	OK	 
REQUEST		isEmpty	1717570464366	1717570464368	OK	 
USER	RecordedSimulation	START	1717570465306
REQUEST		new	1717570465304	1717570465311	OK	 
REQUEST		putMulti	1717570465325	1717570465329	OK	 
REQUEST		undoMove	1717570465333	1717570465335	OK	 
REQUEST		mesh	1717570465366	1717570465369	OK	 
USER	RecordedSimulation	END	1717570465370
REQUEST		cell	1717570466339	1717570466341	OK	 
REQUEST		numberOfPlayers	1717570466350	1717570466353	OK	 
USER	RecordedSimulation	START	1717570467306
REQUEST		new	1717570467305	1717570467311	OK	 
REQUEST		undoMove	1717570467334	1717570467337	OK	 
REQUEST		isEmpty	1717570467353	1717570467356	OK	 
REQUEST		mesh	1717570467376	1717570467379	OK	 
USER	RecordedSimulation	END	1717570467380
REQUEST		putMulti	1717570468319	1717570468322	OK	 
REQUEST		cell	1717570468343	1717570468346	OK	 
REQUEST		numberOfPlayers	1717570469349	1717570469352	OK	 
REQUEST		isEmpty	1717570469361	1717570469365	OK	 
USER	RecordedSimulation	START	1717570470305
REQUEST		new	1717570470305	1717570470311	OK	 
REQUEST		putMulti	1717570470314	1717570470317	OK	 
REQUEST		undoMove	1717570470331	1717570470333	OK	 
REQUEST		cell	1717570470345	1717570470349	OK	 
REQUEST		mesh	1717570470364	1717570470368	OK	 
USER	RecordedSimulation	END	1717570470369
REQUEST		numberOfPlayers	1717570471355	1717570471358	OK	 
USER	RecordedSimulation	START	1717570472305
REQUEST		new	1717570472305	1717570472311	OK	 
REQUEST		undoMove	1717570472325	1717570472328	OK	 
REQUEST		isEmpty	1717570472361	1717570472363	OK	 
REQUEST		mesh	1717570472373	1717570472375	OK	 
USER	RecordedSimulation	END	1717570472376
REQUEST		putMulti	1717570473319	1717570473322	OK	 
REQUEST		cell	1717570473341	1717570473344	OK	 
REQUEST		numberOfPlayers	1717570473357	1717570473360	OK	 
USER	RecordedSimulation	START	1717570474302
REQUEST		new	1717570474301	1717570474309	OK	 
REQUEST		isEmpty	1717570474366	1717570474368	OK	 
REQUEST		putMulti	1717570475319	1717570475322	OK	 
REQUEST		undoMove	1717570475330	1717570475333	OK	 
REQUEST		cell	1717570475335	1717570475338	OK	 
REQUEST		mesh	1717570475366	1717570475369	OK	 
USER	RecordedSimulation	END	1717570475370
REQUEST		numberOfPlayers	1717570476352	1717570476354	OK	 
REQUEST		isEmpty	1717570476368	1717570476370	OK	 
USER	RecordedSimulation	START	1717570477306
REQUEST		new	1717570477305	1717570477312	OK	 
REQUEST		putMulti	1717570477315	1717570477318	OK	 
REQUEST		undoMove	1717570477329	1717570477333	OK	 
REQUEST		mesh	1717570477376	1717570477379	OK	 
USER	RecordedSimulation	END	1717570477381
REQUEST		cell	1717570478338	1717570478341	OK	 
REQUEST		numberOfPlayers	1717570478346	1717570478349	OK	 
USER	RecordedSimulation	START	1717570479303
REQUEST		new	1717570479302	1717570479309	OK	 
REQUEST		undoMove	1717570479320	1717570479322	OK	 
REQUEST		isEmpty	1717570479359	1717570479362	OK	 
REQUEST		mesh	1717570479378	1717570479381	OK	 
USER	RecordedSimulation	END	1717570479382
REQUEST		putMulti	1717570480320	1717570480324	OK	 
REQUEST		cell	1717570480342	1717570480344	OK	 
REQUEST		numberOfPlayers	1717570481349	1717570481352	OK	 
REQUEST		isEmpty	1717570481356	1717570481358	OK	 
USER	RecordedSimulation	START	1717570482306
REQUEST		new	1717570482305	1717570482312	OK	 
REQUEST		putMulti	1717570482318	1717570482322	OK	 
REQUEST		undoMove	1717570482326	1717570482328	OK	 
REQUEST		cell	1717570482330	1717570482332	OK	 
REQUEST		mesh	1717570482370	1717570482373	OK	 
USER	RecordedSimulation	END	1717570482374
REQUEST		numberOfPlayers	1717570483346	1717570483349	OK	 
USER	RecordedSimulation	START	1717570484306
REQUEST		new	1717570484305	1717570484311	OK	 
REQUEST		undoMove	1717570484329	1717570484333	OK	 
REQUEST		isEmpty	1717570484358	1717570484362	OK	 
REQUEST		mesh	1717570484366	1717570484369	OK	 
USER	RecordedSimulation	END	1717570484373
REQUEST		putMulti	1717570485319	1717570485322	OK	 
REQUEST		cell	1717570485336	1717570485338	OK	 
REQUEST		numberOfPlayers	1717570485340	1717570485342	OK	 
USER	RecordedSimulation	START	1717570486306
REQUEST		new	1717570486305	1717570486311	OK	 
REQUEST		isEmpty	1717570486357	1717570486359	OK	 
REQUEST		putMulti	1717570487319	1717570487321	OK	 
REQUEST		undoMove	1717570487329	1717570487331	OK	 
REQUEST		cell	1717570487341	1717570487343	OK	 
REQUEST		mesh	1717570487370	1717570487373	OK	 
USER	RecordedSimulation	END	1717570487374
REQUEST		numberOfPlayers	1717570488345	1717570488348	OK	 
REQUEST		isEmpty	1717570488349	1717570488351	OK	 
USER	RecordedSimulation	START	1717570489305
REQUEST		new	1717570489304	1717570489317	OK	 
REQUEST		putMulti	1717570489317	1717570489320	OK	 
REQUEST		undoMove	1717570489329	1717570489332	OK	 
REQUEST		mesh	1717570489366	1717570489370	OK	 
USER	RecordedSimulation	END	1717570489371
REQUEST		cell	1717570490338	1717570490340	OK	 
REQUEST		numberOfPlayers	1717570490352	1717570490355	OK	 
USER	RecordedSimulation	START	1717570491306
REQUEST		new	1717570491305	1717570491318	OK	 
REQUEST		undoMove	1717570491326	1717570491329	OK	 
REQUEST		isEmpty	1717570491352	1717570491354	OK	 
REQUEST		mesh	1717570491356	1717570491358	OK	 
USER	RecordedSimulation	END	1717570491359
REQUEST		putMulti	1717570492320	1717570492323	OK	 
REQUEST		cell	1717570492341	1717570492343	OK	 
REQUEST		numberOfPlayers	1717570493347	1717570493349	OK	 
REQUEST		isEmpty	1717570493362	1717570493365	OK	 
USER	RecordedSimulation	START	1717570494306
REQUEST		new	1717570494305	1717570494321	OK	 
REQUEST		putMulti	1717570494322	1717570494326	OK	 
REQUEST		undoMove	1717570494331	1717570494333	OK	 
REQUEST		cell	1717570494335	1717570494339	OK	 
REQUEST		mesh	1717570494356	1717570494359	OK	 
USER	RecordedSimulation	END	1717570494360
REQUEST		numberOfPlayers	1717570495350	1717570495352	OK	 
USER	RecordedSimulation	START	1717570496304
REQUEST		new	1717570496303	1717570496316	OK	 
REQUEST		undoMove	1717570496333	1717570496336	OK	 
REQUEST		isEmpty	1717570496356	1717570496358	OK	 
REQUEST		mesh	1717570496373	1717570496377	OK	 
USER	RecordedSimulation	END	1717570496378
REQUEST		putMulti	1717570497324	1717570497328	OK	 
REQUEST		cell	1717570497341	1717570497345	OK	 
REQUEST		numberOfPlayers	1717570497346	1717570497348	OK	 
USER	RecordedSimulation	START	1717570498300
REQUEST		new	1717570498299	1717570498306	OK	 
REQUEST		isEmpty	1717570498359	1717570498361	OK	 
REQUEST		putMulti	1717570499323	1717570499327	OK	 
REQUEST		undoMove	1717570499332	1717570499335	OK	 
REQUEST		cell	1717570499342	1717570499345	OK	 
REQUEST		mesh	1717570499365	1717570499368	OK	 
USER	RecordedSimulation	END	1717570499369
REQUEST		numberOfPlayers	1717570500353	1717570500355	OK	 
REQUEST		isEmpty	1717570500355	1717570500358	OK	 
USER	RecordedSimulation	START	1717570501306
REQUEST		new	1717570501305	1717570501312	OK	 
REQUEST		putMulti	1717570501309	1717570501312	OK	 
REQUEST		undoMove	1717570501329	1717570501331	OK	 
REQUEST		mesh	1717570501365	1717570501367	OK	 
USER	RecordedSimulation	END	1717570501368
REQUEST		cell	1717570502342	1717570502344	OK	 
REQUEST		numberOfPlayers	1717570502347	1717570502349	OK	 
USER	RecordedSimulation	START	1717570503307
REQUEST		undoMove	1717570503316	1717570503319	OK	 
REQUEST		new	1717570503305	1717570503334	OK	 
REQUEST		isEmpty	1717570503363	1717570503366	OK	 
REQUEST		mesh	1717570503367	1717570503370	OK	 
USER	RecordedSimulation	END	1717570503371
REQUEST		putMulti	1717570504315	1717570504318	OK	 
REQUEST		cell	1717570504339	1717570504342	OK	 
REQUEST		numberOfPlayers	1717570505352	1717570505354	OK	 
REQUEST		isEmpty	1717570505352	1717570505354	OK	 
USER	RecordedSimulation	START	1717570506306
REQUEST		new	1717570506304	1717570506311	OK	 
REQUEST		undoMove	1717570506319	1717570506321	OK	 
REQUEST		cell	1717570506323	1717570506325	OK	 
REQUEST		putMulti	1717570506341	1717570506345	OK	 
REQUEST		mesh	1717570506369	1717570506371	OK	 
USER	RecordedSimulation	END	1717570506372
REQUEST		numberOfPlayers	1717570507346	1717570507348	OK	 
USER	RecordedSimulation	START	1717570508306
REQUEST		new	1717570508305	1717570508310	OK	 
REQUEST		undoMove	1717570508352	1717570508354	OK	 
REQUEST		isEmpty	1717570508360	1717570508362	OK	 
REQUEST		mesh	1717570508361	1717570508364	OK	 
USER	RecordedSimulation	END	1717570508366
REQUEST		putMulti	1717570509319	1717570509322	OK	 
REQUEST		cell	1717570509329	1717570509333	OK	 
REQUEST		numberOfPlayers	1717570509333	1717570509336	OK	 
USER	RecordedSimulation	START	1717570510305
REQUEST		new	1717570510304	1717570510309	OK	 
REQUEST		isEmpty	1717570510356	1717570510358	OK	 
REQUEST		putMulti	1717570511318	1717570511320	OK	 
REQUEST		undoMove	1717570511329	1717570511332	OK	 
REQUEST		cell	1717570511362	1717570511364	OK	 
REQUEST		mesh	1717570511370	1717570511372	OK	 
USER	RecordedSimulation	END	1717570511374
REQUEST		isEmpty	1717570512341	1717570512343	OK	 
REQUEST		numberOfPlayers	1717570512341	1717570512343	OK	 
USER	RecordedSimulation	START	1717570513305
REQUEST		new	1717570513305	1717570513311	OK	 
REQUEST		putMulti	1717570513316	1717570513319	OK	 
REQUEST		undoMove	1717570513328	1717570513330	OK	 
REQUEST		mesh	1717570513362	1717570513364	OK	 
USER	RecordedSimulation	END	1717570513365
REQUEST		cell	1717570514340	1717570514343	OK	 
REQUEST		numberOfPlayers	1717570514371	1717570514373	OK	 
USER	RecordedSimulation	START	1717570515305
REQUEST		new	1717570515305	1717570515309	OK	 
REQUEST		undoMove	1717570515326	1717570515329	OK	 
REQUEST		mesh	1717570515346	1717570515348	OK	 
USER	RecordedSimulation	END	1717570515349
REQUEST		isEmpty	1717570515351	1717570515354	OK	 
REQUEST		putMulti	1717570516318	1717570516321	OK	 
REQUEST		cell	1717570516336	1717570516338	OK	 
REQUEST		numberOfPlayers	1717570517346	1717570517348	OK	 
REQUEST		isEmpty	1717570517376	1717570517378	OK	 
USER	RecordedSimulation	START	1717570518305
REQUEST		new	1717570518304	1717570518309	OK	 
REQUEST		putMulti	1717570518316	1717570518318	OK	 
REQUEST		undoMove	1717570518328	1717570518330	OK	 
REQUEST		cell	1717570518335	1717570518338	OK	 
REQUEST		mesh	1717570518363	1717570518366	OK	 
USER	RecordedSimulation	END	1717570518367
REQUEST		numberOfPlayers	1717570519346	1717570519349	OK	 
USER	RecordedSimulation	START	1717570520305
REQUEST		new	1717570520304	1717570520309	OK	 
REQUEST		undoMove	1717570520325	1717570520328	OK	 
REQUEST		isEmpty	1717570520349	1717570520351	OK	 
REQUEST		mesh	1717570520386	1717570520388	OK	 
USER	RecordedSimulation	END	1717570520390
REQUEST		putMulti	1717570521316	1717570521318	OK	 
REQUEST		cell	1717570521338	1717570521340	OK	 
REQUEST		numberOfPlayers	1717570521345	1717570521347	OK	 
USER	RecordedSimulation	START	1717570522305
REQUEST		new	1717570522304	1717570522315	OK	 
REQUEST		isEmpty	1717570522357	1717570522359	OK	 
REQUEST		putMulti	1717570523317	1717570523319	OK	 
REQUEST		undoMove	1717570523325	1717570523328	OK	 
REQUEST		cell	1717570523335	1717570523338	OK	 
REQUEST		mesh	1717570523359	1717570523361	OK	 
USER	RecordedSimulation	END	1717570523362
REQUEST		numberOfPlayers	1717570524347	1717570524349	OK	 
REQUEST		isEmpty	1717570524355	1717570524357	OK	 
USER	RecordedSimulation	START	1717570525300
REQUEST		new	1717570525299	1717570525304	OK	 
REQUEST		putMulti	1717570525323	1717570525326	OK	 
REQUEST		undoMove	1717570525327	1717570525330	OK	 
REQUEST		mesh	1717570525367	1717570525370	OK	 
USER	RecordedSimulation	END	1717570525371
REQUEST		cell	1717570526335	1717570526337	OK	 
REQUEST		numberOfPlayers	1717570526339	1717570526341	OK	 
USER	RecordedSimulation	START	1717570527303
REQUEST		new	1717570527302	1717570527307	OK	 
REQUEST		undoMove	1717570527332	1717570527334	OK	 
REQUEST		isEmpty	1717570527356	1717570527358	OK	 
REQUEST		mesh	1717570527365	1717570527368	OK	 
USER	RecordedSimulation	END	1717570527369
REQUEST		putMulti	1717570528312	1717570528316	OK	 
REQUEST		cell	1717570528336	1717570528342	OK	 
REQUEST		numberOfPlayers	1717570529345	1717570529348	OK	 
REQUEST		isEmpty	1717570529346	1717570529349	OK	 
USER	RecordedSimulation	START	1717570530305
REQUEST		new	1717570530304	1717570530309	OK	 
REQUEST		putMulti	1717570530315	1717570530318	OK	 
REQUEST		undoMove	1717570530323	1717570530326	OK	 
REQUEST		cell	1717570530336	1717570530337	OK	 
REQUEST		mesh	1717570530366	1717570530368	OK	 
USER	RecordedSimulation	END	1717570530369
REQUEST		numberOfPlayers	1717570531349	1717570531352	OK	 
USER	RecordedSimulation	START	1717570532305
REQUEST		new	1717570532304	1717570532316	OK	 
REQUEST		undoMove	1717570532325	1717570532327	OK	 
REQUEST		mesh	1717570532352	1717570532355	OK	 
USER	RecordedSimulation	END	1717570532356
REQUEST		isEmpty	1717570532355	1717570532358	OK	 
REQUEST		putMulti	1717570533316	1717570533319	OK	 
REQUEST		cell	1717570533333	1717570533335	OK	 
REQUEST		numberOfPlayers	1717570533345	1717570533347	OK	 
USER	RecordedSimulation	START	1717570534305
REQUEST		new	1717570534305	1717570534310	OK	 
REQUEST		isEmpty	1717570534359	1717570534361	OK	 
REQUEST		putMulti	1717570535323	1717570535325	OK	 
REQUEST		undoMove	1717570535326	1717570535328	OK	 
REQUEST		cell	1717570535335	1717570535337	OK	 
REQUEST		mesh	1717570535366	1717570535368	OK	 
USER	RecordedSimulation	END	1717570535369
REQUEST		numberOfPlayers	1717570536342	1717570536344	OK	 
REQUEST		isEmpty	1717570536355	1717570536357	OK	 
USER	RecordedSimulation	START	1717570537304
REQUEST		new	1717570537303	1717570537308	OK	 
REQUEST		putMulti	1717570537318	1717570537321	OK	 
REQUEST		undoMove	1717570537332	1717570537334	OK	 
REQUEST		mesh	1717570537369	1717570537371	OK	 
USER	RecordedSimulation	END	1717570537372
REQUEST		cell	1717570538335	1717570538337	OK	 
REQUEST		numberOfPlayers	1717570538344	1717570538347	OK	 
USER	RecordedSimulation	START	1717570539304
REQUEST		new	1717570539304	1717570539309	OK	 
REQUEST		undoMove	1717570539328	1717570539330	OK	 
REQUEST		isEmpty	1717570539418	1717570539421	OK	 
REQUEST		mesh	1717570539419	1717570539421	OK	 
USER	RecordedSimulation	END	1717570539422
REQUEST		putMulti	1717570540315	1717570540318	OK	 
REQUEST		cell	1717570540342	1717570540344	OK	 
REQUEST		numberOfPlayers	1717570541345	1717570541346	OK	 
REQUEST		isEmpty	1717570541354	1717570541356	OK	 
USER	RecordedSimulation	START	1717570542304
REQUEST		new	1717570542303	1717570542308	OK	 
REQUEST		putMulti	1717570542316	1717570542318	OK	 
REQUEST		undoMove	1717570542325	1717570542327	OK	 
REQUEST		cell	1717570542338	1717570542340	OK	 
REQUEST		mesh	1717570542429	1717570542431	OK	 
USER	RecordedSimulation	END	1717570542432
REQUEST		numberOfPlayers	1717570543351	1717570543353	OK	 
USER	RecordedSimulation	START	1717570544305
REQUEST		new	1717570544304	1717570544309	OK	 
REQUEST		undoMove	1717570544325	1717570544327	OK	 
REQUEST		isEmpty	1717570544354	1717570544357	OK	 
REQUEST		mesh	1717570544363	1717570544365	OK	 
USER	RecordedSimulation	END	1717570544366
REQUEST		putMulti	1717570545313	1717570545315	OK	 
REQUEST		cell	1717570545333	1717570545335	OK	 
REQUEST		numberOfPlayers	1717570545347	1717570545349	OK	 
USER	RecordedSimulation	START	1717570546299
REQUEST		new	1717570546299	1717570546304	OK	 
REQUEST		isEmpty	1717570546360	1717570546362	OK	 
REQUEST		putMulti	1717570547316	1717570547319	OK	 
REQUEST		undoMove	1717570547323	1717570547325	OK	 
REQUEST		cell	1717570547335	1717570547336	OK	 
REQUEST		mesh	1717570547364	1717570547367	OK	 
USER	RecordedSimulation	END	1717570547368
REQUEST		numberOfPlayers	1717570548336	1717570548338	OK	 
REQUEST		isEmpty	1717570548356	1717570548358	OK	 
USER	RecordedSimulation	START	1717570549304
REQUEST		new	1717570549304	1717570549308	OK	 
REQUEST		putMulti	1717570549306	1717570549308	OK	 
REQUEST		undoMove	1717570549326	1717570549328	OK	 
REQUEST		mesh	1717570549366	1717570549368	OK	 
USER	RecordedSimulation	END	1717570549369
REQUEST		cell	1717570550326	1717570550328	OK	 
REQUEST		numberOfPlayers	1717570550344	1717570550345	OK	 
USER	RecordedSimulation	START	1717570551305
REQUEST		new	1717570551304	1717570551308	OK	 
REQUEST		undoMove	1717570551315	1717570551317	OK	 
REQUEST		isEmpty	1717570551346	1717570551355	OK	 
REQUEST		mesh	1717570551365	1717570551368	OK	 
USER	RecordedSimulation	END	1717570551369
REQUEST		putMulti	1717570552312	1717570552314	OK	 
REQUEST		cell	1717570552332	1717570552334	OK	 
REQUEST		numberOfPlayers	1717570553334	1717570553336	OK	 
REQUEST		isEmpty	1717570553352	1717570553354	OK	 
REQUEST		putMulti	1717570554316	1717570554318	OK	 
REQUEST		undoMove	1717570554322	1717570554324	OK	 
REQUEST		cell	1717570554325	1717570554327	OK	 
REQUEST		mesh	1717570554362	1717570554364	OK	 
USER	RecordedSimulation	END	1717570554365
REQUEST		numberOfPlayers	1717570555342	1717570555344	OK	 
REQUEST		undoMove	1717570556325	1717570556327	OK	 
REQUEST		isEmpty	1717570556344	1717570556346	OK	 
REQUEST		mesh	1717570556362	1717570556364	OK	 
USER	RecordedSimulation	END	1717570556365
REQUEST		cell	1717570557331	1717570557332	OK	 
REQUEST		numberOfPlayers	1717570557334	1717570557336	OK	 
REQUEST		isEmpty	1717570558351	1717570558353	OK	 
REQUEST		cell	1717570559334	1717570559336	OK	 
REQUEST		mesh	1717570559353	1717570559355	OK	 
USER	RecordedSimulation	END	1717570559356
REQUEST		numberOfPlayers	1717570560340	1717570560342	OK	 
REQUEST		isEmpty	1717570560343	1717570560345	OK	 
REQUEST		mesh	1717570561356	1717570561358	OK	 
USER	RecordedSimulation	END	1717570561359
REQUEST		numberOfPlayers	1717570562344	1717570562346	OK	 
REQUEST		mesh	1717570563349	1717570563352	OK	 
REQUEST		isEmpty	1717570563349	1717570563351	OK	 
USER	RecordedSimulation	END	1717570563352
REQUEST		isEmpty	1717570565353	1717570565355	OK	 
REQUEST		mesh	1717570566359	1717570566361	OK	 
USER	RecordedSimulation	END	1717570566362
REQUEST		mesh	1717570568362	1717570568365	OK	 
USER	RecordedSimulation	END	1717570568366
