RUN	it.dicecup.DiceCupEnduranceItSimulation	dicecupenduranceitsimulation	1717528825916	 	3.11.3
USER	RecordedSimulation	START	1717528827940
REQUEST		indexOfField	1717528827930	1717528827957	OK	 
USER	RecordedSimulation	START	1717528829795
REQUEST		indexOfField	1717528829793	1717528829801	OK	 
REQUEST		dice	1717528830045	1717528830051	OK	 
USER	RecordedSimulation	START	1717528831811
REQUEST		indexOfField	1717528831809	1717528831818	OK	 
REQUEST		dice	1717528831831	1717528831834	OK	 
REQUEST		representation	1717528832080	1717528832083	OK	 
REQUEST		dice	1717528833845	1717528833849	OK	 
REQUEST		representation	1717528833845	1717528833849	OK	 
REQUEST		putOut	1717528834113	1717528834117	OK	 
USER	RecordedSimulation	START	1717528834804
REQUEST		indexOfField	1717528834803	1717528834810	OK	 
REQUEST		representation	1717528835880	1717528835886	OK	 
REQUEST		putOut	1717528835880	1717528835886	OK	 
USER	RecordedSimulation	START	1717528836808
REQUEST		indexOfField	1717528836805	1717528836814	OK	 
REQUEST		dice	1717528836822	1717528836825	OK	 
REQUEST		putIn	1717528837147	1717528837150	OK	 
REQUEST		putOut	1717528837911	1717528837915	OK	 
REQUEST		dice	1717528838837	1717528838841	OK	 
REQUEST		representation	1717528838855	1717528838858	OK	 
REQUEST		putIn	1717528838918	1717528838921	OK	 
REQUEST		nextRound	1717528839180	1717528839183	OK	 
USER	RecordedSimulation	START	1717528839794
REQUEST		indexOfField	1717528839793	1717528839801	OK	 
REQUEST		representation	1717528840871	1717528840875	OK	 
REQUEST		putOut	1717528840888	1717528840892	OK	 
REQUEST		putIn	1717528840940	1717528840944	OK	 
REQUEST		nextRound	1717528840951	1717528840953	OK	 
REQUEST		inCup	1717528841195	1717528841198	OK	 
USER	RecordedSimulation	START	1717528841786
REQUEST		indexOfField	1717528841785	1717528841793	OK	 
REQUEST		dice	1717528841825	1717528841828	OK	 
REQUEST		putOut	1717528842885	1717528842889	OK	 
REQUEST		nextRound	1717528842972	1717528842975	OK	 
REQUEST		inCup	1717528842972	1717528842975	OK	 
REQUEST		locked	1717528843205	1717528843209	OK	 
USER	RecordedSimulation	START	1717528843801
REQUEST		indexOfField	1717528843799	1717528843806	OK	 
REQUEST		dice	1717528843822	1717528843826	OK	 
REQUEST		representation	1717528843835	1717528843838	OK	 
REQUEST		putIn	1717528843895	1717528843898	OK	 
REQUEST		locked	1717528845004	1717528845007	OK	 
REQUEST		inCup	1717528845004	1717528845007	OK	 
REQUEST		remainingDices	1717528845215	1717528845219	OK	 
REQUEST		dice	1717528845832	1717528845835	OK	 
REQUEST		representation	1717528845855	1717528845858	OK	 
REQUEST		putOut	1717528845868	1717528845871	OK	 
REQUEST		putIn	1717528845918	1717528845921	OK	 
REQUEST		nextRound	1717528845928	1717528845930	OK	 
USER	RecordedSimulation	START	1717528846811
REQUEST		indexOfField	1717528846809	1717528846816	OK	 
REQUEST		remainingDices	1717528847036	1717528847039	OK	 
REQUEST		locked	1717528847036	1717528847039	OK	 
REQUEST		result	1717528847249	1717528847251	OK	 
USER	RecordedSimulation	END	1717528847255
REQUEST		representation	1717528847865	1717528847868	OK	 
REQUEST		putOut	1717528847887	1717528847890	OK	 
REQUEST		nextRound	1717528847951	1717528847953	OK	 
REQUEST		inCup	1717528847960	1717528847962	OK	 
USER	RecordedSimulation	START	1717528848811
REQUEST		indexOfField	1717528848810	1717528848819	OK	 
REQUEST		dice	1717528848823	1717528848826	OK	 
REQUEST		putIn	1717528848875	1717528848878	OK	 
REQUEST		result	1717528849065	1717528849068	OK	 
REQUEST		remainingDices	1717528849065	1717528849068	OK	 
USER	RecordedSimulation	END	1717528849076
REQUEST		putOut	1717528849895	1717528849898	OK	 
REQUEST		inCup	1717528849955	1717528849958	OK	 
REQUEST		locked	1717528849972	1717528849974	OK	 
REQUEST		dice	1717528850837	1717528850842	OK	 
REQUEST		representation	1717528850856	1717528850860	OK	 
REQUEST		nextRound	1717528850881	1717528850884	OK	 
REQUEST		putIn	1717528850916	1717528850922	OK	 
REQUEST		result	1717528851102	1717528851106	OK	 
USER	RecordedSimulation	END	1717528851107
USER	RecordedSimulation	START	1717528851810
REQUEST		indexOfField	1717528851808	1717528851815	OK	 
REQUEST		locked	1717528851973	1717528851975	OK	 
REQUEST		remainingDices	1717528852004	1717528852007	OK	 
REQUEST		representation	1717528852873	1717528852877	OK	 
REQUEST		putOut	1717528852890	1717528852893	OK	 
REQUEST		putIn	1717528852905	1717528852908	OK	 
REQUEST		inCup	1717528852913	1717528852916	OK	 
REQUEST		nextRound	1717528852952	1717528852955	OK	 
USER	RecordedSimulation	START	1717528853811
REQUEST		indexOfField	1717528853810	1717528853816	OK	 
REQUEST		dice	1717528853835	1717528853838	OK	 
REQUEST		remainingDices	1717528853980	1717528853982	OK	 
REQUEST		result	1717528854011	1717528854013	OK	 
USER	RecordedSimulation	END	1717528854014
REQUEST		putOut	1717528854907	1717528854909	OK	 
REQUEST		nextRound	1717528854938	1717528854940	OK	 
REQUEST		locked	1717528854945	1717528854947	OK	 
REQUEST		inCup	1717528854984	1717528854987	OK	 
USER	RecordedSimulation	START	1717528855810
REQUEST		indexOfField	1717528855809	1717528855816	OK	 
REQUEST		dice	1717528855845	1717528855848	OK	 
REQUEST		representation	1717528855846	1717528855848	OK	 
REQUEST		putIn	1717528855922	1717528855924	OK	 
REQUEST		result	1717528856011	1717528856014	OK	 
USER	RecordedSimulation	END	1717528856015
REQUEST		inCup	1717528856965	1717528856967	OK	 
REQUEST		remainingDices	1717528856977	1717528856979	OK	 
REQUEST		locked	1717528856995	1717528856998	OK	 
REQUEST		dice	1717528857841	1717528857844	OK	 
REQUEST		representation	1717528857878	1717528857880	OK	 
REQUEST		putOut	1717528857878	1717528857880	OK	 
REQUEST		putIn	1717528857939	1717528857941	OK	 
REQUEST		nextRound	1717528857944	1717528857946	OK	 
USER	RecordedSimulation	START	1717528858806
REQUEST		indexOfField	1717528858805	1717528858813	OK	 
REQUEST		locked	1717528858992	1717528858995	OK	 
REQUEST		remainingDices	1717528859000	1717528859002	OK	 
REQUEST		result	1717528859008	1717528859011	OK	 
USER	RecordedSimulation	END	1717528859012
REQUEST		representation	1717528859872	1717528859874	OK	 
REQUEST		putOut	1717528859909	1717528859912	OK	 
REQUEST		inCup	1717528859965	1717528859967	OK	 
REQUEST		nextRound	1717528859970	1717528859972	OK	 
USER	RecordedSimulation	START	1717528860803
REQUEST		indexOfField	1717528860799	1717528860811	OK	 
REQUEST		dice	1717528860827	1717528860830	OK	 
REQUEST		putIn	1717528860885	1717528860887	OK	 
REQUEST		remainingDices	1717528861000	1717528861003	OK	 
REQUEST		result	1717528861031	1717528861033	OK	 
USER	RecordedSimulation	END	1717528861034
REQUEST		putOut	1717528861888	1717528861891	OK	 
REQUEST		locked	1717528861990	1717528861992	OK	 
REQUEST		inCup	1717528862001	1717528862004	OK	 
REQUEST		dice	1717528862825	1717528862828	OK	 
REQUEST		representation	1717528862849	1717528862852	OK	 
REQUEST		nextRound	1717528862915	1717528862917	OK	 
REQUEST		putIn	1717528862915	1717528862917	OK	 
REQUEST		result	1717528863005	1717528863007	OK	 
USER	RecordedSimulation	END	1717528863008
USER	RecordedSimulation	START	1717528863797
REQUEST		indexOfField	1717528863795	1717528863802	OK	 
REQUEST		remainingDices	1717528864021	1717528864023	OK	 
REQUEST		locked	1717528864034	1717528864037	OK	 
REQUEST		representation	1717528864857	1717528864860	OK	 
REQUEST		putOut	1717528864880	1717528864882	OK	 
REQUEST		putIn	1717528864907	1717528864911	OK	 
REQUEST		inCup	1717528864936	1717528864938	OK	 
REQUEST		nextRound	1717528864945	1717528864947	OK	 
USER	RecordedSimulation	START	1717528865799
REQUEST		indexOfField	1717528865797	1717528865806	OK	 
REQUEST		dice	1717528865830	1717528865832	OK	 
REQUEST		result	1717528866041	1717528866043	OK	 
USER	RecordedSimulation	END	1717528866044
REQUEST		remainingDices	1717528866066	1717528866069	OK	 
REQUEST		putOut	1717528866889	1717528866892	OK	 
REQUEST		nextRound	1717528866941	1717528866945	OK	 
REQUEST		locked	1717528866967	1717528866969	OK	 
REQUEST		inCup	1717528866977	1717528866979	OK	 
USER	RecordedSimulation	START	1717528867810
REQUEST		indexOfField	1717528867809	1717528867815	OK	 
REQUEST		dice	1717528867836	1717528867838	OK	 
REQUEST		representation	1717528867853	1717528867854	OK	 
REQUEST		putIn	1717528867919	1717528867922	OK	 
REQUEST		result	1717528868099	1717528868101	OK	 
USER	RecordedSimulation	END	1717528868102
REQUEST		inCup	1717528868975	1717528868977	OK	 
REQUEST		remainingDices	1717528868999	1717528869000	OK	 
REQUEST		locked	1717528869008	1717528869011	OK	 
REQUEST		dice	1717528869845	1717528869847	OK	 
REQUEST		representation	1717528869850	1717528869852	OK	 
REQUEST		putOut	1717528869883	1717528869885	OK	 
REQUEST		putIn	1717528869923	1717528869925	OK	 
REQUEST		nextRound	1717528869940	1717528869942	OK	 
USER	RecordedSimulation	START	1717528870811
REQUEST		indexOfField	1717528870809	1717528870816	OK	 
REQUEST		locked	1717528871005	1717528871007	OK	 
REQUEST		result	1717528871030	1717528871033	OK	 
USER	RecordedSimulation	END	1717528871035
REQUEST		remainingDices	1717528871040	1717528871042	OK	 
REQUEST		putOut	1717528871865	1717528871867	OK	 
REQUEST		representation	1717528871876	1717528871879	OK	 
REQUEST		nextRound	1717528871954	1717528871956	OK	 
REQUEST		inCup	1717528871955	1717528871958	OK	 
USER	RecordedSimulation	START	1717528872789
REQUEST		indexOfField	1717528872788	1717528872795	OK	 
REQUEST		dice	1717528872842	1717528872844	OK	 
REQUEST		putIn	1717528872905	1717528872907	OK	 
REQUEST		remainingDices	1717528873037	1717528873038	OK	 
REQUEST		result	1717528873071	1717528873073	OK	 
USER	RecordedSimulation	END	1717528873074
REQUEST		putOut	1717528873885	1717528873887	OK	 
REQUEST		inCup	1717528873965	1717528873967	OK	 
REQUEST		locked	1717528873972	1717528873974	OK	 
REQUEST		dice	1717528874822	1717528874825	OK	 
REQUEST		representation	1717528874873	1717528874875	OK	 
REQUEST		putIn	1717528874897	1717528874899	OK	 
REQUEST		nextRound	1717528874936	1717528874938	OK	 
REQUEST		result	1717528875067	1717528875069	OK	 
USER	RecordedSimulation	END	1717528875070
USER	RecordedSimulation	START	1717528875810
REQUEST		indexOfField	1717528875809	1717528875815	OK	 
REQUEST		locked	1717528875996	1717528875998	OK	 
REQUEST		remainingDices	1717528876004	1717528876006	OK	 
REQUEST		representation	1717528876854	1717528876857	OK	 
REQUEST		putOut	1717528876890	1717528876892	OK	 
REQUEST		nextRound	1717528876915	1717528876917	OK	 
REQUEST		putIn	1717528876915	1717528876918	OK	 
REQUEST		inCup	1717528876945	1717528876947	OK	 
USER	RecordedSimulation	START	1717528877792
REQUEST		indexOfField	1717528877791	1717528877797	OK	 
REQUEST		dice	1717528877835	1717528877837	OK	 
REQUEST		remainingDices	1717528878023	1717528878025	OK	 
REQUEST		result	1717528878033	1717528878035	OK	 
USER	RecordedSimulation	END	1717528878036
REQUEST		putOut	1717528878886	1717528878888	OK	 
REQUEST		nextRound	1717528878919	1717528878922	OK	 
REQUEST		inCup	1717528878935	1717528878937	OK	 
REQUEST		locked	1717528878965	1717528878967	OK	 
USER	RecordedSimulation	START	1717528879810
REQUEST		indexOfField	1717528879809	1717528879817	OK	 
REQUEST		dice	1717528879821	1717528879824	OK	 
REQUEST		representation	1717528879867	1717528879869	OK	 
REQUEST		putIn	1717528879901	1717528879903	OK	 
REQUEST		result	1717528880051	1717528880053	OK	 
USER	RecordedSimulation	END	1717528880054
REQUEST		inCup	1717528880951	1717528880953	OK	 
REQUEST		locked	1717528880966	1717528880968	OK	 
REQUEST		remainingDices	1717528880995	1717528880998	OK	 
REQUEST		dice	1717528881821	1717528881823	OK	 
REQUEST		representation	1717528881853	1717528881855	OK	 
REQUEST		putOut	1717528881883	1717528881885	OK	 
REQUEST		putIn	1717528881900	1717528881903	OK	 
REQUEST		nextRound	1717528881930	1717528881933	OK	 
USER	RecordedSimulation	START	1717528882807
REQUEST		indexOfField	1717528882806	1717528882812	OK	 
REQUEST		locked	1717528882977	1717528882979	OK	 
REQUEST		remainingDices	1717528882985	1717528882987	OK	 
REQUEST		result	1717528883015	1717528883017	OK	 
USER	RecordedSimulation	END	1717528883019
REQUEST		representation	1717528883834	1717528883836	OK	 
REQUEST		putOut	1717528883876	1717528883878	OK	 
REQUEST		nextRound	1717528883925	1717528883927	OK	 
REQUEST		inCup	1717528883955	1717528883957	OK	 
USER	RecordedSimulation	START	1717528884806
REQUEST		indexOfField	1717528884805	1717528884811	OK	 
REQUEST		dice	1717528884841	1717528884843	OK	 
REQUEST		putIn	1717528884905	1717528884907	OK	 
REQUEST		remainingDices	1717528885008	1717528885010	OK	 
REQUEST		result	1717528885015	1717528885017	OK	 
USER	RecordedSimulation	END	1717528885018
REQUEST		putOut	1717528885866	1717528885867	OK	 
REQUEST		inCup	1717528885955	1717528885957	OK	 
REQUEST		locked	1717528885985	1717528885987	OK	 
REQUEST		dice	1717528886841	1717528886843	OK	 
REQUEST		representation	1717528886869	1717528886871	OK	 
REQUEST		putIn	1717528886895	1717528886897	OK	 
REQUEST		nextRound	1717528886935	1717528886937	OK	 
REQUEST		result	1717528887035	1717528887037	OK	 
USER	RecordedSimulation	END	1717528887038
USER	RecordedSimulation	START	1717528887797
REQUEST		indexOfField	1717528887795	1717528887801	OK	 
REQUEST		locked	1717528887980	1717528887982	OK	 
REQUEST		remainingDices	1717528887995	1717528887997	OK	 
REQUEST		representation	1717528888873	1717528888875	OK	 
REQUEST		putOut	1717528888895	1717528888898	OK	 
REQUEST		putIn	1717528888896	1717528888899	OK	 
REQUEST		nextRound	1717528888927	1717528888930	OK	 
REQUEST		inCup	1717528888952	1717528888954	OK	 
USER	RecordedSimulation	START	1717528889810
REQUEST		indexOfField	1717528889808	1717528889815	OK	 
REQUEST		dice	1717528889822	1717528889824	OK	 
REQUEST		remainingDices	1717528889993	1717528889995	OK	 
REQUEST		result	1717528890011	1717528890013	OK	 
USER	RecordedSimulation	END	1717528890014
REQUEST		putOut	1717528890903	1717528890906	OK	 
REQUEST		nextRound	1717528890925	1717528890929	OK	 
REQUEST		inCup	1717528890955	1717528890957	OK	 
REQUEST		locked	1717528890966	1717528890969	OK	 
USER	RecordedSimulation	START	1717528891803
REQUEST		indexOfField	1717528891802	1717528891809	OK	 
REQUEST		representation	1717528891840	1717528891842	OK	 
REQUEST		dice	1717528891839	1717528891842	OK	 
REQUEST		putIn	1717528891905	1717528891907	OK	 
REQUEST		result	1717528892024	1717528892026	OK	 
USER	RecordedSimulation	END	1717528892028
REQUEST		inCup	1717528892955	1717528892957	OK	 
REQUEST		locked	1717528892965	1717528892967	OK	 
REQUEST		remainingDices	1717528892985	1717528892987	OK	 
REQUEST		dice	1717528893825	1717528893827	OK	 
REQUEST		putOut	1717528893855	1717528893857	OK	 
REQUEST		representation	1717528893855	1717528893857	OK	 
REQUEST		nextRound	1717528893915	1717528893918	OK	 
REQUEST		putIn	1717528893936	1717528893939	OK	 
USER	RecordedSimulation	START	1717528894806
REQUEST		indexOfField	1717528894805	1717528894812	OK	 
REQUEST		locked	1717528894960	1717528894962	OK	 
REQUEST		remainingDices	1717528894995	1717528894998	OK	 
REQUEST		result	1717528895015	1717528895018	OK	 
USER	RecordedSimulation	END	1717528895019
REQUEST		representation	1717528895857	1717528895860	OK	 
REQUEST		putOut	1717528895888	1717528895890	OK	 
REQUEST		inCup	1717528895940	1717528895943	OK	 
REQUEST		nextRound	1717528895955	1717528895958	OK	 
USER	RecordedSimulation	START	1717528896810
REQUEST		indexOfField	1717528896809	1717528896815	OK	 
REQUEST		dice	1717528896842	1717528896845	OK	 
REQUEST		putIn	1717528896859	1717528896862	OK	 
REQUEST		remainingDices	1717528896992	1717528896995	OK	 
REQUEST		result	1717528897017	1717528897020	OK	 
USER	RecordedSimulation	END	1717528897021
REQUEST		putOut	1717528897885	1717528897888	OK	 
REQUEST		locked	1717528897945	1717528897948	OK	 
REQUEST		inCup	1717528897975	1717528897978	OK	 
REQUEST		dice	1717528898844	1717528898846	OK	 
REQUEST		representation	1717528898860	1717528898862	OK	 
REQUEST		nextRound	1717528898875	1717528898877	OK	 
REQUEST		putIn	1717528898920	1717528898922	OK	 
REQUEST		result	1717528899024	1717528899026	OK	 
USER	RecordedSimulation	END	1717528899027
USER	RecordedSimulation	START	1717528899799
REQUEST		indexOfField	1717528899798	1717528899804	OK	 
REQUEST		remainingDices	1717528899955	1717528899956	OK	 
REQUEST		locked	1717528900005	1717528900007	OK	 
REQUEST		representation	1717528900875	1717528900878	OK	 
REQUEST		putOut	1717528900892	1717528900894	OK	 
REQUEST		inCup	1717528900907	1717528900908	OK	 
REQUEST		putIn	1717528900915	1717528900918	OK	 
REQUEST		nextRound	1717528900950	1717528900953	OK	 
USER	RecordedSimulation	START	1717528901809
REQUEST		indexOfField	1717528901809	1717528901813	OK	 
REQUEST		dice	1717528901833	1717528901836	OK	 
REQUEST		result	1717528901965	1717528901968	OK	 
USER	RecordedSimulation	END	1717528901969
REQUEST		remainingDices	1717528902018	1717528902020	OK	 
REQUEST		putOut	1717528902885	1717528902887	OK	 
REQUEST		locked	1717528902925	1717528902927	OK	 
REQUEST		nextRound	1717528902925	1717528902927	OK	 
REQUEST		inCup	1717528902962	1717528902964	OK	 
USER	RecordedSimulation	START	1717528903811
REQUEST		indexOfField	1717528903810	1717528903815	OK	 
REQUEST		dice	1717528903830	1717528903832	OK	 
REQUEST		representation	1717528903845	1717528903847	OK	 
REQUEST		putIn	1717528903923	1717528903925	OK	 
REQUEST		result	1717528904050	1717528904052	OK	 
USER	RecordedSimulation	END	1717528904054
REQUEST		inCup	1717528904942	1717528904944	OK	 
REQUEST		remainingDices	1717528904945	1717528904947	OK	 
REQUEST		locked	1717528904975	1717528904978	OK	 
REQUEST		dice	1717528905838	1717528905840	OK	 
REQUEST		representation	1717528905861	1717528905863	OK	 
REQUEST		putOut	1717528905875	1717528905877	OK	 
REQUEST		putIn	1717528905915	1717528905917	OK	 
REQUEST		nextRound	1717528905935	1717528905937	OK	 
USER	RecordedSimulation	START	1717528906789
REQUEST		indexOfField	1717528906789	1717528906793	OK	 
REQUEST		locked	1717528906973	1717528906975	OK	 
REQUEST		result	1717528906975	1717528906977	OK	 
USER	RecordedSimulation	END	1717528906979
REQUEST		remainingDices	1717528907008	1717528907010	OK	 
REQUEST		representation	1717528907868	1717528907871	OK	 
REQUEST		putOut	1717528907892	1717528907894	OK	 
REQUEST		nextRound	1717528907950	1717528907952	OK	 
REQUEST		inCup	1717528907965	1717528907967	OK	 
REQUEST		dice	1717528908795	1717528908797	OK	 
USER	RecordedSimulation	START	1717528908809
REQUEST		indexOfField	1717528908808	1717528908813	OK	 
REQUEST		putIn	1717528908905	1717528908907	OK	 
REQUEST		remainingDices	1717528908985	1717528908986	OK	 
REQUEST		result	1717528909039	1717528909041	OK	 
USER	RecordedSimulation	END	1717528909042
REQUEST		putOut	1717528909885	1717528909887	OK	 
REQUEST		locked	1717528909974	1717528909976	OK	 
REQUEST		inCup	1717528909981	1717528909983	OK	 
REQUEST		dice	1717528910820	1717528910822	OK	 
REQUEST		representation	1717528910826	1717528910828	OK	 
REQUEST		putIn	1717528910912	1717528910913	OK	 
REQUEST		nextRound	1717528910912	1717528910914	OK	 
REQUEST		result	1717528911002	1717528911005	OK	 
USER	RecordedSimulation	END	1717528911006
USER	RecordedSimulation	START	1717528911803
REQUEST		indexOfField	1717528911803	1717528911807	OK	 
REQUEST		remainingDices	1717528912005	1717528912007	OK	 
REQUEST		locked	1717528912012	1717528912014	OK	 
REQUEST		representation	1717528912830	1717528912832	OK	 
REQUEST		putOut	1717528912857	1717528912859	OK	 
REQUEST		putIn	1717528912915	1717528912917	OK	 
REQUEST		nextRound	1717528912941	1717528912943	OK	 
REQUEST		inCup	1717528912943	1717528912946	OK	 
USER	RecordedSimulation	START	1717528913809
REQUEST		dice	1717528913810	1717528913812	OK	 
REQUEST		indexOfField	1717528913809	1717528913814	OK	 
REQUEST		result	1717528914035	1717528914037	OK	 
USER	RecordedSimulation	END	1717528914039
REQUEST		remainingDices	1717528914042	1717528914044	OK	 
REQUEST		putOut	1717528914860	1717528914862	OK	 
REQUEST		nextRound	1717528914945	1717528914947	OK	 
REQUEST		inCup	1717528914962	1717528914964	OK	 
REQUEST		locked	1717528914974	1717528914976	OK	 
USER	RecordedSimulation	START	1717528915809
REQUEST		indexOfField	1717528915809	1717528915813	OK	 
REQUEST		dice	1717528915817	1717528915819	OK	 
REQUEST		representation	1717528915842	1717528915844	OK	 
REQUEST		putIn	1717528915870	1717528915872	OK	 
REQUEST		result	1717528916055	1717528916057	OK	 
USER	RecordedSimulation	END	1717528916059
REQUEST		inCup	1717528916975	1717528916977	OK	 
REQUEST		locked	1717528916994	1717528916996	OK	 
REQUEST		remainingDices	1717528917005	1717528917006	OK	 
REQUEST		dice	1717528917841	1717528917843	OK	 
REQUEST		representation	1717528917847	1717528917849	OK	 
REQUEST		putOut	1717528917870	1717528917872	OK	 
REQUEST		putIn	1717528917870	1717528917872	OK	 
REQUEST		nextRound	1717528917875	1717528917876	OK	 
USER	RecordedSimulation	START	1717528918805
REQUEST		indexOfField	1717528918805	1717528918809	OK	 
REQUEST		locked	1717528919005	1717528919007	OK	 
REQUEST		remainingDices	1717528919012	1717528919014	OK	 
REQUEST		result	1717528919028	1717528919030	OK	 
USER	RecordedSimulation	END	1717528919031
REQUEST		putOut	1717528919852	1717528919853	OK	 
REQUEST		representation	1717528919855	1717528919857	OK	 
REQUEST		nextRound	1717528919882	1717528919884	OK	 
REQUEST		inCup	1717528919895	1717528919897	OK	 
USER	RecordedSimulation	START	1717528920809
REQUEST		indexOfField	1717528920808	1717528920813	OK	 
REQUEST		dice	1717528920837	1717528920839	OK	 
REQUEST		putIn	1717528920895	1717528920897	OK	 
REQUEST		remainingDices	1717528921015	1717528921017	OK	 
REQUEST		result	1717528921015	1717528921017	OK	 
USER	RecordedSimulation	END	1717528921019
REQUEST		putOut	1717528921886	1717528921887	OK	 
REQUEST		inCup	1717528921911	1717528921913	OK	 
REQUEST		locked	1717528921925	1717528921927	OK	 
REQUEST		dice	1717528922815	1717528922816	OK	 
REQUEST		representation	1717528922845	1717528922847	OK	 
REQUEST		putIn	1717528922882	1717528922884	OK	 
REQUEST		nextRound	1717528922915	1717528922917	OK	 
REQUEST		result	1717528923035	1717528923037	OK	 
USER	RecordedSimulation	END	1717528923038
USER	RecordedSimulation	START	1717528923806
REQUEST		indexOfField	1717528923805	1717528923811	OK	 
REQUEST		locked	1717528923925	1717528923927	OK	 
REQUEST		remainingDices	1717528923956	1717528923958	OK	 
REQUEST		representation	1717528924835	1717528924836	OK	 
REQUEST		putOut	1717528924855	1717528924857	OK	 
REQUEST		putIn	1717528924895	1717528924897	OK	 
REQUEST		nextRound	1717528924912	1717528924914	OK	 
REQUEST		inCup	1717528924925	1717528924927	OK	 
USER	RecordedSimulation	START	1717528925804
REQUEST		indexOfField	1717528925803	1717528925807	OK	 
REQUEST		dice	1717528925835	1717528925837	OK	 
REQUEST		remainingDices	1717528925942	1717528925944	OK	 
REQUEST		result	1717528925985	1717528925987	OK	 
USER	RecordedSimulation	END	1717528925988
REQUEST		putOut	1717528926865	1717528926867	OK	 
REQUEST		nextRound	1717528926925	1717528926927	OK	 
REQUEST		inCup	1717528926942	1717528926944	OK	 
REQUEST		locked	1717528926955	1717528926956	OK	 
USER	RecordedSimulation	START	1717528927809
REQUEST		indexOfField	1717528927808	1717528927812	OK	 
REQUEST		dice	1717528927815	1717528927817	OK	 
REQUEST		representation	1717528927866	1717528927868	OK	 
REQUEST		putIn	1717528927876	1717528927880	OK	 
REQUEST		result	1717528927973	1717528927976	OK	 
USER	RecordedSimulation	END	1717528927977
REQUEST		inCup	1717528928956	1717528928959	OK	 
REQUEST		remainingDices	1717528928968	1717528928969	OK	 
REQUEST		locked	1717528928973	1717528928974	OK	 
REQUEST		dice	1717528929841	1717528929843	OK	 
REQUEST		representation	1717528929846	1717528929848	OK	 
REQUEST		putOut	1717528929882	1717528929884	OK	 
REQUEST		putIn	1717528929894	1717528929896	OK	 
REQUEST		nextRound	1717528929905	1717528929908	OK	 
USER	RecordedSimulation	START	1717528930809
REQUEST		indexOfField	1717528930808	1717528930813	OK	 
REQUEST		locked	1717528930975	1717528930976	OK	 
REQUEST		remainingDices	1717528930981	1717528930983	OK	 
REQUEST		result	1717528930995	1717528930997	OK	 
USER	RecordedSimulation	END	1717528930998
REQUEST		representation	1717528931871	1717528931873	OK	 
REQUEST		putOut	1717528931876	1717528931878	OK	 
REQUEST		nextRound	1717528931923	1717528931924	OK	 
REQUEST		inCup	1717528931923	1717528931924	OK	 
USER	RecordedSimulation	START	1717528932806
REQUEST		indexOfField	1717528932805	1717528932809	OK	 
REQUEST		dice	1717528932822	1717528932824	OK	 
REQUEST		putIn	1717528932905	1717528932907	OK	 
REQUEST		remainingDices	1717528932986	1717528932987	OK	 
REQUEST		result	1717528932986	1717528932987	OK	 
USER	RecordedSimulation	END	1717528932988
REQUEST		putOut	1717528933885	1717528933887	OK	 
REQUEST		locked	1717528933952	1717528933954	OK	 
REQUEST		inCup	1717528933953	1717528933954	OK	 
REQUEST		representation	1717528934833	1717528934834	OK	 
REQUEST		dice	1717528934836	1717528934838	OK	 
REQUEST		putIn	1717528934905	1717528934907	OK	 
REQUEST		nextRound	1717528934935	1717528934937	OK	 
REQUEST		result	1717528935005	1717528935006	OK	 
USER	RecordedSimulation	END	1717528935007
USER	RecordedSimulation	START	1717528935809
REQUEST		indexOfField	1717528935808	1717528935812	OK	 
REQUEST		locked	1717528935980	1717528935982	OK	 
REQUEST		remainingDices	1717528935982	1717528935983	OK	 
REQUEST		putOut	1717528936842	1717528936844	OK	 
REQUEST		representation	1717528936862	1717528936864	OK	 
REQUEST		putIn	1717528936915	1717528936917	OK	 
REQUEST		nextRound	1717528936925	1717528936926	OK	 
REQUEST		inCup	1717528936965	1717528936967	OK	 
USER	RecordedSimulation	START	1717528937791
REQUEST		indexOfField	1717528937791	1717528937795	OK	 
REQUEST		dice	1717528937825	1717528937827	OK	 
REQUEST		remainingDices	1717528938010	1717528938012	OK	 
REQUEST		result	1717528938012	1717528938014	OK	 
USER	RecordedSimulation	END	1717528938015
REQUEST		putOut	1717528938892	1717528938894	OK	 
REQUEST		nextRound	1717528938935	1717528938937	OK	 
REQUEST		inCup	1717528938954	1717528938956	OK	 
REQUEST		locked	1717528938995	1717528938997	OK	 
USER	RecordedSimulation	START	1717528939809
REQUEST		indexOfField	1717528939808	1717528939812	OK	 
REQUEST		dice	1717528939823	1717528939824	OK	 
REQUEST		representation	1717528939845	1717528939846	OK	 
REQUEST		putIn	1717528939855	1717528939856	OK	 
REQUEST		result	1717528940025	1717528940026	OK	 
USER	RecordedSimulation	END	1717528940027
REQUEST		inCup	1717528940952	1717528940954	OK	 
REQUEST		locked	1717528940984	1717528940986	OK	 
REQUEST		remainingDices	1717528941005	1717528941007	OK	 
REQUEST		dice	1717528941834	1717528941835	OK	 
REQUEST		representation	1717528941852	1717528941854	OK	 
REQUEST		putOut	1717528941875	1717528941876	OK	 
REQUEST		nextRound	1717528941884	1717528941886	OK	 
REQUEST		putIn	1717528941922	1717528941924	OK	 
USER	RecordedSimulation	START	1717528942786
REQUEST		indexOfField	1717528942785	1717528942788	OK	 
REQUEST		locked	1717528942975	1717528942976	OK	 
REQUEST		remainingDices	1717528942995	1717528942997	OK	 
REQUEST		result	1717528943028	1717528943030	OK	 
USER	RecordedSimulation	END	1717528943031
REQUEST		representation	1717528943855	1717528943857	OK	 
REQUEST		putOut	1717528943882	1717528943884	OK	 
REQUEST		inCup	1717528943913	1717528943915	OK	 
REQUEST		nextRound	1717528943945	1717528943946	OK	 
USER	RecordedSimulation	START	1717528944796
REQUEST		dice	1717528944796	1717528944798	OK	 
REQUEST		indexOfField	1717528944796	1717528944800	OK	 
REQUEST		putIn	1717528944878	1717528944879	OK	 
REQUEST		remainingDices	1717528945000	1717528945002	OK	 
REQUEST		result	1717528945024	1717528945026	OK	 
USER	RecordedSimulation	END	1717528945027
REQUEST		putOut	1717528945861	1717528945862	OK	 
REQUEST		locked	1717528945942	1717528945944	OK	 
REQUEST		inCup	1717528945974	1717528945975	OK	 
REQUEST		representation	1717528946804	1717528946806	OK	 
REQUEST		dice	1717528946828	1717528946830	OK	 
REQUEST		putIn	1717528946895	1717528946896	OK	 
REQUEST		nextRound	1717528946907	1717528946909	OK	 
REQUEST		result	1717528947030	1717528947031	OK	 
USER	RecordedSimulation	END	1717528947032
REQUEST		remainingDices	1717528947955	1717528947956	OK	 
REQUEST		locked	1717528948003	1717528948005	OK	 
REQUEST		putOut	1717528948818	1717528948820	OK	 
REQUEST		representation	1717528948858	1717528948860	OK	 
REQUEST		putIn	1717528948876	1717528948877	OK	 
REQUEST		nextRound	1717528948915	1717528948917	OK	 
REQUEST		inCup	1717528948943	1717528948945	OK	 
REQUEST		result	1717528949975	1717528949976	OK	 
USER	RecordedSimulation	END	1717528949977
REQUEST		remainingDices	1717528950025	1717528950026	OK	 
REQUEST		putOut	1717528950873	1717528950875	OK	 
REQUEST		nextRound	1717528950904	1717528950906	OK	 
REQUEST		inCup	1717528950925	1717528950927	OK	 
REQUEST		locked	1717528950953	1717528950955	OK	 
REQUEST		putIn	1717528951848	1717528951850	OK	 
REQUEST		result	1717528952054	1717528952055	OK	 
USER	RecordedSimulation	END	1717528952056
REQUEST		inCup	1717528952934	1717528952935	OK	 
REQUEST		locked	1717528952956	1717528952958	OK	 
REQUEST		remainingDices	1717528952958	1717528952959	OK	 
REQUEST		nextRound	1717528953878	1717528953879	OK	 
REQUEST		putIn	1717528953895	1717528953896	OK	 
REQUEST		locked	1717528954963	1717528954964	OK	 
REQUEST		result	1717528954963	1717528954964	OK	 
USER	RecordedSimulation	END	1717528954965
REQUEST		remainingDices	1717528954987	1717528954988	OK	 
REQUEST		inCup	1717528955908	1717528955909	OK	 
REQUEST		nextRound	1717528955924	1717528955926	OK	 
REQUEST		remainingDices	1717528956991	1717528956993	OK	 
REQUEST		result	1717528957017	1717528957019	OK	 
USER	RecordedSimulation	END	1717528957020
REQUEST		locked	1717528957925	1717528957927	OK	 
REQUEST		inCup	1717528957953	1717528957955	OK	 
REQUEST		result	1717528959015	1717528959017	OK	 
USER	RecordedSimulation	END	1717528959017
REQUEST		remainingDices	1717528959954	1717528959956	OK	 
REQUEST		locked	1717528959983	1717528959986	OK	 
REQUEST		result	1717528961984	1717528961986	OK	 
USER	RecordedSimulation	END	1717528961987
REQUEST		remainingDices	1717528962005	1717528962007	OK	 
REQUEST		result	1717528964035	1717528964036	OK	 
USER	RecordedSimulation	END	1717528964037
