RUN	it.game.GameEnduranceItSimulation	gameenduranceitsimulation	1717537039544	 	3.11.3
USER	RecordedSimulation	START	1717537041576
REQUEST		new	1717537041569	1717537041596	OK	 
USER	RecordedSimulation	START	1717537043461
REQUEST		new	1717537043459	1717537043467	OK	 
USER	RecordedSimulation	START	1717537045448
REQUEST		new	1717537045446	1717537045454	OK	 
REQUEST		next	1717537046700	1717537046713	OK	 
USER	RecordedSimulation	START	1717537048464
REQUEST		new	1717537048462	1717537048470	OK	 
REQUEST		next	1717537048518	1717537048521	OK	 
REQUEST		undoMove	1717537049738	1717537049741	OK	 
USER	RecordedSimulation	START	1717537050457
REQUEST		new	1717537050456	1717537050463	OK	 
REQUEST		next	1717537050470	1717537050473	OK	 
REQUEST		undoMove	1717537051574	1717537051578	OK	 
REQUEST		sum	1717537052794	1717537052798	OK	 
USER	RecordedSimulation	START	1717537053448
REQUEST		new	1717537053447	1717537053461	OK	 
REQUEST		undoMove	1717537053518	1717537053521	OK	 
REQUEST		next	1717537053521	1717537053524	OK	 
REQUEST		sum	1717537054599	1717537054602	OK	 
USER	RecordedSimulation	START	1717537055483
REQUEST		next	1717537055481	1717537055485	OK	 
REQUEST		new	1717537055481	1717537055489	OK	 
REQUEST		sum	1717537056548	1717537056552	OK	 
REQUEST		undoMove	1717537056558	1717537056561	OK	 
REQUEST		playerID	1717537056819	1717537056822	OK	 
USER	RecordedSimulation	START	1717537057467
REQUEST		new	1717537057465	1717537057480	OK	 
REQUEST		next	1717537058512	1717537058515	OK	 
REQUEST		undoMove	1717537058512	1717537058515	OK	 
REQUEST		playerID	1717537058618	1717537058621	OK	 
REQUEST		sum	1717537059588	1717537059590	OK	 
USER	RecordedSimulation	START	1717537060479
REQUEST		new	1717537060477	1717537060484	OK	 
REQUEST		next	1717537060528	1717537060531	OK	 
REQUEST		playerID	1717537060603	1717537060606	OK	 
REQUEST		playerName	1717537060828	1717537060831	OK	 
REQUEST		sum	1717537061566	1717537061570	OK	 
REQUEST		undoMove	1717537061566	1717537061570	OK	 
USER	RecordedSimulation	START	1717537062494
REQUEST		next	1717537062492	1717537062495	OK	 
REQUEST		new	1717537062492	1717537062507	OK	 
REQUEST		playerName	1717537062672	1717537062676	OK	 
REQUEST		undoMove	1717537063581	1717537063585	OK	 
REQUEST		playerID	1717537063600	1717537063604	OK	 
REQUEST		sum	1717537064621	1717537064624	OK	 
REQUEST		playerName	1717537064656	1717537064659	OK	 
REQUEST		nestedList	1717537064858	1717537064861	OK	 
USER	RecordedSimulation	START	1717537065459
REQUEST		new	1717537065458	1717537065466	OK	 
REQUEST		next	1717537065507	1717537065511	OK	 
REQUEST		undoMove	1717537065507	1717537065512	OK	 
REQUEST		playerID	1717537065621	1717537065624	OK	 
REQUEST		sum	1717537066636	1717537066638	OK	 
REQUEST		nestedList	1717537066708	1717537066711	OK	 
USER	RecordedSimulation	START	1717537067494
REQUEST		new	1717537067493	1717537067500	OK	 
REQUEST		next	1717537067558	1717537067561	OK	 
REQUEST		playerName	1717537067608	1717537067610	OK	 
REQUEST		sum	1717537068528	1717537068531	OK	 
REQUEST		undoMove	1717537068548	1717537068550	OK	 
REQUEST		playerID	1717537068675	1717537068677	OK	 
REQUEST		nestedList	1717537068675	1717537068678	OK	 
REQUEST		remainingMoves	1717537068915	1717537068917	OK	 
USER	RecordedSimulation	START	1717537069468
REQUEST		new	1717537069467	1717537069474	OK	 
REQUEST		playerName	1717537069675	1717537069677	OK	 
REQUEST		next	1717537070478	1717537070481	OK	 
REQUEST		undoMove	1717537070578	1717537070580	OK	 
REQUEST		playerID	1717537070688	1717537070691	OK	 
REQUEST		remainingMoves	1717537070727	1717537070730	OK	 
REQUEST		sum	1717537071588	1717537071590	OK	 
REQUEST		nestedList	1717537071648	1717537071651	OK	 
USER	RecordedSimulation	START	1717537072468
REQUEST		new	1717537072467	1717537072479	OK	 
REQUEST		next	1717537072550	1717537072553	OK	 
REQUEST		playerID	1717537072582	1717537072585	OK	 
REQUEST		remainingMoves	1717537072683	1717537072685	OK	 
REQUEST		playerName	1717537072688	1717537072690	OK	 
REQUEST		players	1717537072968	1717537072970	OK	 
USER	RecordedSimulation	END	1717537072974
REQUEST		undoMove	1717537073501	1717537073504	OK	 
REQUEST		sum	1717537073598	1717537073600	OK	 
REQUEST		nestedList	1717537073727	1717537073730	OK	 
USER	RecordedSimulation	START	1717537074451
REQUEST		new	1717537074449	1717537074456	OK	 
REQUEST		next	1717537074511	1717537074513	OK	 
REQUEST		playerName	1717537074742	1717537074744	OK	 
REQUEST		players	1717537074758	1717537074761	OK	 
USER	RecordedSimulation	END	1717537074762
REQUEST		undoMove	1717537075604	1717537075606	OK	 
REQUEST		playerID	1717537075640	1717537075643	OK	 
REQUEST		remainingMoves	1717537075672	1717537075674	OK	 
REQUEST		sum	1717537076530	1717537076533	OK	 
REQUEST		playerName	1717537076636	1717537076639	OK	 
REQUEST		nestedList	1717537076698	1717537076701	OK	 
REQUEST		players	1717537076699	1717537076701	OK	 
USER	RecordedSimulation	END	1717537076703
USER	RecordedSimulation	START	1717537077493
REQUEST		new	1717537077492	1717537077498	OK	 
REQUEST		next	1717537077512	1717537077516	OK	 
REQUEST		undoMove	1717537077531	1717537077534	OK	 
REQUEST		playerID	1717537077628	1717537077632	OK	 
REQUEST		remainingMoves	1717537077748	1717537077750	OK	 
REQUEST		sum	1717537078657	1717537078660	OK	 
REQUEST		nestedList	1717537078768	1717537078770	OK	 
USER	RecordedSimulation	START	1717537079465
REQUEST		new	1717537079461	1717537079472	OK	 
REQUEST		next	1717537079492	1717537079494	OK	 
REQUEST		playerName	1717537079648	1717537079650	OK	 
REQUEST		players	1717537079698	1717537079699	OK	 
USER	RecordedSimulation	END	1717537079701
REQUEST		playerID	1717537080565	1717537080567	OK	 
REQUEST		sum	1717537080565	1717537080567	OK	 
REQUEST		undoMove	1717537080566	1717537080569	OK	 
REQUEST		nestedList	1717537080668	1717537080670	OK	 
REQUEST		remainingMoves	1717537080718	1717537080720	OK	 
USER	RecordedSimulation	START	1717537081464
REQUEST		new	1717537081463	1717537081476	OK	 
REQUEST		playerName	1717537081668	1717537081670	OK	 
REQUEST		players	1717537081800	1717537081802	OK	 
USER	RecordedSimulation	END	1717537081804
REQUEST		undoMove	1717537082545	1717537082547	OK	 
REQUEST		next	1717537082549	1717537082551	OK	 
REQUEST		playerID	1717537082717	1717537082719	OK	 
REQUEST		remainingMoves	1717537082865	1717537082867	OK	 
REQUEST		sum	1717537083619	1717537083621	OK	 
REQUEST		nestedList	1717537083697	1717537083700	OK	 
USER	RecordedSimulation	START	1717537084487
REQUEST		next	1717537084486	1717537084488	OK	 
REQUEST		new	1717537084486	1717537084492	OK	 
REQUEST		playerName	1717537084588	1717537084590	OK	 
REQUEST		playerID	1717537084588	1717537084590	OK	 
REQUEST		remainingMoves	1717537084708	1717537084710	OK	 
REQUEST		players	1717537084738	1717537084740	OK	 
USER	RecordedSimulation	END	1717537084741
REQUEST		sum	1717537085570	1717537085572	OK	 
REQUEST		undoMove	1717537085593	1717537085596	OK	 
REQUEST		nestedList	1717537085720	1717537085723	OK	 
USER	RecordedSimulation	START	1717537086492
REQUEST		new	1717537086491	1717537086506	OK	 
REQUEST		next	1717537086508	1717537086511	OK	 
REQUEST		playerName	1717537086770	1717537086772	OK	 
REQUEST		players	1717537086878	1717537086881	OK	 
USER	RecordedSimulation	END	1717537086882
REQUEST		undoMove	1717537087518	1717537087520	OK	 
REQUEST		playerID	1717537087672	1717537087675	OK	 
REQUEST		remainingMoves	1717537087750	1717537087752	OK	 
REQUEST		nestedList	1717537088598	1717537088601	OK	 
REQUEST		playerName	1717537088598	1717537088601	OK	 
REQUEST		sum	1717537088646	1717537088649	OK	 
REQUEST		players	1717537088748	1717537088751	OK	 
USER	RecordedSimulation	END	1717537088752
USER	RecordedSimulation	START	1717537089450
REQUEST		new	1717537089449	1717537089456	OK	 
REQUEST		next	1717537089518	1717537089521	OK	 
REQUEST		undoMove	1717537089548	1717537089550	OK	 
REQUEST		playerID	1717537089618	1717537089621	OK	 
REQUEST		remainingMoves	1717537089771	1717537089773	OK	 
REQUEST		sum	1717537090547	1717537090549	OK	 
REQUEST		nestedList	1717537090797	1717537090799	OK	 
USER	RecordedSimulation	START	1717537091493
REQUEST		new	1717537091492	1717537091504	OK	 
REQUEST		next	1717537091557	1717537091559	OK	 
REQUEST		playerName	1717537091724	1717537091727	OK	 
REQUEST		players	1717537091788	1717537091790	OK	 
USER	RecordedSimulation	END	1717537091792
REQUEST		undoMove	1717537092572	1717537092574	OK	 
REQUEST		sum	1717537092601	1717537092603	OK	 
REQUEST		nestedList	1717537092651	1717537092653	OK	 
REQUEST		remainingMoves	1717537092651	1717537092653	OK	 
REQUEST		playerID	1717537092678	1717537092680	OK	 
USER	RecordedSimulation	START	1717537093487
REQUEST		new	1717537093486	1717537093492	OK	 
REQUEST		playerName	1717537093638	1717537093639	OK	 
REQUEST		players	1717537093777	1717537093779	OK	 
USER	RecordedSimulation	END	1717537093780
REQUEST		next	1717537094499	1717537094502	OK	 
REQUEST		playerID	1717537094598	1717537094600	OK	 
REQUEST		undoMove	1717537094610	1717537094612	OK	 
REQUEST		remainingMoves	1717537094828	1717537094830	OK	 
REQUEST		sum	1717537095601	1717537095604	OK	 
REQUEST		nestedList	1717537095758	1717537095760	OK	 
USER	RecordedSimulation	START	1717537096494
REQUEST		new	1717537096493	1717537096499	OK	 
REQUEST		next	1717537096538	1717537096540	OK	 
REQUEST		playerID	1717537096608	1717537096610	OK	 
REQUEST		players	1717537096658	1717537096660	OK	 
USER	RecordedSimulation	END	1717537096661
REQUEST		playerName	1717537096686	1717537096688	OK	 
REQUEST		remainingMoves	1717537096703	1717537096706	OK	 
REQUEST		undoMove	1717537097538	1717537097540	OK	 
REQUEST		sum	1717537097662	1717537097664	OK	 
REQUEST		nestedList	1717537097662	1717537097664	OK	 
USER	RecordedSimulation	START	1717537098492
REQUEST		new	1717537098492	1717537098496	OK	 
REQUEST		next	1717537098501	1717537098503	OK	 
REQUEST		playerName	1717537098648	1717537098649	OK	 
REQUEST		players	1717537098848	1717537098850	OK	 
USER	RecordedSimulation	END	1717537098851
REQUEST		undoMove	1717537099568	1717537099570	OK	 
REQUEST		playerID	1717537099638	1717537099640	OK	 
REQUEST		remainingMoves	1717537099788	1717537099790	OK	 
REQUEST		sum	1717537100590	1717537100592	OK	 
REQUEST		playerName	1717537100657	1717537100659	OK	 
REQUEST		nestedList	1717537100727	1717537100729	OK	 
REQUEST		players	1717537100747	1717537100749	OK	 
USER	RecordedSimulation	END	1717537100750
USER	RecordedSimulation	START	1717537101449
REQUEST		new	1717537101448	1717537101460	OK	 
REQUEST		undoMove	1717537101536	1717537101538	OK	 
REQUEST		next	1717537101550	1717537101552	OK	 
REQUEST		remainingMoves	1717537101715	1717537101716	OK	 
REQUEST		playerID	1717537101715	1717537101716	OK	 
REQUEST		sum	1717537102588	1717537102590	OK	 
REQUEST		nestedList	1717537102699	1717537102701	OK	 
USER	RecordedSimulation	START	1717537103462
REQUEST		new	1717537103461	1717537103467	OK	 
REQUEST		next	1717537103498	1717537103500	OK	 
REQUEST		playerName	1717537103668	1717537103670	OK	 
REQUEST		players	1717537103798	1717537103800	OK	 
USER	RecordedSimulation	END	1717537103801
REQUEST		sum	1717537104548	1717537104550	OK	 
REQUEST		undoMove	1717537104602	1717537104614	OK	 
REQUEST		playerID	1717537104615	1717537104620	OK	 
REQUEST		nestedList	1717537104708	1717537104710	OK	 
REQUEST		remainingMoves	1717537104748	1717537104750	OK	 
USER	RecordedSimulation	START	1717537105492
REQUEST		new	1717537105491	1717537105497	OK	 
REQUEST		playerName	1717537105718	1717537105720	OK	 
REQUEST		players	1717537105748	1717537105750	OK	 
USER	RecordedSimulation	END	1717537105751
REQUEST		next	1717537106511	1717537106514	OK	 
REQUEST		undoMove	1717537106541	1717537106543	OK	 
REQUEST		playerID	1717537106628	1717537106630	OK	 
REQUEST		remainingMoves	1717537106709	1717537106711	OK	 
REQUEST		sum	1717537107627	1717537107630	OK	 
REQUEST		nestedList	1717537107700	1717537107702	OK	 
USER	RecordedSimulation	START	1717537108467
REQUEST		new	1717537108466	1717537108472	OK	 
REQUEST		next	1717537108520	1717537108522	OK	 
REQUEST		playerID	1717537108568	1717537108570	OK	 
REQUEST		playerName	1717537108628	1717537108631	OK	 
REQUEST		remainingMoves	1717537108747	1717537108749	OK	 
REQUEST		players	1717537108777	1717537108779	OK	 
USER	RecordedSimulation	END	1717537108780
REQUEST		sum	1717537109548	1717537109550	OK	 
REQUEST		undoMove	1717537109547	1717537109550	OK	 
REQUEST		nestedList	1717537109748	1717537109750	OK	 
USER	RecordedSimulation	START	1717537110493
REQUEST		new	1717537110492	1717537110498	OK	 
REQUEST		next	1717537110547	1717537110550	OK	 
REQUEST		playerName	1717537110658	1717537110660	OK	 
REQUEST		players	1717537110760	1717537110763	OK	 
USER	RecordedSimulation	END	1717537110764
REQUEST		undoMove	1717537111572	1717537111574	OK	 
REQUEST		playerID	1717537111638	1717537111640	OK	 
REQUEST		remainingMoves	1717537111753	1717537111755	OK	 
REQUEST		playerName	1717537112600	1717537112602	OK	 
REQUEST		sum	1717537112600	1717537112602	OK	 
REQUEST		nestedList	1717537112680	1717537112682	OK	 
REQUEST		players	1717537112757	1717537112759	OK	 
USER	RecordedSimulation	END	1717537112760
USER	RecordedSimulation	START	1717537113493
REQUEST		new	1717537113492	1717537113497	OK	 
REQUEST		next	1717537113523	1717537113525	OK	 
REQUEST		playerID	1717537113588	1717537113590	OK	 
REQUEST		undoMove	1717537113598	1717537113600	OK	 
REQUEST		remainingMoves	1717537113801	1717537113802	OK	 
REQUEST		sum	1717537114618	1717537114620	OK	 
REQUEST		nestedList	1717537114668	1717537114670	OK	 
USER	RecordedSimulation	START	1717537115493
REQUEST		new	1717537115491	1717537115497	OK	 
REQUEST		next	1717537115548	1717537115551	OK	 
REQUEST		playerName	1717537115648	1717537115650	OK	 
REQUEST		players	1717537115778	1717537115780	OK	 
USER	RecordedSimulation	END	1717537115781
REQUEST		undoMove	1717537116528	1717537116530	OK	 
REQUEST		sum	1717537116650	1717537116652	OK	 
REQUEST		nestedList	1717537116650	1717537116652	OK	 
REQUEST		playerID	1717537116652	1717537116655	OK	 
REQUEST		remainingMoves	1717537116728	1717537116730	OK	 
USER	RecordedSimulation	START	1717537117449
REQUEST		new	1717537117448	1717537117452	OK	 
REQUEST		playerName	1717537117627	1717537117629	OK	 
REQUEST		players	1717537117828	1717537117831	OK	 
USER	RecordedSimulation	END	1717537117832
REQUEST		next	1717537118548	1717537118551	OK	 
REQUEST		undoMove	1717537118592	1717537118594	OK	 
REQUEST		playerID	1717537118670	1717537118672	OK	 
REQUEST		remainingMoves	1717537118698	1717537118700	OK	 
REQUEST		sum	1717537119548	1717537119551	OK	 
REQUEST		nestedList	1717537119657	1717537119659	OK	 
USER	RecordedSimulation	START	1717537120448
REQUEST		new	1717537120448	1717537120452	OK	 
REQUEST		next	1717537120502	1717537120505	OK	 
REQUEST		playerID	1717537120672	1717537120674	OK	 
REQUEST		remainingMoves	1717537120678	1717537120680	OK	 
REQUEST		playerName	1717537120678	1717537120680	OK	 
REQUEST		players	1717537120780	1717537120782	OK	 
USER	RecordedSimulation	END	1717537120784
REQUEST		undoMove	1717537121568	1717537121570	OK	 
REQUEST		sum	1717537121631	1717537121633	OK	 
REQUEST		nestedList	1717537121638	1717537121640	OK	 
USER	RecordedSimulation	START	1717537122453
REQUEST		new	1717537122452	1717537122456	OK	 
REQUEST		next	1717537122502	1717537122504	OK	 
REQUEST		playerName	1717537122709	1717537122711	OK	 
REQUEST		players	1717537122741	1717537122743	OK	 
USER	RecordedSimulation	END	1717537122744
REQUEST		undoMove	1717537123507	1717537123509	OK	 
REQUEST		playerID	1717537123568	1717537123570	OK	 
REQUEST		remainingMoves	1717537123668	1717537123671	OK	 
REQUEST		sum	1717537124607	1717537124609	OK	 
REQUEST		nestedList	1717537124698	1717537124701	OK	 
REQUEST		players	1717537124708	1717537124710	OK	 
USER	RecordedSimulation	END	1717537124711
REQUEST		playerName	1717537124711	1717537124713	OK	 
USER	RecordedSimulation	START	1717537125492
REQUEST		next	1717537125491	1717537125492	OK	 
REQUEST		new	1717537125491	1717537125495	OK	 
REQUEST		undoMove	1717537125555	1717537125557	OK	 
REQUEST		remainingMoves	1717537125655	1717537125657	OK	 
REQUEST		playerID	1717537125683	1717537125684	OK	 
REQUEST		sum	1717537126556	1717537126558	OK	 
REQUEST		nestedList	1717537126760	1717537126762	OK	 
USER	RecordedSimulation	START	1717537127492
REQUEST		new	1717537127492	1717537127495	OK	 
REQUEST		next	1717537127507	1717537127509	OK	 
REQUEST		playerName	1717537127606	1717537127608	OK	 
REQUEST		players	1717537127706	1717537127707	OK	 
USER	RecordedSimulation	END	1717537127708
REQUEST		undoMove	1717537128498	1717537128500	OK	 
REQUEST		sum	1717537128608	1717537128610	OK	 
REQUEST		playerID	1717537128660	1717537128662	OK	 
REQUEST		remainingMoves	1717537128738	1717537128740	OK	 
REQUEST		nestedList	1717537128763	1717537128764	OK	 
USER	RecordedSimulation	START	1717537129469
REQUEST		new	1717537129469	1717537129472	OK	 
REQUEST		players	1717537129658	1717537129659	OK	 
USER	RecordedSimulation	END	1717537129661
REQUEST		playerName	1717537129688	1717537129690	OK	 
REQUEST		next	1717537130545	1717537130547	OK	 
REQUEST		playerID	1717537130575	1717537130576	OK	 
REQUEST		undoMove	1717537130595	1717537130596	OK	 
REQUEST		remainingMoves	1717537130808	1717537130810	OK	 
REQUEST		sum	1717537131549	1717537131551	OK	 
REQUEST		nestedList	1717537131628	1717537131630	OK	 
USER	RecordedSimulation	START	1717537132492
REQUEST		new	1717537132492	1717537132495	OK	 
REQUEST		next	1717537132546	1717537132548	OK	 
REQUEST		playerID	1717537132655	1717537132656	OK	 
REQUEST		playerName	1717537132713	1717537132715	OK	 
REQUEST		players	1717537132778	1717537132780	OK	 
USER	RecordedSimulation	END	1717537132781
REQUEST		remainingMoves	1717537132807	1717537132809	OK	 
REQUEST		undoMove	1717537133597	1717537133599	OK	 
REQUEST		sum	1717537133647	1717537133649	OK	 
REQUEST		nestedList	1717537133698	1717537133700	OK	 
USER	RecordedSimulation	START	1717537134492
REQUEST		new	1717537134491	1717537134495	OK	 
REQUEST		next	1717537134522	1717537134525	OK	 
REQUEST		playerName	1717537134594	1717537134596	OK	 
REQUEST		players	1717537134848	1717537134850	OK	 
USER	RecordedSimulation	END	1717537134851
REQUEST		undoMove	1717537135598	1717537135600	OK	 
REQUEST		playerID	1717537135598	1717537135600	OK	 
REQUEST		remainingMoves	1717537135679	1717537135681	OK	 
REQUEST		sum	1717537136649	1717537136650	OK	 
REQUEST		playerName	1717537136707	1717537136708	OK	 
REQUEST		nestedList	1717537136765	1717537136767	OK	 
REQUEST		players	1717537136859	1717537136861	OK	 
USER	RecordedSimulation	END	1717537136863
USER	RecordedSimulation	START	1717537137452
REQUEST		new	1717537137450	1717537137455	OK	 
REQUEST		next	1717537137518	1717537137520	OK	 
REQUEST		undoMove	1717537137574	1717537137576	OK	 
REQUEST		playerID	1717537137686	1717537137688	OK	 
REQUEST		remainingMoves	1717537137718	1717537137720	OK	 
REQUEST		nestedList	1717537138614	1717537138615	OK	 
REQUEST		sum	1717537138651	1717537138653	OK	 
USER	RecordedSimulation	START	1717537139443
REQUEST		new	1717537139443	1717537139446	OK	 
REQUEST		next	1717537139498	1717537139500	OK	 
REQUEST		playerName	1717537139648	1717537139649	OK	 
REQUEST		players	1717537139688	1717537139690	OK	 
USER	RecordedSimulation	END	1717537139691
REQUEST		undoMove	1717537140536	1717537140538	OK	 
REQUEST		sum	1717537140603	1717537140606	OK	 
REQUEST		playerID	1717537140696	1717537140697	OK	 
REQUEST		nestedList	1717537140758	1717537140759	OK	 
REQUEST		remainingMoves	1717537140800	1717537140802	OK	 
USER	RecordedSimulation	START	1717537141482
REQUEST		new	1717537141481	1717537141486	OK	 
REQUEST		playerName	1717537141738	1717537141739	OK	 
REQUEST		players	1717537141756	1717537141758	OK	 
USER	RecordedSimulation	END	1717537141759
REQUEST		next	1717537142498	1717537142500	OK	 
REQUEST		undoMove	1717537142547	1717537142549	OK	 
REQUEST		remainingMoves	1717537142665	1717537142667	OK	 
REQUEST		playerID	1717537142703	1717537142705	OK	 
REQUEST		sum	1717537143576	1717537143577	OK	 
REQUEST		nestedList	1717537143698	1717537143700	OK	 
USER	RecordedSimulation	START	1717537144491
REQUEST		new	1717537144491	1717537144494	OK	 
REQUEST		next	1717537144497	1717537144498	OK	 
REQUEST		playerID	1717537144648	1717537144649	OK	 
REQUEST		playerName	1717537144707	1717537144708	OK	 
REQUEST		remainingMoves	1717537144763	1717537144764	OK	 
REQUEST		players	1717537144846	1717537144848	OK	 
USER	RecordedSimulation	END	1717537144849
REQUEST		undoMove	1717537145550	1717537145551	OK	 
REQUEST		sum	1717537145599	1717537145601	OK	 
REQUEST		nestedList	1717537145758	1717537145759	OK	 
USER	RecordedSimulation	START	1717537146491
REQUEST		new	1717537146491	1717537146494	OK	 
REQUEST		next	1717537146508	1717537146510	OK	 
REQUEST		players	1717537146697	1717537146699	OK	 
USER	RecordedSimulation	END	1717537146700
REQUEST		playerName	1717537146748	1717537146750	OK	 
REQUEST		undoMove	1717537147548	1717537147549	OK	 
REQUEST		playerID	1717537147597	1717537147599	OK	 
REQUEST		remainingMoves	1717537147775	1717537147777	OK	 
REQUEST		sum	1717537148602	1717537148603	OK	 
REQUEST		playerName	1717537148667	1717537148668	OK	 
REQUEST		nestedList	1717537148759	1717537148760	OK	 
REQUEST		players	1717537148817	1717537148819	OK	 
USER	RecordedSimulation	END	1717537148820
USER	RecordedSimulation	START	1717537149489
REQUEST		new	1717537149488	1717537149492	OK	 
REQUEST		next	1717537149545	1717537149547	OK	 
REQUEST		undoMove	1717537149558	1717537149559	OK	 
REQUEST		playerID	1717537149637	1717537149639	OK	 
REQUEST		remainingMoves	1717537149808	1717537149810	OK	 
REQUEST		sum	1717537150598	1717537150599	OK	 
REQUEST		nestedList	1717537150799	1717537150801	OK	 
USER	RecordedSimulation	START	1717537151492
REQUEST		new	1717537151491	1717537151495	OK	 
REQUEST		next	1717537151544	1717537151545	OK	 
REQUEST		playerName	1717537151608	1717537151610	OK	 
REQUEST		players	1717537151806	1717537151808	OK	 
USER	RecordedSimulation	END	1717537151809
REQUEST		undoMove	1717537152597	1717537152599	OK	 
REQUEST		sum	1717537152610	1717537152611	OK	 
REQUEST		playerID	1717537152648	1717537152650	OK	 
REQUEST		nestedList	1717537152708	1717537152710	OK	 
REQUEST		remainingMoves	1717537152805	1717537152807	OK	 
USER	RecordedSimulation	START	1717537153492
REQUEST		new	1717537153492	1717537153495	OK	 
REQUEST		playerName	1717537153650	1717537153652	OK	 
REQUEST		players	1717537153860	1717537153862	OK	 
USER	RecordedSimulation	END	1717537153863
REQUEST		next	1717537154543	1717537154546	OK	 
REQUEST		undoMove	1717537154596	1717537154598	OK	 
REQUEST		playerID	1717537154648	1717537154650	OK	 
REQUEST		remainingMoves	1717537154808	1717537154809	OK	 
REQUEST		sum	1717537155648	1717537155650	OK	 
REQUEST		nestedList	1717537155660	1717537155661	OK	 
USER	RecordedSimulation	START	1717537156448
REQUEST		new	1717537156448	1717537156451	OK	 
REQUEST		next	1717537156508	1717537156510	OK	 
REQUEST		playerName	1717537156658	1717537156659	OK	 
REQUEST		playerID	1717537156658	1717537156659	OK	 
REQUEST		remainingMoves	1717537156749	1717537156751	OK	 
REQUEST		players	1717537156847	1717537156849	OK	 
USER	RecordedSimulation	END	1717537156850
REQUEST		undoMove	1717537157548	1717537157550	OK	 
REQUEST		sum	1717537157649	1717537157652	OK	 
REQUEST		nestedList	1717537157657	1717537157660	OK	 
USER	RecordedSimulation	START	1717537158449
REQUEST		new	1717537158449	1717537158452	OK	 
REQUEST		next	1717537158507	1717537158509	OK	 
REQUEST		playerName	1717537158700	1717537158702	OK	 
REQUEST		players	1717537158860	1717537158861	OK	 
USER	RecordedSimulation	END	1717537158862
REQUEST		undoMove	1717537159560	1717537159561	OK	 
REQUEST		playerID	1717537159658	1717537159659	OK	 
REQUEST		remainingMoves	1717537159688	1717537159689	OK	 
REQUEST		sum	1717537160558	1717537160560	OK	 
REQUEST		nestedList	1717537160678	1717537160679	OK	 
REQUEST		playerName	1717537160709	1717537160710	OK	 
REQUEST		players	1717537160797	1717537160799	OK	 
USER	RecordedSimulation	END	1717537160800
REQUEST		next	1717537161502	1717537161503	OK	 
REQUEST		undoMove	1717537161559	1717537161561	OK	 
REQUEST		playerID	1717537161658	1717537161659	OK	 
REQUEST		remainingMoves	1717537161708	1717537161709	OK	 
REQUEST		sum	1717537162596	1717537162597	OK	 
REQUEST		nestedList	1717537162751	1717537162753	OK	 
REQUEST		next	1717537163497	1717537163499	OK	 
REQUEST		players	1717537163707	1717537163708	OK	 
USER	RecordedSimulation	END	1717537163709
REQUEST		playerName	1717537163709	1717537163711	OK	 
REQUEST		undoMove	1717537164528	1717537164530	OK	 
REQUEST		playerID	1717537164568	1717537164569	OK	 
REQUEST		sum	1717537164578	1717537164579	OK	 
REQUEST		remainingMoves	1717537164695	1717537164697	OK	 
REQUEST		nestedList	1717537164728	1717537164729	OK	 
REQUEST		playerName	1717537165668	1717537165669	OK	 
REQUEST		players	1717537165718	1717537165720	OK	 
USER	RecordedSimulation	END	1717537165720
REQUEST		undoMove	1717537166548	1717537166550	OK	 
REQUEST		playerID	1717537166617	1717537166618	OK	 
REQUEST		remainingMoves	1717537166777	1717537166778	OK	 
REQUEST		sum	1717537167533	1717537167535	OK	 
REQUEST		nestedList	1717537167726	1717537167728	OK	 
REQUEST		playerName	1717537168608	1717537168609	OK	 
REQUEST		playerID	1717537168628	1717537168630	OK	 
REQUEST		players	1717537168715	1717537168717	OK	 
USER	RecordedSimulation	END	1717537168718
REQUEST		remainingMoves	1717537168779	1717537168780	OK	 
REQUEST		sum	1717537169600	1717537169601	OK	 
REQUEST		nestedList	1717537169693	1717537169694	OK	 
REQUEST		playerName	1717537170667	1717537170669	OK	 
REQUEST		players	1717537170818	1717537170819	OK	 
USER	RecordedSimulation	END	1717537170820
REQUEST		playerID	1717537171565	1717537171567	OK	 
REQUEST		remainingMoves	1717537171766	1717537171767	OK	 
REQUEST		nestedList	1717537172660	1717537172661	OK	 
REQUEST		playerName	1717537172681	1717537172683	OK	 
REQUEST		players	1717537172814	1717537172816	OK	 
USER	RecordedSimulation	END	1717537172816
REQUEST		playerID	1717537173651	1717537173653	OK	 
REQUEST		remainingMoves	1717537173715	1717537173717	OK	 
REQUEST		nestedList	1717537174696	1717537174698	OK	 
REQUEST		playerName	1717537175608	1717537175610	OK	 
REQUEST		players	1717537175818	1717537175819	OK	 
USER	RecordedSimulation	END	1717537175820
REQUEST		remainingMoves	1717537176678	1717537176679	OK	 
REQUEST		nestedList	1717537176733	1717537176734	OK	 
REQUEST		playerName	1717537177667	1717537177668	OK	 
REQUEST		players	1717537177767	1717537177768	OK	 
USER	RecordedSimulation	END	1717537177769
REQUEST		remainingMoves	1717537178738	1717537178739	OK	 
REQUEST		nestedList	1717537179626	1717537179628	OK	 
REQUEST		players	1717537180686	1717537180688	OK	 
USER	RecordedSimulation	END	1717537180689
REQUEST		remainingMoves	1717537180758	1717537180759	OK	 
REQUEST		nestedList	1717537181718	1717537181719	OK	 
REQUEST		players	1717537182790	1717537182791	OK	 
USER	RecordedSimulation	END	1717537182792
REQUEST		remainingMoves	1717537183645	1717537183647	OK	 
REQUEST		players	1717537184768	1717537184769	OK	 
USER	RecordedSimulation	END	1717537184770
REQUEST		remainingMoves	1717537185747	1717537185748	OK	 
REQUEST		players	1717537187677	1717537187679	OK	 
USER	RecordedSimulation	END	1717537187680
REQUEST		players	1717537189798	1717537189800	OK	 
USER	RecordedSimulation	END	1717537189800
