RUN	it.dicecup.DiceCupLoadItSimulation	dicecuploaditsimulation	1717526914202	 	3.11.3
USER	RecordedSimulation	START	1717526916155
REQUEST		indexOfField	1717526916147	1717526916185	OK	 
USER	RecordedSimulation	START	1717526918055
REQUEST		indexOfField	1717526918053	1717526918060	OK	 
REQUEST		dice	1717526918263	1717526918268	OK	 
USER	RecordedSimulation	START	1717526920049
REQUEST		indexOfField	1717526920047	1717526920055	OK	 
REQUEST		dice	1717526920080	1717526920083	OK	 
REQUEST		representation	1717526920274	1717526920277	OK	 
USER	RecordedSimulation	START	1717526922048
REQUEST		indexOfField	1717526922047	1717526922054	OK	 
REQUEST		dice	1717526922079	1717526922081	OK	 
REQUEST		representation	1717526922103	1717526922106	OK	 
REQUEST		putOut	1717526922293	1717526922297	OK	 
USER	RecordedSimulation	START	1717526924048
REQUEST		indexOfField	1717526924046	1717526924053	OK	 
REQUEST		dice	1717526924079	1717526924083	OK	 
REQUEST		representation	1717526924097	1717526924100	OK	 
REQUEST		putOut	1717526924130	1717526924140	OK	 
REQUEST		putIn	1717526925321	1717526925325	OK	 
USER	RecordedSimulation	START	1717526926049
REQUEST		indexOfField	1717526926048	1717526926054	OK	 
REQUEST		dice	1717526926066	1717526926069	OK	 
REQUEST		representation	1717526926103	1717526926107	OK	 
REQUEST		putOut	1717526926117	1717526926120	OK	 
REQUEST		putIn	1717526927157	1717526927159	OK	 
REQUEST		nextRound	1717526927344	1717526927347	OK	 
USER	RecordedSimulation	START	1717526928048
REQUEST		indexOfField	1717526928047	1717526928054	OK	 
REQUEST		dice	1717526928079	1717526928082	OK	 
REQUEST		representation	1717526928084	1717526928086	OK	 
REQUEST		putOut	1717526928131	1717526928135	OK	 
REQUEST		putIn	1717526929140	1717526929145	OK	 
REQUEST		nextRound	1717526929164	1717526929167	OK	 
REQUEST		inCup	1717526929354	1717526929357	OK	 
USER	RecordedSimulation	START	1717526930025
REQUEST		indexOfField	1717526930024	1717526930035	OK	 
REQUEST		dice	1717526930067	1717526930069	OK	 
REQUEST		representation	1717526930093	1717526930096	OK	 
REQUEST		putOut	1717526930109	1717526930112	OK	 
REQUEST		putIn	1717526931160	1717526931162	OK	 
REQUEST		nextRound	1717526931183	1717526931187	OK	 
REQUEST		inCup	1717526931192	1717526931194	OK	 
REQUEST		locked	1717526931374	1717526931376	OK	 
USER	RecordedSimulation	START	1717526932049
REQUEST		dice	1717526932059	1717526932062	OK	 
REQUEST		indexOfField	1717526932047	1717526932066	OK	 
REQUEST		representation	1717526932093	1717526932096	OK	 
REQUEST		putOut	1717526932115	1717526932117	OK	 
REQUEST		putIn	1717526933125	1717526933128	OK	 
REQUEST		nextRound	1717526933187	1717526933189	OK	 
REQUEST		inCup	1717526933211	1717526933213	OK	 
REQUEST		locked	1717526933213	1717526933216	OK	 
REQUEST		remainingDices	1717526933383	1717526933386	OK	 
USER	RecordedSimulation	START	1717526934047
REQUEST		indexOfField	1717526934046	1717526934054	OK	 
REQUEST		representation	1717526934083	1717526934086	OK	 
REQUEST		dice	1717526934090	1717526934092	OK	 
REQUEST		putOut	1717526934103	1717526934105	OK	 
REQUEST		putIn	1717526935127	1717526935129	OK	 
REQUEST		nextRound	1717526935136	1717526935138	OK	 
REQUEST		inCup	1717526935215	1717526935217	OK	 
REQUEST		locked	1717526935234	1717526935238	OK	 
REQUEST		remainingDices	1717526935240	1717526935242	OK	 
REQUEST		result	1717526935393	1717526935396	OK	 
USER	RecordedSimulation	END	1717526935401
REQUEST		dice	1717526936064	1717526936066	OK	 
REQUEST		putOut	1717526936093	1717526936097	OK	 
REQUEST		representation	1717526936115	1717526936118	OK	 
REQUEST		putIn	1717526937130	1717526937132	OK	 
REQUEST		inCup	1717526937144	1717526937146	OK	 
REQUEST		nextRound	1717526937153	1717526937156	OK	 
REQUEST		locked	1717526937242	1717526937245	OK	 
REQUEST		remainingDices	1717526937257	1717526937260	OK	 
REQUEST		result	1717526937264	1717526937267	OK	 
USER	RecordedSimulation	END	1717526937270
REQUEST		representation	1717526938081	1717526938083	OK	 
REQUEST		putOut	1717526938142	1717526938144	OK	 
REQUEST		putIn	1717526939104	1717526939107	OK	 
REQUEST		nextRound	1717526939157	1717526939160	OK	 
REQUEST		locked	1717526939170	1717526939172	OK	 
REQUEST		inCup	1717526939181	1717526939185	OK	 
REQUEST		remainingDices	1717526939257	1717526939259	OK	 
REQUEST		result	1717526939265	1717526939267	OK	 
USER	RecordedSimulation	END	1717526939270
REQUEST		putOut	1717526940107	1717526940110	OK	 
REQUEST		nextRound	1717526941131	1717526941133	OK	 
REQUEST		putIn	1717526941169	1717526941172	OK	 
REQUEST		inCup	1717526941177	1717526941179	OK	 
REQUEST		remainingDices	1717526941193	1717526941195	OK	 
REQUEST		locked	1717526941209	1717526941211	OK	 
REQUEST		result	1717526941283	1717526941285	OK	 
USER	RecordedSimulation	END	1717526941287
REQUEST		putIn	1717526943135	1717526943137	OK	 
REQUEST		inCup	1717526943158	1717526943160	OK	 
REQUEST		locked	1717526943193	1717526943195	OK	 
REQUEST		nextRound	1717526943197	1717526943199	OK	 
REQUEST		result	1717526943213	1717526943216	OK	 
USER	RecordedSimulation	END	1717526943217
REQUEST		remainingDices	1717526943235	1717526943237	OK	 
REQUEST		nextRound	1717526945161	1717526945164	OK	 
REQUEST		locked	1717526945184	1717526945185	OK	 
REQUEST		remainingDices	1717526945217	1717526945219	OK	 
REQUEST		inCup	1717526945217	1717526945219	OK	 
REQUEST		result	1717526945251	1717526945253	OK	 
USER	RecordedSimulation	END	1717526945254
REQUEST		inCup	1717526947188	1717526947190	OK	 
REQUEST		remainingDices	1717526947203	1717526947205	OK	 
REQUEST		result	1717526947235	1717526947237	OK	 
USER	RecordedSimulation	END	1717526947238
REQUEST		locked	1717526947244	1717526947246	OK	 
REQUEST		locked	1717526949194	1717526949196	OK	 
REQUEST		result	1717526949209	1717526949212	OK	 
USER	RecordedSimulation	END	1717526949213
REQUEST		remainingDices	1717526949271	1717526949273	OK	 
REQUEST		remainingDices	1717526951200	1717526951202	OK	 
REQUEST		result	1717526951283	1717526951285	OK	 
USER	RecordedSimulation	END	1717526951286
REQUEST		result	1717526953227	1717526953229	OK	 
USER	RecordedSimulation	END	1717526953230
