RUN	it.field.FieldLoadItSimulation	fieldloaditsimulation	1717570297220	 	3.11.3
USER	RecordedSimulation	START	1717570299190
REQUEST		new	1717570299183	1717570299224	OK	 
USER	RecordedSimulation	START	1717570301050
REQUEST		new	1717570301047	1717570301056	OK	 
REQUEST		putMulti	1717570302287	1717570302299	OK	 
USER	RecordedSimulation	START	1717570303042
REQUEST		new	1717570303040	1717570303050	OK	 
REQUEST		putMulti	1717570304063	1717570304068	OK	 
REQUEST		undoMove	1717570304307	1717570304311	OK	 
USER	RecordedSimulation	START	1717570305042
REQUEST		new	1717570305040	1717570305052	OK	 
REQUEST		putMulti	1717570306055	1717570306059	OK	 
REQUEST		undoMove	1717570306073	1717570306077	OK	 
USER	RecordedSimulation	START	1717570307042
REQUEST		new	1717570307041	1717570307051	OK	 
REQUEST		cell	1717570307318	1717570307321	OK	 
REQUEST		putMulti	1717570308060	1717570308065	OK	 
REQUEST		undoMove	1717570308068	1717570308072	OK	 
USER	RecordedSimulation	START	1717570309042
REQUEST		new	1717570309040	1717570309049	OK	 
REQUEST		cell	1717570309085	1717570309089	OK	 
REQUEST		putMulti	1717570310059	1717570310066	OK	 
REQUEST		undoMove	1717570310074	1717570310081	OK	 
REQUEST		numberOfPlayers	1717570310327	1717570310331	OK	 
USER	RecordedSimulation	START	1717570311041
REQUEST		new	1717570311040	1717570311047	OK	 
REQUEST		cell	1717570311080	1717570311083	OK	 
REQUEST		putMulti	1717570312057	1717570312061	OK	 
REQUEST		undoMove	1717570312070	1717570312073	OK	 
REQUEST		numberOfPlayers	1717570312097	1717570312100	OK	 
USER	RecordedSimulation	START	1717570313042
REQUEST		new	1717570313041	1717570313048	OK	 
REQUEST		cell	1717570313089	1717570313092	OK	 
REQUEST		isEmpty	1717570313338	1717570313341	OK	 
REQUEST		putMulti	1717570314054	1717570314058	OK	 
REQUEST		undoMove	1717570314070	1717570314073	OK	 
REQUEST		numberOfPlayers	1717570314088	1717570314091	OK	 
USER	RecordedSimulation	START	1717570315043
REQUEST		new	1717570315041	1717570315050	OK	 
REQUEST		cell	1717570315078	1717570315082	OK	 
REQUEST		isEmpty	1717570315108	1717570315111	OK	 
REQUEST		putMulti	1717570316056	1717570316060	OK	 
REQUEST		undoMove	1717570316066	1717570316069	OK	 
REQUEST		numberOfPlayers	1717570316095	1717570316098	OK	 
REQUEST		mesh	1717570316348	1717570316352	OK	 
USER	RecordedSimulation	END	1717570316359
USER	RecordedSimulation	START	1717570317042
REQUEST		new	1717570317041	1717570317049	OK	 
REQUEST		cell	1717570317081	1717570317084	OK	 
REQUEST		isEmpty	1717570317099	1717570317104	OK	 
REQUEST		putMulti	1717570318062	1717570318077	OK	 
REQUEST		undoMove	1717570318067	1717570318081	OK	 
REQUEST		numberOfPlayers	1717570318093	1717570318108	OK	 
REQUEST		mesh	1717570318119	1717570318126	OK	 
USER	RecordedSimulation	END	1717570318129
REQUEST		cell	1717570319078	1717570319081	OK	 
REQUEST		isEmpty	1717570319106	1717570319110	OK	 
REQUEST		putMulti	1717570320057	1717570320061	OK	 
REQUEST		undoMove	1717570320089	1717570320092	OK	 
REQUEST		numberOfPlayers	1717570320092	1717570320095	OK	 
REQUEST		mesh	1717570320111	1717570320114	OK	 
USER	RecordedSimulation	END	1717570320116
REQUEST		cell	1717570321089	1717570321091	OK	 
REQUEST		isEmpty	1717570321114	1717570321116	OK	 
REQUEST		undoMove	1717570322070	1717570322073	OK	 
REQUEST		numberOfPlayers	1717570322088	1717570322091	OK	 
REQUEST		mesh	1717570322113	1717570322116	OK	 
USER	RecordedSimulation	END	1717570322117
REQUEST		cell	1717570323097	1717570323100	OK	 
REQUEST		isEmpty	1717570323103	1717570323107	OK	 
REQUEST		numberOfPlayers	1717570324098	1717570324102	OK	 
REQUEST		mesh	1717570324124	1717570324129	OK	 
USER	RecordedSimulation	END	1717570324131
REQUEST		cell	1717570325081	1717570325083	OK	 
REQUEST		isEmpty	1717570325099	1717570325102	OK	 
REQUEST		numberOfPlayers	1717570326108	1717570326111	OK	 
REQUEST		mesh	1717570326108	1717570326112	OK	 
USER	RecordedSimulation	END	1717570326113
REQUEST		isEmpty	1717570327108	1717570327113	OK	 
REQUEST		numberOfPlayers	1717570328085	1717570328091	OK	 
REQUEST		mesh	1717570328109	1717570328115	OK	 
USER	RecordedSimulation	END	1717570328117
REQUEST		isEmpty	1717570329119	1717570329122	OK	 
REQUEST		mesh	1717570330119	1717570330123	OK	 
USER	RecordedSimulation	END	1717570330125
REQUEST		isEmpty	1717570331097	1717570331100	OK	 
REQUEST		mesh	1717570332130	1717570332133	OK	 
USER	RecordedSimulation	END	1717570332134
REQUEST		mesh	1717570334107	1717570334111	OK	 
USER	RecordedSimulation	END	1717570334112
