RUN	it.persistence.PersistenceSpikeItSimulation	persistencespikeitsimulation	1717488725560	 	3.11.3
USER	RecordedSimulation	START	1717488726620
REQUEST		ping	1717488726615	1717488726638	OK	 
USER	RecordedSimulation	START	1717488731538
REQUEST		ping	1717488731537	1717488731542	OK	 
REQUEST		saveField	1717488734663	1717488734673	OK	 
USER	RecordedSimulation	START	1717488736538
USER	RecordedSimulation	START	1717488736539
USER	RecordedSimulation	START	1717488736540
USER	RecordedSimulation	START	1717488736540
USER	RecordedSimulation	START	1717488736542
USER	RecordedSimulation	START	1717488736542
USER	RecordedSimulation	START	1717488736542
USER	RecordedSimulation	START	1717488736543
USER	RecordedSimulation	START	1717488736543
USER	RecordedSimulation	START	1717488736543
USER	RecordedSimulation	START	1717488736544
USER	RecordedSimulation	START	1717488736545
USER	RecordedSimulation	START	1717488736545
USER	RecordedSimulation	START	1717488736546
USER	RecordedSimulation	START	1717488736546
USER	RecordedSimulation	START	1717488736547
USER	RecordedSimulation	START	1717488736544
USER	RecordedSimulation	START	1717488736547
USER	RecordedSimulation	START	1717488736548
USER	RecordedSimulation	START	1717488736549
USER	RecordedSimulation	START	1717488736549
USER	RecordedSimulation	START	1717488736550
USER	RecordedSimulation	START	1717488736551
USER	RecordedSimulation	START	1717488736551
USER	RecordedSimulation	START	1717488736552
USER	RecordedSimulation	START	1717488736553
USER	RecordedSimulation	START	1717488736555
USER	RecordedSimulation	START	1717488736557
USER	RecordedSimulation	START	1717488736558
USER	RecordedSimulation	START	1717488736559
USER	RecordedSimulation	START	1717488736560
USER	RecordedSimulation	START	1717488736560
USER	RecordedSimulation	START	1717488736561
USER	RecordedSimulation	START	1717488736561
USER	RecordedSimulation	START	1717488736562
USER	RecordedSimulation	START	1717488736563
USER	RecordedSimulation	START	1717488736563
USER	RecordedSimulation	START	1717488736564
USER	RecordedSimulation	START	1717488736566
USER	RecordedSimulation	START	1717488736569
USER	RecordedSimulation	START	1717488736572
USER	RecordedSimulation	START	1717488736573
USER	RecordedSimulation	START	1717488736574
USER	RecordedSimulation	START	1717488736576
USER	RecordedSimulation	START	1717488736576
USER	RecordedSimulation	START	1717488736577
USER	RecordedSimulation	START	1717488736582
USER	RecordedSimulation	START	1717488736583
USER	RecordedSimulation	START	1717488736581
USER	RecordedSimulation	START	1717488736585
USER	RecordedSimulation	START	1717488736587
USER	RecordedSimulation	START	1717488736588
USER	RecordedSimulation	START	1717488736588
USER	RecordedSimulation	START	1717488736589
USER	RecordedSimulation	START	1717488736590
USER	RecordedSimulation	START	1717488736592
USER	RecordedSimulation	START	1717488736593
USER	RecordedSimulation	START	1717488736593
USER	RecordedSimulation	START	1717488736593
USER	RecordedSimulation	START	1717488736594
USER	RecordedSimulation	START	1717488736595
REQUEST		ping	1717488736537	1717488736597	OK	 
USER	RecordedSimulation	START	1717488736598
USER	RecordedSimulation	START	1717488736599
USER	RecordedSimulation	START	1717488736601
USER	RecordedSimulation	START	1717488736603
USER	RecordedSimulation	START	1717488736604
USER	RecordedSimulation	START	1717488736604
USER	RecordedSimulation	START	1717488736606
USER	RecordedSimulation	START	1717488736608
USER	RecordedSimulation	START	1717488736608
USER	RecordedSimulation	START	1717488736611
USER	RecordedSimulation	START	1717488736615
USER	RecordedSimulation	START	1717488736617
USER	RecordedSimulation	START	1717488736619
USER	RecordedSimulation	START	1717488736622
USER	RecordedSimulation	START	1717488736625
USER	RecordedSimulation	START	1717488736630
USER	RecordedSimulation	START	1717488736631
REQUEST		ping	1717488736541	1717488736629	OK	 
USER	RecordedSimulation	START	1717488736638
USER	RecordedSimulation	START	1717488736640
USER	RecordedSimulation	START	1717488736641
REQUEST		ping	1717488736542	1717488736641	OK	 
USER	RecordedSimulation	START	1717488736643
USER	RecordedSimulation	START	1717488736640
REQUEST		ping	1717488736547	1717488736641	OK	 
USER	RecordedSimulation	START	1717488736645
USER	RecordedSimulation	START	1717488736646
USER	RecordedSimulation	START	1717488736646
REQUEST		ping	1717488736538	1717488736650	OK	 
REQUEST		ping	1717488736553	1717488736646	OK	 
REQUEST		ping	1717488736538	1717488736652	OK	 
REQUEST		ping	1717488736561	1717488736653	OK	 
USER	RecordedSimulation	START	1717488736654
USER	RecordedSimulation	START	1717488736659
USER	RecordedSimulation	START	1717488736661
USER	RecordedSimulation	START	1717488736660
REQUEST		ping	1717488736549	1717488736662	OK	 
USER	RecordedSimulation	START	1717488736663
USER	RecordedSimulation	START	1717488736665
USER	RecordedSimulation	START	1717488736666
USER	RecordedSimulation	START	1717488736667
USER	RecordedSimulation	START	1717488736669
REQUEST		ping	1717488736539	1717488736669	OK	 
USER	RecordedSimulation	START	1717488736671
REQUEST		ping	1717488736563	1717488736671	OK	 
REQUEST		ping	1717488736541	1717488736678	OK	 
REQUEST		ping	1717488736550	1717488736679	OK	 
USER	RecordedSimulation	START	1717488736681
REQUEST		ping	1717488736538	1717488736682	OK	 
USER	RecordedSimulation	START	1717488736685
USER	RecordedSimulation	START	1717488736686
USER	RecordedSimulation	START	1717488736688
REQUEST		ping	1717488736559	1717488736680	OK	 
REQUEST		ping	1717488736542	1717488736724	OK	 
REQUEST		ping	1717488736545	1717488736721	OK	 
REQUEST		ping	1717488736580	1717488736726	OK	 
REQUEST		ping	1717488736586	1717488736756	OK	 
REQUEST		ping	1717488736561	1717488736757	OK	 
REQUEST		ping	1717488736588	1717488736758	OK	 
REQUEST		ping	1717488736543	1717488736760	OK	 
USER	RecordedSimulation	START	1717488736760
REQUEST		ping	1717488736541	1717488736761	OK	 
REQUEST		ping	1717488736589	1717488736759	OK	 
REQUEST		ping	1717488736562	1717488736759	OK	 
REQUEST		ping	1717488736538	1717488736794	OK	 
REQUEST		ping	1717488736574	1717488736794	OK	 
REQUEST		ping	1717488736544	1717488736795	OK	 
REQUEST		ping	1717488736543	1717488736796	OK	 
REQUEST		ping	1717488736584	1717488736797	OK	 
REQUEST		ping	1717488736547	1717488736798	OK	 
REQUEST		ping	1717488736589	1717488736831	OK	 
REQUEST		ping	1717488736558	1717488736833	OK	 
REQUEST		ping	1717488736565	1717488736836	OK	 
REQUEST		ping	1717488736591	1717488736837	OK	 
REQUEST		ping	1717488736568	1717488736838	OK	 
REQUEST		ping	1717488736545	1717488736839	OK	 
REQUEST		ping	1717488736594	1717488736839	OK	 
REQUEST		ping	1717488736630	1717488736840	OK	 
REQUEST		ping	1717488736637	1717488736841	OK	 
REQUEST		ping	1717488736577	1717488736874	OK	 
REQUEST		ping	1717488736644	1717488736876	OK	 
REQUEST		ping	1717488736605	1717488736877	OK	 
REQUEST		ping	1717488736543	1717488736878	OK	 
REQUEST		ping	1717488736545	1717488736880	OK	 
REQUEST		ping	1717488736572	1717488736882	OK	 
REQUEST		ping	1717488736558	1717488736882	OK	 
REQUEST		ping	1717488736545	1717488736884	OK	 
REQUEST		ping	1717488736543	1717488736886	OK	 
REQUEST		ping	1717488736590	1717488736884	OK	 
REQUEST		ping	1717488736590	1717488736905	OK	 
REQUEST		ping	1717488736560	1717488736905	OK	 
REQUEST		ping	1717488736561	1717488736907	OK	 
REQUEST		ping	1717488736549	1717488736907	OK	 
REQUEST		ping	1717488736571	1717488736907	OK	 
REQUEST		ping	1717488736550	1717488736908	OK	 
REQUEST		ping	1717488736549	1717488736908	OK	 
REQUEST		ping	1717488736572	1717488736909	OK	 
REQUEST		ping	1717488736560	1717488736910	OK	 
REQUEST		ping	1717488736602	1717488736909	OK	 
REQUEST		ping	1717488736573	1717488736938	OK	 
REQUEST		ping	1717488736607	1717488736938	OK	 
REQUEST		ping	1717488736547	1717488736939	OK	 
REQUEST		ping	1717488736644	1717488736940	OK	 
REQUEST		ping	1717488736577	1717488736940	OK	 
REQUEST		ping	1717488736687	1717488736941	OK	 
REQUEST		ping	1717488736588	1717488736941	OK	 
REQUEST		ping	1717488736574	1717488736942	OK	 
REQUEST		ping	1717488736541	1717488736958	OK	 
REQUEST		ping	1717488736593	1717488736958	OK	 
REQUEST		ping	1717488736600	1717488736959	OK	 
REQUEST		ping	1717488736640	1717488736960	OK	 
REQUEST		ping	1717488736642	1717488736960	OK	 
REQUEST		ping	1717488736550	1717488736960	OK	 
REQUEST		ping	1717488736609	1717488736960	OK	 
REQUEST		ping	1717488736578	1717488736960	OK	 
REQUEST		ping	1717488736686	1717488736961	OK	 
REQUEST		ping	1717488736607	1717488736961	OK	 
REQUEST		ping	1717488736759	1717488736962	OK	 
REQUEST		ping	1717488736646	1717488736981	OK	 
REQUEST		ping	1717488736579	1717488736981	OK	 
REQUEST		ping	1717488736654	1717488736982	OK	 
REQUEST		ping	1717488736584	1717488736982	OK	 
REQUEST		ping	1717488736621	1717488736983	OK	 
REQUEST		ping	1717488736556	1717488736983	OK	 
REQUEST		ping	1717488736618	1717488736983	OK	 
REQUEST		ping	1717488736623	1717488736984	OK	 
REQUEST		ping	1717488736593	1717488736984	OK	 
REQUEST		ping	1717488736594	1717488736985	OK	 
REQUEST		ping	1717488736650	1717488736985	OK	 
REQUEST		ping	1717488736659	1717488736986	OK	 
REQUEST		ping	1717488736658	1717488737004	OK	 
REQUEST		ping	1717488736600	1717488737004	OK	 
REQUEST		ping	1717488736609	1717488737004	OK	 
REQUEST		ping	1717488736669	1717488737004	OK	 
REQUEST		ping	1717488736665	1717488737005	OK	 
REQUEST		ping	1717488736660	1717488737005	OK	 
REQUEST		ping	1717488736666	1717488737005	OK	 
REQUEST		ping	1717488736668	1717488737006	OK	 
REQUEST		ping	1717488736664	1717488737006	OK	 
REQUEST		ping	1717488736663	1717488737006	OK	 
REQUEST		saveGame	1717488737674	1717488737680	OK	 
REQUEST		saveField	1717488739544	1717488739550	OK	 
USER	RecordedSimulation	START	1717488741538
REQUEST		ping	1717488741538	1717488741543	OK	 
REQUEST		saveDiceCup	1717488741681	1717488741689	OK	 
REQUEST		saveGame	1717488742552	1717488742557	OK	 
REQUEST		saveField	1717488744632	1717488744640	OK	 
REQUEST		saveField	1717488744639	1717488744646	OK	 
REQUEST		saveField	1717488744645	1717488744654	OK	 
REQUEST		saveField	1717488744651	1717488744662	OK	 
REQUEST		saveField	1717488744652	1717488744667	OK	 
REQUEST		saveField	1717488744655	1717488744668	OK	 
REQUEST		saveField	1717488744654	1717488744674	OK	 
REQUEST		saveField	1717488744660	1717488744674	OK	 
REQUEST		saveField	1717488744664	1717488744676	OK	 
REQUEST		saveField	1717488744670	1717488744688	OK	 
REQUEST		saveField	1717488744674	1717488744694	OK	 
REQUEST		saveField	1717488744680	1717488744696	OK	 
REQUEST		saveField	1717488744683	1717488744696	OK	 
REQUEST		saveField	1717488744682	1717488744697	OK	 
REQUEST		saveField	1717488744726	1717488744734	OK	 
REQUEST		saveField	1717488744726	1717488744736	OK	 
REQUEST		saveField	1717488744728	1717488744737	OK	 
REQUEST		saveField	1717488744756	1717488744770	OK	 
REQUEST		saveField	1717488744757	1717488744770	OK	 
REQUEST		saveField	1717488744758	1717488744773	OK	 
REQUEST		saveField	1717488744759	1717488744775	OK	 
REQUEST		saveField	1717488744762	1717488744776	OK	 
REQUEST		saveField	1717488744801	1717488744828	OK	 
REQUEST		saveField	1717488744803	1717488744829	OK	 
REQUEST		saveField	1717488744809	1717488744832	OK	 
REQUEST		saveField	1717488744800	1717488744832	OK	 
REQUEST		saveField	1717488744803	1717488744832	OK	 
REQUEST		saveField	1717488744804	1717488744833	OK	 
REQUEST		saveField	1717488744799	1717488744835	OK	 
REQUEST		saveField	1717488744796	1717488744835	OK	 
REQUEST		saveField	1717488744834	1717488744855	OK	 
REQUEST		saveField	1717488744833	1717488744856	OK	 
REQUEST		saveField	1717488744837	1717488744861	OK	 
REQUEST		saveField	1717488744838	1717488744863	OK	 
REQUEST		saveField	1717488744840	1717488744867	OK	 
REQUEST		saveField	1717488744841	1717488744870	OK	 
REQUEST		saveField	1717488744842	1717488744870	OK	 
REQUEST		saveField	1717488744841	1717488744875	OK	 
REQUEST		saveField	1717488744843	1717488744875	OK	 
REQUEST		saveField	1717488744844	1717488744876	OK	 
REQUEST		saveField	1717488744878	1717488744892	OK	 
REQUEST		saveField	1717488744880	1717488744900	OK	 
REQUEST		saveField	1717488744879	1717488744899	OK	 
REQUEST		saveField	1717488744883	1717488744906	OK	 
REQUEST		saveField	1717488744886	1717488744907	OK	 
REQUEST		saveField	1717488744886	1717488744911	OK	 
REQUEST		saveField	1717488744905	1717488744928	OK	 
REQUEST		saveField	1717488744909	1717488744934	OK	 
REQUEST		saveField	1717488744909	1717488744935	OK	 
REQUEST		saveField	1717488744910	1717488744937	OK	 
REQUEST		saveField	1717488744908	1717488744939	OK	 
REQUEST		saveField	1717488744914	1717488744942	OK	 
REQUEST		saveField	1717488744940	1717488744975	OK	 
REQUEST		saveField	1717488744943	1717488744983	OK	 
REQUEST		saveField	1717488744942	1717488744995	OK	 
REQUEST		saveField	1717488744947	1717488745058	OK	 
REQUEST		saveField	1717488744942	1717488745056	OK	 
REQUEST		saveField	1717488744944	1717488745059	OK	 
REQUEST		saveField	1717488744951	1717488745059	OK	 
REQUEST		saveField	1717488744961	1717488745059	OK	 
REQUEST		saveField	1717488744964	1717488745060	OK	 
REQUEST		saveField	1717488744964	1717488745061	OK	 
REQUEST		saveField	1717488744944	1717488745168	OK	 
REQUEST		saveField	1717488744984	1717488745170	OK	 
REQUEST		saveField	1717488744983	1717488745171	OK	 
REQUEST		saveField	1717488744940	1717488745172	OK	 
REQUEST		saveField	1717488744963	1717488745173	OK	 
REQUEST		saveField	1717488744982	1717488745174	OK	 
REQUEST		saveField	1717488744987	1717488745174	OK	 
REQUEST		saveField	1717488744982	1717488745175	OK	 
REQUEST		saveField	1717488744966	1717488745220	OK	 
REQUEST		saveField	1717488744958	1717488745220	OK	 
REQUEST		saveField	1717488745009	1717488745220	OK	 
REQUEST		saveField	1717488744956	1717488745221	OK	 
REQUEST		saveField	1717488745008	1717488745221	OK	 
REQUEST		saveField	1717488744959	1717488745221	OK	 
REQUEST		saveField	1717488745055	1717488745222	OK	 
REQUEST		saveField	1717488744941	1717488745222	OK	 
REQUEST		saveField	1717488744968	1717488745222	OK	 
REQUEST		saveField	1717488744967	1717488745257	OK	 
REQUEST		saveField	1717488744982	1717488745257	OK	 
REQUEST		saveField	1717488744983	1717488745257	OK	 
REQUEST		saveField	1717488744987	1717488745258	OK	 
REQUEST		saveField	1717488744986	1717488745258	OK	 
REQUEST		saveField	1717488744956	1717488745258	OK	 
REQUEST		saveField	1717488744986	1717488745259	OK	 
REQUEST		saveField	1717488744986	1717488745259	OK	 
REQUEST		saveField	1717488744966	1717488745259	OK	 
REQUEST		saveField	1717488744987	1717488745260	OK	 
REQUEST		saveField	1717488745015	1717488745293	OK	 
REQUEST		saveField	1717488744987	1717488745294	OK	 
REQUEST		saveField	1717488745007	1717488745294	OK	 
REQUEST		saveField	1717488745009	1717488745294	OK	 
REQUEST		saveField	1717488745010	1717488745295	OK	 
REQUEST		saveField	1717488744988	1717488745295	OK	 
REQUEST		saveField	1717488745008	1717488745295	OK	 
REQUEST		saveField	1717488744987	1717488745296	OK	 
REQUEST		saveField	1717488745006	1717488745296	OK	 
REQUEST		saveField	1717488745009	1717488745296	OK	 
REQUEST		saveField	1717488745017	1717488745327	OK	 
REQUEST		saveField	1717488744988	1717488745327	OK	 
REQUEST		saveDiceCup	1717488746559	1717488746565	OK	 
REQUEST		saveGame	1717488747641	1717488747647	OK	 
REQUEST		saveGame	1717488747646	1717488747652	OK	 
REQUEST		saveGame	1717488747654	1717488747661	OK	 
REQUEST		saveGame	1717488747663	1717488747668	OK	 
REQUEST		saveGame	1717488747668	1717488747675	OK	 
REQUEST		saveGame	1717488747669	1717488747677	OK	 
REQUEST		saveGame	1717488747675	1717488747682	OK	 
REQUEST		saveGame	1717488747675	1717488747682	OK	 
REQUEST		saveGame	1717488747677	1717488747684	OK	 
REQUEST		saveGame	1717488747689	1717488747695	OK	 
REQUEST		saveGame	1717488747695	1717488747705	OK	 
REQUEST		saveGame	1717488747697	1717488747708	OK	 
REQUEST		saveGame	1717488747699	1717488747709	OK	 
REQUEST		saveGame	1717488747696	1717488747712	OK	 
REQUEST		saveGame	1717488747736	1717488747753	OK	 
REQUEST		saveGame	1717488747741	1717488747754	OK	 
REQUEST		saveGame	1717488747739	1717488747758	OK	 
REQUEST		saveGame	1717488747771	1717488747787	OK	 
REQUEST		saveGame	1717488747777	1717488747793	OK	 
REQUEST		saveGame	1717488747781	1717488747795	OK	 
REQUEST		saveGame	1717488747774	1717488747798	OK	 
REQUEST		saveGame	1717488747773	1717488747799	OK	 
REQUEST		saveGame	1717488747831	1717488747855	OK	 
REQUEST		saveGame	1717488747834	1717488747855	OK	 
REQUEST		saveGame	1717488747832	1717488747856	OK	 
REQUEST		saveGame	1717488747834	1717488747859	OK	 
REQUEST		saveGame	1717488747837	1717488747866	OK	 
REQUEST		saveGame	1717488747838	1717488747865	OK	 
REQUEST		saveGame	1717488747838	1717488747864	OK	 
REQUEST		saveGame	1717488747837	1717488747870	OK	 
REQUEST		saveGame	1717488747858	1717488747877	OK	 
REQUEST		saveGame	1717488747857	1717488747876	OK	 
REQUEST		saveGame	1717488747863	1717488747888	OK	 
REQUEST		saveGame	1717488747872	1717488747888	OK	 
REQUEST		saveGame	1717488747866	1717488747890	OK	 
REQUEST		saveGame	1717488747876	1717488747897	OK	 
REQUEST		saveGame	1717488747869	1717488747897	OK	 
REQUEST		saveGame	1717488747885	1717488747900	OK	 
REQUEST		saveGame	1717488747884	1717488747914	OK	 
REQUEST		saveGame	1717488747879	1717488747915	OK	 
REQUEST		saveGame	1717488747913	1717488747928	OK	 
REQUEST		saveGame	1717488747902	1717488747930	OK	 
REQUEST		saveGame	1717488747897	1717488747950	OK	 
REQUEST		saveGame	1717488747913	1717488747951	OK	 
REQUEST		saveGame	1717488747914	1717488747952	OK	 
REQUEST		saveGame	1717488747905	1717488747954	OK	 
REQUEST		saveGame	1717488747930	1717488747971	OK	 
REQUEST		saveGame	1717488747943	1717488747975	OK	 
REQUEST		saveGame	1717488747943	1717488747981	OK	 
REQUEST		saveGame	1717488747945	1717488747995	OK	 
REQUEST		saveGame	1717488747944	1717488747996	OK	 
REQUEST		saveGame	1717488747945	1717488747997	OK	 
REQUEST		saveGame	1717488747979	1717488747998	OK	 
REQUEST		saveGame	1717488747992	1717488748006	OK	 
REQUEST		saveGame	1717488747999	1717488748010	OK	 
REQUEST		saveGame	1717488748062	1717488748072	OK	 
REQUEST		saveGame	1717488748065	1717488748072	OK	 
REQUEST		saveGame	1717488748062	1717488748074	OK	 
REQUEST		saveGame	1717488748065	1717488748074	OK	 
REQUEST		saveGame	1717488748062	1717488748075	OK	 
REQUEST		saveGame	1717488748065	1717488748077	OK	 
REQUEST		saveGame	1717488748171	1717488748188	OK	 
REQUEST		saveGame	1717488748170	1717488748213	OK	 
REQUEST		saveGame	1717488748183	1717488748214	OK	 
REQUEST		saveGame	1717488748172	1717488748214	OK	 
REQUEST		saveGame	1717488748181	1717488748218	OK	 
REQUEST		saveGame	1717488748180	1717488748219	OK	 
REQUEST		saveGame	1717488748178	1717488748223	OK	 
REQUEST		saveGame	1717488748222	1717488748249	OK	 
REQUEST		saveGame	1717488748221	1717488748250	OK	 
REQUEST		saveGame	1717488748223	1717488748253	OK	 
REQUEST		saveGame	1717488748224	1717488748263	OK	 
REQUEST		saveGame	1717488748223	1717488748265	OK	 
REQUEST		saveGame	1717488748225	1717488748268	OK	 
REQUEST		saveGame	1717488748223	1717488748271	OK	 
REQUEST		saveGame	1717488748223	1717488748273	OK	 
REQUEST		saveGame	1717488748258	1717488748291	OK	 
REQUEST		saveGame	1717488748259	1717488748293	OK	 
REQUEST		saveGame	1717488748259	1717488748296	OK	 
REQUEST		saveGame	1717488748261	1717488748296	OK	 
REQUEST		saveGame	1717488748294	1717488748364	OK	 
REQUEST		saveGame	1717488748295	1717488748365	OK	 
REQUEST		saveGame	1717488748262	1717488748367	OK	 
REQUEST		saveGame	1717488748261	1717488748371	OK	 
REQUEST		saveGame	1717488748260	1717488748464	OK	 
REQUEST		saveGame	1717488748265	1717488748468	OK	 
REQUEST		saveGame	1717488748264	1717488748469	OK	 
REQUEST		saveGame	1717488748267	1717488748468	OK	 
REQUEST		saveGame	1717488748296	1717488748469	OK	 
REQUEST		saveGame	1717488748372	1717488748621	OK	 
REQUEST		saveGame	1717488748368	1717488748622	OK	 
REQUEST		saveGame	1717488748297	1717488748623	OK	 
REQUEST		saveGame	1717488748363	1717488748624	OK	 
REQUEST		saveGame	1717488748466	1717488748625	OK	 
REQUEST		saveGame	1717488748467	1717488748626	OK	 
REQUEST		saveGame	1717488748465	1717488748627	OK	 
REQUEST		saveGame	1717488748369	1717488748696	OK	 
REQUEST		saveGame	1717488748625	1717488748696	OK	 
REQUEST		saveGame	1717488748294	1717488748696	OK	 
REQUEST		saveGame	1717488748469	1717488748697	OK	 
REQUEST		saveGame	1717488748625	1717488748698	OK	 
REQUEST		saveField	1717488749545	1717488749562	OK	 
REQUEST		loadGame	1717488750690	1717488750695	OK	 
REQUEST		saveDiceCup	1717488751648	1717488751656	OK	 
REQUEST		saveDiceCup	1717488751653	1717488751660	OK	 
REQUEST		saveDiceCup	1717488751662	1717488751667	OK	 
REQUEST		saveDiceCup	1717488751669	1717488751675	OK	 
REQUEST		saveDiceCup	1717488751676	1717488751683	OK	 
REQUEST		saveDiceCup	1717488751678	1717488751686	OK	 
REQUEST		saveDiceCup	1717488751683	1717488751691	OK	 
REQUEST		saveDiceCup	1717488751684	1717488751692	OK	 
REQUEST		saveDiceCup	1717488751685	1717488751693	OK	 
REQUEST		saveDiceCup	1717488751695	1717488751701	OK	 
REQUEST		saveDiceCup	1717488751706	1717488751713	OK	 
REQUEST		saveDiceCup	1717488751709	1717488751718	OK	 
REQUEST		saveDiceCup	1717488751710	1717488751718	OK	 
REQUEST		saveDiceCup	1717488751713	1717488751720	OK	 
REQUEST		saveDiceCup	1717488751754	1717488751761	OK	 
REQUEST		saveDiceCup	1717488751755	1717488751761	OK	 
REQUEST		saveDiceCup	1717488751759	1717488751765	OK	 
REQUEST		saveDiceCup	1717488751791	1717488751797	OK	 
REQUEST		saveDiceCup	1717488751794	1717488751802	OK	 
REQUEST		saveDiceCup	1717488751796	1717488751804	OK	 
REQUEST		saveDiceCup	1717488751799	1717488751807	OK	 
REQUEST		saveDiceCup	1717488751800	1717488751808	OK	 
REQUEST		saveDiceCup	1717488751856	1717488751864	OK	 
REQUEST		saveDiceCup	1717488751857	1717488751865	OK	 
REQUEST		saveDiceCup	1717488751861	1717488751869	OK	 
REQUEST		saveDiceCup	1717488751857	1717488751870	OK	 
REQUEST		saveDiceCup	1717488751866	1717488751882	OK	 
REQUEST		saveDiceCup	1717488751868	1717488751887	OK	 
REQUEST		saveDiceCup	1717488751869	1717488751887	OK	 
REQUEST		saveDiceCup	1717488751872	1717488751891	OK	 
REQUEST		saveDiceCup	1717488751879	1717488751897	OK	 
REQUEST		saveDiceCup	1717488751878	1717488751904	OK	 
REQUEST		saveDiceCup	1717488751890	1717488751908	OK	 
REQUEST		saveDiceCup	1717488751892	1717488751911	OK	 
REQUEST		saveDiceCup	1717488751898	1717488751916	OK	 
REQUEST		saveDiceCup	1717488751897	1717488751916	OK	 
REQUEST		saveDiceCup	1717488751903	1717488751918	OK	 
REQUEST		saveDiceCup	1717488751902	1717488751920	OK	 
REQUEST		saveDiceCup	1717488751916	1717488751925	OK	 
REQUEST		saveDiceCup	1717488751918	1717488751927	OK	 
REQUEST		saveDiceCup	1717488751928	1717488751936	OK	 
REQUEST		saveDiceCup	1717488751933	1717488751940	OK	 
REQUEST		saveDiceCup	1717488751952	1717488751963	OK	 
REQUEST		saveDiceCup	1717488751953	1717488751966	OK	 
REQUEST		saveDiceCup	1717488751951	1717488751966	OK	 
REQUEST		saveDiceCup	1717488751958	1717488751972	OK	 
REQUEST		saveDiceCup	1717488751976	1717488751990	OK	 
REQUEST		saveDiceCup	1717488751982	1717488751993	OK	 
REQUEST		saveDiceCup	1717488751976	1717488751994	OK	 
REQUEST		saveDiceCup	1717488751999	1717488752010	OK	 
REQUEST		saveDiceCup	1717488751997	1717488752012	OK	 
REQUEST		saveDiceCup	1717488751997	1717488752012	OK	 
REQUEST		saveDiceCup	1717488752006	1717488752018	OK	 
REQUEST		saveDiceCup	1717488752008	1717488752020	OK	 
REQUEST		saveDiceCup	1717488752012	1717488752023	OK	 
REQUEST		saveDiceCup	1717488752072	1717488752090	OK	 
REQUEST		saveDiceCup	1717488752073	1717488752093	OK	 
REQUEST		saveDiceCup	1717488752075	1717488752093	OK	 
REQUEST		saveDiceCup	1717488752078	1717488752093	OK	 
REQUEST		saveDiceCup	1717488752077	1717488752095	OK	 
REQUEST		saveDiceCup	1717488752075	1717488752096	OK	 
REQUEST		saveDiceCup	1717488752189	1717488752196	OK	 
REQUEST		saveDiceCup	1717488752215	1717488752226	OK	 
REQUEST		saveDiceCup	1717488752214	1717488752230	OK	 
REQUEST		saveDiceCup	1717488752215	1717488752233	OK	 
REQUEST		saveDiceCup	1717488752219	1717488752235	OK	 
REQUEST		saveDiceCup	1717488752220	1717488752241	OK	 
REQUEST		saveDiceCup	1717488752224	1717488752243	OK	 
REQUEST		saveDiceCup	1717488752251	1717488752265	OK	 
REQUEST		saveDiceCup	1717488752250	1717488752266	OK	 
REQUEST		saveDiceCup	1717488752258	1717488752282	OK	 
REQUEST		saveDiceCup	1717488752269	1717488752285	OK	 
REQUEST		saveDiceCup	1717488752264	1717488752290	OK	 
REQUEST		saveDiceCup	1717488752276	1717488752302	OK	 
REQUEST		saveDiceCup	1717488752279	1717488752305	OK	 
REQUEST		saveDiceCup	1717488752275	1717488752306	OK	 
REQUEST		saveDiceCup	1717488752298	1717488752316	OK	 
REQUEST		saveDiceCup	1717488752297	1717488752318	OK	 
REQUEST		saveDiceCup	1717488752297	1717488752322	OK	 
REQUEST		saveDiceCup	1717488752299	1717488752325	OK	 
REQUEST		saveDiceCup	1717488752365	1717488752381	OK	 
REQUEST		saveDiceCup	1717488752366	1717488752384	OK	 
REQUEST		saveDiceCup	1717488752372	1717488752385	OK	 
REQUEST		saveDiceCup	1717488752374	1717488752389	OK	 
REQUEST		saveDiceCup	1717488752465	1717488752473	OK	 
REQUEST		saveDiceCup	1717488752469	1717488752480	OK	 
REQUEST		saveDiceCup	1717488752470	1717488752482	OK	 
REQUEST		saveGame	1717488752563	1717488752569	OK	 
REQUEST		saveDiceCup	1717488752622	1717488752635	OK	 
REQUEST		saveDiceCup	1717488752624	1717488752637	OK	 
REQUEST		saveDiceCup	1717488752625	1717488752638	OK	 
REQUEST		saveDiceCup	1717488752625	1717488752640	OK	 
REQUEST		saveDiceCup	1717488752623	1717488752642	OK	 
REQUEST		saveDiceCup	1717488752628	1717488752644	OK	 
REQUEST		saveDiceCup	1717488752626	1717488752644	OK	 
REQUEST		saveDiceCup	1717488752627	1717488752645	OK	 
REQUEST		saveDiceCup	1717488752697	1717488752712	OK	 
REQUEST		saveDiceCup	1717488752697	1717488752714	OK	 
REQUEST		saveDiceCup	1717488752699	1717488752716	OK	 
REQUEST		saveDiceCup	1717488752700	1717488752720	OK	 
REQUEST		saveDiceCup	1717488752701	1717488752721	OK	 
REQUEST		saveDiceCup	1717488752700	1717488752724	OK	 
REQUEST		loadGame	1717488755566	1717488755570	OK	 
REQUEST		saveDiceCup	1717488756569	1717488756574	OK	 
REQUEST		loadDiceCup	1717488759695	1717488759698	OK	 
REQUEST		loadGame	1717488760657	1717488760660	OK	 
REQUEST		loadGame	1717488760660	1717488760663	OK	 
REQUEST		loadGame	1717488760668	1717488760671	OK	 
REQUEST		loadGame	1717488760675	1717488760678	OK	 
REQUEST		loadGame	1717488760683	1717488760686	OK	 
REQUEST		loadGame	1717488760687	1717488760690	OK	 
REQUEST		loadGame	1717488760693	1717488760696	OK	 
REQUEST		loadGame	1717488760692	1717488760696	OK	 
REQUEST		loadGame	1717488760694	1717488760697	OK	 
REQUEST		loadGame	1717488760702	1717488760705	OK	 
REQUEST		loadGame	1717488760713	1717488760716	OK	 
REQUEST		loadGame	1717488760718	1717488760722	OK	 
REQUEST		loadGame	1717488760718	1717488760722	OK	 
REQUEST		loadGame	1717488760721	1717488760724	OK	 
REQUEST		loadGame	1717488760762	1717488760765	OK	 
REQUEST		loadGame	1717488760762	1717488760765	OK	 
REQUEST		loadGame	1717488760766	1717488760768	OK	 
REQUEST		loadGame	1717488760798	1717488760801	OK	 
REQUEST		loadGame	1717488760803	1717488760806	OK	 
REQUEST		loadGame	1717488760805	1717488760808	OK	 
REQUEST		loadGame	1717488760808	1717488760811	OK	 
REQUEST		loadGame	1717488760809	1717488760812	OK	 
REQUEST		loadGame	1717488760865	1717488760868	OK	 
REQUEST		loadGame	1717488760866	1717488760870	OK	 
REQUEST		loadGame	1717488760869	1717488760872	OK	 
REQUEST		loadGame	1717488760874	1717488760877	OK	 
REQUEST		loadGame	1717488760883	1717488760885	OK	 
REQUEST		loadGame	1717488760888	1717488760891	OK	 
REQUEST		loadGame	1717488760888	1717488760891	OK	 
REQUEST		loadGame	1717488760892	1717488760895	OK	 
REQUEST		loadGame	1717488760898	1717488760901	OK	 
REQUEST		loadGame	1717488760905	1717488760908	OK	 
REQUEST		loadGame	1717488760909	1717488760912	OK	 
REQUEST		loadGame	1717488760912	1717488760915	OK	 
REQUEST		loadGame	1717488760916	1717488760920	OK	 
REQUEST		loadGame	1717488760917	1717488760920	OK	 
REQUEST		loadGame	1717488760920	1717488760923	OK	 
REQUEST		loadGame	1717488760920	1717488760923	OK	 
REQUEST		loadGame	1717488760926	1717488760929	OK	 
REQUEST		loadGame	1717488760928	1717488760931	OK	 
REQUEST		loadGame	1717488760937	1717488760940	OK	 
REQUEST		loadGame	1717488760941	1717488760943	OK	 
REQUEST		loadGame	1717488760964	1717488760966	OK	 
REQUEST		loadGame	1717488760967	1717488760970	OK	 
REQUEST		loadGame	1717488760967	1717488760970	OK	 
REQUEST		loadGame	1717488760973	1717488760976	OK	 
REQUEST		loadGame	1717488760991	1717488760995	OK	 
REQUEST		loadGame	1717488760994	1717488760998	OK	 
REQUEST		loadGame	1717488760995	1717488760999	OK	 
REQUEST		loadGame	1717488761011	1717488761015	OK	 
REQUEST		loadGame	1717488761012	1717488761016	OK	 
REQUEST		loadGame	1717488761013	1717488761017	OK	 
REQUEST		loadGame	1717488761019	1717488761022	OK	 
REQUEST		loadGame	1717488761022	1717488761025	OK	 
REQUEST		loadGame	1717488761024	1717488761027	OK	 
REQUEST		loadGame	1717488761090	1717488761094	OK	 
REQUEST		loadGame	1717488761094	1717488761098	OK	 
REQUEST		loadGame	1717488761094	1717488761099	OK	 
REQUEST		loadGame	1717488761096	1717488761100	OK	 
REQUEST		loadGame	1717488761094	1717488761101	OK	 
REQUEST		loadGame	1717488761098	1717488761102	OK	 
REQUEST		loadGame	1717488761197	1717488761200	OK	 
REQUEST		loadGame	1717488761226	1717488761229	OK	 
REQUEST		loadGame	1717488761231	1717488761234	OK	 
REQUEST		loadGame	1717488761234	1717488761237	OK	 
REQUEST		loadGame	1717488761236	1717488761239	OK	 
REQUEST		loadGame	1717488761242	1717488761245	OK	 
REQUEST		loadGame	1717488761244	1717488761246	OK	 
REQUEST		loadGame	1717488761266	1717488761268	OK	 
REQUEST		loadGame	1717488761267	1717488761270	OK	 
REQUEST		loadGame	1717488761283	1717488761286	OK	 
REQUEST		loadGame	1717488761285	1717488761289	OK	 
REQUEST		loadGame	1717488761293	1717488761296	OK	 
REQUEST		loadGame	1717488761305	1717488761308	OK	 
REQUEST		loadGame	1717488761306	1717488761309	OK	 
REQUEST		loadGame	1717488761308	1717488761312	OK	 
REQUEST		loadGame	1717488761317	1717488761320	OK	 
REQUEST		loadGame	1717488761319	1717488761322	OK	 
REQUEST		loadGame	1717488761322	1717488761325	OK	 
REQUEST		loadGame	1717488761325	1717488761328	OK	 
REQUEST		loadGame	1717488761382	1717488761385	OK	 
REQUEST		loadGame	1717488761385	1717488761388	OK	 
REQUEST		loadGame	1717488761386	1717488761389	OK	 
REQUEST		loadGame	1717488761390	1717488761393	OK	 
REQUEST		loadGame	1717488761475	1717488761477	OK	 
REQUEST		loadGame	1717488761481	1717488761484	OK	 
REQUEST		loadGame	1717488761483	1717488761486	OK	 
REQUEST		loadGame	1717488761636	1717488761638	OK	 
REQUEST		loadGame	1717488761638	1717488761641	OK	 
REQUEST		loadGame	1717488761639	1717488761642	OK	 
REQUEST		loadGame	1717488761643	1717488761647	OK	 
REQUEST		loadGame	1717488761641	1717488761647	OK	 
REQUEST		loadGame	1717488761645	1717488761649	OK	 
REQUEST		loadGame	1717488761645	1717488761650	OK	 
REQUEST		loadGame	1717488761647	1717488761652	OK	 
REQUEST		loadGame	1717488761713	1717488761717	OK	 
REQUEST		loadGame	1717488761715	1717488761718	OK	 
REQUEST		loadGame	1717488761718	1717488761721	OK	 
REQUEST		loadGame	1717488761721	1717488761724	OK	 
REQUEST		loadGame	1717488761722	1717488761725	OK	 
REQUEST		loadGame	1717488761725	1717488761728	OK	 
REQUEST		loadDiceCup	1717488764570	1717488764573	OK	 
REQUEST		loadGame	1717488765575	1717488765577	OK	 
REQUEST		loadDiceCup	1717488769660	1717488769663	OK	 
REQUEST		loadDiceCup	1717488769663	1717488769665	OK	 
REQUEST		loadDiceCup	1717488769671	1717488769674	OK	 
REQUEST		loadDiceCup	1717488769678	1717488769680	OK	 
REQUEST		loadDiceCup	1717488769687	1717488769689	OK	 
REQUEST		loadDiceCup	1717488769690	1717488769692	OK	 
REQUEST		loadDiceCup	1717488769696	1717488769699	OK	 
REQUEST		loadDiceCup	1717488769696	1717488769699	OK	 
REQUEST		loadDiceCup	1717488769697	1717488769699	OK	 
REQUEST		loadDiceCup	1717488769706	1717488769708	OK	 
REQUEST		loadDiceCup	1717488769717	1717488769719	OK	 
REQUEST		loadDiceCup	1717488769722	1717488769725	OK	 
REQUEST		loadDiceCup	1717488769723	1717488769726	OK	 
REQUEST		loadDiceCup	1717488769724	1717488769727	OK	 
REQUEST		loadDiceCup	1717488769765	1717488769768	OK	 
REQUEST		loadDiceCup	1717488769765	1717488769768	OK	 
REQUEST		loadDiceCup	1717488769769	1717488769771	OK	 
REQUEST		loadDiceCup	1717488769802	1717488769804	OK	 
REQUEST		loadDiceCup	1717488769806	1717488769808	OK	 
REQUEST		loadDiceCup	1717488769809	1717488769811	OK	 
REQUEST		loadDiceCup	1717488769811	1717488769814	OK	 
REQUEST		loadDiceCup	1717488769812	1717488769814	OK	 
REQUEST		loadDiceCup	1717488769869	1717488769872	OK	 
REQUEST		loadDiceCup	1717488769870	1717488769873	OK	 
REQUEST		loadDiceCup	1717488769873	1717488769875	OK	 
REQUEST		loadDiceCup	1717488769877	1717488769880	OK	 
REQUEST		loadDiceCup	1717488769886	1717488769888	OK	 
REQUEST		loadDiceCup	1717488769891	1717488769894	OK	 
REQUEST		loadDiceCup	1717488769892	1717488769894	OK	 
REQUEST		loadDiceCup	1717488769896	1717488769898	OK	 
REQUEST		loadDiceCup	1717488769902	1717488769904	OK	 
REQUEST		loadDiceCup	1717488769908	1717488769910	OK	 
REQUEST		loadDiceCup	1717488769912	1717488769915	OK	 
REQUEST		loadDiceCup	1717488769916	1717488769918	OK	 
REQUEST		loadDiceCup	1717488769920	1717488769923	OK	 
REQUEST		loadDiceCup	1717488769921	1717488769923	OK	 
REQUEST		loadDiceCup	1717488769924	1717488769927	OK	 
REQUEST		loadDiceCup	1717488769924	1717488769927	OK	 
REQUEST		loadDiceCup	1717488769930	1717488769932	OK	 
REQUEST		loadDiceCup	1717488769932	1717488769935	OK	 
REQUEST		loadDiceCup	1717488769941	1717488769943	OK	 
REQUEST		loadDiceCup	1717488769944	1717488769946	OK	 
REQUEST		loadDiceCup	1717488769967	1717488769970	OK	 
REQUEST		loadDiceCup	1717488769971	1717488769973	OK	 
REQUEST		loadDiceCup	1717488769970	1717488769973	OK	 
REQUEST		loadDiceCup	1717488769977	1717488769980	OK	 
REQUEST		loadDiceCup	1717488769995	1717488769998	OK	 
REQUEST		loadDiceCup	1717488769999	1717488770001	OK	 
REQUEST		loadDiceCup	1717488769999	1717488770001	OK	 
REQUEST		loadDiceCup	1717488770016	1717488770019	OK	 
REQUEST		loadDiceCup	1717488770016	1717488770019	OK	 
REQUEST		loadDiceCup	1717488770018	1717488770020	OK	 
REQUEST		loadDiceCup	1717488770023	1717488770025	OK	 
REQUEST		loadDiceCup	1717488770026	1717488770028	OK	 
REQUEST		loadDiceCup	1717488770028	1717488770030	OK	 
REQUEST		loadDiceCup	1717488770094	1717488770097	OK	 
REQUEST		loadDiceCup	1717488770100	1717488770102	OK	 
REQUEST		loadDiceCup	1717488770099	1717488770102	OK	 
REQUEST		loadDiceCup	1717488770101	1717488770104	OK	 
REQUEST		loadDiceCup	1717488770101	1717488770104	OK	 
REQUEST		loadDiceCup	1717488770103	1717488770106	OK	 
REQUEST		loadDiceCup	1717488770201	1717488770203	OK	 
REQUEST		loadDiceCup	1717488770230	1717488770233	OK	 
REQUEST		loadDiceCup	1717488770234	1717488770236	OK	 
REQUEST		loadDiceCup	1717488770238	1717488770240	OK	 
REQUEST		loadDiceCup	1717488770240	1717488770242	OK	 
REQUEST		loadDiceCup	1717488770246	1717488770248	OK	 
REQUEST		loadDiceCup	1717488770247	1717488770250	OK	 
REQUEST		loadDiceCup	1717488770276	1717488770282	OK	 
REQUEST		loadDiceCup	1717488770269	1717488770282	OK	 
REQUEST		loadDiceCup	1717488770286	1717488770289	OK	 
REQUEST		loadDiceCup	1717488770289	1717488770291	OK	 
REQUEST		loadDiceCup	1717488770296	1717488770299	OK	 
REQUEST		loadDiceCup	1717488770309	1717488770312	OK	 
REQUEST		loadDiceCup	1717488770310	1717488770313	OK	 
REQUEST		loadDiceCup	1717488770313	1717488770316	OK	 
REQUEST		loadDiceCup	1717488770321	1717488770324	OK	 
REQUEST		loadDiceCup	1717488770323	1717488770326	OK	 
REQUEST		loadDiceCup	1717488770326	1717488770329	OK	 
REQUEST		loadDiceCup	1717488770329	1717488770332	OK	 
REQUEST		loadDiceCup	1717488770385	1717488770389	OK	 
REQUEST		loadDiceCup	1717488770389	1717488770392	OK	 
REQUEST		loadDiceCup	1717488770390	1717488770393	OK	 
REQUEST		loadDiceCup	1717488770394	1717488770396	OK	 
REQUEST		loadDiceCup	1717488770478	1717488770480	OK	 
REQUEST		loadDiceCup	1717488770484	1717488770487	OK	 
REQUEST		loadDiceCup	1717488770486	1717488770488	OK	 
REQUEST		loadDiceCup	1717488770639	1717488770642	OK	 
REQUEST		loadDiceCup	1717488770641	1717488770644	OK	 
REQUEST		loadDiceCup	1717488770643	1717488770645	OK	 
REQUEST		loadDiceCup	1717488770648	1717488770650	OK	 
REQUEST		loadDiceCup	1717488770648	1717488770650	OK	 
REQUEST		loadDiceCup	1717488770650	1717488770653	OK	 
REQUEST		loadDiceCup	1717488770651	1717488770665	OK	 
REQUEST		loadDiceCup	1717488770653	1717488770665	OK	 
REQUEST		loadDiceCup	1717488770718	1717488770720	OK	 
REQUEST		loadDiceCup	1717488770719	1717488770722	OK	 
REQUEST		loadDiceCup	1717488770721	1717488770724	OK	 
REQUEST		loadDiceCup	1717488770725	1717488770727	OK	 
REQUEST		loadDiceCup	1717488770725	1717488770727	OK	 
REQUEST		loadDiceCup	1717488770729	1717488770731	OK	 
REQUEST		loadDiceCup	1717488774578	1717488774580	OK	 
REQUEST		loadField	1717488780699	1717488780702	OK	 
USER	RecordedSimulation	END	1717488780704
REQUEST		loadField	1717488785574	1717488785577	OK	 
USER	RecordedSimulation	END	1717488785578
REQUEST		loadField	1717488790663	1717488790666	OK	 
USER	RecordedSimulation	END	1717488790667
REQUEST		loadField	1717488790666	1717488790669	OK	 
USER	RecordedSimulation	END	1717488790669
REQUEST		loadField	1717488790674	1717488790677	OK	 
USER	RecordedSimulation	END	1717488790677
REQUEST		loadField	1717488790681	1717488790683	OK	 
USER	RecordedSimulation	END	1717488790684
REQUEST		loadField	1717488790689	1717488790692	OK	 
USER	RecordedSimulation	END	1717488790692
REQUEST		loadField	1717488790693	1717488790696	OK	 
USER	RecordedSimulation	END	1717488790696
REQUEST		loadField	1717488790699	1717488790702	OK	 
REQUEST		loadField	1717488790699	1717488790702	OK	 
USER	RecordedSimulation	END	1717488790702
USER	RecordedSimulation	END	1717488790703
REQUEST		loadField	1717488790700	1717488790703	OK	 
USER	RecordedSimulation	END	1717488790704
REQUEST		loadField	1717488790708	1717488790711	OK	 
USER	RecordedSimulation	END	1717488790711
REQUEST		loadField	1717488790719	1717488790722	OK	 
USER	RecordedSimulation	END	1717488790723
REQUEST		loadField	1717488790725	1717488790728	OK	 
USER	RecordedSimulation	END	1717488790729
REQUEST		loadField	1717488790727	1717488790731	OK	 
USER	RecordedSimulation	END	1717488790731
REQUEST		loadField	1717488790727	1717488790733	OK	 
USER	RecordedSimulation	END	1717488790733
REQUEST		loadField	1717488790768	1717488790772	OK	 
REQUEST		loadField	1717488790768	1717488790772	OK	 
USER	RecordedSimulation	END	1717488790773
USER	RecordedSimulation	END	1717488790773
REQUEST		loadField	1717488790771	1717488790775	OK	 
USER	RecordedSimulation	END	1717488790775
REQUEST		loadField	1717488790805	1717488790808	OK	 
USER	RecordedSimulation	END	1717488790809
REQUEST		loadField	1717488790809	1717488790812	OK	 
USER	RecordedSimulation	END	1717488790812
REQUEST		loadField	1717488790811	1717488790814	OK	 
USER	RecordedSimulation	END	1717488790815
REQUEST		loadField	1717488790814	1717488790817	OK	 
USER	RecordedSimulation	END	1717488790818
REQUEST		loadField	1717488790815	1717488790818	OK	 
USER	RecordedSimulation	END	1717488790819
REQUEST		loadField	1717488790872	1717488790877	OK	 
USER	RecordedSimulation	END	1717488790878
REQUEST		loadField	1717488790873	1717488790880	OK	 
USER	RecordedSimulation	END	1717488790881
REQUEST		loadField	1717488790876	1717488790881	OK	 
USER	RecordedSimulation	END	1717488790884
REQUEST		loadField	1717488790881	1717488790887	OK	 
USER	RecordedSimulation	END	1717488790888
REQUEST		loadField	1717488790889	1717488790892	OK	 
USER	RecordedSimulation	END	1717488790892
REQUEST		loadField	1717488790894	1717488790897	OK	 
REQUEST		loadField	1717488790894	1717488790897	OK	 
USER	RecordedSimulation	END	1717488790897
USER	RecordedSimulation	END	1717488790898
REQUEST		loadField	1717488790898	1717488790901	OK	 
USER	RecordedSimulation	END	1717488790901
REQUEST		loadField	1717488790904	1717488790907	OK	 
USER	RecordedSimulation	END	1717488790907
REQUEST		loadField	1717488790911	1717488790914	OK	 
USER	RecordedSimulation	END	1717488790914
REQUEST		loadField	1717488790915	1717488790919	OK	 
USER	RecordedSimulation	END	1717488790919
REQUEST		loadField	1717488790919	1717488790922	OK	 
USER	RecordedSimulation	END	1717488790922
REQUEST		loadField	1717488790923	1717488790926	OK	 
USER	RecordedSimulation	END	1717488790926
REQUEST		loadField	1717488790924	1717488790927	OK	 
USER	RecordedSimulation	END	1717488790927
REQUEST		loadField	1717488790928	1717488790931	OK	 
REQUEST		loadField	1717488790927	1717488790931	OK	 
USER	RecordedSimulation	END	1717488790931
USER	RecordedSimulation	END	1717488790931
REQUEST		loadField	1717488790933	1717488790935	OK	 
USER	RecordedSimulation	END	1717488790935
REQUEST		loadField	1717488790936	1717488790938	OK	 
USER	RecordedSimulation	END	1717488790942
REQUEST		loadField	1717488790944	1717488790948	OK	 
USER	RecordedSimulation	END	1717488790948
REQUEST		loadField	1717488790946	1717488790950	OK	 
USER	RecordedSimulation	END	1717488790950
REQUEST		loadField	1717488790971	1717488790973	OK	 
USER	RecordedSimulation	END	1717488790974
REQUEST		loadField	1717488790974	1717488790976	OK	 
REQUEST		loadField	1717488790974	1717488790976	OK	 
USER	RecordedSimulation	END	1717488790977
USER	RecordedSimulation	END	1717488790977
REQUEST		loadField	1717488790980	1717488790983	OK	 
USER	RecordedSimulation	END	1717488790983
REQUEST		loadField	1717488790998	1717488791001	OK	 
USER	RecordedSimulation	END	1717488791002
REQUEST		loadField	1717488791002	1717488791004	OK	 
REQUEST		loadField	1717488791002	1717488791004	OK	 
USER	RecordedSimulation	END	1717488791005
USER	RecordedSimulation	END	1717488791005
REQUEST		loadField	1717488791019	1717488791022	OK	 
REQUEST		loadField	1717488791019	1717488791022	OK	 
USER	RecordedSimulation	END	1717488791023
USER	RecordedSimulation	END	1717488791024
REQUEST		loadField	1717488791021	1717488791024	OK	 
USER	RecordedSimulation	END	1717488791025
REQUEST		loadField	1717488791026	1717488791028	OK	 
USER	RecordedSimulation	END	1717488791029
REQUEST		loadField	1717488791029	1717488791032	OK	 
USER	RecordedSimulation	END	1717488791033
REQUEST		loadField	1717488791031	1717488791034	OK	 
USER	RecordedSimulation	END	1717488791034
REQUEST		loadField	1717488791098	1717488791101	OK	 
USER	RecordedSimulation	END	1717488791101
REQUEST		loadField	1717488791102	1717488791105	OK	 
REQUEST		loadField	1717488791103	1717488791106	OK	 
USER	RecordedSimulation	END	1717488791106
USER	RecordedSimulation	END	1717488791106
REQUEST		loadField	1717488791104	1717488791108	OK	 
USER	RecordedSimulation	END	1717488791109
REQUEST		loadField	1717488791105	1717488791110	OK	 
USER	RecordedSimulation	END	1717488791111
REQUEST		loadField	1717488791108	1717488791112	OK	 
USER	RecordedSimulation	END	1717488791113
REQUEST		loadField	1717488791204	1717488791207	OK	 
USER	RecordedSimulation	END	1717488791207
REQUEST		loadField	1717488791233	1717488791236	OK	 
USER	RecordedSimulation	END	1717488791237
REQUEST		loadField	1717488791237	1717488791239	OK	 
USER	RecordedSimulation	END	1717488791240
REQUEST		loadField	1717488791241	1717488791243	OK	 
USER	RecordedSimulation	END	1717488791244
REQUEST		loadField	1717488791243	1717488791246	OK	 
USER	RecordedSimulation	END	1717488791246
REQUEST		loadField	1717488791248	1717488791251	OK	 
USER	RecordedSimulation	END	1717488791251
REQUEST		loadField	1717488791251	1717488791254	OK	 
USER	RecordedSimulation	END	1717488791254
REQUEST		loadField	1717488791282	1717488791285	OK	 
USER	RecordedSimulation	END	1717488791285
REQUEST		loadField	1717488791283	1717488791286	OK	 
USER	RecordedSimulation	END	1717488791286
REQUEST		loadField	1717488791289	1717488791292	OK	 
USER	RecordedSimulation	END	1717488791292
REQUEST		loadField	1717488791292	1717488791295	OK	 
USER	RecordedSimulation	END	1717488791295
REQUEST		loadField	1717488791299	1717488791302	OK	 
USER	RecordedSimulation	END	1717488791303
REQUEST		loadField	1717488791313	1717488791316	OK	 
USER	RecordedSimulation	END	1717488791316
REQUEST		loadField	1717488791314	1717488791316	OK	 
USER	RecordedSimulation	END	1717488791317
REQUEST		loadField	1717488791317	1717488791320	OK	 
USER	RecordedSimulation	END	1717488791320
REQUEST		loadField	1717488791325	1717488791328	OK	 
USER	RecordedSimulation	END	1717488791328
REQUEST		loadField	1717488791326	1717488791329	OK	 
USER	RecordedSimulation	END	1717488791330
REQUEST		loadField	1717488791329	1717488791332	OK	 
USER	RecordedSimulation	END	1717488791333
REQUEST		loadField	1717488791333	1717488791336	OK	 
USER	RecordedSimulation	END	1717488791336
REQUEST		loadField	1717488791389	1717488791392	OK	 
USER	RecordedSimulation	END	1717488791393
REQUEST		loadField	1717488791393	1717488791396	OK	 
REQUEST		loadField	1717488791393	1717488791396	OK	 
USER	RecordedSimulation	END	1717488791396
USER	RecordedSimulation	END	1717488791396
REQUEST		loadField	1717488791397	1717488791399	OK	 
USER	RecordedSimulation	END	1717488791400
REQUEST		loadField	1717488791481	1717488791484	OK	 
USER	RecordedSimulation	END	1717488791484
REQUEST		loadField	1717488791487	1717488791489	OK	 
USER	RecordedSimulation	END	1717488791490
REQUEST		loadField	1717488791489	1717488791491	OK	 
USER	RecordedSimulation	END	1717488791492
REQUEST		loadField	1717488791642	1717488791645	OK	 
USER	RecordedSimulation	END	1717488791645
REQUEST		loadField	1717488791644	1717488791647	OK	 
USER	RecordedSimulation	END	1717488791648
REQUEST		loadField	1717488791645	1717488791648	OK	 
USER	RecordedSimulation	END	1717488791649
REQUEST		loadField	1717488791651	1717488791654	OK	 
REQUEST		loadField	1717488791651	1717488791654	OK	 
USER	RecordedSimulation	END	1717488791654
USER	RecordedSimulation	END	1717488791655
REQUEST		loadField	1717488791654	1717488791657	OK	 
USER	RecordedSimulation	END	1717488791658
REQUEST		loadField	1717488791665	1717488791668	OK	 
REQUEST		loadField	1717488791665	1717488791668	OK	 
USER	RecordedSimulation	END	1717488791668
USER	RecordedSimulation	END	1717488791668
REQUEST		loadField	1717488791721	1717488791724	OK	 
USER	RecordedSimulation	END	1717488791724
REQUEST		loadField	1717488791722	1717488791725	OK	 
USER	RecordedSimulation	END	1717488791726
REQUEST		loadField	1717488791725	1717488791728	OK	 
USER	RecordedSimulation	END	1717488791729
REQUEST		loadField	1717488791728	1717488791733	OK	 
USER	RecordedSimulation	END	1717488791733
REQUEST		loadField	1717488791730	1717488791734	OK	 
USER	RecordedSimulation	END	1717488791734
REQUEST		loadField	1717488791732	1717488791735	OK	 
USER	RecordedSimulation	END	1717488791736
REQUEST		loadField	1717488795582	1717488795584	OK	 
USER	RecordedSimulation	END	1717488795585
