RUN	it.game.GameSpikeItSimulation	gamespikeitsimulation	1717534136933	 	3.11.3
USER	RecordedSimulation	START	1717534138933
REQUEST		new	1717534138924	1717534138951	OK	 
USER	RecordedSimulation	START	1717534143828
REQUEST		new	1717534143826	1717534143836	OK	 
REQUEST		next	1717534144061	1717534144072	OK	 
REQUEST		undoMove	1717534147077	1717534147081	OK	 
USER	RecordedSimulation	START	1717534148794
USER	RecordedSimulation	START	1717534148794
USER	RecordedSimulation	START	1717534148794
USER	RecordedSimulation	START	1717534148795
USER	RecordedSimulation	START	1717534148806
USER	RecordedSimulation	START	1717534148808
USER	RecordedSimulation	START	1717534148809
USER	RecordedSimulation	START	1717534148810
USER	RecordedSimulation	START	1717534148811
USER	RecordedSimulation	START	1717534148811
USER	RecordedSimulation	START	1717534148811
USER	RecordedSimulation	START	1717534148811
USER	RecordedSimulation	START	1717534148813
REQUEST		new	1717534148792	1717534148813	OK	 
USER	RecordedSimulation	START	1717534148814
USER	RecordedSimulation	START	1717534148813
USER	RecordedSimulation	START	1717534148815
REQUEST		new	1717534148792	1717534148816	OK	 
REQUEST		new	1717534148792	1717534148816	OK	 
REQUEST		new	1717534148792	1717534148816	OK	 
USER	RecordedSimulation	START	1717534148828
USER	RecordedSimulation	START	1717534148828
USER	RecordedSimulation	START	1717534148832
USER	RecordedSimulation	START	1717534148832
USER	RecordedSimulation	START	1717534148832
USER	RecordedSimulation	START	1717534148834
USER	RecordedSimulation	START	1717534148834
USER	RecordedSimulation	START	1717534148836
REQUEST		new	1717534148806	1717534148837	OK	 
USER	RecordedSimulation	START	1717534148838
USER	RecordedSimulation	START	1717534148838
REQUEST		new	1717534148809	1717534148838	OK	 
USER	RecordedSimulation	START	1717534148841
USER	RecordedSimulation	START	1717534148841
USER	RecordedSimulation	START	1717534148842
USER	RecordedSimulation	START	1717534148843
USER	RecordedSimulation	START	1717534148845
USER	RecordedSimulation	START	1717534148846
USER	RecordedSimulation	START	1717534148847
REQUEST		new	1717534148810	1717534148847	OK	 
USER	RecordedSimulation	START	1717534148848
USER	RecordedSimulation	START	1717534148849
USER	RecordedSimulation	START	1717534148851
USER	RecordedSimulation	START	1717534148852
USER	RecordedSimulation	START	1717534148852
USER	RecordedSimulation	START	1717534148853
USER	RecordedSimulation	START	1717534148854
USER	RecordedSimulation	START	1717534148856
USER	RecordedSimulation	START	1717534148856
REQUEST		new	1717534148810	1717534148854	OK	 
REQUEST		new	1717534148805	1717534148856	OK	 
USER	RecordedSimulation	START	1717534148858
REQUEST		new	1717534148803	1717534148860	OK	 
REQUEST		new	1717534148812	1717534148862	OK	 
REQUEST		new	1717534148812	1717534148863	OK	 
REQUEST		new	1717534148810	1717534148864	OK	 
REQUEST		new	1717534148810	1717534148866	OK	 
REQUEST		new	1717534148812	1717534148867	OK	 
REQUEST		new	1717534148813	1717534148869	OK	 
REQUEST		new	1717534148831	1717534148871	OK	 
REQUEST		new	1717534148833	1717534148874	OK	 
REQUEST		new	1717534148837	1717534148876	OK	 
USER	RecordedSimulation	START	1717534149023
USER	RecordedSimulation	START	1717534149023
USER	RecordedSimulation	START	1717534149024
USER	RecordedSimulation	START	1717534149024
USER	RecordedSimulation	START	1717534149025
USER	RecordedSimulation	START	1717534149025
USER	RecordedSimulation	START	1717534149025
USER	RecordedSimulation	START	1717534149025
USER	RecordedSimulation	START	1717534149025
USER	RecordedSimulation	START	1717534149025
USER	RecordedSimulation	START	1717534149026
USER	RecordedSimulation	START	1717534149026
USER	RecordedSimulation	START	1717534149027
USER	RecordedSimulation	START	1717534149027
USER	RecordedSimulation	START	1717534149027
USER	RecordedSimulation	START	1717534149027
USER	RecordedSimulation	START	1717534149028
USER	RecordedSimulation	START	1717534149024
USER	RecordedSimulation	START	1717534149028
USER	RecordedSimulation	START	1717534149028
USER	RecordedSimulation	START	1717534149029
USER	RecordedSimulation	START	1717534149029
USER	RecordedSimulation	START	1717534149029
USER	RecordedSimulation	START	1717534149029
USER	RecordedSimulation	START	1717534149030
USER	RecordedSimulation	START	1717534149030
USER	RecordedSimulation	START	1717534149030
USER	RecordedSimulation	START	1717534149031
USER	RecordedSimulation	START	1717534149031
USER	RecordedSimulation	START	1717534149031
USER	RecordedSimulation	START	1717534149031
USER	RecordedSimulation	START	1717534149031
USER	RecordedSimulation	START	1717534149032
USER	RecordedSimulation	START	1717534149032
USER	RecordedSimulation	START	1717534149033
USER	RecordedSimulation	START	1717534149034
USER	RecordedSimulation	START	1717534149036
USER	RecordedSimulation	START	1717534149036
USER	RecordedSimulation	START	1717534149036
USER	RecordedSimulation	START	1717534149046
USER	RecordedSimulation	START	1717534149047
USER	RecordedSimulation	START	1717534149048
USER	RecordedSimulation	START	1717534149054
USER	RecordedSimulation	START	1717534149055
USER	RecordedSimulation	START	1717534149058
USER	RecordedSimulation	START	1717534149059
USER	RecordedSimulation	START	1717534149060
USER	RecordedSimulation	START	1717534149063
USER	RecordedSimulation	START	1717534149067
USER	RecordedSimulation	START	1717534149071
USER	RecordedSimulation	START	1717534149071
USER	RecordedSimulation	START	1717534149074
USER	RecordedSimulation	START	1717534149074
REQUEST		new	1717534148831	1717534149076	OK	 
USER	RecordedSimulation	START	1717534149078
REQUEST		new	1717534148834	1717534149079	OK	 
USER	RecordedSimulation	START	1717534149081
USER	RecordedSimulation	START	1717534149081
REQUEST		new	1717534148839	1717534149079	OK	 
REQUEST		new	1717534148826	1717534149088	OK	 
USER	RecordedSimulation	START	1717534149094
REQUEST		new	1717534148842	1717534149088	OK	 
REQUEST		new	1717534148861	1717534149096	OK	 
REQUEST		new	1717534148847	1717534149096	OK	 
REQUEST		new	1717534148863	1717534149096	OK	 
USER	RecordedSimulation	START	1717534149099
REQUEST		new	1717534148860	1717534149101	OK	 
REQUEST		new	1717534148860	1717534149102	OK	 
REQUEST		new	1717534148829	1717534149102	OK	 
REQUEST		new	1717534148860	1717534149104	OK	 
REQUEST		next	1717534149088	1717534149104	OK	 
REQUEST		new	1717534149025	1717534149104	OK	 
REQUEST		new	1717534148850	1717534149104	OK	 
REQUEST		new	1717534149025	1717534149110	OK	 
REQUEST		new	1717534149027	1717534149110	OK	 
REQUEST		new	1717534149027	1717534149118	OK	 
REQUEST		new	1717534148835	1717534149119	OK	 
REQUEST		new	1717534148855	1717534149121	OK	 
REQUEST		new	1717534149025	1717534149121	OK	 
REQUEST		new	1717534148840	1717534149125	OK	 
REQUEST		new	1717534149027	1717534149128	OK	 
REQUEST		new	1717534148839	1717534149131	OK	 
REQUEST		new	1717534148845	1717534149132	OK	 
REQUEST		new	1717534148851	1717534149137	OK	 
REQUEST		new	1717534148848	1717534149137	OK	 
REQUEST		new	1717534148834	1717534149140	OK	 
REQUEST		new	1717534149027	1717534149141	OK	 
REQUEST		new	1717534148854	1717534149141	OK	 
REQUEST		new	1717534149033	1717534149148	OK	 
REQUEST		new	1717534148854	1717534149148	OK	 
REQUEST		new	1717534148844	1717534149150	OK	 
REQUEST		new	1717534149028	1717534149153	OK	 
REQUEST		new	1717534148832	1717534149158	OK	 
REQUEST		new	1717534149033	1717534149158	OK	 
REQUEST		new	1717534148861	1717534149164	OK	 
REQUEST		new	1717534148836	1717534149169	OK	 
REQUEST		new	1717534149030	1717534149169	OK	 
REQUEST		new	1717534149031	1717534149173	OK	 
REQUEST		new	1717534148858	1717534149178	OK	 
REQUEST		new	1717534148855	1717534149178	OK	 
REQUEST		new	1717534148837	1717534149183	OK	 
REQUEST		new	1717534149046	1717534149185	OK	 
REQUEST		new	1717534149026	1717534149186	OK	 
REQUEST		new	1717534149030	1717534149189	OK	 
REQUEST		new	1717534149030	1717534149189	OK	 
REQUEST		new	1717534148847	1717534149198	OK	 
REQUEST		new	1717534148864	1717534149202	OK	 
REQUEST		new	1717534148861	1717534149202	OK	 
REQUEST		new	1717534149026	1717534149205	OK	 
REQUEST		new	1717534149034	1717534149206	OK	 
REQUEST		new	1717534148851	1717534149211	OK	 
REQUEST		new	1717534149057	1717534149211	OK	 
REQUEST		new	1717534149030	1717534149215	OK	 
REQUEST		new	1717534148841	1717534149219	OK	 
REQUEST		new	1717534149035	1717534149220	OK	 
REQUEST		new	1717534148864	1717534149223	OK	 
REQUEST		new	1717534149031	1717534149228	OK	 
REQUEST		new	1717534148833	1717534149227	OK	 
REQUEST		new	1717534148853	1717534149234	OK	 
REQUEST		new	1717534148824	1717534149235	OK	 
REQUEST		new	1717534148824	1717534149237	OK	 
REQUEST		new	1717534149065	1717534149237	OK	 
REQUEST		new	1717534148831	1717534149242	OK	 
REQUEST		new	1717534148843	1717534149243	OK	 
REQUEST		new	1717534148853	1717534149247	OK	 
REQUEST		new	1717534148858	1717534149251	OK	 
REQUEST		new	1717534149030	1717534149250	OK	 
REQUEST		new	1717534148831	1717534149253	OK	 
REQUEST		new	1717534148854	1717534149256	OK	 
REQUEST		new	1717534149054	1717534149260	OK	 
REQUEST		new	1717534148846	1717534149260	OK	 
REQUEST		new	1717534148859	1717534149265	OK	 
REQUEST		new	1717534149073	1717534149267	OK	 
REQUEST		new	1717534149033	1717534149268	OK	 
REQUEST		new	1717534149080	1717534149270	OK	 
REQUEST		new	1717534149057	1717534149273	OK	 
REQUEST		new	1717534149093	1717534149274	OK	 
REQUEST		new	1717534148825	1717534149278	OK	 
REQUEST		new	1717534148848	1717534149281	OK	 
REQUEST		new	1717534149080	1717534149284	OK	 
REQUEST		new	1717534149095	1717534149287	OK	 
REQUEST		sum	1717534150091	1717534150096	OK	 
REQUEST		undoMove	1717534152111	1717534152116	OK	 
USER	RecordedSimulation	START	1717534153826
REQUEST		next	1717534153823	1717534153827	OK	 
REQUEST		new	1717534153825	1717534153831	OK	 
REQUEST		next	1717534153859	1717534153864	OK	 
REQUEST		next	1717534153859	1717534153864	OK	 
REQUEST		next	1717534153859	1717534153864	OK	 
REQUEST		next	1717534153861	1717534153865	OK	 
REQUEST		next	1717534153861	1717534153866	OK	 
REQUEST		next	1717534153861	1717534153866	OK	 
REQUEST		next	1717534153861	1717534153865	OK	 
REQUEST		next	1717534153863	1717534153870	OK	 
REQUEST		next	1717534153868	1717534153872	OK	 
REQUEST		next	1717534153868	1717534153872	OK	 
REQUEST		next	1717534153868	1717534153872	OK	 
REQUEST		next	1717534153870	1717534153874	OK	 
REQUEST		next	1717534153906	1717534153913	OK	 
REQUEST		next	1717534153906	1717534153913	OK	 
REQUEST		next	1717534153908	1717534153915	OK	 
REQUEST		next	1717534153908	1717534153915	OK	 
REQUEST		next	1717534153910	1717534153918	OK	 
REQUEST		next	1717534153910	1717534153918	OK	 
REQUEST		playerID	1717534154108	1717534154118	OK	 
REQUEST		next	1717534154112	1717534154121	OK	 
REQUEST		next	1717534154119	1717534154123	OK	 
REQUEST		next	1717534154119	1717534154126	OK	 
REQUEST		next	1717534154121	1717534154127	OK	 
REQUEST		next	1717534154115	1717534154127	OK	 
REQUEST		next	1717534154121	1717534154129	OK	 
REQUEST		next	1717534154125	1717534154129	OK	 
REQUEST		next	1717534154126	1717534154129	OK	 
REQUEST		next	1717534154123	1717534154130	OK	 
REQUEST		next	1717534154135	1717534154141	OK	 
REQUEST		next	1717534154135	1717534154141	OK	 
REQUEST		next	1717534154137	1717534154143	OK	 
REQUEST		next	1717534154137	1717534154143	OK	 
REQUEST		next	1717534154139	1717534154144	OK	 
REQUEST		next	1717534154139	1717534154144	OK	 
REQUEST		next	1717534154148	1717534154151	OK	 
REQUEST		next	1717534154151	1717534154157	OK	 
REQUEST		next	1717534154152	1717534154158	OK	 
REQUEST		next	1717534154155	1717534154160	OK	 
REQUEST		next	1717534154155	1717534154160	OK	 
REQUEST		next	1717534154157	1717534154162	OK	 
REQUEST		next	1717534154158	1717534154164	OK	 
REQUEST		next	1717534154161	1717534154172	OK	 
REQUEST		next	1717534154164	1717534154177	OK	 
REQUEST		next	1717534154172	1717534154180	OK	 
REQUEST		next	1717534154166	1717534154180	OK	 
REQUEST		next	1717534154172	1717534154180	OK	 
REQUEST		next	1717534154172	1717534154181	OK	 
REQUEST		next	1717534154175	1717534154182	OK	 
REQUEST		next	1717534154175	1717534154182	OK	 
REQUEST		next	1717534154169	1717534154182	OK	 
REQUEST		next	1717534154175	1717534154182	OK	 
REQUEST		next	1717534154177	1717534154184	OK	 
REQUEST		next	1717534154177	1717534154184	OK	 
REQUEST		next	1717534154177	1717534154184	OK	 
REQUEST		next	1717534154182	1717534154186	OK	 
REQUEST		next	1717534154184	1717534154190	OK	 
REQUEST		next	1717534154184	1717534154191	OK	 
REQUEST		next	1717534154186	1717534154192	OK	 
REQUEST		next	1717534154188	1717534154192	OK	 
REQUEST		next	1717534154188	1717534154193	OK	 
REQUEST		next	1717534154201	1717534154204	OK	 
REQUEST		next	1717534154206	1717534154209	OK	 
REQUEST		next	1717534154210	1717534154213	OK	 
REQUEST		next	1717534154211	1717534154214	OK	 
REQUEST		next	1717534154213	1717534154216	OK	 
REQUEST		next	1717534154211	1717534154216	OK	 
REQUEST		next	1717534154213	1717534154218	OK	 
REQUEST		next	1717534154214	1717534154219	OK	 
REQUEST		next	1717534154231	1717534154236	OK	 
REQUEST		next	1717534154233	1717534154238	OK	 
REQUEST		next	1717534154234	1717534154239	OK	 
REQUEST		next	1717534154248	1717534154253	OK	 
REQUEST		next	1717534154249	1717534154255	OK	 
REQUEST		next	1717534154251	1717534154257	OK	 
REQUEST		next	1717534154251	1717534154257	OK	 
REQUEST		next	1717534154253	1717534154258	OK	 
REQUEST		next	1717534154255	1717534154259	OK	 
REQUEST		next	1717534154261	1717534154268	OK	 
REQUEST		next	1717534154263	1717534154269	OK	 
REQUEST		next	1717534154265	1717534154272	OK	 
REQUEST		next	1717534154263	1717534154273	OK	 
REQUEST		next	1717534154271	1717534154276	OK	 
REQUEST		next	1717534154265	1717534154276	OK	 
REQUEST		next	1717534154268	1717534154279	OK	 
REQUEST		next	1717534154271	1717534154279	OK	 
REQUEST		next	1717534154273	1717534154280	OK	 
REQUEST		next	1717534154271	1717534154281	OK	 
REQUEST		next	1717534154273	1717534154281	OK	 
REQUEST		next	1717534154278	1717534154283	OK	 
REQUEST		next	1717534154277	1717534154282	OK	 
REQUEST		next	1717534154293	1717534154299	OK	 
REQUEST		next	1717534154293	1717534154300	OK	 
REQUEST		next	1717534154295	1717534154300	OK	 
REQUEST		next	1717534154295	1717534154301	OK	 
REQUEST		next	1717534154297	1717534154301	OK	 
REQUEST		next	1717534154297	1717534154302	OK	 
REQUEST		next	1717534154299	1717534154304	OK	 
REQUEST		next	1717534154311	1717534154316	OK	 
REQUEST		next	1717534154313	1717534154317	OK	 
REQUEST		next	1717534154314	1717534154318	OK	 
REQUEST		next	1717534154315	1717534154319	OK	 
REQUEST		sum	1717534155159	1717534155161	OK	 
REQUEST		undoMove	1717534156834	1717534156837	OK	 
REQUEST		undoMove	1717534156884	1717534156888	OK	 
REQUEST		undoMove	1717534156885	1717534156889	OK	 
REQUEST		undoMove	1717534156887	1717534156891	OK	 
REQUEST		undoMove	1717534156902	1717534156907	OK	 
REQUEST		undoMove	1717534156903	1717534156908	OK	 
REQUEST		undoMove	1717534156906	1717534156909	OK	 
REQUEST		undoMove	1717534156904	1717534156910	OK	 
REQUEST		undoMove	1717534156907	1717534156911	OK	 
REQUEST		undoMove	1717534156907	1717534156911	OK	 
REQUEST		undoMove	1717534156906	1717534156911	OK	 
REQUEST		undoMove	1717534156908	1717534156913	OK	 
REQUEST		undoMove	1717534156910	1717534156914	OK	 
REQUEST		undoMove	1717534156941	1717534156947	OK	 
REQUEST		undoMove	1717534156942	1717534156948	OK	 
REQUEST		undoMove	1717534156944	1717534156949	OK	 
REQUEST		undoMove	1717534156949	1717534156953	OK	 
REQUEST		undoMove	1717534156950	1717534156954	OK	 
REQUEST		undoMove	1717534156952	1717534156955	OK	 
REQUEST		undoMove	1717534157132	1717534157137	OK	 
REQUEST		undoMove	1717534157134	1717534157138	OK	 
REQUEST		undoMove	1717534157135	1717534157139	OK	 
REQUEST		undoMove	1717534157141	1717534157145	OK	 
REQUEST		undoMove	1717534157142	1717534157147	OK	 
REQUEST		undoMove	1717534157143	1717534157149	OK	 
REQUEST		undoMove	1717534157161	1717534157166	OK	 
REQUEST		undoMove	1717534157163	1717534157167	OK	 
REQUEST		undoMove	1717534157165	1717534157168	OK	 
REQUEST		undoMove	1717534157181	1717534157186	OK	 
REQUEST		undoMove	1717534157181	1717534157186	OK	 
REQUEST		undoMove	1717534157182	1717534157188	OK	 
REQUEST		undoMove	1717534157183	1717534157188	OK	 
REQUEST		undoMove	1717534157183	1717534157189	OK	 
REQUEST		undoMove	1717534157184	1717534157189	OK	 
REQUEST		undoMove	1717534157184	1717534157189	OK	 
REQUEST		undoMove	1717534157185	1717534157190	OK	 
REQUEST		undoMove	1717534157187	1717534157192	OK	 
REQUEST		undoMove	1717534157191	1717534157198	OK	 
REQUEST		undoMove	1717534157194	1717534157198	OK	 
REQUEST		undoMove	1717534157193	1717534157199	OK	 
REQUEST		undoMove	1717534157194	1717534157201	OK	 
REQUEST		undoMove	1717534157194	1717534157201	OK	 
REQUEST		undoMove	1717534157198	1717534157203	OK	 
REQUEST		undoMove	1717534157199	1717534157204	OK	 
REQUEST		undoMove	1717534157202	1717534157207	OK	 
REQUEST		undoMove	1717534157204	1717534157208	OK	 
REQUEST		undoMove	1717534157205	1717534157210	OK	 
REQUEST		undoMove	1717534157215	1717534157221	OK	 
REQUEST		undoMove	1717534157216	1717534157223	OK	 
REQUEST		undoMove	1717534157223	1717534157226	OK	 
REQUEST		undoMove	1717534157223	1717534157227	OK	 
REQUEST		undoMove	1717534157223	1717534157227	OK	 
REQUEST		undoMove	1717534157223	1717534157227	OK	 
REQUEST		undoMove	1717534157218	1717534157227	OK	 
REQUEST		undoMove	1717534157224	1717534157228	OK	 
REQUEST		undoMove	1717534157225	1717534157228	OK	 
REQUEST		undoMove	1717534157225	1717534157228	OK	 
REQUEST		undoMove	1717534157223	1717534157229	OK	 
REQUEST		undoMove	1717534157226	1717534157230	OK	 
REQUEST		undoMove	1717534157226	1717534157230	OK	 
REQUEST		undoMove	1717534157219	1717534157229	OK	 
REQUEST		undoMove	1717534157226	1717534157230	OK	 
REQUEST		undoMove	1717534157225	1717534157230	OK	 
REQUEST		undoMove	1717534157224	1717534157231	OK	 
REQUEST		undoMove	1717534157226	1717534157232	OK	 
REQUEST		undoMove	1717534157241	1717534157245	OK	 
REQUEST		undoMove	1717534157242	1717534157247	OK	 
REQUEST		undoMove	1717534157243	1717534157248	OK	 
REQUEST		undoMove	1717534157272	1717534157276	OK	 
REQUEST		undoMove	1717534157273	1717534157277	OK	 
REQUEST		undoMove	1717534157274	1717534157280	OK	 
REQUEST		undoMove	1717534157277	1717534157283	OK	 
REQUEST		undoMove	1717534157281	1717534157284	OK	 
REQUEST		undoMove	1717534157281	1717534157284	OK	 
REQUEST		undoMove	1717534157280	1717534157284	OK	 
REQUEST		undoMove	1717534157282	1717534157286	OK	 
REQUEST		undoMove	1717534157281	1717534157286	OK	 
REQUEST		undoMove	1717534157283	1717534157287	OK	 
REQUEST		undoMove	1717534157283	1717534157287	OK	 
REQUEST		undoMove	1717534157286	1717534157288	OK	 
REQUEST		undoMove	1717534157291	1717534157296	OK	 
REQUEST		undoMove	1717534157291	1717534157296	OK	 
REQUEST		undoMove	1717534157292	1717534157298	OK	 
REQUEST		undoMove	1717534157292	1717534157298	OK	 
REQUEST		undoMove	1717534157294	1717534157299	OK	 
REQUEST		undoMove	1717534157294	1717534157299	OK	 
REQUEST		undoMove	1717534157317	1717534157321	OK	 
REQUEST		undoMove	1717534157318	1717534157322	OK	 
REQUEST		undoMove	1717534157317	1717534157322	OK	 
REQUEST		undoMove	1717534157319	1717534157324	OK	 
REQUEST		undoMove	1717534157318	1717534157324	OK	 
REQUEST		undoMove	1717534157319	1717534157326	OK	 
REQUEST		undoMove	1717534157321	1717534157327	OK	 
REQUEST		undoMove	1717534157319	1717534157329	OK	 
REQUEST		undoMove	1717534157322	1717534157329	OK	 
REQUEST		undoMove	1717534157321	1717534157329	OK	 
REQUEST		undoMove	1717534157321	1717534157330	OK	 
REQUEST		undoMove	1717534157324	1717534157330	OK	 
REQUEST		undoMove	1717534157326	1717534157332	OK	 
REQUEST		undoMove	1717534157322	1717534157332	OK	 
REQUEST		undoMove	1717534157324	1717534157333	OK	 
REQUEST		playerName	1717534158161	1717534158164	OK	 
REQUEST		next	1717534158874	1717534158876	OK	 
REQUEST		playerID	1717534159165	1717534159168	OK	 
REQUEST		sum	1717534159879	1717534159881	OK	 
REQUEST		sum	1717534159892	1717534159895	OK	 
REQUEST		sum	1717534159893	1717534159896	OK	 
REQUEST		sum	1717534159894	1717534159896	OK	 
REQUEST		sum	1717534159921	1717534159923	OK	 
REQUEST		sum	1717534159922	1717534159924	OK	 
REQUEST		sum	1717534159949	1717534159955	OK	 
REQUEST		sum	1717534159950	1717534159956	OK	 
REQUEST		sum	1717534159952	1717534159957	OK	 
REQUEST		sum	1717534159954	1717534159958	OK	 
REQUEST		sum	1717534159956	1717534159958	OK	 
REQUEST		sum	1717534159953	1717534159958	OK	 
REQUEST		sum	1717534159957	1717534159959	OK	 
REQUEST		sum	1717534159984	1717534159987	OK	 
REQUEST		sum	1717534159985	1717534159988	OK	 
REQUEST		sum	1717534159987	1717534159989	OK	 
REQUEST		sum	1717534159991	1717534159993	OK	 
REQUEST		sum	1717534159991	1717534159994	OK	 
REQUEST		sum	1717534159992	1717534159995	OK	 
REQUEST		sum	1717534160146	1717534160150	OK	 
REQUEST		sum	1717534160147	1717534160152	OK	 
REQUEST		sum	1717534160149	1717534160154	OK	 
REQUEST		sum	1717534160188	1717534160192	OK	 
REQUEST		sum	1717534160191	1717534160193	OK	 
REQUEST		sum	1717534160189	1717534160193	OK	 
REQUEST		sum	1717534160190	1717534160194	OK	 
REQUEST		sum	1717534160192	1717534160195	OK	 
REQUEST		sum	1717534160194	1717534160196	OK	 
REQUEST		sum	1717534160209	1717534160211	OK	 
REQUEST		sum	1717534160210	1717534160212	OK	 
REQUEST		sum	1717534160211	1717534160213	OK	 
REQUEST		sum	1717534160229	1717534160232	OK	 
REQUEST		sum	1717534160229	1717534160232	OK	 
REQUEST		sum	1717534160229	1717534160233	OK	 
REQUEST		sum	1717534160230	1717534160234	OK	 
REQUEST		sum	1717534160230	1717534160234	OK	 
REQUEST		sum	1717534160230	1717534160234	OK	 
REQUEST		sum	1717534160231	1717534160235	OK	 
REQUEST		sum	1717534160231	1717534160235	OK	 
REQUEST		sum	1717534160231	1717534160235	OK	 
REQUEST		sum	1717534160235	1717534160240	OK	 
REQUEST		sum	1717534160236	1717534160242	OK	 
REQUEST		sum	1717534160238	1717534160242	OK	 
REQUEST		sum	1717534160238	1717534160243	OK	 
REQUEST		sum	1717534160240	1717534160244	OK	 
REQUEST		sum	1717534160240	1717534160245	OK	 
REQUEST		sum	1717534160241	1717534160245	OK	 
REQUEST		sum	1717534160241	1717534160246	OK	 
REQUEST		sum	1717534160241	1717534160247	OK	 
REQUEST		sum	1717534160241	1717534160247	OK	 
REQUEST		sum	1717534160241	1717534160247	OK	 
REQUEST		sum	1717534160243	1717534160248	OK	 
REQUEST		sum	1717534160242	1717534160248	OK	 
REQUEST		sum	1717534160244	1717534160248	OK	 
REQUEST		sum	1717534160244	1717534160248	OK	 
REQUEST		sum	1717534160245	1717534160249	OK	 
REQUEST		sum	1717534160244	1717534160249	OK	 
REQUEST		sum	1717534160244	1717534160249	OK	 
REQUEST		sum	1717534160261	1717534160264	OK	 
REQUEST		sum	1717534160262	1717534160266	OK	 
REQUEST		sum	1717534160263	1717534160267	OK	 
REQUEST		sum	1717534160263	1717534160268	OK	 
REQUEST		sum	1717534160264	1717534160270	OK	 
REQUEST		sum	1717534160266	1717534160272	OK	 
REQUEST		sum	1717534160267	1717534160273	OK	 
REQUEST		sum	1717534160268	1717534160273	OK	 
REQUEST		sum	1717534160270	1717534160274	OK	 
REQUEST		sum	1717534160272	1717534160277	OK	 
REQUEST		sum	1717534160281	1717534160287	OK	 
REQUEST		sum	1717534160284	1717534160291	OK	 
REQUEST		sum	1717534160289	1717534160292	OK	 
REQUEST		sum	1717534160311	1717534160317	OK	 
REQUEST		sum	1717534160311	1717534160317	OK	 
REQUEST		sum	1717534160313	1717534160319	OK	 
REQUEST		sum	1717534160313	1717534160319	OK	 
REQUEST		sum	1717534160315	1717534160321	OK	 
REQUEST		sum	1717534160315	1717534160321	OK	 
REQUEST		sum	1717534160331	1717534160335	OK	 
REQUEST		sum	1717534160333	1717534160338	OK	 
REQUEST		sum	1717534160334	1717534160340	OK	 
REQUEST		sum	1717534160338	1717534160342	OK	 
REQUEST		sum	1717534160340	1717534160343	OK	 
REQUEST		sum	1717534160341	1717534160346	OK	 
REQUEST		sum	1717534160352	1717534160356	OK	 
REQUEST		sum	1717534160353	1717534160357	OK	 
REQUEST		sum	1717534160354	1717534160358	OK	 
REQUEST		sum	1717534160355	1717534160360	OK	 
REQUEST		sum	1717534160357	1717534160360	OK	 
REQUEST		sum	1717534160357	1717534160360	OK	 
REQUEST		sum	1717534160358	1717534160361	OK	 
REQUEST		sum	1717534160358	1717534160361	OK	 
REQUEST		sum	1717534160359	1717534160362	OK	 
REQUEST		sum	1717534160359	1717534160362	OK	 
REQUEST		sum	1717534160361	1717534160365	OK	 
REQUEST		sum	1717534160362	1717534160366	OK	 
REQUEST		sum	1717534160363	1717534160366	OK	 
REQUEST		sum	1717534160364	1717534160367	OK	 
REQUEST		sum	1717534160365	1717534160368	OK	 
REQUEST		sum	1717534160366	1717534160369	OK	 
REQUEST		sum	1717534160366	1717534160369	OK	 
REQUEST		sum	1717534160367	1717534160370	OK	 
REQUEST		undoMove	1717534161901	1717534161903	OK	 
REQUEST		nestedList	1717534162201	1717534162202	OK	 
REQUEST		playerName	1717534163182	1717534163184	OK	 
REQUEST		playerID	1717534163924	1717534163926	OK	 
REQUEST		playerID	1717534163924	1717534163927	OK	 
REQUEST		playerID	1717534163925	1717534163928	OK	 
REQUEST		playerID	1717534163937	1717534163939	OK	 
REQUEST		playerID	1717534163938	1717534163940	OK	 
REQUEST		playerID	1717534163938	1717534163941	OK	 
REQUEST		playerID	1717534163992	1717534163994	OK	 
REQUEST		playerID	1717534163993	1717534163996	OK	 
REQUEST		playerID	1717534163993	1717534163997	OK	 
REQUEST		playerID	1717534163997	1717534164000	OK	 
REQUEST		playerID	1717534163997	1717534164000	OK	 
REQUEST		playerID	1717534163998	1717534164001	OK	 
REQUEST		playerID	1717534163999	1717534164002	OK	 
REQUEST		playerID	1717534164000	1717534164002	OK	 
REQUEST		playerID	1717534164001	1717534164003	OK	 
REQUEST		playerID	1717534164001	1717534164004	OK	 
REQUEST		playerID	1717534164022	1717534164024	OK	 
REQUEST		playerID	1717534164022	1717534164025	OK	 
REQUEST		playerID	1717534164023	1717534164026	OK	 
REQUEST		playerID	1717534164182	1717534164183	OK	 
REQUEST		playerID	1717534164182	1717534164184	OK	 
REQUEST		playerID	1717534164183	1717534164185	OK	 
REQUEST		playerID	1717534164201	1717534164204	OK	 
REQUEST		playerID	1717534164201	1717534164204	OK	 
REQUEST		playerID	1717534164201	1717534164205	OK	 
REQUEST		playerID	1717534164201	1717534164205	OK	 
REQUEST		playerID	1717534164202	1717534164206	OK	 
REQUEST		playerID	1717534164202	1717534164206	OK	 
REQUEST		playerID	1717534164231	1717534164233	OK	 
REQUEST		playerID	1717534164232	1717534164234	OK	 
REQUEST		playerID	1717534164232	1717534164236	OK	 
REQUEST		playerID	1717534164237	1717534164240	OK	 
REQUEST		playerID	1717534164237	1717534164240	OK	 
REQUEST		playerID	1717534164238	1717534164241	OK	 
REQUEST		playerID	1717534164238	1717534164241	OK	 
REQUEST		playerID	1717534164239	1717534164241	OK	 
REQUEST		playerID	1717534164239	1717534164241	OK	 
REQUEST		playerID	1717534164251	1717534164254	OK	 
REQUEST		playerID	1717534164252	1717534164255	OK	 
REQUEST		playerID	1717534164253	1717534164256	OK	 
REQUEST		playerID	1717534164271	1717534164273	OK	 
REQUEST		playerID	1717534164271	1717534164273	OK	 
REQUEST		playerID	1717534164271	1717534164274	OK	 
REQUEST		playerID	1717534164271	1717534164274	OK	 
REQUEST		playerID	1717534164272	1717534164275	OK	 
REQUEST		playerID	1717534164272	1717534164275	OK	 
REQUEST		playerID	1717534164272	1717534164275	OK	 
REQUEST		playerID	1717534164273	1717534164275	OK	 
REQUEST		playerID	1717534164274	1717534164276	OK	 
REQUEST		playerID	1717534164281	1717534164284	OK	 
REQUEST		playerID	1717534164281	1717534164284	OK	 
REQUEST		playerID	1717534164281	1717534164284	OK	 
REQUEST		playerID	1717534164281	1717534164284	OK	 
REQUEST		playerID	1717534164282	1717534164284	OK	 
REQUEST		playerID	1717534164282	1717534164285	OK	 
REQUEST		playerID	1717534164282	1717534164285	OK	 
REQUEST		playerID	1717534164282	1717534164284	OK	 
REQUEST		playerID	1717534164282	1717534164285	OK	 
REQUEST		playerID	1717534164282	1717534164285	OK	 
REQUEST		playerID	1717534164282	1717534164285	OK	 
REQUEST		playerID	1717534164282	1717534164285	OK	 
REQUEST		playerID	1717534164301	1717534164305	OK	 
REQUEST		playerID	1717534164302	1717534164305	OK	 
REQUEST		playerID	1717534164303	1717534164306	OK	 
REQUEST		playerID	1717534164304	1717534164307	OK	 
REQUEST		playerID	1717534164315	1717534164318	OK	 
REQUEST		playerID	1717534164316	1717534164319	OK	 
REQUEST		playerID	1717534164317	1717534164320	OK	 
REQUEST		playerID	1717534164326	1717534164328	OK	 
REQUEST		playerID	1717534164326	1717534164329	OK	 
REQUEST		playerID	1717534164327	1717534164330	OK	 
REQUEST		playerID	1717534164331	1717534164335	OK	 
REQUEST		playerID	1717534164333	1717534164336	OK	 
REQUEST		playerID	1717534164334	1717534164337	OK	 
REQUEST		playerID	1717534164351	1717534164354	OK	 
REQUEST		playerID	1717534164351	1717534164354	OK	 
REQUEST		playerID	1717534164352	1717534164355	OK	 
REQUEST		playerID	1717534164352	1717534164355	OK	 
REQUEST		playerID	1717534164353	1717534164356	OK	 
REQUEST		playerID	1717534164353	1717534164356	OK	 
REQUEST		playerID	1717534164359	1717534164362	OK	 
REQUEST		playerID	1717534164360	1717534164364	OK	 
REQUEST		playerID	1717534164361	1717534164365	OK	 
REQUEST		playerID	1717534164371	1717534164373	OK	 
REQUEST		playerID	1717534164371	1717534164374	OK	 
REQUEST		playerID	1717534164371	1717534164374	OK	 
REQUEST		playerID	1717534164372	1717534164375	OK	 
REQUEST		playerID	1717534164372	1717534164375	OK	 
REQUEST		playerID	1717534164371	1717534164375	OK	 
REQUEST		playerID	1717534164373	1717534164375	OK	 
REQUEST		playerID	1717534164372	1717534164376	OK	 
REQUEST		playerID	1717534164373	1717534164376	OK	 
REQUEST		playerID	1717534164374	1717534164377	OK	 
REQUEST		playerID	1717534164381	1717534164386	OK	 
REQUEST		playerID	1717534164381	1717534164386	OK	 
REQUEST		playerID	1717534164382	1717534164387	OK	 
REQUEST		playerID	1717534164382	1717534164387	OK	 
REQUEST		playerID	1717534164383	1717534164387	OK	 
REQUEST		playerID	1717534164383	1717534164387	OK	 
REQUEST		playerID	1717534164384	1717534164388	OK	 
REQUEST		playerID	1717534164384	1717534164389	OK	 
REQUEST		sum	1717534164932	1717534164934	OK	 
REQUEST		remainingMoves	1717534166245	1717534166247	OK	 
REQUEST		nestedList	1717534167225	1717534167227	OK	 
REQUEST		playerName	1717534167953	1717534167956	OK	 
REQUEST		playerName	1717534167954	1717534167957	OK	 
REQUEST		playerName	1717534167955	1717534167958	OK	 
REQUEST		playerName	1717534167971	1717534167972	OK	 
REQUEST		playerName	1717534167971	1717534167973	OK	 
REQUEST		playerName	1717534167972	1717534167975	OK	 
REQUEST		playerName	1717534168001	1717534168003	OK	 
REQUEST		playerName	1717534168001	1717534168004	OK	 
REQUEST		playerName	1717534168002	1717534168005	OK	 
REQUEST		playerName	1717534168011	1717534168013	OK	 
REQUEST		playerName	1717534168011	1717534168014	OK	 
REQUEST		playerName	1717534168012	1717534168014	OK	 
REQUEST		playerName	1717534168012	1717534168014	OK	 
REQUEST		playerName	1717534168044	1717534168046	OK	 
REQUEST		playerName	1717534168045	1717534168047	OK	 
REQUEST		playerName	1717534168045	1717534168047	OK	 
REQUEST		playerName	1717534168050	1717534168052	OK	 
REQUEST		playerName	1717534168051	1717534168053	OK	 
REQUEST		playerName	1717534168051	1717534168053	OK	 
REQUEST		playerName	1717534168200	1717534168202	OK	 
REQUEST		playerName	1717534168201	1717534168203	OK	 
REQUEST		playerName	1717534168201	1717534168204	OK	 
REQUEST		playerName	1717534168231	1717534168232	OK	 
REQUEST		playerName	1717534168231	1717534168233	OK	 
REQUEST		playerName	1717534168231	1717534168233	OK	 
REQUEST		playerName	1717534168241	1717534168243	OK	 
REQUEST		playerName	1717534168241	1717534168243	OK	 
REQUEST		playerName	1717534168242	1717534168244	OK	 
REQUEST		playerName	1717534168246	1717534168248	OK	 
REQUEST		playerName	1717534168246	1717534168249	OK	 
REQUEST		playerName	1717534168247	1717534168249	OK	 
REQUEST		playerName	1717534168282	1717534168284	OK	 
REQUEST		playerName	1717534168282	1717534168284	OK	 
REQUEST		playerName	1717534168283	1717534168285	OK	 
REQUEST		playerName	1717534168283	1717534168285	OK	 
REQUEST		playerName	1717534168283	1717534168285	OK	 
REQUEST		playerName	1717534168283	1717534168285	OK	 
REQUEST		playerName	1717534168291	1717534168293	OK	 
REQUEST		playerName	1717534168291	1717534168293	OK	 
REQUEST		playerName	1717534168291	1717534168293	OK	 
REQUEST		playerName	1717534168291	1717534168293	OK	 
REQUEST		playerName	1717534168292	1717534168294	OK	 
REQUEST		playerName	1717534168292	1717534168294	OK	 
REQUEST		playerName	1717534168301	1717534168302	OK	 
REQUEST		playerName	1717534168301	1717534168302	OK	 
REQUEST		playerName	1717534168301	1717534168303	OK	 
REQUEST		playerName	1717534168301	1717534168303	OK	 
REQUEST		playerName	1717534168301	1717534168303	OK	 
REQUEST		playerName	1717534168301	1717534168303	OK	 
REQUEST		playerName	1717534168315	1717534168317	OK	 
REQUEST		playerName	1717534168315	1717534168318	OK	 
REQUEST		playerName	1717534168316	1717534168318	OK	 
REQUEST		playerName	1717534168316	1717534168318	OK	 
REQUEST		playerName	1717534168316	1717534168318	OK	 
REQUEST		playerName	1717534168317	1717534168319	OK	 
REQUEST		playerName	1717534168320	1717534168322	OK	 
REQUEST		playerName	1717534168321	1717534168323	OK	 
REQUEST		playerName	1717534168322	1717534168323	OK	 
REQUEST		playerName	1717534168324	1717534168326	OK	 
REQUEST		playerName	1717534168324	1717534168326	OK	 
REQUEST		playerName	1717534168324	1717534168326	OK	 
REQUEST		playerName	1717534168324	1717534168326	OK	 
REQUEST		playerName	1717534168325	1717534168327	OK	 
REQUEST		playerName	1717534168325	1717534168327	OK	 
REQUEST		playerName	1717534168341	1717534168344	OK	 
REQUEST		playerName	1717534168342	1717534168344	OK	 
REQUEST		playerName	1717534168343	1717534168345	OK	 
REQUEST		playerName	1717534168347	1717534168349	OK	 
REQUEST		playerName	1717534168348	1717534168350	OK	 
REQUEST		playerName	1717534168348	1717534168350	OK	 
REQUEST		playerName	1717534168349	1717534168351	OK	 
REQUEST		playerName	1717534168370	1717534168373	OK	 
REQUEST		playerName	1717534168371	1717534168374	OK	 
REQUEST		playerName	1717534168372	1717534168375	OK	 
REQUEST		playerName	1717534168390	1717534168394	OK	 
REQUEST		playerName	1717534168391	1717534168394	OK	 
REQUEST		playerName	1717534168391	1717534168394	OK	 
REQUEST		playerName	1717534168392	1717534168394	OK	 
REQUEST		playerName	1717534168391	1717534168394	OK	 
REQUEST		playerName	1717534168392	1717534168394	OK	 
REQUEST		playerName	1717534168392	1717534168394	OK	 
REQUEST		playerName	1717534168393	1717534168395	OK	 
REQUEST		playerName	1717534168392	1717534168395	OK	 
REQUEST		playerName	1717534168393	1717534168395	OK	 
REQUEST		playerName	1717534168393	1717534168395	OK	 
REQUEST		playerName	1717534168393	1717534168396	OK	 
REQUEST		playerName	1717534168394	1717534168396	OK	 
REQUEST		playerName	1717534168411	1717534168413	OK	 
REQUEST		playerName	1717534168412	1717534168414	OK	 
REQUEST		playerName	1717534168412	1717534168415	OK	 
REQUEST		playerName	1717534168413	1717534168415	OK	 
REQUEST		playerName	1717534168415	1717534168417	OK	 
REQUEST		playerName	1717534168415	1717534168417	OK	 
REQUEST		playerName	1717534168415	1717534168418	OK	 
REQUEST		playerName	1717534168415	1717534168418	OK	 
REQUEST		playerName	1717534168416	1717534168418	OK	 
REQUEST		playerName	1717534168416	1717534168418	OK	 
REQUEST		playerName	1717534168421	1717534168423	OK	 
REQUEST		playerName	1717534168421	1717534168424	OK	 
REQUEST		playerName	1717534168422	1717534168425	OK	 
REQUEST		playerName	1717534168423	1717534168426	OK	 
REQUEST		playerID	1717534168976	1717534168978	OK	 
REQUEST		players	1717534170266	1717534170268	OK	 
USER	RecordedSimulation	END	1717534170270
REQUEST		remainingMoves	1717534171270	1717534171271	OK	 
REQUEST		nestedList	1717534171962	1717534171964	OK	 
REQUEST		nestedList	1717534171962	1717534171964	OK	 
REQUEST		nestedList	1717534171963	1717534171965	OK	 
REQUEST		nestedList	1717534172011	1717534172013	OK	 
REQUEST		nestedList	1717534172011	1717534172013	OK	 
REQUEST		nestedList	1717534172011	1717534172014	OK	 
REQUEST		nestedList	1717534172011	1717534172014	OK	 
REQUEST		nestedList	1717534172012	1717534172015	OK	 
REQUEST		nestedList	1717534172012	1717534172015	OK	 
REQUEST		nestedList	1717534172041	1717534172043	OK	 
REQUEST		nestedList	1717534172041	1717534172044	OK	 
REQUEST		nestedList	1717534172042	1717534172044	OK	 
REQUEST		nestedList	1717534172042	1717534172044	OK	 
REQUEST		nestedList	1717534172061	1717534172063	OK	 
REQUEST		nestedList	1717534172062	1717534172064	OK	 
REQUEST		nestedList	1717534172062	1717534172065	OK	 
REQUEST		nestedList	1717534172088	1717534172089	OK	 
REQUEST		nestedList	1717534172088	1717534172090	OK	 
REQUEST		nestedList	1717534172089	1717534172090	OK	 
REQUEST		nestedList	1717534172245	1717534172247	OK	 
REQUEST		nestedList	1717534172245	1717534172247	OK	 
REQUEST		nestedList	1717534172246	1717534172248	OK	 
REQUEST		nestedList	1717534172261	1717534172263	OK	 
REQUEST		nestedList	1717534172261	1717534172263	OK	 
REQUEST		nestedList	1717534172262	1717534172264	OK	 
REQUEST		nestedList	1717534172262	1717534172264	OK	 
REQUEST		nestedList	1717534172263	1717534172264	OK	 
REQUEST		nestedList	1717534172263	1717534172264	OK	 
REQUEST		nestedList	1717534172285	1717534172287	OK	 
REQUEST		nestedList	1717534172286	1717534172287	OK	 
REQUEST		nestedList	1717534172285	1717534172287	OK	 
REQUEST		nestedList	1717534172310	1717534172312	OK	 
REQUEST		nestedList	1717534172311	1717534172313	OK	 
REQUEST		nestedList	1717534172311	1717534172313	OK	 
REQUEST		nestedList	1717534172326	1717534172328	OK	 
REQUEST		nestedList	1717534172326	1717534172328	OK	 
REQUEST		nestedList	1717534172326	1717534172328	OK	 
REQUEST		nestedList	1717534172327	1717534172329	OK	 
REQUEST		nestedList	1717534172327	1717534172329	OK	 
REQUEST		nestedList	1717534172327	1717534172329	OK	 
REQUEST		nestedList	1717534172327	1717534172329	OK	 
REQUEST		nestedList	1717534172327	1717534172329	OK	 
REQUEST		nestedList	1717534172327	1717534172329	OK	 
REQUEST		nestedList	1717534172334	1717534172337	OK	 
REQUEST		nestedList	1717534172335	1717534172337	OK	 
REQUEST		nestedList	1717534172336	1717534172338	OK	 
REQUEST		nestedList	1717534172345	1717534172347	OK	 
REQUEST		nestedList	1717534172345	1717534172346	OK	 
REQUEST		nestedList	1717534172344	1717534172347	OK	 
REQUEST		nestedList	1717534172345	1717534172347	OK	 
REQUEST		nestedList	1717534172346	1717534172347	OK	 
REQUEST		nestedList	1717534172346	1717534172347	OK	 
REQUEST		nestedList	1717534172359	1717534172361	OK	 
REQUEST		nestedList	1717534172359	1717534172362	OK	 
REQUEST		nestedList	1717534172360	1717534172361	OK	 
REQUEST		nestedList	1717534172361	1717534172362	OK	 
REQUEST		nestedList	1717534172361	1717534172362	OK	 
REQUEST		nestedList	1717534172360	1717534172362	OK	 
REQUEST		nestedList	1717534172361	1717534172362	OK	 
REQUEST		nestedList	1717534172361	1717534172363	OK	 
REQUEST		nestedList	1717534172361	1717534172363	OK	 
REQUEST		nestedList	1717534172360	1717534172363	OK	 
REQUEST		nestedList	1717534172361	1717534172363	OK	 
REQUEST		nestedList	1717534172360	1717534172363	OK	 
REQUEST		nestedList	1717534172369	1717534172371	OK	 
REQUEST		nestedList	1717534172368	1717534172371	OK	 
REQUEST		nestedList	1717534172370	1717534172372	OK	 
REQUEST		nestedList	1717534172376	1717534172378	OK	 
REQUEST		nestedList	1717534172377	1717534172379	OK	 
REQUEST		nestedList	1717534172377	1717534172379	OK	 
REQUEST		nestedList	1717534172377	1717534172379	OK	 
REQUEST		nestedList	1717534172411	1717534172414	OK	 
REQUEST		nestedList	1717534172411	1717534172414	OK	 
REQUEST		nestedList	1717534172411	1717534172414	OK	 
REQUEST		nestedList	1717534172412	1717534172414	OK	 
REQUEST		nestedList	1717534172412	1717534172414	OK	 
REQUEST		nestedList	1717534172412	1717534172414	OK	 
REQUEST		nestedList	1717534172413	1717534172415	OK	 
REQUEST		nestedList	1717534172413	1717534172415	OK	 
REQUEST		nestedList	1717534172413	1717534172415	OK	 
REQUEST		nestedList	1717534172421	1717534172423	OK	 
REQUEST		nestedList	1717534172421	1717534172423	OK	 
REQUEST		nestedList	1717534172422	1717534172424	OK	 
REQUEST		nestedList	1717534172423	1717534172425	OK	 
REQUEST		nestedList	1717534172422	1717534172425	OK	 
REQUEST		nestedList	1717534172423	1717534172426	OK	 
REQUEST		nestedList	1717534172424	1717534172426	OK	 
REQUEST		nestedList	1717534172424	1717534172426	OK	 
REQUEST		nestedList	1717534172424	1717534172426	OK	 
REQUEST		nestedList	1717534172424	1717534172427	OK	 
REQUEST		nestedList	1717534172425	1717534172427	OK	 
REQUEST		nestedList	1717534172452	1717534172455	OK	 
REQUEST		nestedList	1717534172453	1717534172455	OK	 
REQUEST		nestedList	1717534172454	1717534172455	OK	 
REQUEST		nestedList	1717534172454	1717534172456	OK	 
REQUEST		nestedList	1717534172456	1717534172457	OK	 
REQUEST		nestedList	1717534172455	1717534172457	OK	 
REQUEST		nestedList	1717534172456	1717534172458	OK	 
REQUEST		nestedList	1717534172459	1717534172461	OK	 
REQUEST		nestedList	1717534172460	1717534172462	OK	 
REQUEST		nestedList	1717534172460	1717534172462	OK	 
REQUEST		playerName	1717534173001	1717534173003	OK	 
REQUEST		players	1717534175313	1717534175315	OK	 
USER	RecordedSimulation	END	1717534175316
REQUEST		remainingMoves	1717534176006	1717534176008	OK	 
REQUEST		remainingMoves	1717534176007	1717534176009	OK	 
REQUEST		remainingMoves	1717534176007	1717534176010	OK	 
REQUEST		remainingMoves	1717534176054	1717534176056	OK	 
REQUEST		remainingMoves	1717534176055	1717534176056	OK	 
REQUEST		remainingMoves	1717534176054	1717534176057	OK	 
REQUEST		remainingMoves	1717534176055	1717534176057	OK	 
REQUEST		remainingMoves	1717534176055	1717534176058	OK	 
REQUEST		remainingMoves	1717534176055	1717534176058	OK	 
REQUEST		remainingMoves	1717534176086	1717534176087	OK	 
REQUEST		remainingMoves	1717534176085	1717534176088	OK	 
REQUEST		remainingMoves	1717534176087	1717534176088	OK	 
REQUEST		remainingMoves	1717534176086	1717534176088	OK	 
REQUEST		remainingMoves	1717534176101	1717534176103	OK	 
REQUEST		remainingMoves	1717534176101	1717534176103	OK	 
REQUEST		remainingMoves	1717534176101	1717534176103	OK	 
REQUEST		remainingMoves	1717534176101	1717534176103	OK	 
REQUEST		remainingMoves	1717534176102	1717534176103	OK	 
REQUEST		remainingMoves	1717534176102	1717534176104	OK	 
REQUEST		remainingMoves	1717534176280	1717534176282	OK	 
REQUEST		remainingMoves	1717534176281	1717534176283	OK	 
REQUEST		remainingMoves	1717534176281	1717534176284	OK	 
REQUEST		remainingMoves	1717534176283	1717534176285	OK	 
REQUEST		remainingMoves	1717534176284	1717534176286	OK	 
REQUEST		remainingMoves	1717534176285	1717534176286	OK	 
REQUEST		remainingMoves	1717534176289	1717534176290	OK	 
REQUEST		remainingMoves	1717534176289	1717534176291	OK	 
REQUEST		remainingMoves	1717534176289	1717534176291	OK	 
REQUEST		remainingMoves	1717534176304	1717534176306	OK	 
REQUEST		remainingMoves	1717534176305	1717534176307	OK	 
REQUEST		remainingMoves	1717534176305	1717534176308	OK	 
REQUEST		remainingMoves	1717534176330	1717534176332	OK	 
REQUEST		remainingMoves	1717534176331	1717534176332	OK	 
REQUEST		remainingMoves	1717534176331	1717534176333	OK	 
REQUEST		remainingMoves	1717534176348	1717534176350	OK	 
REQUEST		remainingMoves	1717534176348	1717534176351	OK	 
REQUEST		remainingMoves	1717534176349	1717534176351	OK	 
REQUEST		remainingMoves	1717534176355	1717534176356	OK	 
REQUEST		remainingMoves	1717534176354	1717534176357	OK	 
REQUEST		remainingMoves	1717534176356	1717534176357	OK	 
REQUEST		remainingMoves	1717534176360	1717534176364	OK	 
REQUEST		remainingMoves	1717534176361	1717534176364	OK	 
REQUEST		remainingMoves	1717534176362	1717534176365	OK	 
REQUEST		remainingMoves	1717534176373	1717534176375	OK	 
REQUEST		remainingMoves	1717534176374	1717534176376	OK	 
REQUEST		remainingMoves	1717534176374	1717534176376	OK	 
REQUEST		remainingMoves	1717534176375	1717534176377	OK	 
REQUEST		remainingMoves	1717534176374	1717534176377	OK	 
REQUEST		remainingMoves	1717534176376	1717534176377	OK	 
REQUEST		remainingMoves	1717534176380	1717534176382	OK	 
REQUEST		remainingMoves	1717534176381	1717534176383	OK	 
REQUEST		remainingMoves	1717534176381	1717534176384	OK	 
REQUEST		remainingMoves	1717534176401	1717534176403	OK	 
REQUEST		remainingMoves	1717534176401	1717534176403	OK	 
REQUEST		remainingMoves	1717534176402	1717534176403	OK	 
REQUEST		remainingMoves	1717534176401	1717534176404	OK	 
REQUEST		remainingMoves	1717534176402	1717534176404	OK	 
REQUEST		remainingMoves	1717534176403	1717534176404	OK	 
REQUEST		remainingMoves	1717534176403	1717534176405	OK	 
REQUEST		remainingMoves	1717534176403	1717534176405	OK	 
REQUEST		remainingMoves	1717534176404	1717534176406	OK	 
REQUEST		remainingMoves	1717534176404	1717534176406	OK	 
REQUEST		remainingMoves	1717534176404	1717534176406	OK	 
REQUEST		remainingMoves	1717534176404	1717534176406	OK	 
REQUEST		remainingMoves	1717534176405	1717534176406	OK	 
REQUEST		remainingMoves	1717534176404	1717534176406	OK	 
REQUEST		remainingMoves	1717534176405	1717534176407	OK	 
REQUEST		remainingMoves	1717534176420	1717534176422	OK	 
REQUEST		remainingMoves	1717534176421	1717534176423	OK	 
REQUEST		remainingMoves	1717534176421	1717534176423	OK	 
REQUEST		remainingMoves	1717534176422	1717534176424	OK	 
REQUEST		remainingMoves	1717534176431	1717534176433	OK	 
REQUEST		remainingMoves	1717534176431	1717534176433	OK	 
REQUEST		remainingMoves	1717534176431	1717534176433	OK	 
REQUEST		remainingMoves	1717534176432	1717534176434	OK	 
REQUEST		remainingMoves	1717534176432	1717534176434	OK	 
REQUEST		remainingMoves	1717534176432	1717534176434	OK	 
REQUEST		remainingMoves	1717534176431	1717534176435	OK	 
REQUEST		remainingMoves	1717534176431	1717534176435	OK	 
REQUEST		remainingMoves	1717534176431	1717534176435	OK	 
REQUEST		remainingMoves	1717534176432	1717534176435	OK	 
REQUEST		remainingMoves	1717534176432	1717534176436	OK	 
REQUEST		remainingMoves	1717534176433	1717534176436	OK	 
REQUEST		remainingMoves	1717534176434	1717534176437	OK	 
REQUEST		remainingMoves	1717534176443	1717534176447	OK	 
REQUEST		remainingMoves	1717534176444	1717534176447	OK	 
REQUEST		remainingMoves	1717534176444	1717534176448	OK	 
REQUEST		remainingMoves	1717534176445	1717534176448	OK	 
REQUEST		remainingMoves	1717534176467	1717534176468	OK	 
REQUEST		remainingMoves	1717534176467	1717534176469	OK	 
REQUEST		remainingMoves	1717534176468	1717534176469	OK	 
REQUEST		remainingMoves	1717534176481	1717534176483	OK	 
REQUEST		remainingMoves	1717534176481	1717534176483	OK	 
REQUEST		remainingMoves	1717534176482	1717534176484	OK	 
REQUEST		remainingMoves	1717534176482	1717534176484	OK	 
REQUEST		remainingMoves	1717534176499	1717534176501	OK	 
REQUEST		remainingMoves	1717534176499	1717534176501	OK	 
REQUEST		remainingMoves	1717534176499	1717534176501	OK	 
REQUEST		remainingMoves	1717534176499	1717534176501	OK	 
REQUEST		remainingMoves	1717534176500	1717534176502	OK	 
REQUEST		remainingMoves	1717534176500	1717534176502	OK	 
REQUEST		nestedList	1717534177032	1717534177033	OK	 
REQUEST		players	1717534180050	1717534180052	OK	 
USER	RecordedSimulation	END	1717534180053
REQUEST		players	1717534180050	1717534180053	OK	 
USER	RecordedSimulation	END	1717534180054
REQUEST		players	1717534180051	1717534180055	OK	 
USER	RecordedSimulation	END	1717534180056
REQUEST		players	1717534180098	1717534180100	OK	 
REQUEST		players	1717534180098	1717534180100	OK	 
REQUEST		players	1717534180098	1717534180100	OK	 
USER	RecordedSimulation	END	1717534180101
USER	RecordedSimulation	END	1717534180102
REQUEST		players	1717534180098	1717534180102	OK	 
REQUEST		players	1717534180098	1717534180102	OK	 
REQUEST		players	1717534180098	1717534180102	OK	 
USER	RecordedSimulation	END	1717534180102
USER	RecordedSimulation	END	1717534180103
USER	RecordedSimulation	END	1717534180103
USER	RecordedSimulation	END	1717534180103
REQUEST		players	1717534180099	1717534180103	OK	 
REQUEST		players	1717534180099	1717534180103	OK	 
REQUEST		players	1717534180099	1717534180103	OK	 
USER	RecordedSimulation	END	1717534180104
USER	RecordedSimulation	END	1717534180104
USER	RecordedSimulation	END	1717534180104
REQUEST		players	1717534180099	1717534180104	OK	 
USER	RecordedSimulation	END	1717534180105
REQUEST		players	1717534180144	1717534180146	OK	 
REQUEST		players	1717534180144	1717534180146	OK	 
USER	RecordedSimulation	END	1717534180148
USER	RecordedSimulation	END	1717534180148
REQUEST		players	1717534180145	1717534180148	OK	 
REQUEST		players	1717534180145	1717534180148	OK	 
USER	RecordedSimulation	END	1717534180149
USER	RecordedSimulation	END	1717534180150
REQUEST		players	1717534180145	1717534180150	OK	 
REQUEST		players	1717534180145	1717534180150	OK	 
USER	RecordedSimulation	END	1717534180151
USER	RecordedSimulation	END	1717534180151
REQUEST		players	1717534180292	1717534180294	OK	 
USER	RecordedSimulation	END	1717534180295
REQUEST		players	1717534180293	1717534180296	OK	 
USER	RecordedSimulation	END	1717534180297
REQUEST		players	1717534180293	1717534180297	OK	 
USER	RecordedSimulation	END	1717534180298
REQUEST		players	1717534180301	1717534180302	OK	 
REQUEST		players	1717534180301	1717534180303	OK	 
USER	RecordedSimulation	END	1717534180303
USER	RecordedSimulation	END	1717534180304
REQUEST		players	1717534180301	1717534180304	OK	 
REQUEST		players	1717534180301	1717534180304	OK	 
USER	RecordedSimulation	END	1717534180305
USER	RecordedSimulation	END	1717534180305
REQUEST		players	1717534180302	1717534180305	OK	 
REQUEST		players	1717534180302	1717534180305	OK	 
USER	RecordedSimulation	END	1717534180306
USER	RecordedSimulation	END	1717534180307
REQUEST		players	1717534180311	1717534180313	OK	 
USER	RecordedSimulation	END	1717534180314
REQUEST		players	1717534180311	1717534180314	OK	 
USER	RecordedSimulation	END	1717534180315
REQUEST		players	1717534180312	1717534180316	OK	 
USER	RecordedSimulation	END	1717534180317
REQUEST		players	1717534180341	1717534180342	OK	 
USER	RecordedSimulation	END	1717534180343
REQUEST		players	1717534180341	1717534180343	OK	 
USER	RecordedSimulation	END	1717534180344
REQUEST		players	1717534180340	1717534180344	OK	 
USER	RecordedSimulation	END	1717534180345
REQUEST		players	1717534180370	1717534180372	OK	 
USER	RecordedSimulation	END	1717534180373
REQUEST		players	1717534180371	1717534180374	OK	 
USER	RecordedSimulation	END	1717534180375
REQUEST		players	1717534180371	1717534180375	OK	 
REQUEST		players	1717534180373	1717534180375	OK	 
USER	RecordedSimulation	END	1717534180376
USER	RecordedSimulation	END	1717534180376
REQUEST		players	1717534180373	1717534180376	OK	 
USER	RecordedSimulation	END	1717534180377
REQUEST		players	1717534180374	1717534180378	OK	 
USER	RecordedSimulation	END	1717534180379
REQUEST		players	1717534180391	1717534180393	OK	 
REQUEST		players	1717534180391	1717534180393	OK	 
REQUEST		players	1717534180391	1717534180393	OK	 
REQUEST		players	1717534180391	1717534180393	OK	 
USER	RecordedSimulation	END	1717534180394
USER	RecordedSimulation	END	1717534180395
REQUEST		players	1717534180392	1717534180395	OK	 
REQUEST		players	1717534180392	1717534180394	OK	 
REQUEST		players	1717534180392	1717534180395	OK	 
REQUEST		players	1717534180392	1717534180395	OK	 
USER	RecordedSimulation	END	1717534180395
USER	RecordedSimulation	END	1717534180395
USER	RecordedSimulation	END	1717534180396
REQUEST		players	1717534180392	1717534180396	OK	 
REQUEST		players	1717534180392	1717534180396	OK	 
REQUEST		players	1717534180392	1717534180396	OK	 
REQUEST		players	1717534180392	1717534180396	OK	 
USER	RecordedSimulation	END	1717534180396
USER	RecordedSimulation	END	1717534180396
USER	RecordedSimulation	END	1717534180396
USER	RecordedSimulation	END	1717534180397
USER	RecordedSimulation	END	1717534180397
USER	RecordedSimulation	END	1717534180398
USER	RecordedSimulation	END	1717534180398
REQUEST		players	1717534180421	1717534180423	OK	 
USER	RecordedSimulation	END	1717534180424
REQUEST		players	1717534180421	1717534180425	OK	 
USER	RecordedSimulation	END	1717534180426
REQUEST		players	1717534180422	1717534180426	OK	 
USER	RecordedSimulation	END	1717534180427
REQUEST		players	1717534180430	1717534180432	OK	 
USER	RecordedSimulation	END	1717534180433
REQUEST		players	1717534180431	1717534180433	OK	 
USER	RecordedSimulation	END	1717534180434
REQUEST		players	1717534180431	1717534180434	OK	 
USER	RecordedSimulation	END	1717534180435
REQUEST		players	1717534180441	1717534180442	OK	 
REQUEST		players	1717534180441	1717534180442	OK	 
USER	RecordedSimulation	END	1717534180443
USER	RecordedSimulation	END	1717534180444
REQUEST		players	1717534180441	1717534180444	OK	 
REQUEST		players	1717534180441	1717534180444	OK	 
USER	RecordedSimulation	END	1717534180445
REQUEST		players	1717534180441	1717534180445	OK	 
USER	RecordedSimulation	END	1717534180445
REQUEST		players	1717534180441	1717534180445	OK	 
USER	RecordedSimulation	END	1717534180446
USER	RecordedSimulation	END	1717534180446
REQUEST		players	1717534180445	1717534180447	OK	 
REQUEST		players	1717534180445	1717534180447	OK	 
USER	RecordedSimulation	END	1717534180448
USER	RecordedSimulation	END	1717534180448
REQUEST		players	1717534180445	1717534180448	OK	 
REQUEST		players	1717534180445	1717534180448	OK	 
USER	RecordedSimulation	END	1717534180449
USER	RecordedSimulation	END	1717534180449
REQUEST		players	1717534180446	1717534180449	OK	 
REQUEST		players	1717534180446	1717534180449	OK	 
USER	RecordedSimulation	END	1717534180450
REQUEST		players	1717534180448	1717534180450	OK	 
USER	RecordedSimulation	END	1717534180450
REQUEST		players	1717534180448	1717534180450	OK	 
USER	RecordedSimulation	END	1717534180451
USER	RecordedSimulation	END	1717534180451
REQUEST		players	1717534180448	1717534180451	OK	 
REQUEST		players	1717534180448	1717534180451	OK	 
USER	RecordedSimulation	END	1717534180452
USER	RecordedSimulation	END	1717534180452
REQUEST		players	1717534180448	1717534180452	OK	 
REQUEST		players	1717534180448	1717534180452	OK	 
USER	RecordedSimulation	END	1717534180453
USER	RecordedSimulation	END	1717534180453
REQUEST		players	1717534180449	1717534180454	OK	 
USER	RecordedSimulation	END	1717534180454
REQUEST		players	1717534180460	1717534180462	OK	 
REQUEST		players	1717534180460	1717534180462	OK	 
USER	RecordedSimulation	END	1717534180463
USER	RecordedSimulation	END	1717534180463
REQUEST		players	1717534180461	1717534180463	OK	 
REQUEST		players	1717534180460	1717534180463	OK	 
USER	RecordedSimulation	END	1717534180464
USER	RecordedSimulation	END	1717534180464
REQUEST		players	1717534180461	1717534180464	OK	 
REQUEST		players	1717534180461	1717534180464	OK	 
USER	RecordedSimulation	END	1717534180465
USER	RecordedSimulation	END	1717534180465
REQUEST		players	1717534180461	1717534180465	OK	 
USER	RecordedSimulation	END	1717534180466
REQUEST		players	1717534180489	1717534180492	OK	 
USER	RecordedSimulation	END	1717534180493
REQUEST		players	1717534180490	1717534180494	OK	 
USER	RecordedSimulation	END	1717534180495
REQUEST		players	1717534180491	1717534180495	OK	 
USER	RecordedSimulation	END	1717534180496
REQUEST		players	1717534180491	1717534180497	OK	 
USER	RecordedSimulation	END	1717534180497
REQUEST		players	1717534180506	1717534180508	OK	 
REQUEST		players	1717534180506	1717534180509	OK	 
USER	RecordedSimulation	END	1717534180509
USER	RecordedSimulation	END	1717534180510
REQUEST		players	1717534180507	1717534180510	OK	 
REQUEST		players	1717534180507	1717534180510	OK	 
USER	RecordedSimulation	END	1717534180511
USER	RecordedSimulation	END	1717534180511
REQUEST		players	1717534180508	1717534180511	OK	 
REQUEST		players	1717534180508	1717534180511	OK	 
USER	RecordedSimulation	END	1717534180512
USER	RecordedSimulation	END	1717534180512
REQUEST		players	1717534180508	1717534180512	OK	 
REQUEST		players	1717534180511	1717534180513	OK	 
USER	RecordedSimulation	END	1717534180514
USER	RecordedSimulation	END	1717534180514
REQUEST		players	1717534180512	1717534180515	OK	 
REQUEST		players	1717534180512	1717534180515	OK	 
USER	RecordedSimulation	END	1717534180516
USER	RecordedSimulation	END	1717534180516
REQUEST		players	1717534180513	1717534180516	OK	 
REQUEST		players	1717534180511	1717534180516	OK	 
USER	RecordedSimulation	END	1717534180517
USER	RecordedSimulation	END	1717534180517
REQUEST		players	1717534180514	1717534180517	OK	 
USER	RecordedSimulation	END	1717534180518
REQUEST		remainingMoves	1717534181060	1717534181062	OK	 
REQUEST		players	1717534185104	1717534185106	OK	 
USER	RecordedSimulation	END	1717534185107
