RUN	it.persistence.PersistenceLoadItSimulation	persistenceloaditsimulation	1717486005905	 	3.11.3
USER	RecordedSimulation	START	1717486006549
REQUEST		ping	1717486006546	1717486006565	OK	 
USER	RecordedSimulation	START	1717486008510
REQUEST		ping	1717486008508	1717486008516	OK	 
USER	RecordedSimulation	START	1717486010501
REQUEST		ping	1717486010500	1717486010507	OK	 
USER	RecordedSimulation	START	1717486012500
REQUEST		ping	1717486012499	1717486012506	OK	 
USER	RecordedSimulation	START	1717486014500
REQUEST		ping	1717486014499	1717486014505	OK	 
REQUEST		saveField	1717486014583	1717486015007	OK	 
USER	RecordedSimulation	START	1717486016501
REQUEST		ping	1717486016500	1717486016507	OK	 
REQUEST		saveField	1717486016517	1717486016534	OK	 
REQUEST		saveGame	1717486018008	1717486018028	OK	 
USER	RecordedSimulation	START	1717486018500
REQUEST		ping	1717486018499	1717486018505	OK	 
REQUEST		saveField	1717486018508	1717486018523	OK	 
REQUEST		saveGame	1717486019535	1717486019545	OK	 
USER	RecordedSimulation	START	1717486020500
REQUEST		ping	1717486020499	1717486020505	OK	 
REQUEST		saveField	1717486020507	1717486020520	OK	 
REQUEST		saveGame	1717486021524	1717486021536	OK	 
REQUEST		saveDiceCup	1717486022029	1717486022043	OK	 
USER	RecordedSimulation	START	1717486022501
REQUEST		ping	1717486022500	1717486022513	OK	 
REQUEST		saveField	1717486022507	1717486022526	OK	 
REQUEST		saveGame	1717486023521	1717486023531	OK	 
REQUEST		saveDiceCup	1717486023547	1717486023562	OK	 
USER	RecordedSimulation	START	1717486024501
REQUEST		ping	1717486024500	1717486024506	OK	 
REQUEST		saveField	1717486024508	1717486024520	OK	 
REQUEST		saveGame	1717486025528	1717486025536	OK	 
REQUEST		saveDiceCup	1717486025536	1717486025547	OK	 
REQUEST		saveField	1717486026506	1717486026517	OK	 
REQUEST		saveGame	1717486027521	1717486027530	OK	 
REQUEST		saveDiceCup	1717486027532	1717486027543	OK	 
REQUEST		saveField	1717486028507	1717486028520	OK	 
REQUEST		saveGame	1717486029518	1717486029528	OK	 
REQUEST		saveDiceCup	1717486029537	1717486029548	OK	 
REQUEST		saveField	1717486030514	1717486030525	OK	 
REQUEST		loadGame	1717486031045	1717486031055	OK	 
REQUEST		saveGame	1717486031521	1717486031529	OK	 
REQUEST		saveDiceCup	1717486031531	1717486031542	OK	 
REQUEST		saveField	1717486032507	1717486032518	OK	 
REQUEST		loadGame	1717486032563	1717486032569	OK	 
REQUEST		saveGame	1717486033526	1717486033536	OK	 
REQUEST		saveDiceCup	1717486033529	1717486033540	OK	 
REQUEST		loadGame	1717486034548	1717486034554	OK	 
REQUEST		saveGame	1717486035519	1717486035527	OK	 
REQUEST		saveDiceCup	1717486035530	1717486035541	OK	 
REQUEST		loadGame	1717486036544	1717486036550	OK	 
REQUEST		saveDiceCup	1717486037537	1717486037548	OK	 
REQUEST		loadGame	1717486038549	1717486038556	OK	 
REQUEST		saveDiceCup	1717486039528	1717486039539	OK	 
REQUEST		loadDiceCup	1717486040057	1717486040063	OK	 
REQUEST		loadGame	1717486040543	1717486040548	OK	 
REQUEST		loadDiceCup	1717486041570	1717486041575	OK	 
REQUEST		loadGame	1717486042541	1717486042548	OK	 
REQUEST		loadDiceCup	1717486043554	1717486043560	OK	 
REQUEST		loadGame	1717486044542	1717486044548	OK	 
REQUEST		loadDiceCup	1717486045551	1717486045556	OK	 
REQUEST		loadGame	1717486046549	1717486046554	OK	 
REQUEST		loadDiceCup	1717486047557	1717486047563	OK	 
REQUEST		loadGame	1717486048539	1717486048545	OK	 
REQUEST		loadDiceCup	1717486049549	1717486049554	OK	 
REQUEST		loadDiceCup	1717486051549	1717486051554	OK	 
REQUEST		loadDiceCup	1717486053549	1717486053553	OK	 
REQUEST		loadDiceCup	1717486055555	1717486055560	OK	 
REQUEST		loadDiceCup	1717486057545	1717486057551	OK	 
REQUEST		loadField	1717486061065	1717486061072	OK	 
USER	RecordedSimulation	END	1717486061075
REQUEST		loadField	1717486062576	1717486062582	OK	 
USER	RecordedSimulation	END	1717486062583
REQUEST		loadField	1717486064561	1717486064566	OK	 
USER	RecordedSimulation	END	1717486064567
REQUEST		loadField	1717486066557	1717486066563	OK	 
USER	RecordedSimulation	END	1717486066564
REQUEST		loadField	1717486068564	1717486068569	OK	 
USER	RecordedSimulation	END	1717486068570
REQUEST		loadField	1717486070555	1717486070562	OK	 
USER	RecordedSimulation	END	1717486070563
REQUEST		loadField	1717486072555	1717486072562	OK	 
USER	RecordedSimulation	END	1717486072563
REQUEST		loadField	1717486074554	1717486074560	OK	 
USER	RecordedSimulation	END	1717486074560
REQUEST		loadField	1717486076561	1717486076567	OK	 
USER	RecordedSimulation	END	1717486076567
REQUEST		loadField	1717486078552	1717486078557	OK	 
USER	RecordedSimulation	END	1717486078558
