RUN	it.game.GameLoadItSimulation	gameloaditsimulation	1717536806613	 	3.11.3
USER	RecordedSimulation	START	1717536808462
REQUEST		new	1717536808455	1717536808492	OK	 
USER	RecordedSimulation	START	1717536810362
REQUEST		new	1717536810360	1717536810368	OK	 
USER	RecordedSimulation	START	1717536812389
REQUEST		new	1717536812388	1717536812396	OK	 
REQUEST		next	1717536813572	1717536813583	OK	 
USER	RecordedSimulation	START	1717536814383
REQUEST		new	1717536814381	1717536814388	OK	 
REQUEST		next	1717536815412	1717536815417	OK	 
USER	RecordedSimulation	START	1717536816387
REQUEST		new	1717536816385	1717536816392	OK	 
REQUEST		undoMove	1717536816630	1717536816635	OK	 
REQUEST		next	1717536817446	1717536817449	OK	 
USER	RecordedSimulation	START	1717536818364
REQUEST		new	1717536818362	1717536818369	OK	 
REQUEST		undoMove	1717536818462	1717536818466	OK	 
REQUEST		next	1717536819421	1717536819424	OK	 
REQUEST		sum	1717536819662	1717536819666	OK	 
USER	RecordedSimulation	START	1717536820391
REQUEST		new	1717536820389	1717536820397	OK	 
REQUEST		undoMove	1717536820491	1717536820494	OK	 
REQUEST		next	1717536821439	1717536821442	OK	 
REQUEST		sum	1717536821511	1717536821522	OK	 
USER	RecordedSimulation	START	1717536822364
REQUEST		new	1717536822362	1717536822371	OK	 
REQUEST		undoMove	1717536822469	1717536822471	OK	 
REQUEST		next	1717536823401	1717536823404	OK	 
REQUEST		sum	1717536823511	1717536823514	OK	 
REQUEST		playerID	1717536823715	1717536823718	OK	 
USER	RecordedSimulation	START	1717536824352
REQUEST		new	1717536824350	1717536824366	OK	 
REQUEST		undoMove	1717536824460	1717536824463	OK	 
REQUEST		next	1717536825401	1717536825404	OK	 
REQUEST		sum	1717536825480	1717536825482	OK	 
REQUEST		playerID	1717536825551	1717536825554	OK	 
USER	RecordedSimulation	START	1717536826353
REQUEST		new	1717536826351	1717536826357	OK	 
REQUEST		undoMove	1717536826412	1717536826415	OK	 
REQUEST		next	1717536827421	1717536827424	OK	 
REQUEST		sum	1717536827511	1717536827513	OK	 
REQUEST		playerID	1717536827521	1717536827523	OK	 
REQUEST		playerName	1717536827762	1717536827765	OK	 
REQUEST		undoMove	1717536828454	1717536828457	OK	 
REQUEST		next	1717536829379	1717536829382	OK	 
REQUEST		sum	1717536829466	1717536829468	OK	 
REQUEST		playerID	1717536829521	1717536829524	OK	 
REQUEST		playerName	1717536829571	1717536829574	OK	 
REQUEST		undoMove	1717536830474	1717536830476	OK	 
REQUEST		next	1717536831399	1717536831402	OK	 
REQUEST		sum	1717536831461	1717536831464	OK	 
REQUEST		playerID	1717536831561	1717536831565	OK	 
REQUEST		playerName	1717536831575	1717536831578	OK	 
REQUEST		nestedList	1717536831815	1717536831818	OK	 
REQUEST		undoMove	1717536832418	1717536832421	OK	 
REQUEST		playerID	1717536833501	1717536833503	OK	 
REQUEST		sum	1717536833526	1717536833528	OK	 
REQUEST		playerName	1717536833568	1717536833570	OK	 
REQUEST		nestedList	1717536833591	1717536833593	OK	 
REQUEST		undoMove	1717536834453	1717536834455	OK	 
REQUEST		sum	1717536835471	1717536835473	OK	 
REQUEST		playerID	1717536835513	1717536835516	OK	 
REQUEST		playerName	1717536835615	1717536835618	OK	 
REQUEST		nestedList	1717536835628	1717536835631	OK	 
REQUEST		remainingMoves	1717536835821	1717536835823	OK	 
REQUEST		playerName	1717536837509	1717536837511	OK	 
REQUEST		sum	1717536837509	1717536837511	OK	 
REQUEST		playerID	1717536837578	1717536837581	OK	 
REQUEST		nestedList	1717536837620	1717536837622	OK	 
REQUEST		remainingMoves	1717536837659	1717536837661	OK	 
REQUEST		playerID	1717536839523	1717536839526	OK	 
REQUEST		playerName	1717536839523	1717536839527	OK	 
REQUEST		nestedList	1717536839667	1717536839670	OK	 
REQUEST		remainingMoves	1717536839681	1717536839683	OK	 
REQUEST		players	1717536839852	1717536839855	OK	 
USER	RecordedSimulation	END	1717536839860
REQUEST		nestedList	1717536841561	1717536841564	OK	 
REQUEST		playerID	1717536841561	1717536841564	OK	 
REQUEST		playerName	1717536841630	1717536841632	OK	 
REQUEST		remainingMoves	1717536841654	1717536841656	OK	 
REQUEST		players	1717536841686	1717536841688	OK	 
USER	RecordedSimulation	END	1717536841690
REQUEST		nestedList	1717536843542	1717536843545	OK	 
REQUEST		playerName	1717536843561	1717536843564	OK	 
REQUEST		remainingMoves	1717536843720	1717536843722	OK	 
REQUEST		players	1717536843733	1717536843736	OK	 
USER	RecordedSimulation	END	1717536843737
REQUEST		playerName	1717536845614	1717536845616	OK	 
REQUEST		remainingMoves	1717536845614	1717536845616	OK	 
REQUEST		nestedList	1717536845669	1717536845672	OK	 
REQUEST		players	1717536845689	1717536845692	OK	 
USER	RecordedSimulation	END	1717536845693
REQUEST		remainingMoves	1717536847591	1717536847593	OK	 
REQUEST		nestedList	1717536847591	1717536847594	OK	 
REQUEST		players	1717536847771	1717536847774	OK	 
USER	RecordedSimulation	END	1717536847776
REQUEST		nestedList	1717536849666	1717536849667	OK	 
REQUEST		players	1717536849665	1717536849667	OK	 
USER	RecordedSimulation	END	1717536849668
REQUEST		remainingMoves	1717536849722	1717536849725	OK	 
REQUEST		remainingMoves	1717536851622	1717536851625	OK	 
REQUEST		players	1717536851622	1717536851625	OK	 
USER	RecordedSimulation	END	1717536851626
REQUEST		remainingMoves	1717536853717	1717536853719	OK	 
REQUEST		players	1717536853771	1717536853774	OK	 
USER	RecordedSimulation	END	1717536853775
REQUEST		players	1717536855675	1717536855678	OK	 
USER	RecordedSimulation	END	1717536855679
REQUEST		players	1717536857769	1717536857771	OK	 
USER	RecordedSimulation	END	1717536857772
