RUN	it.dicecup.DiceCupLoadItSimulation	dicecuploaditsimulation	1717529068249	 	3.11.3
USER	RecordedSimulation	START	1717529070265
REQUEST		indexOfField	1717529070257	1717529070284	OK	 
USER	RecordedSimulation	START	1717529072113
REQUEST		indexOfField	1717529072111	1717529072120	OK	 
REQUEST		dice	1717529072368	1717529072376	OK	 
USER	RecordedSimulation	START	1717529074112
REQUEST		indexOfField	1717529074110	1717529074118	OK	 
REQUEST		dice	1717529074130	1717529074132	OK	 
REQUEST		representation	1717529074392	1717529074399	OK	 
USER	RecordedSimulation	START	1717529076112
REQUEST		indexOfField	1717529076111	1717529076118	OK	 
REQUEST		dice	1717529076149	1717529076152	OK	 
REQUEST		representation	1717529076163	1717529076166	OK	 
REQUEST		putOut	1717529076429	1717529076433	OK	 
USER	RecordedSimulation	START	1717529078112
REQUEST		indexOfField	1717529078110	1717529078117	OK	 
REQUEST		dice	1717529078148	1717529078160	OK	 
REQUEST		representation	1717529078182	1717529078185	OK	 
REQUEST		putOut	1717529078196	1717529078200	OK	 
REQUEST		putIn	1717529079463	1717529079466	OK	 
USER	RecordedSimulation	START	1717529080112
REQUEST		indexOfField	1717529080111	1717529080118	OK	 
REQUEST		dice	1717529080147	1717529080153	OK	 
REQUEST		representation	1717529080181	1717529080184	OK	 
REQUEST		putOut	1717529080211	1717529080214	OK	 
REQUEST		putIn	1717529081231	1717529081234	OK	 
REQUEST		nextRound	1717529081496	1717529081505	OK	 
USER	RecordedSimulation	START	1717529082093
REQUEST		indexOfField	1717529082092	1717529082102	OK	 
REQUEST		dice	1717529082139	1717529082144	OK	 
REQUEST		representation	1717529082162	1717529082165	OK	 
REQUEST		putOut	1717529082211	1717529082214	OK	 
REQUEST		nextRound	1717529083241	1717529083244	OK	 
REQUEST		putIn	1717529083244	1717529083247	OK	 
REQUEST		inCup	1717529083529	1717529083533	OK	 
USER	RecordedSimulation	START	1717529084111
REQUEST		indexOfField	1717529084109	1717529084121	OK	 
REQUEST		dice	1717529084132	1717529084135	OK	 
REQUEST		representation	1717529084174	1717529084177	OK	 
REQUEST		putOut	1717529084204	1717529084207	OK	 
REQUEST		putIn	1717529085235	1717529085238	OK	 
REQUEST		nextRound	1717529085251	1717529085255	OK	 
REQUEST		inCup	1717529085275	1717529085278	OK	 
REQUEST		locked	1717529085563	1717529085565	OK	 
USER	RecordedSimulation	START	1717529086112
REQUEST		indexOfField	1717529086110	1717529086125	OK	 
REQUEST		representation	1717529086141	1717529086144	OK	 
REQUEST		dice	1717529086151	1717529086153	OK	 
REQUEST		putOut	1717529086207	1717529086210	OK	 
REQUEST		putIn	1717529087212	1717529087214	OK	 
REQUEST		inCup	1717529087261	1717529087264	OK	 
REQUEST		nextRound	1717529087263	1717529087265	OK	 
REQUEST		locked	1717529087308	1717529087310	OK	 
REQUEST		remainingDices	1717529087571	1717529087574	OK	 
USER	RecordedSimulation	START	1717529088111
REQUEST		indexOfField	1717529088110	1717529088117	OK	 
REQUEST		dice	1717529088155	1717529088157	OK	 
REQUEST		representation	1717529088161	1717529088164	OK	 
REQUEST		putOut	1717529088171	1717529088173	OK	 
REQUEST		putIn	1717529089240	1717529089242	OK	 
REQUEST		nextRound	1717529089246	1717529089248	OK	 
REQUEST		locked	1717529089281	1717529089283	OK	 
REQUEST		inCup	1717529089291	1717529089293	OK	 
REQUEST		remainingDices	1717529089340	1717529089342	OK	 
REQUEST		result	1717529089581	1717529089584	OK	 
USER	RecordedSimulation	END	1717529089588
REQUEST		dice	1717529090147	1717529090150	OK	 
REQUEST		representation	1717529090181	1717529090184	OK	 
REQUEST		putOut	1717529090181	1717529090184	OK	 
REQUEST		putIn	1717529091201	1717529091204	OK	 
REQUEST		inCup	1717529091261	1717529091264	OK	 
REQUEST		nextRound	1717529091272	1717529091276	OK	 
REQUEST		remainingDices	1717529091311	1717529091314	OK	 
REQUEST		locked	1717529091319	1717529091322	OK	 
REQUEST		result	1717529091347	1717529091350	OK	 
USER	RecordedSimulation	END	1717529091352
REQUEST		representation	1717529092179	1717529092182	OK	 
REQUEST		putOut	1717529092211	1717529092214	OK	 
REQUEST		putIn	1717529093214	1717529093216	OK	 
REQUEST		nextRound	1717529093233	1717529093235	OK	 
REQUEST		locked	1717529093291	1717529093294	OK	 
REQUEST		inCup	1717529093301	1717529093310	OK	 
REQUEST		result	1717529093340	1717529093342	OK	 
USER	RecordedSimulation	END	1717529093344
REQUEST		remainingDices	1717529093352	1717529093354	OK	 
REQUEST		putOut	1717529094212	1717529094215	OK	 
REQUEST		nextRound	1717529095227	1717529095229	OK	 
REQUEST		putIn	1717529095244	1717529095246	OK	 
REQUEST		inCup	1717529095266	1717529095268	OK	 
REQUEST		remainingDices	1717529095309	1717529095311	OK	 
REQUEST		locked	1717529095340	1717529095342	OK	 
REQUEST		result	1717529095367	1717529095369	OK	 
USER	RecordedSimulation	END	1717529095371
REQUEST		putIn	1717529097245	1717529097248	OK	 
REQUEST		inCup	1717529097259	1717529097261	OK	 
REQUEST		nextRound	1717529097261	1717529097263	OK	 
REQUEST		locked	1717529097281	1717529097284	OK	 
REQUEST		result	1717529097341	1717529097344	OK	 
USER	RecordedSimulation	END	1717529097345
REQUEST		remainingDices	1717529097372	1717529097375	OK	 
REQUEST		nextRound	1717529099278	1717529099281	OK	 
REQUEST		locked	1717529099290	1717529099292	OK	 
REQUEST		inCup	1717529099293	1717529099295	OK	 
REQUEST		remainingDices	1717529099314	1717529099316	OK	 
REQUEST		result	1717529099391	1717529099393	OK	 
USER	RecordedSimulation	END	1717529099395
REQUEST		locked	1717529101300	1717529101302	OK	 
REQUEST		inCup	1717529101311	1717529101313	OK	 
REQUEST		remainingDices	1717529101322	1717529101324	OK	 
REQUEST		result	1717529101331	1717529101333	OK	 
USER	RecordedSimulation	END	1717529101334
REQUEST		remainingDices	1717529103309	1717529103312	OK	 
REQUEST		result	1717529103341	1717529103344	OK	 
USER	RecordedSimulation	END	1717529103346
REQUEST		locked	1717529103343	1717529103345	OK	 
REQUEST		result	1717529105343	1717529105345	OK	 
USER	RecordedSimulation	END	1717529105346
REQUEST		remainingDices	1717529105376	1717529105379	OK	 
REQUEST		result	1717529107381	1717529107383	OK	 
USER	RecordedSimulation	END	1717529107384
