RUN	it.game.GameEnduranceItSimulation	gameenduranceitsimulation	1717534258605	 	3.11.3
USER	RecordedSimulation	START	1717534260558
REQUEST		new	1717534260550	1717534260576	OK	 
USER	RecordedSimulation	START	1717534262441
REQUEST		new	1717534262439	1717534262455	OK	 
USER	RecordedSimulation	START	1717534264436
REQUEST		new	1717534264435	1717534264445	OK	 
REQUEST		next	1717534265676	1717534265689	OK	 
USER	RecordedSimulation	START	1717534267425
REQUEST		new	1717534267424	1717534267435	OK	 
REQUEST		next	1717534267469	1717534267473	OK	 
REQUEST		undoMove	1717534268733	1717534268737	OK	 
REQUEST		next	1717534269460	1717534269464	OK	 
USER	RecordedSimulation	START	1717534269470
REQUEST		new	1717534269463	1717534269480	OK	 
REQUEST		undoMove	1717534270517	1717534270522	OK	 
REQUEST		sum	1717534271778	1717534271782	OK	 
REQUEST		next	1717534272443	1717534272446	OK	 
USER	RecordedSimulation	START	1717534272464
REQUEST		new	1717534272463	1717534272471	OK	 
REQUEST		undoMove	1717534272498	1717534272502	OK	 
REQUEST		sum	1717534273580	1717534273584	OK	 
USER	RecordedSimulation	START	1717534274465
REQUEST		new	1717534274464	1717534274471	OK	 
REQUEST		next	1717534274524	1717534274528	OK	 
REQUEST		undoMove	1717534275482	1717534275485	OK	 
REQUEST		sum	1717534275509	1717534275512	OK	 
REQUEST		playerID	1717534275803	1717534275806	OK	 
USER	RecordedSimulation	START	1717534276464
REQUEST		new	1717534276463	1717534276472	OK	 
REQUEST		next	1717534277515	1717534277518	OK	 
REQUEST		undoMove	1717534277568	1717534277571	OK	 
REQUEST		playerID	1717534277597	1717534277600	OK	 
REQUEST		sum	1717534278508	1717534278512	OK	 
USER	RecordedSimulation	START	1717534279440
REQUEST		new	1717534279438	1717534279453	OK	 
REQUEST		next	1717534279515	1717534279519	OK	 
REQUEST		playerID	1717534279528	1717534279531	OK	 
REQUEST		playerName	1717534279833	1717534279835	OK	 
REQUEST		undoMove	1717534280548	1717534280551	OK	 
REQUEST		sum	1717534280608	1717534280612	OK	 
USER	RecordedSimulation	START	1717534281465
REQUEST		new	1717534281464	1717534281473	OK	 
REQUEST		next	1717534281483	1717534281486	OK	 
REQUEST		playerName	1717534281608	1717534281611	OK	 
REQUEST		undoMove	1717534282538	1717534282541	OK	 
REQUEST		playerID	1717534282538	1717534282541	OK	 
REQUEST		playerName	1717534283559	1717534283562	OK	 
REQUEST		sum	1717534283559	1717534283562	OK	 
REQUEST		nestedList	1717534283848	1717534283852	OK	 
USER	RecordedSimulation	START	1717534284425
REQUEST		new	1717534284424	1717534284438	OK	 
REQUEST		next	1717534284460	1717534284464	OK	 
REQUEST		undoMove	1717534284524	1717534284527	OK	 
REQUEST		playerID	1717534284656	1717534284659	OK	 
REQUEST		sum	1717534285558	1717534285562	OK	 
REQUEST		nestedList	1717534285654	1717534285657	OK	 
USER	RecordedSimulation	START	1717534286464
REQUEST		new	1717534286463	1717534286473	OK	 
REQUEST		next	1717534286519	1717534286522	OK	 
REQUEST		playerName	1717534286558	1717534286561	OK	 
REQUEST		undoMove	1717534287474	1717534287478	OK	 
REQUEST		sum	1717534287571	1717534287573	OK	 
REQUEST		nestedList	1717534287590	1717534287593	OK	 
REQUEST		playerID	1717534287606	1717534287609	OK	 
REQUEST		remainingMoves	1717534287896	1717534287898	OK	 
USER	RecordedSimulation	START	1717534288460
REQUEST		new	1717534288458	1717534288468	OK	 
REQUEST		playerName	1717534288690	1717534288693	OK	 
REQUEST		next	1717534289457	1717534289462	OK	 
REQUEST		undoMove	1717534289567	1717534289570	OK	 
REQUEST		playerID	1717534289567	1717534289570	OK	 
REQUEST		remainingMoves	1717534289700	1717534289703	OK	 
REQUEST		sum	1717534290521	1717534290523	OK	 
REQUEST		nestedList	1717534290578	1717534290582	OK	 
USER	RecordedSimulation	START	1717534291456
REQUEST		new	1717534291453	1717534291462	OK	 
REQUEST		next	1717534291498	1717534291502	OK	 
REQUEST		playerID	1717534291604	1717534291606	OK	 
REQUEST		remainingMoves	1717534291636	1717534291640	OK	 
REQUEST		playerName	1717534291654	1717534291657	OK	 
REQUEST		players	1717534291941	1717534291944	OK	 
USER	RecordedSimulation	END	1717534291948
REQUEST		undoMove	1717534292492	1717534292494	OK	 
REQUEST		sum	1717534292615	1717534292618	OK	 
REQUEST		nestedList	1717534292736	1717534292739	OK	 
USER	RecordedSimulation	START	1717534293463
REQUEST		new	1717534293462	1717534293469	OK	 
REQUEST		next	1717534293512	1717534293514	OK	 
REQUEST		playerName	1717534293613	1717534293616	OK	 
REQUEST		players	1717534293745	1717534293748	OK	 
USER	RecordedSimulation	END	1717534293750
REQUEST		undoMove	1717534294545	1717534294549	OK	 
REQUEST		playerID	1717534294567	1717534294569	OK	 
REQUEST		remainingMoves	1717534294584	1717534294587	OK	 
REQUEST		sum	1717534295529	1717534295531	OK	 
REQUEST		playerName	1717534295650	1717534295653	OK	 
REQUEST		players	1717534295693	1717534295696	OK	 
USER	RecordedSimulation	END	1717534295697
REQUEST		nestedList	1717534295701	1717534295703	OK	 
USER	RecordedSimulation	START	1717534296465
REQUEST		new	1717534296463	1717534296474	OK	 
REQUEST		next	1717534296506	1717534296510	OK	 
REQUEST		undoMove	1717534296558	1717534296561	OK	 
REQUEST		playerID	1717534296661	1717534296672	OK	 
REQUEST		remainingMoves	1717534296782	1717534296788	OK	 
REQUEST		sum	1717534297592	1717534297594	OK	 
REQUEST		nestedList	1717534297659	1717534297663	OK	 
USER	RecordedSimulation	START	1717534298436
REQUEST		new	1717534298435	1717534298443	OK	 
REQUEST		next	1717534298513	1717534298516	OK	 
REQUEST		playerName	1717534298574	1717534298576	OK	 
REQUEST		players	1717534298630	1717534298633	OK	 
USER	RecordedSimulation	END	1717534298634
REQUEST		undoMove	1717534299554	1717534299557	OK	 
REQUEST		playerID	1717534299575	1717534299578	OK	 
REQUEST		sum	1717534299605	1717534299608	OK	 
REQUEST		nestedList	1717534299678	1717534299681	OK	 
REQUEST		remainingMoves	1717534299746	1717534299749	OK	 
USER	RecordedSimulation	START	1717534300463
REQUEST		new	1717534300462	1717534300469	OK	 
REQUEST		playerName	1717534300715	1717534300718	OK	 
REQUEST		players	1717534300828	1717534300831	OK	 
USER	RecordedSimulation	END	1717534300832
REQUEST		next	1717534301518	1717534301521	OK	 
REQUEST		undoMove	1717534301560	1717534301563	OK	 
REQUEST		playerID	1717534301638	1717534301640	OK	 
REQUEST		remainingMoves	1717534301706	1717534301709	OK	 
REQUEST		sum	1717534302600	1717534302603	OK	 
REQUEST		nestedList	1717534302619	1717534302622	OK	 
USER	RecordedSimulation	START	1717534303463
REQUEST		new	1717534303462	1717534303470	OK	 
REQUEST		next	1717534303481	1717534303483	OK	 
REQUEST		playerName	1717534303621	1717534303623	OK	 
REQUEST		playerID	1717534303651	1717534303654	OK	 
REQUEST		remainingMoves	1717534303685	1717534303688	OK	 
REQUEST		players	1717534303792	1717534303795	OK	 
USER	RecordedSimulation	END	1717534303796
REQUEST		undoMove	1717534304564	1717534304567	OK	 
REQUEST		sum	1717534304606	1717534304609	OK	 
REQUEST		nestedList	1717534304761	1717534304763	OK	 
USER	RecordedSimulation	START	1717534305463
REQUEST		new	1717534305462	1717534305470	OK	 
REQUEST		next	1717534305513	1717534305516	OK	 
REQUEST		playerName	1717534305684	1717534305686	OK	 
REQUEST		players	1717534305752	1717534305755	OK	 
USER	RecordedSimulation	END	1717534305756
REQUEST		undoMove	1717534306504	1717534306506	OK	 
REQUEST		playerID	1717534306647	1717534306649	OK	 
REQUEST		remainingMoves	1717534306664	1717534306666	OK	 
REQUEST		sum	1717534307612	1717534307615	OK	 
REQUEST		nestedList	1717534307638	1717534307641	OK	 
REQUEST		playerName	1717534307698	1717534307700	OK	 
REQUEST		players	1717534307730	1717534307732	OK	 
USER	RecordedSimulation	END	1717534307734
USER	RecordedSimulation	START	1717534308463
REQUEST		new	1717534308462	1717534308470	OK	 
REQUEST		next	1717534308504	1717534308509	OK	 
REQUEST		undoMove	1717534308549	1717534308552	OK	 
REQUEST		playerID	1717534308648	1717534308651	OK	 
REQUEST		remainingMoves	1717534308806	1717534308808	OK	 
REQUEST		sum	1717534309538	1717534309540	OK	 
REQUEST		nestedList	1717534309730	1717534309732	OK	 
USER	RecordedSimulation	START	1717534310435
REQUEST		new	1717534310434	1717534310440	OK	 
REQUEST		next	1717534310509	1717534310512	OK	 
REQUEST		players	1717534310680	1717534310682	OK	 
USER	RecordedSimulation	END	1717534310684
REQUEST		playerName	1717534310692	1717534310695	OK	 
REQUEST		undoMove	1717534311553	1717534311555	OK	 
REQUEST		sum	1717534311595	1717534311597	OK	 
REQUEST		playerID	1717534311648	1717534311650	OK	 
REQUEST		remainingMoves	1717534311661	1717534311663	OK	 
REQUEST		nestedList	1717534311738	1717534311740	OK	 
USER	RecordedSimulation	START	1717534312459
REQUEST		new	1717534312458	1717534312465	OK	 
REQUEST		playerName	1717534312695	1717534312697	OK	 
REQUEST		players	1717534312851	1717534312854	OK	 
USER	RecordedSimulation	END	1717534312855
REQUEST		undoMove	1717534313514	1717534313516	OK	 
REQUEST		next	1717534313514	1717534313516	OK	 
REQUEST		playerID	1717534313570	1717534313572	OK	 
REQUEST		remainingMoves	1717534313775	1717534313777	OK	 
REQUEST		sum	1717534314598	1717534314601	OK	 
REQUEST		nestedList	1717534314739	1717534314742	OK	 
REQUEST		next	1717534315450	1717534315453	OK	 
USER	RecordedSimulation	START	1717534315464
REQUEST		new	1717534315462	1717534315472	OK	 
REQUEST		playerID	1717534315628	1717534315631	OK	 
REQUEST		players	1717534315673	1717534315675	OK	 
USER	RecordedSimulation	END	1717534315676
REQUEST		playerName	1717534315693	1717534315695	OK	 
REQUEST		remainingMoves	1717534315783	1717534315785	OK	 
REQUEST		sum	1717534316528	1717534316530	OK	 
REQUEST		undoMove	1717534316560	1717534316562	OK	 
REQUEST		nestedList	1717534316728	1717534316730	OK	 
USER	RecordedSimulation	START	1717534317445
REQUEST		new	1717534317444	1717534317452	OK	 
REQUEST		next	1717534317508	1717534317511	OK	 
REQUEST		playerName	1717534317592	1717534317594	OK	 
REQUEST		players	1717534317820	1717534317822	OK	 
USER	RecordedSimulation	END	1717534317824
REQUEST		undoMove	1717534318496	1717534318499	OK	 
REQUEST		playerID	1717534318644	1717534318647	OK	 
REQUEST		remainingMoves	1717534318778	1717534318780	OK	 
REQUEST		sum	1717534319603	1717534319605	OK	 
REQUEST		playerName	1717534319640	1717534319643	OK	 
REQUEST		nestedList	1717534319738	1717534319740	OK	 
REQUEST		players	1717534319788	1717534319791	OK	 
USER	RecordedSimulation	END	1717534319792
USER	RecordedSimulation	START	1717534320455
REQUEST		new	1717534320454	1717534320463	OK	 
REQUEST		next	1717534320481	1717534320484	OK	 
REQUEST		undoMove	1717534320527	1717534320530	OK	 
REQUEST		playerID	1717534320538	1717534320540	OK	 
REQUEST		remainingMoves	1717534320773	1717534320775	OK	 
REQUEST		sum	1717534321542	1717534321544	OK	 
REQUEST		nestedList	1717534321638	1717534321640	OK	 
USER	RecordedSimulation	START	1717534322440
REQUEST		new	1717534322438	1717534322447	OK	 
REQUEST		next	1717534322495	1717534322498	OK	 
REQUEST		playerName	1717534322689	1717534322692	OK	 
REQUEST		players	1717534322788	1717534322791	OK	 
USER	RecordedSimulation	END	1717534322792
REQUEST		undoMove	1717534323489	1717534323491	OK	 
REQUEST		sum	1717534323574	1717534323576	OK	 
REQUEST		nestedList	1717534323648	1717534323651	OK	 
REQUEST		playerID	1717534323648	1717534323651	OK	 
REQUEST		remainingMoves	1717534323782	1717534323785	OK	 
USER	RecordedSimulation	START	1717534324463
REQUEST		new	1717534324462	1717534324470	OK	 
REQUEST		playerName	1717534324578	1717534324580	OK	 
REQUEST		players	1717534324818	1717534324821	OK	 
USER	RecordedSimulation	END	1717534324822
REQUEST		next	1717534325468	1717534325470	OK	 
REQUEST		undoMove	1717534325541	1717534325543	OK	 
REQUEST		playerID	1717534325568	1717534325570	OK	 
REQUEST		remainingMoves	1717534325668	1717534325670	OK	 
REQUEST		sum	1717534326530	1717534326532	OK	 
REQUEST		nestedList	1717534326734	1717534326736	OK	 
USER	RecordedSimulation	START	1717534327453
REQUEST		new	1717534327451	1717534327460	OK	 
REQUEST		next	1717534327468	1717534327471	OK	 
REQUEST		playerID	1717534327615	1717534327617	OK	 
REQUEST		remainingMoves	1717534327658	1717534327661	OK	 
REQUEST		playerName	1717534327684	1717534327686	OK	 
REQUEST		players	1717534327808	1717534327810	OK	 
USER	RecordedSimulation	END	1717534327812
REQUEST		undoMove	1717534328478	1717534328481	OK	 
REQUEST		sum	1717534328587	1717534328590	OK	 
REQUEST		nestedList	1717534328624	1717534328627	OK	 
USER	RecordedSimulation	START	1717534329439
REQUEST		new	1717534329438	1717534329445	OK	 
REQUEST		next	1717534329513	1717534329516	OK	 
REQUEST		playerName	1717534329588	1717534329590	OK	 
REQUEST		players	1717534329688	1717534329691	OK	 
USER	RecordedSimulation	END	1717534329692
REQUEST		undoMove	1717534330511	1717534330514	OK	 
REQUEST		playerID	1717534330576	1717534330578	OK	 
REQUEST		remainingMoves	1717534330738	1717534330740	OK	 
REQUEST		sum	1717534331504	1717534331507	OK	 
REQUEST		playerName	1717534331660	1717534331662	OK	 
REQUEST		players	1717534331699	1717534331701	OK	 
USER	RecordedSimulation	END	1717534331702
REQUEST		nestedList	1717534331700	1717534331702	OK	 
USER	RecordedSimulation	START	1717534332449
REQUEST		new	1717534332448	1717534332454	OK	 
REQUEST		next	1717534332488	1717534332491	OK	 
REQUEST		undoMove	1717534332548	1717534332551	OK	 
REQUEST		playerID	1717534332594	1717534332596	OK	 
REQUEST		remainingMoves	1717534332650	1717534332652	OK	 
REQUEST		sum	1717534333556	1717534333559	OK	 
REQUEST		nestedList	1717534333614	1717534333618	OK	 
REQUEST		next	1717534334448	1717534334451	OK	 
USER	RecordedSimulation	START	1717534334463
REQUEST		new	1717534334462	1717534334466	OK	 
REQUEST		playerName	1717534334608	1717534334610	OK	 
REQUEST		players	1717534334758	1717534334760	OK	 
USER	RecordedSimulation	END	1717534334761
REQUEST		playerID	1717534335508	1717534335511	OK	 
REQUEST		undoMove	1717534335534	1717534335537	OK	 
REQUEST		sum	1717534335558	1717534335560	OK	 
REQUEST		nestedList	1717534335706	1717534335708	OK	 
REQUEST		remainingMoves	1717534335708	1717534335711	OK	 
USER	RecordedSimulation	START	1717534336435
REQUEST		new	1717534336434	1717534336440	OK	 
REQUEST		playerName	1717534336598	1717534336600	OK	 
REQUEST		players	1717534336695	1717534336697	OK	 
USER	RecordedSimulation	END	1717534336698
REQUEST		undoMove	1717534337490	1717534337492	OK	 
REQUEST		next	1717534337496	1717534337499	OK	 
REQUEST		playerID	1717534337568	1717534337571	OK	 
REQUEST		remainingMoves	1717534337638	1717534337640	OK	 
REQUEST		sum	1717534338558	1717534338560	OK	 
REQUEST		nestedList	1717534338653	1717534338655	OK	 
USER	RecordedSimulation	START	1717534339451
REQUEST		new	1717534339451	1717534339455	OK	 
REQUEST		next	1717534339491	1717534339494	OK	 
REQUEST		playerName	1717534339535	1717534339537	OK	 
REQUEST		playerID	1717534339604	1717534339606	OK	 
REQUEST		remainingMoves	1717534339752	1717534339755	OK	 
REQUEST		players	1717534339754	1717534339757	OK	 
USER	RecordedSimulation	END	1717534339758
REQUEST		undoMove	1717534340536	1717534340538	OK	 
REQUEST		sum	1717534340536	1717534340538	OK	 
REQUEST		nestedList	1717534340651	1717534340653	OK	 
USER	RecordedSimulation	START	1717534341431
REQUEST		new	1717534341430	1717534341435	OK	 
REQUEST		next	1717534341480	1717534341484	OK	 
REQUEST		playerName	1717534341582	1717534341584	OK	 
REQUEST		players	1717534341683	1717534341685	OK	 
USER	RecordedSimulation	END	1717534341686
REQUEST		undoMove	1717534342536	1717534342539	OK	 
REQUEST		playerID	1717534342598	1717534342600	OK	 
REQUEST		remainingMoves	1717534342678	1717534342682	OK	 
REQUEST		nestedList	1717534343556	1717534343558	OK	 
REQUEST		sum	1717534343581	1717534343583	OK	 
REQUEST		playerName	1717534343650	1717534343651	OK	 
REQUEST		players	1717534343798	1717534343799	OK	 
USER	RecordedSimulation	END	1717534343801
USER	RecordedSimulation	START	1717534344452
REQUEST		new	1717534344451	1717534344456	OK	 
REQUEST		next	1717534344470	1717534344472	OK	 
REQUEST		undoMove	1717534344526	1717534344528	OK	 
REQUEST		playerID	1717534344568	1717534344571	OK	 
REQUEST		remainingMoves	1717534344668	1717534344671	OK	 
REQUEST		sum	1717534345560	1717534345562	OK	 
REQUEST		nestedList	1717534345588	1717534345590	OK	 
USER	RecordedSimulation	START	1717534346435
REQUEST		new	1717534346434	1717534346438	OK	 
REQUEST		next	1717534346478	1717534346482	OK	 
REQUEST		playerName	1717534346628	1717534346630	OK	 
REQUEST		players	1717534346690	1717534346692	OK	 
USER	RecordedSimulation	END	1717534346693
REQUEST		undoMove	1717534347478	1717534347480	OK	 
REQUEST		sum	1717534347570	1717534347573	OK	 
REQUEST		remainingMoves	1717534347578	1717534347580	OK	 
REQUEST		playerID	1717534347626	1717534347629	OK	 
REQUEST		nestedList	1717534347668	1717534347670	OK	 
USER	RecordedSimulation	START	1717534348462
REQUEST		new	1717534348462	1717534348467	OK	 
REQUEST		playerName	1717534348613	1717534348615	OK	 
REQUEST		players	1717534348708	1717534348711	OK	 
USER	RecordedSimulation	END	1717534348712
REQUEST		next	1717534349499	1717534349501	OK	 
REQUEST		undoMove	1717534349525	1717534349527	OK	 
REQUEST		playerID	1717534349598	1717534349600	OK	 
REQUEST		remainingMoves	1717534349633	1717534349635	OK	 
REQUEST		sum	1717534350522	1717534350524	OK	 
REQUEST		nestedList	1717534350668	1717534350670	OK	 
USER	RecordedSimulation	START	1717534351438
REQUEST		new	1717534351438	1717534351441	OK	 
REQUEST		next	1717534351448	1717534351451	OK	 
REQUEST		playerID	1717534351578	1717534351580	OK	 
REQUEST		players	1717534351588	1717534351590	OK	 
USER	RecordedSimulation	END	1717534351591
REQUEST		playerName	1717534351638	1717534351640	OK	 
REQUEST		remainingMoves	1717534351713	1717534351715	OK	 
REQUEST		undoMove	1717534352518	1717534352521	OK	 
REQUEST		sum	1717534352569	1717534352572	OK	 
REQUEST		nestedList	1717534352638	1717534352641	OK	 
USER	RecordedSimulation	START	1717534353433
REQUEST		new	1717534353432	1717534353436	OK	 
REQUEST		next	1717534353509	1717534353511	OK	 
REQUEST		playerName	1717534353628	1717534353630	OK	 
REQUEST		players	1717534353658	1717534353660	OK	 
USER	RecordedSimulation	END	1717534353662
REQUEST		undoMove	1717534354456	1717534354457	OK	 
REQUEST		playerID	1717534354567	1717534354569	OK	 
REQUEST		remainingMoves	1717534354698	1717534354700	OK	 
REQUEST		sum	1717534355564	1717534355567	OK	 
REQUEST		playerName	1717534355594	1717534355596	OK	 
REQUEST		nestedList	1717534355660	1717534355662	OK	 
REQUEST		players	1717534355744	1717534355746	OK	 
USER	RecordedSimulation	END	1717534355747
USER	RecordedSimulation	START	1717534356462
REQUEST		new	1717534356462	1717534356473	OK	 
REQUEST		next	1717534356481	1717534356483	OK	 
REQUEST		undoMove	1717534356515	1717534356517	OK	 
REQUEST		playerID	1717534356614	1717534356616	OK	 
REQUEST		remainingMoves	1717534356658	1717534356660	OK	 
REQUEST		sum	1717534357488	1717534357490	OK	 
REQUEST		nestedList	1717534357668	1717534357670	OK	 
USER	RecordedSimulation	START	1717534358462
REQUEST		new	1717534358461	1717534358466	OK	 
REQUEST		next	1717534358480	1717534358482	OK	 
REQUEST		playerName	1717534358588	1717534358590	OK	 
REQUEST		players	1717534358732	1717534358735	OK	 
USER	RecordedSimulation	END	1717534358736
REQUEST		undoMove	1717534359525	1717534359528	OK	 
REQUEST		sum	1717534359560	1717534359563	OK	 
REQUEST		nestedList	1717534359598	1717534359600	OK	 
REQUEST		playerID	1717534359609	1717534359611	OK	 
REQUEST		remainingMoves	1717534359670	1717534359672	OK	 
USER	RecordedSimulation	START	1717534360443
REQUEST		new	1717534360442	1717534360446	OK	 
REQUEST		playerName	1717534360658	1717534360660	OK	 
REQUEST		players	1717534360703	1717534360705	OK	 
USER	RecordedSimulation	END	1717534360706
REQUEST		playerID	1717534361495	1717534361497	OK	 
REQUEST		undoMove	1717534361502	1717534361504	OK	 
REQUEST		next	1717534361516	1717534361518	OK	 
REQUEST		remainingMoves	1717534361688	1717534361690	OK	 
REQUEST		sum	1717534362570	1717534362572	OK	 
REQUEST		nestedList	1717534362613	1717534362615	OK	 
USER	RecordedSimulation	START	1717534363462
REQUEST		new	1717534363462	1717534363466	OK	 
REQUEST		next	1717534363509	1717534363511	OK	 
REQUEST		playerID	1717534363605	1717534363607	OK	 
REQUEST		remainingMoves	1717534363643	1717534363644	OK	 
REQUEST		playerName	1717534363653	1717534363654	OK	 
REQUEST		players	1717534363698	1717534363700	OK	 
USER	RecordedSimulation	END	1717534363702
REQUEST		sum	1717534364546	1717534364548	OK	 
REQUEST		undoMove	1717534364548	1717534364550	OK	 
REQUEST		nestedList	1717534364703	1717534364705	OK	 
USER	RecordedSimulation	START	1717534365463
REQUEST		new	1717534365462	1717534365466	OK	 
REQUEST		next	1717534365489	1717534365491	OK	 
REQUEST		playerName	1717534365508	1717534365510	OK	 
REQUEST		players	1717534365732	1717534365734	OK	 
USER	RecordedSimulation	END	1717534365735
REQUEST		undoMove	1717534366554	1717534366556	OK	 
REQUEST		playerID	1717534366602	1717534366604	OK	 
REQUEST		remainingMoves	1717534366650	1717534366653	OK	 
REQUEST		sum	1717534367558	1717534367560	OK	 
REQUEST		playerName	1717534367651	1717534367653	OK	 
REQUEST		nestedList	1717534367658	1717534367660	OK	 
REQUEST		players	1717534367687	1717534367689	OK	 
USER	RecordedSimulation	END	1717534367690
USER	RecordedSimulation	START	1717534368449
REQUEST		new	1717534368448	1717534368452	OK	 
REQUEST		next	1717534368481	1717534368483	OK	 
REQUEST		undoMove	1717534368534	1717534368536	OK	 
REQUEST		playerID	1717534368578	1717534368580	OK	 
REQUEST		remainingMoves	1717534368748	1717534368750	OK	 
REQUEST		nestedList	1717534369518	1717534369520	OK	 
REQUEST		sum	1717534369599	1717534369601	OK	 
USER	RecordedSimulation	START	1717534370462
REQUEST		new	1717534370461	1717534370466	OK	 
REQUEST		next	1717534370509	1717534370511	OK	 
REQUEST		playerName	1717534370647	1717534370648	OK	 
REQUEST		players	1717534370688	1717534370690	OK	 
USER	RecordedSimulation	END	1717534370691
REQUEST		undoMove	1717534371526	1717534371528	OK	 
REQUEST		playerID	1717534371576	1717534371578	OK	 
REQUEST		sum	1717534371579	1717534371581	OK	 
REQUEST		remainingMoves	1717534371678	1717534371680	OK	 
REQUEST		nestedList	1717534371696	1717534371698	OK	 
USER	RecordedSimulation	START	1717534372459
REQUEST		new	1717534372458	1717534372462	OK	 
REQUEST		playerName	1717534372623	1717534372625	OK	 
REQUEST		players	1717534372792	1717534372794	OK	 
USER	RecordedSimulation	END	1717534372795
REQUEST		next	1717534373458	1717534373460	OK	 
REQUEST		remainingMoves	1717534373526	1717534373528	OK	 
REQUEST		undoMove	1717534373548	1717534373551	OK	 
REQUEST		playerID	1717534373645	1717534373647	OK	 
REQUEST		sum	1717534374570	1717534374572	OK	 
REQUEST		nestedList	1717534374688	1717534374690	OK	 
USER	RecordedSimulation	START	1717534375452
REQUEST		new	1717534375452	1717534375456	OK	 
REQUEST		next	1717534375493	1717534375495	OK	 
REQUEST		playerName	1717534375581	1717534375582	OK	 
REQUEST		playerID	1717534375623	1717534375625	OK	 
REQUEST		players	1717534375722	1717534375724	OK	 
USER	RecordedSimulation	END	1717534375725
REQUEST		remainingMoves	1717534375740	1717534375742	OK	 
REQUEST		undoMove	1717534376503	1717534376506	OK	 
REQUEST		sum	1717534376564	1717534376568	OK	 
REQUEST		nestedList	1717534376629	1717534376632	OK	 
USER	RecordedSimulation	START	1717534377463
REQUEST		new	1717534377462	1717534377466	OK	 
REQUEST		next	1717534377504	1717534377506	OK	 
REQUEST		players	1717534377571	1717534377572	OK	 
USER	RecordedSimulation	END	1717534377574
REQUEST		playerName	1717534377658	1717534377660	OK	 
REQUEST		undoMove	1717534378538	1717534378540	OK	 
REQUEST		playerID	1717534378613	1717534378615	OK	 
REQUEST		remainingMoves	1717534378704	1717534378706	OK	 
REQUEST		sum	1717534379519	1717534379521	OK	 
REQUEST		nestedList	1717534379625	1717534379626	OK	 
REQUEST		playerName	1717534379667	1717534379670	OK	 
REQUEST		players	1717534379784	1717534379786	OK	 
USER	RecordedSimulation	END	1717534379787
REQUEST		next	1717534380499	1717534380501	OK	 
REQUEST		undoMove	1717534380549	1717534380551	OK	 
REQUEST		playerID	1717534380612	1717534380614	OK	 
REQUEST		remainingMoves	1717534380675	1717534380677	OK	 
REQUEST		sum	1717534381582	1717534381584	OK	 
REQUEST		nestedList	1717534381702	1717534381704	OK	 
REQUEST		next	1717534382468	1717534382470	OK	 
REQUEST		playerName	1717534382618	1717534382620	OK	 
REQUEST		players	1717534382732	1717534382734	OK	 
USER	RecordedSimulation	END	1717534382735
REQUEST		undoMove	1717534383544	1717534383546	OK	 
REQUEST		playerID	1717534383548	1717534383550	OK	 
REQUEST		sum	1717534383593	1717534383595	OK	 
REQUEST		remainingMoves	1717534383630	1717534383632	OK	 
REQUEST		nestedList	1717534383688	1717534383690	OK	 
REQUEST		playerName	1717534384657	1717534384658	OK	 
REQUEST		players	1717534384719	1717534384721	OK	 
USER	RecordedSimulation	END	1717534384722
REQUEST		undoMove	1717534385488	1717534385490	OK	 
REQUEST		playerID	1717534385626	1717534385628	OK	 
REQUEST		remainingMoves	1717534385718	1717534385720	OK	 
REQUEST		sum	1717534386550	1717534386552	OK	 
REQUEST		nestedList	1717534386625	1717534386627	OK	 
REQUEST		playerName	1717534387592	1717534387594	OK	 
REQUEST		players	1717534387635	1717534387637	OK	 
USER	RecordedSimulation	END	1717534387638
REQUEST		playerID	1717534387638	1717534387641	OK	 
REQUEST		remainingMoves	1717534387708	1717534387710	OK	 
REQUEST		sum	1717534388532	1717534388534	OK	 
REQUEST		nestedList	1717534388675	1717534388676	OK	 
REQUEST		playerName	1717534389670	1717534389672	OK	 
REQUEST		players	1717534389762	1717534389764	OK	 
USER	RecordedSimulation	END	1717534389765
REQUEST		playerID	1717534390594	1717534390596	OK	 
REQUEST		remainingMoves	1717534390658	1717534390660	OK	 
REQUEST		nestedList	1717534391637	1717534391639	OK	 
REQUEST		playerName	1717534391680	1717534391682	OK	 
REQUEST		players	1717534391718	1717534391720	OK	 
USER	RecordedSimulation	END	1717534391721
REQUEST		playerID	1717534392538	1717534392540	OK	 
REQUEST		remainingMoves	1717534392718	1717534392720	OK	 
REQUEST		nestedList	1717534393710	1717534393712	OK	 
REQUEST		playerName	1717534394638	1717534394641	OK	 
REQUEST		players	1717534394703	1717534394705	OK	 
USER	RecordedSimulation	END	1717534394706
REQUEST		nestedList	1717534395683	1717534395685	OK	 
REQUEST		remainingMoves	1717534395683	1717534395685	OK	 
REQUEST		playerName	1717534396560	1717534396562	OK	 
REQUEST		players	1717534396762	1717534396764	OK	 
USER	RecordedSimulation	END	1717534396765
REQUEST		remainingMoves	1717534397755	1717534397757	OK	 
REQUEST		nestedList	1717534398678	1717534398680	OK	 
REQUEST		remainingMoves	1717534399718	1717534399720	OK	 
REQUEST		players	1717534399728	1717534399730	OK	 
USER	RecordedSimulation	END	1717534399730
REQUEST		nestedList	1717534400592	1717534400594	OK	 
REQUEST		players	1717534401800	1717534401802	OK	 
USER	RecordedSimulation	END	1717534401803
REQUEST		remainingMoves	1717534402722	1717534402724	OK	 
REQUEST		players	1717534403763	1717534403764	OK	 
USER	RecordedSimulation	END	1717534403765
REQUEST		remainingMoves	1717534404606	1717534404608	OK	 
REQUEST		players	1717534406767	1717534406768	OK	 
USER	RecordedSimulation	END	1717534406770
REQUEST		players	1717534408650	1717534408652	OK	 
USER	RecordedSimulation	END	1717534408653
