RUN	it.persistence.PersistenceEnduranceItSimulation	persistenceenduranceitsimulation	1717487544082	 	3.11.3
USER	RecordedSimulation	START	1717487544723
REQUEST		ping	1717487544719	1717487544735	OK	 
USER	RecordedSimulation	START	1717487546681
REQUEST		ping	1717487546680	1717487546688	OK	 
USER	RecordedSimulation	START	1717487548674
REQUEST		ping	1717487548673	1717487548679	OK	 
USER	RecordedSimulation	START	1717487551674
REQUEST		ping	1717487551673	1717487551679	OK	 
REQUEST		saveField	1717487552755	1717487552766	OK	 
USER	RecordedSimulation	START	1717487553673
REQUEST		ping	1717487553673	1717487553678	OK	 
REQUEST		saveField	1717487554689	1717487554699	OK	 
REQUEST		saveGame	1717487555767	1717487555775	OK	 
USER	RecordedSimulation	START	1717487556673
REQUEST		ping	1717487556672	1717487556678	OK	 
REQUEST		saveField	1717487556681	1717487556690	OK	 
REQUEST		saveGame	1717487557700	1717487557708	OK	 
USER	RecordedSimulation	START	1717487558672
REQUEST		ping	1717487558672	1717487558678	OK	 
REQUEST		saveField	1717487559681	1717487559690	OK	 
REQUEST		saveGame	1717487559691	1717487559699	OK	 
REQUEST		saveDiceCup	1717487559776	1717487559784	OK	 
USER	RecordedSimulation	START	1717487560673
REQUEST		ping	1717487560672	1717487560678	OK	 
REQUEST		saveField	1717487561680	1717487561688	OK	 
REQUEST		saveDiceCup	1717487561709	1717487561718	OK	 
REQUEST		saveGame	1717487562691	1717487562699	OK	 
USER	RecordedSimulation	START	1717487563674
REQUEST		ping	1717487563673	1717487563679	OK	 
REQUEST		saveDiceCup	1717487563700	1717487563708	OK	 
REQUEST		saveField	1717487564680	1717487564689	OK	 
REQUEST		saveGame	1717487564689	1717487564696	OK	 
USER	RecordedSimulation	START	1717487565672
REQUEST		ping	1717487565672	1717487565677	OK	 
REQUEST		saveField	1717487566678	1717487566688	OK	 
REQUEST		saveDiceCup	1717487566700	1717487566709	OK	 
REQUEST		saveGame	1717487567690	1717487567697	OK	 
USER	RecordedSimulation	START	1717487568673
REQUEST		ping	1717487568673	1717487568678	OK	 
REQUEST		saveField	1717487568679	1717487568688	OK	 
REQUEST		saveDiceCup	1717487568697	1717487568706	OK	 
REQUEST		loadGame	1717487568785	1717487568790	OK	 
REQUEST		saveGame	1717487569689	1717487569696	OK	 
USER	RecordedSimulation	START	1717487570673
REQUEST		ping	1717487570672	1717487570678	OK	 
REQUEST		loadGame	1717487570719	1717487570724	OK	 
REQUEST		saveField	1717487571679	1717487571688	OK	 
REQUEST		saveGame	1717487571689	1717487571697	OK	 
REQUEST		saveDiceCup	1717487571698	1717487571707	OK	 
USER	RecordedSimulation	START	1717487572674
REQUEST		ping	1717487572673	1717487572679	OK	 
REQUEST		loadGame	1717487572709	1717487572714	OK	 
REQUEST		saveField	1717487573678	1717487573687	OK	 
REQUEST		saveDiceCup	1717487573697	1717487573705	OK	 
REQUEST		saveGame	1717487574689	1717487574696	OK	 
USER	RecordedSimulation	START	1717487575673
REQUEST		ping	1717487575673	1717487575678	OK	 
REQUEST		saveDiceCup	1717487575698	1717487575707	OK	 
REQUEST		loadGame	1717487575710	1717487575714	OK	 
REQUEST		saveField	1717487576679	1717487576688	OK	 
REQUEST		saveGame	1717487576688	1717487576695	OK	 
USER	RecordedSimulation	START	1717487577673
REQUEST		ping	1717487577672	1717487577679	OK	 
REQUEST		loadGame	1717487577707	1717487577714	OK	 
REQUEST		loadDiceCup	1717487577791	1717487577797	OK	 
REQUEST		saveField	1717487578680	1717487578691	OK	 
REQUEST		saveDiceCup	1717487578697	1717487578707	OK	 
REQUEST		saveGame	1717487579689	1717487579695	OK	 
REQUEST		loadDiceCup	1717487579725	1717487579730	OK	 
USER	RecordedSimulation	START	1717487580672
REQUEST		ping	1717487580672	1717487580676	OK	 
REQUEST		saveField	1717487580679	1717487580687	OK	 
REQUEST		saveDiceCup	1717487580696	1717487580704	OK	 
REQUEST		loadGame	1717487580707	1717487580711	OK	 
REQUEST		saveGame	1717487581691	1717487581698	OK	 
REQUEST		loadDiceCup	1717487581715	1717487581719	OK	 
USER	RecordedSimulation	START	1717487582672
REQUEST		ping	1717487582671	1717487582676	OK	 
REQUEST		loadGame	1717487582706	1717487582711	OK	 
REQUEST		saveField	1717487583679	1717487583688	OK	 
REQUEST		saveGame	1717487583688	1717487583695	OK	 
REQUEST		saveDiceCup	1717487583696	1717487583704	OK	 
USER	RecordedSimulation	START	1717487584672
REQUEST		ping	1717487584672	1717487584677	OK	 
REQUEST		loadGame	1717487584708	1717487584712	OK	 
REQUEST		loadDiceCup	1717487584714	1717487584718	OK	 
REQUEST		saveField	1717487585680	1717487585688	OK	 
REQUEST		saveDiceCup	1717487585699	1717487585706	OK	 
REQUEST		saveGame	1717487586689	1717487586696	OK	 
REQUEST		loadDiceCup	1717487586715	1717487586719	OK	 
USER	RecordedSimulation	START	1717487587672
REQUEST		ping	1717487587671	1717487587676	OK	 
REQUEST		saveDiceCup	1717487587696	1717487587705	OK	 
REQUEST		loadGame	1717487587708	1717487587712	OK	 
REQUEST		saveField	1717487588678	1717487588685	OK	 
REQUEST		saveGame	1717487588689	1717487588696	OK	 
USER	RecordedSimulation	START	1717487589672
REQUEST		ping	1717487589671	1717487589676	OK	 
REQUEST		loadGame	1717487589705	1717487589709	OK	 
REQUEST		loadDiceCup	1717487589712	1717487589716	OK	 
REQUEST		saveField	1717487590677	1717487590686	OK	 
REQUEST		saveDiceCup	1717487590697	1717487590705	OK	 
REQUEST		saveGame	1717487591686	1717487591693	OK	 
REQUEST		loadDiceCup	1717487591712	1717487591716	OK	 
USER	RecordedSimulation	START	1717487592673
REQUEST		ping	1717487592673	1717487592677	OK	 
REQUEST		saveField	1717487592678	1717487592686	OK	 
REQUEST		saveDiceCup	1717487592697	1717487592705	OK	 
REQUEST		loadGame	1717487592705	1717487592709	OK	 
REQUEST		saveGame	1717487593687	1717487593694	OK	 
REQUEST		loadDiceCup	1717487593713	1717487593719	OK	 
USER	RecordedSimulation	START	1717487594672
REQUEST		ping	1717487594672	1717487594677	OK	 
REQUEST		loadGame	1717487594707	1717487594711	OK	 
REQUEST		saveField	1717487595678	1717487595686	OK	 
REQUEST		saveGame	1717487595687	1717487595693	OK	 
REQUEST		saveDiceCup	1717487595694	1717487595701	OK	 
USER	RecordedSimulation	START	1717487596673
REQUEST		ping	1717487596672	1717487596677	OK	 
REQUEST		loadGame	1717487596705	1717487596710	OK	 
REQUEST		loadDiceCup	1717487596713	1717487596717	OK	 
REQUEST		saveField	1717487597677	1717487597685	OK	 
REQUEST		saveDiceCup	1717487597694	1717487597703	OK	 
REQUEST		saveGame	1717487598687	1717487598693	OK	 
REQUEST		loadDiceCup	1717487598710	1717487598714	OK	 
REQUEST		loadField	1717487598798	1717487598803	OK	 
USER	RecordedSimulation	END	1717487598806
USER	RecordedSimulation	START	1717487599673
REQUEST		ping	1717487599672	1717487599677	OK	 
REQUEST		saveDiceCup	1717487599694	1717487599702	OK	 
REQUEST		loadGame	1717487599706	1717487599710	OK	 
REQUEST		saveField	1717487600678	1717487600686	OK	 
REQUEST		saveGame	1717487600686	1717487600693	OK	 
REQUEST		loadField	1717487600730	1717487600735	OK	 
USER	RecordedSimulation	END	1717487600736
USER	RecordedSimulation	START	1717487601673
REQUEST		ping	1717487601672	1717487601677	OK	 
REQUEST		loadGame	1717487601706	1717487601709	OK	 
REQUEST		loadDiceCup	1717487601710	1717487601714	OK	 
REQUEST		saveField	1717487602677	1717487602685	OK	 
REQUEST		saveDiceCup	1717487602695	1717487602702	OK	 
REQUEST		loadField	1717487602720	1717487602724	OK	 
USER	RecordedSimulation	END	1717487602724
REQUEST		saveGame	1717487603687	1717487603693	OK	 
REQUEST		loadDiceCup	1717487603712	1717487603716	OK	 
USER	RecordedSimulation	START	1717487604673
REQUEST		ping	1717487604672	1717487604677	OK	 
REQUEST		saveField	1717487604678	1717487604685	OK	 
REQUEST		saveDiceCup	1717487604694	1717487604702	OK	 
REQUEST		loadGame	1717487604702	1717487604706	OK	 
REQUEST		saveGame	1717487605686	1717487605692	OK	 
REQUEST		loadDiceCup	1717487605711	1717487605714	OK	 
REQUEST		loadField	1717487605719	1717487605724	OK	 
USER	RecordedSimulation	END	1717487605724
USER	RecordedSimulation	START	1717487606673
REQUEST		ping	1717487606673	1717487606677	OK	 
REQUEST		loadGame	1717487606704	1717487606709	OK	 
REQUEST		saveField	1717487607678	1717487607686	OK	 
REQUEST		saveGame	1717487607687	1717487607692	OK	 
REQUEST		saveDiceCup	1717487607694	1717487607701	OK	 
REQUEST		loadField	1717487607722	1717487607733	OK	 
USER	RecordedSimulation	END	1717487607734
USER	RecordedSimulation	START	1717487608673
REQUEST		ping	1717487608672	1717487608677	OK	 
REQUEST		loadGame	1717487608703	1717487608708	OK	 
REQUEST		loadDiceCup	1717487608711	1717487608715	OK	 
REQUEST		saveField	1717487609678	1717487609685	OK	 
REQUEST		saveDiceCup	1717487609693	1717487609700	OK	 
REQUEST		saveGame	1717487610688	1717487610694	OK	 
REQUEST		loadDiceCup	1717487610710	1717487610715	OK	 
REQUEST		loadField	1717487610717	1717487610724	OK	 
USER	RecordedSimulation	END	1717487610725
USER	RecordedSimulation	START	1717487611672
REQUEST		ping	1717487611672	1717487611677	OK	 
REQUEST		saveDiceCup	1717487611693	1717487611703	OK	 
REQUEST		loadGame	1717487611703	1717487611709	OK	 
REQUEST		saveField	1717487612678	1717487612686	OK	 
REQUEST		saveGame	1717487612686	1717487612702	OK	 
REQUEST		loadField	1717487612717	1717487612721	OK	 
USER	RecordedSimulation	END	1717487612722
USER	RecordedSimulation	START	1717487613673
REQUEST		ping	1717487613672	1717487613677	OK	 
REQUEST		loadGame	1717487613702	1717487613706	OK	 
REQUEST		loadDiceCup	1717487613707	1717487613711	OK	 
REQUEST		saveField	1717487614679	1717487614685	OK	 
REQUEST		saveDiceCup	1717487614695	1717487614703	OK	 
REQUEST		loadField	1717487614720	1717487614724	OK	 
USER	RecordedSimulation	END	1717487614725
REQUEST		saveGame	1717487615687	1717487615693	OK	 
REQUEST		loadDiceCup	1717487615709	1717487615713	OK	 
USER	RecordedSimulation	START	1717487616672
REQUEST		ping	1717487616671	1717487616676	OK	 
REQUEST		saveField	1717487616677	1717487616684	OK	 
REQUEST		loadGame	1717487616702	1717487616707	OK	 
REQUEST		saveDiceCup	1717487616702	1717487616711	OK	 
REQUEST		saveGame	1717487617686	1717487617692	OK	 
REQUEST		loadDiceCup	1717487617709	1717487617713	OK	 
REQUEST		loadField	1717487617718	1717487617722	OK	 
USER	RecordedSimulation	END	1717487617722
USER	RecordedSimulation	START	1717487618672
REQUEST		ping	1717487618671	1717487618676	OK	 
REQUEST		loadGame	1717487618701	1717487618705	OK	 
REQUEST		saveField	1717487619677	1717487619684	OK	 
REQUEST		saveGame	1717487619684	1717487619690	OK	 
REQUEST		saveDiceCup	1717487619694	1717487619702	OK	 
REQUEST		loadField	1717487619715	1717487619719	OK	 
USER	RecordedSimulation	END	1717487619720
USER	RecordedSimulation	START	1717487620673
REQUEST		ping	1717487620673	1717487620677	OK	 
REQUEST		loadGame	1717487620704	1717487620708	OK	 
REQUEST		loadDiceCup	1717487620709	1717487620714	OK	 
REQUEST		saveField	1717487621678	1717487621693	OK	 
REQUEST		saveDiceCup	1717487621693	1717487621700	OK	 
REQUEST		saveGame	1717487622685	1717487622691	OK	 
REQUEST		loadDiceCup	1717487622707	1717487622711	OK	 
REQUEST		loadField	1717487622715	1717487622719	OK	 
USER	RecordedSimulation	END	1717487622719
USER	RecordedSimulation	START	1717487623673
REQUEST		ping	1717487623672	1717487623677	OK	 
REQUEST		saveDiceCup	1717487623691	1717487623699	OK	 
REQUEST		loadGame	1717487623704	1717487623709	OK	 
REQUEST		saveField	1717487624677	1717487624685	OK	 
REQUEST		saveGame	1717487624693	1717487624699	OK	 
REQUEST		loadField	1717487624716	1717487624721	OK	 
USER	RecordedSimulation	END	1717487624722
USER	RecordedSimulation	START	1717487625672
REQUEST		ping	1717487625671	1717487625675	OK	 
REQUEST		loadDiceCup	1717487625708	1717487625712	OK	 
REQUEST		loadGame	1717487625712	1717487625716	OK	 
REQUEST		saveField	1717487626677	1717487626684	OK	 
REQUEST		saveDiceCup	1717487626692	1717487626699	OK	 
REQUEST		loadField	1717487626715	1717487626719	OK	 
USER	RecordedSimulation	END	1717487626720
REQUEST		saveGame	1717487627686	1717487627692	OK	 
REQUEST		loadDiceCup	1717487627706	1717487627710	OK	 
USER	RecordedSimulation	START	1717487628673
REQUEST		ping	1717487628672	1717487628676	OK	 
REQUEST		saveField	1717487628677	1717487628684	OK	 
REQUEST		loadGame	1717487628703	1717487628707	OK	 
REQUEST		saveDiceCup	1717487628700	1717487628708	OK	 
REQUEST		saveGame	1717487629685	1717487629690	OK	 
REQUEST		loadDiceCup	1717487629709	1717487629713	OK	 
REQUEST		loadField	1717487629715	1717487629719	OK	 
USER	RecordedSimulation	END	1717487629720
USER	RecordedSimulation	START	1717487630672
REQUEST		ping	1717487630671	1717487630675	OK	 
REQUEST		loadGame	1717487630701	1717487630705	OK	 
REQUEST		saveField	1717487631678	1717487631685	OK	 
REQUEST		saveGame	1717487631685	1717487631691	OK	 
REQUEST		saveDiceCup	1717487631692	1717487631699	OK	 
REQUEST		loadField	1717487631716	1717487631719	OK	 
USER	RecordedSimulation	END	1717487631720
USER	RecordedSimulation	START	1717487632673
REQUEST		ping	1717487632673	1717487632677	OK	 
REQUEST		loadGame	1717487632700	1717487632704	OK	 
REQUEST		loadDiceCup	1717487632710	1717487632714	OK	 
REQUEST		saveField	1717487633676	1717487633683	OK	 
REQUEST		saveDiceCup	1717487633691	1717487633698	OK	 
REQUEST		saveGame	1717487634686	1717487634691	OK	 
REQUEST		loadField	1717487634712	1717487634715	OK	 
USER	RecordedSimulation	END	1717487634716
REQUEST		loadDiceCup	1717487634717	1717487634721	OK	 
USER	RecordedSimulation	START	1717487635673
REQUEST		ping	1717487635672	1717487635676	OK	 
REQUEST		saveDiceCup	1717487635692	1717487635698	OK	 
REQUEST		loadGame	1717487635700	1717487635703	OK	 
REQUEST		saveField	1717487636677	1717487636684	OK	 
REQUEST		saveGame	1717487636684	1717487636690	OK	 
REQUEST		loadField	1717487636714	1717487636718	OK	 
USER	RecordedSimulation	END	1717487636719
USER	RecordedSimulation	START	1717487637672
REQUEST		ping	1717487637672	1717487637676	OK	 
REQUEST		loadDiceCup	1717487637708	1717487637712	OK	 
REQUEST		loadGame	1717487637709	1717487637713	OK	 
REQUEST		saveField	1717487638676	1717487638683	OK	 
REQUEST		saveDiceCup	1717487638692	1717487638699	OK	 
REQUEST		loadField	1717487638714	1717487638717	OK	 
USER	RecordedSimulation	END	1717487638718
REQUEST		saveGame	1717487639685	1717487639690	OK	 
REQUEST		loadDiceCup	1717487639707	1717487639710	OK	 
USER	RecordedSimulation	START	1717487640673
REQUEST		ping	1717487640672	1717487640676	OK	 
REQUEST		saveField	1717487640677	1717487640683	OK	 
REQUEST		saveDiceCup	1717487640691	1717487640697	OK	 
REQUEST		loadGame	1717487640699	1717487640702	OK	 
REQUEST		saveGame	1717487641684	1717487641690	OK	 
REQUEST		loadDiceCup	1717487641705	1717487641709	OK	 
REQUEST		loadField	1717487641715	1717487641719	OK	 
USER	RecordedSimulation	END	1717487641720
USER	RecordedSimulation	START	1717487642673
REQUEST		ping	1717487642672	1717487642676	OK	 
REQUEST		loadGame	1717487642699	1717487642703	OK	 
REQUEST		saveField	1717487643677	1717487643684	OK	 
REQUEST		saveGame	1717487643684	1717487643690	OK	 
REQUEST		saveDiceCup	1717487643691	1717487643698	OK	 
REQUEST		loadField	1717487643711	1717487643716	OK	 
USER	RecordedSimulation	END	1717487643716
USER	RecordedSimulation	START	1717487644673
REQUEST		ping	1717487644673	1717487644677	OK	 
REQUEST		loadGame	1717487644700	1717487644704	OK	 
REQUEST		loadDiceCup	1717487644704	1717487644707	OK	 
REQUEST		saveField	1717487645676	1717487645683	OK	 
REQUEST		saveDiceCup	1717487645690	1717487645697	OK	 
REQUEST		saveGame	1717487646684	1717487646690	OK	 
REQUEST		loadField	1717487646713	1717487646717	OK	 
REQUEST		loadDiceCup	1717487646714	1717487646717	OK	 
USER	RecordedSimulation	END	1717487646718
USER	RecordedSimulation	START	1717487647673
REQUEST		ping	1717487647672	1717487647676	OK	 
REQUEST		saveDiceCup	1717487647691	1717487647698	OK	 
REQUEST		loadGame	1717487647699	1717487647702	OK	 
REQUEST		saveField	1717487648677	1717487648684	OK	 
REQUEST		saveGame	1717487648684	1717487648691	OK	 
REQUEST		loadField	1717487648712	1717487648716	OK	 
USER	RecordedSimulation	END	1717487648717
USER	RecordedSimulation	START	1717487649672
REQUEST		ping	1717487649671	1717487649676	OK	 
REQUEST		loadGame	1717487649698	1717487649702	OK	 
REQUEST		loadDiceCup	1717487649703	1717487649706	OK	 
REQUEST		saveField	1717487650677	1717487650684	OK	 
REQUEST		saveDiceCup	1717487650690	1717487650696	OK	 
REQUEST		loadField	1717487650713	1717487650717	OK	 
USER	RecordedSimulation	END	1717487650718
REQUEST		saveGame	1717487651686	1717487651691	OK	 
REQUEST		loadDiceCup	1717487651704	1717487651707	OK	 
USER	RecordedSimulation	START	1717487652673
REQUEST		ping	1717487652672	1717487652676	OK	 
REQUEST		saveField	1717487652678	1717487652684	OK	 
REQUEST		saveDiceCup	1717487652692	1717487652699	OK	 
REQUEST		loadGame	1717487652699	1717487652703	OK	 
REQUEST		saveGame	1717487653685	1717487653690	OK	 
REQUEST		loadDiceCup	1717487653704	1717487653708	OK	 
REQUEST		loadField	1717487653714	1717487653718	OK	 
USER	RecordedSimulation	END	1717487653718
USER	RecordedSimulation	START	1717487654673
REQUEST		ping	1717487654673	1717487654676	OK	 
REQUEST		loadGame	1717487654698	1717487654702	OK	 
REQUEST		saveField	1717487655677	1717487655684	OK	 
REQUEST		saveGame	1717487655685	1717487655690	OK	 
REQUEST		saveDiceCup	1717487655692	1717487655699	OK	 
REQUEST		loadField	1717487655721	1717487655725	OK	 
USER	RecordedSimulation	END	1717487655726
USER	RecordedSimulation	START	1717487656672
REQUEST		ping	1717487656672	1717487656676	OK	 
REQUEST		loadGame	1717487656699	1717487656703	OK	 
REQUEST		loadDiceCup	1717487656703	1717487656706	OK	 
REQUEST		saveField	1717487657677	1717487657684	OK	 
REQUEST		saveDiceCup	1717487657691	1717487657698	OK	 
REQUEST		saveGame	1717487658685	1717487658690	OK	 
REQUEST		loadDiceCup	1717487658703	1717487658706	OK	 
REQUEST		loadField	1717487658713	1717487658716	OK	 
USER	RecordedSimulation	END	1717487658717
USER	RecordedSimulation	START	1717487659673
REQUEST		ping	1717487659672	1717487659676	OK	 
REQUEST		saveDiceCup	1717487659691	1717487659697	OK	 
REQUEST		loadGame	1717487659697	1717487659700	OK	 
REQUEST		saveField	1717487660677	1717487660683	OK	 
REQUEST		saveGame	1717487660684	1717487660689	OK	 
REQUEST		loadField	1717487660711	1717487660715	OK	 
USER	RecordedSimulation	END	1717487660716
USER	RecordedSimulation	START	1717487661672
REQUEST		ping	1717487661671	1717487661675	OK	 
REQUEST		loadGame	1717487661700	1717487661704	OK	 
REQUEST		loadDiceCup	1717487661703	1717487661706	OK	 
REQUEST		saveField	1717487662677	1717487662683	OK	 
REQUEST		saveDiceCup	1717487662691	1717487662697	OK	 
REQUEST		loadField	1717487662709	1717487662713	OK	 
USER	RecordedSimulation	END	1717487662714
REQUEST		saveGame	1717487663685	1717487663690	OK	 
REQUEST		loadDiceCup	1717487663703	1717487663707	OK	 
REQUEST		saveField	1717487664677	1717487664683	OK	 
REQUEST		saveDiceCup	1717487664690	1717487664696	OK	 
REQUEST		loadGame	1717487664699	1717487664702	OK	 
REQUEST		saveGame	1717487665684	1717487665689	OK	 
REQUEST		loadDiceCup	1717487665704	1717487665708	OK	 
REQUEST		loadField	1717487665708	1717487665712	OK	 
USER	RecordedSimulation	END	1717487665713
REQUEST		loadGame	1717487666698	1717487666702	OK	 
REQUEST		saveField	1717487667677	1717487667683	OK	 
REQUEST		saveGame	1717487667683	1717487667688	OK	 
REQUEST		saveDiceCup	1717487667691	1717487667697	OK	 
REQUEST		loadField	1717487667718	1717487667722	OK	 
USER	RecordedSimulation	END	1717487667723
REQUEST		loadGame	1717487668699	1717487668703	OK	 
REQUEST		loadDiceCup	1717487668701	1717487668705	OK	 
REQUEST		saveField	1717487669676	1717487669683	OK	 
REQUEST		saveDiceCup	1717487669690	1717487669696	OK	 
REQUEST		saveGame	1717487670684	1717487670690	OK	 
REQUEST		loadDiceCup	1717487670705	1717487670709	OK	 
REQUEST		loadField	1717487670707	1717487670712	OK	 
USER	RecordedSimulation	END	1717487670713
REQUEST		saveDiceCup	1717487671688	1717487671696	OK	 
REQUEST		loadGame	1717487671698	1717487671702	OK	 
REQUEST		saveGame	1717487672683	1717487672688	OK	 
REQUEST		loadField	1717487672708	1717487672714	OK	 
USER	RecordedSimulation	END	1717487672715
REQUEST		loadGame	1717487673697	1717487673700	OK	 
REQUEST		loadDiceCup	1717487673703	1717487673706	OK	 
REQUEST		saveDiceCup	1717487674691	1717487674698	OK	 
REQUEST		loadField	1717487674708	1717487674712	OK	 
USER	RecordedSimulation	END	1717487674712
REQUEST		loadDiceCup	1717487675702	1717487675705	OK	 
REQUEST		saveDiceCup	1717487676689	1717487676695	OK	 
REQUEST		loadGame	1717487676698	1717487676701	OK	 
REQUEST		loadDiceCup	1717487677703	1717487677706	OK	 
REQUEST		loadField	1717487677707	1717487677710	OK	 
USER	RecordedSimulation	END	1717487677710
REQUEST		loadGame	1717487678696	1717487678700	OK	 
REQUEST		loadField	1717487679707	1717487679711	OK	 
USER	RecordedSimulation	END	1717487679711
REQUEST		loadGame	1717487680697	1717487680700	OK	 
REQUEST		loadDiceCup	1717487680703	1717487680706	OK	 
REQUEST		loadDiceCup	1717487682701	1717487682705	OK	 
REQUEST		loadField	1717487682707	1717487682710	OK	 
USER	RecordedSimulation	END	1717487682711
REQUEST		loadGame	1717487683698	1717487683702	OK	 
REQUEST		loadField	1717487684707	1717487684711	OK	 
USER	RecordedSimulation	END	1717487684711
REQUEST		loadGame	1717487685696	1717487685700	OK	 
REQUEST		loadDiceCup	1717487685702	1717487685705	OK	 
REQUEST		loadField	1717487686708	1717487686712	OK	 
USER	RecordedSimulation	END	1717487686712
REQUEST		loadDiceCup	1717487687700	1717487687705	OK	 
REQUEST		loadDiceCup	1717487689701	1717487689705	OK	 
REQUEST		loadField	1717487689706	1717487689710	OK	 
USER	RecordedSimulation	END	1717487689711
REQUEST		loadField	1717487691710	1717487691714	OK	 
USER	RecordedSimulation	END	1717487691714
REQUEST		loadDiceCup	1717487692703	1717487692706	OK	 
REQUEST		loadDiceCup	1717487694700	1717487694703	OK	 
REQUEST		loadField	1717487694707	1717487694710	OK	 
USER	RecordedSimulation	END	1717487694711
REQUEST		loadField	1717487696707	1717487696710	OK	 
USER	RecordedSimulation	END	1717487696711
REQUEST		loadField	1717487698708	1717487698711	OK	 
USER	RecordedSimulation	END	1717487698712
REQUEST		loadField	1717487701707	1717487701711	OK	 
USER	RecordedSimulation	END	1717487701711
REQUEST		loadField	1717487703705	1717487703709	OK	 
USER	RecordedSimulation	END	1717487703709
REQUEST		loadField	1717487706706	1717487706710	OK	 
USER	RecordedSimulation	END	1717487706710
REQUEST		loadField	1717487708705	1717487708709	OK	 
USER	RecordedSimulation	END	1717487708709
REQUEST		loadField	1717487710705	1717487710709	OK	 
USER	RecordedSimulation	END	1717487710709
REQUEST		loadField	1717487713707	1717487713711	OK	 
USER	RecordedSimulation	END	1717487713712
REQUEST		loadField	1717487715704	1717487715708	OK	 
USER	RecordedSimulation	END	1717487715708
