RUN	it.dicecup.DiceCupSpikeItSimulation	dicecupspikeitsimulation	1717528753124	 	3.11.3
USER	RecordedSimulation	START	1717528755174
REQUEST		indexOfField	1717528755164	1717528755214	OK	 
REQUEST		dice	1717528757297	1717528757303	OK	 
REQUEST		representation	1717528759332	1717528759335	OK	 
USER	RecordedSimulation	START	1717528760057
REQUEST		indexOfField	1717528760055	1717528760065	OK	 
REQUEST		putOut	1717528761339	1717528761343	OK	 
REQUEST		dice	1717528762094	1717528762099	OK	 
REQUEST		representation	1717528764122	1717528764126	OK	 
REQUEST		putIn	1717528764373	1717528764376	OK	 
USER	RecordedSimulation	START	1717528765037
USER	RecordedSimulation	START	1717528765037
USER	RecordedSimulation	START	1717528765037
USER	RecordedSimulation	START	1717528765041
USER	RecordedSimulation	START	1717528765041
USER	RecordedSimulation	START	1717528765044
USER	RecordedSimulation	START	1717528765044
USER	RecordedSimulation	START	1717528765044
REQUEST		indexOfField	1717528765035	1717528765046	OK	 
USER	RecordedSimulation	START	1717528765061
USER	RecordedSimulation	START	1717528765062
USER	RecordedSimulation	START	1717528765063
USER	RecordedSimulation	START	1717528765063
USER	RecordedSimulation	START	1717528765062
USER	RecordedSimulation	START	1717528765063
USER	RecordedSimulation	START	1717528765063
USER	RecordedSimulation	START	1717528765064
USER	RecordedSimulation	START	1717528765064
USER	RecordedSimulation	START	1717528765064
USER	RecordedSimulation	START	1717528765065
USER	RecordedSimulation	START	1717528765065
USER	RecordedSimulation	START	1717528765066
USER	RecordedSimulation	START	1717528765066
USER	RecordedSimulation	START	1717528765066
USER	RecordedSimulation	START	1717528765067
USER	RecordedSimulation	START	1717528765067
USER	RecordedSimulation	START	1717528765067
USER	RecordedSimulation	START	1717528765068
USER	RecordedSimulation	START	1717528765068
USER	RecordedSimulation	START	1717528765070
USER	RecordedSimulation	START	1717528765070
USER	RecordedSimulation	START	1717528765072
USER	RecordedSimulation	START	1717528765073
USER	RecordedSimulation	START	1717528765073
USER	RecordedSimulation	START	1717528765074
USER	RecordedSimulation	START	1717528765074
USER	RecordedSimulation	START	1717528765075
USER	RecordedSimulation	START	1717528765061
USER	RecordedSimulation	START	1717528765076
USER	RecordedSimulation	START	1717528765077
USER	RecordedSimulation	START	1717528765079
USER	RecordedSimulation	START	1717528765080
USER	RecordedSimulation	START	1717528765080
USER	RecordedSimulation	START	1717528765082
REQUEST		indexOfField	1717528765039	1717528765082	OK	 
REQUEST		indexOfField	1717528765035	1717528765089	OK	 
REQUEST		indexOfField	1717528765061	1717528765092	OK	 
REQUEST		indexOfField	1717528765059	1717528765094	OK	 
REQUEST		indexOfField	1717528765066	1717528765095	OK	 
REQUEST		indexOfField	1717528765060	1717528765095	OK	 
REQUEST		indexOfField	1717528765073	1717528765096	OK	 
REQUEST		indexOfField	1717528765065	1717528765097	OK	 
REQUEST		indexOfField	1717528765068	1717528765100	OK	 
USER	RecordedSimulation	START	1717528765229
USER	RecordedSimulation	START	1717528765229
USER	RecordedSimulation	START	1717528765229
USER	RecordedSimulation	START	1717528765230
USER	RecordedSimulation	START	1717528765230
USER	RecordedSimulation	START	1717528765230
USER	RecordedSimulation	START	1717528765230
USER	RecordedSimulation	START	1717528765230
USER	RecordedSimulation	START	1717528765231
USER	RecordedSimulation	START	1717528765231
USER	RecordedSimulation	START	1717528765231
USER	RecordedSimulation	START	1717528765231
USER	RecordedSimulation	START	1717528765232
USER	RecordedSimulation	START	1717528765232
USER	RecordedSimulation	START	1717528765232
USER	RecordedSimulation	START	1717528765232
USER	RecordedSimulation	START	1717528765233
USER	RecordedSimulation	START	1717528765233
USER	RecordedSimulation	START	1717528765233
USER	RecordedSimulation	START	1717528765233
USER	RecordedSimulation	START	1717528765233
USER	RecordedSimulation	START	1717528765232
USER	RecordedSimulation	START	1717528765234
USER	RecordedSimulation	START	1717528765235
USER	RecordedSimulation	START	1717528765235
USER	RecordedSimulation	START	1717528765235
REQUEST		indexOfField	1717528765039	1717528765235	OK	 
USER	RecordedSimulation	START	1717528765235
USER	RecordedSimulation	START	1717528765248
USER	RecordedSimulation	START	1717528765248
USER	RecordedSimulation	START	1717528765248
USER	RecordedSimulation	START	1717528765249
USER	RecordedSimulation	START	1717528765250
USER	RecordedSimulation	START	1717528765251
REQUEST		indexOfField	1717528765035	1717528765251	OK	 
USER	RecordedSimulation	START	1717528765254
USER	RecordedSimulation	START	1717528765254
REQUEST		indexOfField	1717528765038	1717528765256	OK	 
USER	RecordedSimulation	START	1717528765257
USER	RecordedSimulation	START	1717528765268
USER	RecordedSimulation	START	1717528765267
USER	RecordedSimulation	START	1717528765268
USER	RecordedSimulation	START	1717528765273
USER	RecordedSimulation	START	1717528765277
REQUEST		indexOfField	1717528765066	1717528765276	OK	 
REQUEST		indexOfField	1717528765060	1717528765277	OK	 
REQUEST		indexOfField	1717528765050	1717528765279	OK	 
REQUEST		indexOfField	1717528765061	1717528765279	OK	 
REQUEST		indexOfField	1717528765060	1717528765280	OK	 
USER	RecordedSimulation	START	1717528765281
USER	RecordedSimulation	START	1717528765283
USER	RecordedSimulation	START	1717528765282
USER	RecordedSimulation	START	1717528765283
REQUEST		indexOfField	1717528765079	1717528765283	OK	 
USER	RecordedSimulation	START	1717528765285
USER	RecordedSimulation	START	1717528765285
USER	RecordedSimulation	START	1717528765285
REQUEST		indexOfField	1717528765062	1717528765285	OK	 
USER	RecordedSimulation	START	1717528765286
REQUEST		indexOfField	1717528765038	1717528765285	OK	 
USER	RecordedSimulation	START	1717528765287
USER	RecordedSimulation	START	1717528765290
REQUEST		indexOfField	1717528765076	1717528765289	OK	 
USER	RecordedSimulation	START	1717528765292
USER	RecordedSimulation	START	1717528765292
USER	RecordedSimulation	START	1717528765293
USER	RecordedSimulation	START	1717528765268
REQUEST		indexOfField	1717528765081	1717528765291	OK	 
USER	RecordedSimulation	START	1717528765295
USER	RecordedSimulation	START	1717528765295
REQUEST		indexOfField	1717528765039	1717528765298	OK	 
REQUEST		indexOfField	1717528765232	1717528765298	OK	 
REQUEST		indexOfField	1717528765234	1717528765306	OK	 
REQUEST		indexOfField	1717528765064	1717528765311	OK	 
USER	RecordedSimulation	START	1717528765315
REQUEST		indexOfField	1717528765060	1717528765315	OK	 
REQUEST		indexOfField	1717528765079	1717528765315	OK	 
REQUEST		indexOfField	1717528765078	1717528765316	OK	 
REQUEST		indexOfField	1717528765081	1717528765319	OK	 
REQUEST		indexOfField	1717528765231	1717528765319	OK	 
REQUEST		indexOfField	1717528765065	1717528765322	OK	 
REQUEST		indexOfField	1717528765064	1717528765323	OK	 
REQUEST		indexOfField	1717528765062	1717528765323	OK	 
REQUEST		indexOfField	1717528765065	1717528765325	OK	 
REQUEST		indexOfField	1717528765064	1717528765298	OK	 
REQUEST		indexOfField	1717528765064	1717528765327	OK	 
REQUEST		indexOfField	1717528765081	1717528765327	OK	 
REQUEST		indexOfField	1717528765082	1717528765329	OK	 
REQUEST		indexOfField	1717528765231	1717528765329	OK	 
REQUEST		indexOfField	1717528765082	1717528765330	OK	 
REQUEST		indexOfField	1717528765234	1717528765331	OK	 
REQUEST		indexOfField	1717528765079	1717528765331	OK	 
REQUEST		indexOfField	1717528765075	1717528765331	OK	 
REQUEST		indexOfField	1717528765252	1717528765336	OK	 
REQUEST		indexOfField	1717528765065	1717528765338	OK	 
REQUEST		indexOfField	1717528765074	1717528765341	OK	 
REQUEST		indexOfField	1717528765067	1717528765344	OK	 
REQUEST		indexOfField	1717528765253	1717528765345	OK	 
REQUEST		indexOfField	1717528765060	1717528765346	OK	 
REQUEST		indexOfField	1717528765072	1717528765350	OK	 
REQUEST		indexOfField	1717528765236	1717528765352	OK	 
REQUEST		indexOfField	1717528765064	1717528765353	OK	 
REQUEST		indexOfField	1717528765082	1717528765355	OK	 
REQUEST		indexOfField	1717528765069	1717528765357	OK	 
REQUEST		indexOfField	1717528765070	1717528765360	OK	 
REQUEST		indexOfField	1717528765064	1717528765362	OK	 
REQUEST		indexOfField	1717528765080	1717528765362	OK	 
REQUEST		indexOfField	1717528765081	1717528765366	OK	 
REQUEST		indexOfField	1717528765265	1717528765370	OK	 
REQUEST		indexOfField	1717528765076	1717528765370	OK	 
REQUEST		indexOfField	1717528765249	1717528765374	OK	 
REQUEST		indexOfField	1717528765066	1717528765374	OK	 
REQUEST		indexOfField	1717528765079	1717528765379	OK	 
REQUEST		indexOfField	1717528765081	1717528765379	OK	 
REQUEST		indexOfField	1717528765251	1717528765383	OK	 
REQUEST		indexOfField	1717528765253	1717528765385	OK	 
REQUEST		indexOfField	1717528765066	1717528765388	OK	 
REQUEST		indexOfField	1717528765274	1717528765388	OK	 
REQUEST		indexOfField	1717528765279	1717528765389	OK	 
REQUEST		indexOfField	1717528765069	1717528765391	OK	 
REQUEST		indexOfField	1717528765073	1717528765394	OK	 
REQUEST		indexOfField	1717528765282	1717528765396	OK	 
REQUEST		indexOfField	1717528765231	1717528765398	OK	 
REQUEST		indexOfField	1717528765074	1717528765399	OK	 
REQUEST		indexOfField	1717528765268	1717528765403	OK	 
REQUEST		indexOfField	1717528765065	1717528765405	OK	 
REQUEST		indexOfField	1717528765078	1717528765409	OK	 
REQUEST		indexOfField	1717528765081	1717528765409	OK	 
REQUEST		indexOfField	1717528765265	1717528765413	OK	 
REQUEST		indexOfField	1717528765288	1717528765413	OK	 
REQUEST		indexOfField	1717528765268	1717528765416	OK	 
REQUEST		indexOfField	1717528765065	1717528765416	OK	 
REQUEST		indexOfField	1717528765290	1717528765416	OK	 
REQUEST		indexOfField	1717528765075	1717528765421	OK	 
REQUEST		indexOfField	1717528765067	1717528765425	OK	 
REQUEST		indexOfField	1717528765251	1717528765425	OK	 
REQUEST		indexOfField	1717528765089	1717528765429	OK	 
REQUEST		indexOfField	1717528765285	1717528765429	OK	 
REQUEST		indexOfField	1717528765235	1717528765432	OK	 
REQUEST		indexOfField	1717528765060	1717528765437	OK	 
REQUEST		indexOfField	1717528765063	1717528765441	OK	 
REQUEST		indexOfField	1717528765079	1717528765441	OK	 
REQUEST		indexOfField	1717528765269	1717528765445	OK	 
REQUEST		indexOfField	1717528765078	1717528765447	OK	 
REQUEST		indexOfField	1717528765080	1717528765448	OK	 
REQUEST		indexOfField	1717528765294	1717528765449	OK	 
REQUEST		indexOfField	1717528765256	1717528765451	OK	 
REQUEST		indexOfField	1717528765265	1717528765451	OK	 
REQUEST		indexOfField	1717528765312	1717528765454	OK	 
REQUEST		putOut	1717528766155	1717528766159	OK	 
REQUEST		nextRound	1717528766406	1717528766409	OK	 
REQUEST		dice	1717528767072	1717528767075	OK	 
REQUEST		dice	1717528767105	1717528767109	OK	 
REQUEST		dice	1717528767106	1717528767111	OK	 
REQUEST		dice	1717528767108	1717528767113	OK	 
REQUEST		dice	1717528767108	1717528767113	OK	 
REQUEST		dice	1717528767110	1717528767115	OK	 
REQUEST		dice	1717528767111	1717528767117	OK	 
REQUEST		dice	1717528767115	1717528767122	OK	 
REQUEST		dice	1717528767117	1717528767124	OK	 
REQUEST		dice	1717528767119	1717528767127	OK	 
REQUEST		dice	1717528767255	1717528767259	OK	 
REQUEST		dice	1717528767258	1717528767262	OK	 
REQUEST		dice	1717528767285	1717528767288	OK	 
REQUEST		dice	1717528767285	1717528767288	OK	 
REQUEST		dice	1717528767290	1717528767292	OK	 
REQUEST		dice	1717528767307	1717528767313	OK	 
REQUEST		dice	1717528767309	1717528767317	OK	 
REQUEST		dice	1717528767308	1717528767317	OK	 
REQUEST		dice	1717528767314	1717528767318	OK	 
REQUEST		dice	1717528767315	1717528767318	OK	 
REQUEST		dice	1717528767317	1717528767321	OK	 
REQUEST		dice	1717528767312	1717528767321	OK	 
REQUEST		dice	1717528767318	1717528767322	OK	 
REQUEST		dice	1717528767314	1717528767323	OK	 
REQUEST		dice	1717528767315	1717528767323	OK	 
REQUEST		dice	1717528767318	1717528767325	OK	 
REQUEST		dice	1717528767321	1717528767327	OK	 
REQUEST		dice	1717528767323	1717528767327	OK	 
REQUEST		dice	1717528767325	1717528767329	OK	 
REQUEST		dice	1717528767325	1717528767329	OK	 
REQUEST		dice	1717528767327	1717528767331	OK	 
REQUEST		dice	1717528767338	1717528767341	OK	 
REQUEST		dice	1717528767338	1717528767343	OK	 
REQUEST		dice	1717528767339	1717528767344	OK	 
REQUEST		dice	1717528767339	1717528767344	OK	 
REQUEST		dice	1717528767342	1717528767345	OK	 
REQUEST		dice	1717528767341	1717528767345	OK	 
REQUEST		dice	1717528767345	1717528767348	OK	 
REQUEST		dice	1717528767345	1717528767349	OK	 
REQUEST		dice	1717528767345	1717528767351	OK	 
REQUEST		dice	1717528767348	1717528767352	OK	 
REQUEST		dice	1717528767348	1717528767352	OK	 
REQUEST		dice	1717528767348	1717528767353	OK	 
REQUEST		dice	1717528767349	1717528767355	OK	 
REQUEST		dice	1717528767352	1717528767355	OK	 
REQUEST		dice	1717528767349	1717528767355	OK	 
REQUEST		dice	1717528767352	1717528767356	OK	 
REQUEST		dice	1717528767351	1717528767357	OK	 
REQUEST		dice	1717528767351	1717528767357	OK	 
REQUEST		dice	1717528767358	1717528767361	OK	 
REQUEST		dice	1717528767358	1717528767362	OK	 
REQUEST		dice	1717528767358	1717528767362	OK	 
REQUEST		dice	1717528767361	1717528767364	OK	 
REQUEST		dice	1717528767361	1717528767366	OK	 
REQUEST		dice	1717528767363	1717528767366	OK	 
REQUEST		dice	1717528767364	1717528767368	OK	 
REQUEST		dice	1717528767364	1717528767368	OK	 
REQUEST		dice	1717528767378	1717528767380	OK	 
REQUEST		dice	1717528767381	1717528767383	OK	 
REQUEST		dice	1717528767388	1717528767393	OK	 
REQUEST		dice	1717528767388	1717528767393	OK	 
REQUEST		dice	1717528767389	1717528767395	OK	 
REQUEST		dice	1717528767389	1717528767395	OK	 
REQUEST		dice	1717528767391	1717528767397	OK	 
REQUEST		dice	1717528767391	1717528767397	OK	 
REQUEST		dice	1717528767408	1717528767410	OK	 
REQUEST		dice	1717528767408	1717528767412	OK	 
REQUEST		dice	1717528767407	1717528767412	OK	 
REQUEST		dice	1717528767408	1717528767412	OK	 
REQUEST		dice	1717528767409	1717528767414	OK	 
REQUEST		dice	1717528767409	1717528767414	OK	 
REQUEST		dice	1717528767409	1717528767414	OK	 
REQUEST		dice	1717528767411	1717528767415	OK	 
REQUEST		dice	1717528767411	1717528767415	OK	 
REQUEST		dice	1717528767411	1717528767415	OK	 
REQUEST		dice	1717528767414	1717528767416	OK	 
REQUEST		dice	1717528767415	1717528767418	OK	 
REQUEST		dice	1717528767417	1717528767420	OK	 
REQUEST		dice	1717528767419	1717528767423	OK	 
REQUEST		dice	1717528767422	1717528767425	OK	 
REQUEST		dice	1717528767435	1717528767440	OK	 
REQUEST		dice	1717528767438	1717528767442	OK	 
REQUEST		dice	1717528767436	1717528767443	OK	 
REQUEST		dice	1717528767438	1717528767444	OK	 
REQUEST		dice	1717528767440	1717528767445	OK	 
REQUEST		dice	1717528767438	1717528767445	OK	 
REQUEST		dice	1717528767438	1717528767445	OK	 
REQUEST		dice	1717528767440	1717528767448	OK	 
REQUEST		dice	1717528767442	1717528767448	OK	 
REQUEST		dice	1717528767442	1717528767449	OK	 
REQUEST		dice	1717528767444	1717528767451	OK	 
REQUEST		dice	1717528767467	1717528767473	OK	 
REQUEST		dice	1717528767467	1717528767474	OK	 
REQUEST		dice	1717528767466	1717528767473	OK	 
REQUEST		dice	1717528767469	1717528767475	OK	 
REQUEST		dice	1717528767469	1717528767475	OK	 
REQUEST		dice	1717528767467	1717528767475	OK	 
REQUEST		dice	1717528767471	1717528767477	OK	 
REQUEST		dice	1717528767469	1717528767477	OK	 
REQUEST		dice	1717528767471	1717528767477	OK	 
REQUEST		dice	1717528767471	1717528767478	OK	 
REQUEST		inCup	1717528768438	1717528768440	OK	 
REQUEST		representation	1717528769105	1717528769107	OK	 
REQUEST		representation	1717528769118	1717528769120	OK	 
REQUEST		representation	1717528769119	1717528769123	OK	 
REQUEST		representation	1717528769121	1717528769125	OK	 
REQUEST		representation	1717528769121	1717528769126	OK	 
REQUEST		representation	1717528769123	1717528769127	OK	 
REQUEST		representation	1717528769125	1717528769128	OK	 
REQUEST		representation	1717528769152	1717528769155	OK	 
REQUEST		representation	1717528769153	1717528769157	OK	 
REQUEST		representation	1717528769154	1717528769158	OK	 
REQUEST		putIn	1717528769167	1717528769169	OK	 
REQUEST		representation	1717528769268	1717528769270	OK	 
REQUEST		representation	1717528769290	1717528769293	OK	 
REQUEST		representation	1717528769308	1717528769310	OK	 
REQUEST		representation	1717528769309	1717528769311	OK	 
REQUEST		representation	1717528769316	1717528769318	OK	 
REQUEST		representation	1717528769328	1717528769330	OK	 
REQUEST		representation	1717528769328	1717528769330	OK	 
REQUEST		representation	1717528769328	1717528769330	OK	 
REQUEST		representation	1717528769329	1717528769332	OK	 
REQUEST		representation	1717528769331	1717528769333	OK	 
REQUEST		representation	1717528769331	1717528769333	OK	 
REQUEST		representation	1717528769335	1717528769337	OK	 
REQUEST		representation	1717528769342	1717528769344	OK	 
REQUEST		representation	1717528769342	1717528769345	OK	 
REQUEST		representation	1717528769342	1717528769346	OK	 
REQUEST		representation	1717528769344	1717528769346	OK	 
REQUEST		representation	1717528769344	1717528769348	OK	 
REQUEST		representation	1717528769345	1717528769349	OK	 
REQUEST		representation	1717528769352	1717528769354	OK	 
REQUEST		representation	1717528769352	1717528769356	OK	 
REQUEST		representation	1717528769352	1717528769356	OK	 
REQUEST		representation	1717528769353	1717528769358	OK	 
REQUEST		representation	1717528769353	1717528769358	OK	 
REQUEST		representation	1717528769354	1717528769360	OK	 
REQUEST		representation	1717528769354	1717528769360	OK	 
REQUEST		representation	1717528769358	1717528769363	OK	 
REQUEST		representation	1717528769358	1717528769363	OK	 
REQUEST		representation	1717528769360	1717528769365	OK	 
REQUEST		representation	1717528769360	1717528769365	OK	 
REQUEST		representation	1717528769361	1717528769367	OK	 
REQUEST		representation	1717528769361	1717528769367	OK	 
REQUEST		representation	1717528769368	1717528769374	OK	 
REQUEST		representation	1717528769370	1717528769376	OK	 
REQUEST		representation	1717528769372	1717528769379	OK	 
REQUEST		representation	1717528769377	1717528769379	OK	 
REQUEST		representation	1717528769377	1717528769380	OK	 
REQUEST		representation	1717528769378	1717528769382	OK	 
REQUEST		representation	1717528769377	1717528769382	OK	 
REQUEST		representation	1717528769379	1717528769383	OK	 
REQUEST		representation	1717528769380	1717528769384	OK	 
REQUEST		representation	1717528769382	1717528769385	OK	 
REQUEST		representation	1717528769384	1717528769387	OK	 
REQUEST		representation	1717528769389	1717528769393	OK	 
REQUEST		representation	1717528769391	1717528769394	OK	 
REQUEST		representation	1717528769389	1717528769394	OK	 
REQUEST		representation	1717528769391	1717528769396	OK	 
REQUEST		representation	1717528769393	1717528769397	OK	 
REQUEST		representation	1717528769398	1717528769401	OK	 
REQUEST		representation	1717528769399	1717528769403	OK	 
REQUEST		representation	1717528769408	1717528769412	OK	 
REQUEST		representation	1717528769410	1717528769413	OK	 
REQUEST		representation	1717528769411	1717528769414	OK	 
REQUEST		representation	1717528769418	1717528769420	OK	 
REQUEST		representation	1717528769418	1717528769422	OK	 
REQUEST		representation	1717528769420	1717528769424	OK	 
REQUEST		representation	1717528769421	1717528769426	OK	 
REQUEST		representation	1717528769425	1717528769428	OK	 
REQUEST		representation	1717528769427	1717528769429	OK	 
REQUEST		representation	1717528769428	1717528769432	OK	 
REQUEST		representation	1717528769429	1717528769434	OK	 
REQUEST		representation	1717528769431	1717528769436	OK	 
REQUEST		representation	1717528769438	1717528769442	OK	 
REQUEST		representation	1717528769438	1717528769442	OK	 
REQUEST		representation	1717528769439	1717528769444	OK	 
REQUEST		representation	1717528769439	1717528769444	OK	 
REQUEST		representation	1717528769441	1717528769446	OK	 
REQUEST		representation	1717528769441	1717528769446	OK	 
REQUEST		representation	1717528769447	1717528769450	OK	 
REQUEST		representation	1717528769447	1717528769450	OK	 
REQUEST		representation	1717528769448	1717528769451	OK	 
REQUEST		representation	1717528769449	1717528769452	OK	 
REQUEST		representation	1717528769449	1717528769452	OK	 
REQUEST		representation	1717528769451	1717528769453	OK	 
REQUEST		representation	1717528769450	1717528769453	OK	 
REQUEST		representation	1717528769451	1717528769453	OK	 
REQUEST		representation	1717528769452	1717528769456	OK	 
REQUEST		representation	1717528769454	1717528769457	OK	 
REQUEST		representation	1717528769458	1717528769461	OK	 
REQUEST		representation	1717528769458	1717528769462	OK	 
REQUEST		representation	1717528769459	1717528769463	OK	 
REQUEST		representation	1717528769461	1717528769464	OK	 
REQUEST		representation	1717528769477	1717528769480	OK	 
REQUEST		representation	1717528769478	1717528769480	OK	 
REQUEST		representation	1717528769479	1717528769483	OK	 
REQUEST		representation	1717528769479	1717528769483	OK	 
REQUEST		representation	1717528769482	1717528769484	OK	 
REQUEST		representation	1717528769482	1717528769484	OK	 
REQUEST		representation	1717528769488	1717528769492	OK	 
REQUEST		representation	1717528769488	1717528769493	OK	 
REQUEST		representation	1717528769490	1717528769494	OK	 
REQUEST		representation	1717528769491	1717528769495	OK	 
USER	RecordedSimulation	START	1717528770055
REQUEST		indexOfField	1717528770054	1717528770065	OK	 
REQUEST		locked	1717528770469	1717528770471	OK	 
REQUEST		putOut	1717528771136	1717528771138	OK	 
REQUEST		putOut	1717528771138	1717528771140	OK	 
REQUEST		putOut	1717528771139	1717528771141	OK	 
REQUEST		putOut	1717528771139	1717528771142	OK	 
REQUEST		putOut	1717528771155	1717528771158	OK	 
REQUEST		putOut	1717528771156	1717528771159	OK	 
REQUEST		putOut	1717528771157	1717528771160	OK	 
REQUEST		putOut	1717528771164	1717528771167	OK	 
REQUEST		putOut	1717528771165	1717528771167	OK	 
REQUEST		putOut	1717528771166	1717528771168	OK	 
REQUEST		nextRound	1717528771173	1717528771175	OK	 
REQUEST		putOut	1717528771298	1717528771300	OK	 
REQUEST		putOut	1717528771315	1717528771317	OK	 
REQUEST		putOut	1717528771316	1717528771317	OK	 
REQUEST		putOut	1717528771321	1717528771322	OK	 
REQUEST		putOut	1717528771341	1717528771344	OK	 
REQUEST		putOut	1717528771341	1717528771346	OK	 
REQUEST		putOut	1717528771342	1717528771347	OK	 
REQUEST		putOut	1717528771344	1717528771348	OK	 
REQUEST		putOut	1717528771346	1717528771348	OK	 
REQUEST		putOut	1717528771357	1717528771359	OK	 
REQUEST		putOut	1717528771357	1717528771359	OK	 
REQUEST		putOut	1717528771358	1717528771361	OK	 
REQUEST		putOut	1717528771357	1717528771361	OK	 
REQUEST		putOut	1717528771358	1717528771362	OK	 
REQUEST		putOut	1717528771359	1717528771364	OK	 
REQUEST		putOut	1717528771361	1717528771364	OK	 
REQUEST		putOut	1717528771362	1717528771365	OK	 
REQUEST		putOut	1717528771373	1717528771374	OK	 
REQUEST		putOut	1717528771374	1717528771378	OK	 
REQUEST		putOut	1717528771375	1717528771379	OK	 
REQUEST		putOut	1717528771377	1717528771381	OK	 
REQUEST		putOut	1717528771378	1717528771382	OK	 
REQUEST		putOut	1717528771379	1717528771383	OK	 
REQUEST		putOut	1717528771382	1717528771384	OK	 
REQUEST		putOut	1717528771381	1717528771384	OK	 
REQUEST		putOut	1717528771382	1717528771385	OK	 
REQUEST		putOut	1717528771383	1717528771386	OK	 
REQUEST		putOut	1717528771384	1717528771386	OK	 
REQUEST		putOut	1717528771391	1717528771394	OK	 
REQUEST		putOut	1717528771392	1717528771396	OK	 
REQUEST		putOut	1717528771393	1717528771396	OK	 
REQUEST		putOut	1717528771397	1717528771399	OK	 
REQUEST		putOut	1717528771402	1717528771405	OK	 
REQUEST		putOut	1717528771403	1717528771406	OK	 
REQUEST		putOut	1717528771404	1717528771406	OK	 
REQUEST		putOut	1717528771404	1717528771408	OK	 
REQUEST		putOut	1717528771405	1717528771408	OK	 
REQUEST		putOut	1717528771408	1717528771410	OK	 
REQUEST		putOut	1717528771408	1717528771411	OK	 
REQUEST		putOut	1717528771408	1717528771413	OK	 
REQUEST		putOut	1717528771409	1717528771412	OK	 
REQUEST		putOut	1717528771409	1717528771413	OK	 
REQUEST		putOut	1717528771409	1717528771413	OK	 
REQUEST		putOut	1717528771410	1717528771413	OK	 
REQUEST		putOut	1717528771409	1717528771413	OK	 
REQUEST		putOut	1717528771409	1717528771414	OK	 
REQUEST		putOut	1717528771410	1717528771415	OK	 
REQUEST		putOut	1717528771411	1717528771416	OK	 
REQUEST		putOut	1717528771413	1717528771417	OK	 
REQUEST		putOut	1717528771438	1717528771440	OK	 
REQUEST		putOut	1717528771438	1717528771443	OK	 
REQUEST		putOut	1717528771439	1717528771445	OK	 
REQUEST		putOut	1717528771441	1717528771447	OK	 
REQUEST		putOut	1717528771447	1717528771453	OK	 
REQUEST		putOut	1717528771449	1717528771456	OK	 
REQUEST		putOut	1717528771451	1717528771458	OK	 
REQUEST		putOut	1717528771451	1717528771459	OK	 
REQUEST		putOut	1717528771456	1717528771461	OK	 
REQUEST		putOut	1717528771453	1717528771462	OK	 
REQUEST		putOut	1717528771456	1717528771464	OK	 
REQUEST		putOut	1717528771456	1717528771464	OK	 
REQUEST		putOut	1717528771457	1717528771464	OK	 
REQUEST		putOut	1717528771457	1717528771466	OK	 
REQUEST		putOut	1717528771460	1717528771468	OK	 
REQUEST		putOut	1717528771468	1717528771474	OK	 
REQUEST		putOut	1717528771468	1717528771477	OK	 
REQUEST		putOut	1717528771471	1717528771480	OK	 
REQUEST		putOut	1717528771468	1717528771480	OK	 
REQUEST		putOut	1717528771475	1717528771482	OK	 
REQUEST		putOut	1717528771471	1717528771482	OK	 
REQUEST		putOut	1717528771478	1717528771483	OK	 
REQUEST		putOut	1717528771478	1717528771484	OK	 
REQUEST		putOut	1717528771473	1717528771483	OK	 
REQUEST		putOut	1717528771478	1717528771484	OK	 
REQUEST		putOut	1717528771480	1717528771485	OK	 
REQUEST		putOut	1717528771480	1717528771485	OK	 
REQUEST		putOut	1717528771480	1717528771486	OK	 
REQUEST		putOut	1717528771476	1717528771486	OK	 
REQUEST		putOut	1717528771482	1717528771486	OK	 
REQUEST		putOut	1717528771483	1717528771487	OK	 
REQUEST		putOut	1717528771482	1717528771487	OK	 
REQUEST		putOut	1717528771498	1717528771503	OK	 
REQUEST		putOut	1717528771498	1717528771503	OK	 
REQUEST		putOut	1717528771498	1717528771505	OK	 
REQUEST		putOut	1717528771499	1717528771504	OK	 
REQUEST		putOut	1717528771499	1717528771504	OK	 
REQUEST		putOut	1717528771499	1717528771506	OK	 
REQUEST		putOut	1717528771501	1717528771506	OK	 
REQUEST		putOut	1717528771501	1717528771506	OK	 
REQUEST		putOut	1717528771501	1717528771507	OK	 
REQUEST		putOut	1717528771503	1717528771509	OK	 
REQUEST		dice	1717528772093	1717528772095	OK	 
REQUEST		remainingDices	1717528772500	1717528772501	OK	 
REQUEST		inCup	1717528773195	1717528773198	OK	 
REQUEST		representation	1717528774113	1717528774115	OK	 
REQUEST		putIn	1717528774148	1717528774150	OK	 
REQUEST		putIn	1717528774168	1717528774170	OK	 
REQUEST		putIn	1717528774168	1717528774171	OK	 
REQUEST		putIn	1717528774168	1717528774171	OK	 
REQUEST		putIn	1717528774169	1717528774172	OK	 
REQUEST		putIn	1717528774169	1717528774172	OK	 
REQUEST		putIn	1717528774170	1717528774172	OK	 
REQUEST		putIn	1717528774177	1717528774179	OK	 
REQUEST		putIn	1717528774178	1717528774180	OK	 
REQUEST		putIn	1717528774179	1717528774181	OK	 
REQUEST		putIn	1717528774328	1717528774329	OK	 
REQUEST		putIn	1717528774344	1717528774346	OK	 
REQUEST		putIn	1717528774345	1717528774347	OK	 
REQUEST		putIn	1717528774350	1717528774352	OK	 
REQUEST		putIn	1717528774350	1717528774352	OK	 
REQUEST		putIn	1717528774356	1717528774359	OK	 
REQUEST		putIn	1717528774358	1717528774360	OK	 
REQUEST		putIn	1717528774357	1717528774360	OK	 
REQUEST		putIn	1717528774358	1717528774361	OK	 
REQUEST		putIn	1717528774377	1717528774379	OK	 
REQUEST		putIn	1717528774377	1717528774380	OK	 
REQUEST		putIn	1717528774378	1717528774381	OK	 
REQUEST		putIn	1717528774379	1717528774382	OK	 
REQUEST		putIn	1717528774387	1717528774389	OK	 
REQUEST		putIn	1717528774388	1717528774390	OK	 
REQUEST		putIn	1717528774387	1717528774390	OK	 
REQUEST		putIn	1717528774387	1717528774390	OK	 
REQUEST		putIn	1717528774388	1717528774391	OK	 
REQUEST		putIn	1717528774388	1717528774391	OK	 
REQUEST		putIn	1717528774389	1717528774392	OK	 
REQUEST		putIn	1717528774389	1717528774392	OK	 
REQUEST		putIn	1717528774406	1717528774409	OK	 
REQUEST		putIn	1717528774407	1717528774410	OK	 
REQUEST		putIn	1717528774407	1717528774410	OK	 
REQUEST		putIn	1717528774407	1717528774411	OK	 
REQUEST		putIn	1717528774408	1717528774411	OK	 
REQUEST		putIn	1717528774407	1717528774411	OK	 
REQUEST		putIn	1717528774408	1717528774412	OK	 
REQUEST		putIn	1717528774408	1717528774412	OK	 
REQUEST		putIn	1717528774408	1717528774412	OK	 
REQUEST		putIn	1717528774410	1717528774414	OK	 
REQUEST		putIn	1717528774410	1717528774414	OK	 
REQUEST		putIn	1717528774411	1717528774414	OK	 
REQUEST		putIn	1717528774411	1717528774415	OK	 
REQUEST		putIn	1717528774412	1717528774416	OK	 
REQUEST		putIn	1717528774414	1717528774417	OK	 
REQUEST		putIn	1717528774417	1717528774419	OK	 
REQUEST		putIn	1717528774417	1717528774419	OK	 
REQUEST		putIn	1717528774417	1717528774419	OK	 
REQUEST		putIn	1717528774418	1717528774420	OK	 
REQUEST		putIn	1717528774417	1717528774420	OK	 
REQUEST		putIn	1717528774418	1717528774421	OK	 
REQUEST		putIn	1717528774418	1717528774421	OK	 
REQUEST		putIn	1717528774419	1717528774422	OK	 
REQUEST		putIn	1717528774420	1717528774422	OK	 
REQUEST		putIn	1717528774427	1717528774429	OK	 
REQUEST		putIn	1717528774428	1717528774430	OK	 
REQUEST		putIn	1717528774437	1717528774439	OK	 
REQUEST		putIn	1717528774438	1717528774440	OK	 
REQUEST		putIn	1717528774447	1717528774450	OK	 
REQUEST		putIn	1717528774467	1717528774470	OK	 
REQUEST		putIn	1717528774468	1717528774471	OK	 
REQUEST		putIn	1717528774469	1717528774472	OK	 
REQUEST		putIn	1717528774477	1717528774479	OK	 
REQUEST		putIn	1717528774477	1717528774480	OK	 
REQUEST		putIn	1717528774478	1717528774481	OK	 
REQUEST		putIn	1717528774478	1717528774481	OK	 
REQUEST		putIn	1717528774479	1717528774482	OK	 
REQUEST		putIn	1717528774478	1717528774482	OK	 
REQUEST		putIn	1717528774480	1717528774483	OK	 
REQUEST		putIn	1717528774481	1717528774485	OK	 
REQUEST		putIn	1717528774482	1717528774486	OK	 
REQUEST		putIn	1717528774484	1717528774487	OK	 
REQUEST		putIn	1717528774490	1717528774493	OK	 
REQUEST		putIn	1717528774490	1717528774494	OK	 
REQUEST		putIn	1717528774492	1717528774494	OK	 
REQUEST		putIn	1717528774492	1717528774495	OK	 
REQUEST		putIn	1717528774493	1717528774496	OK	 
REQUEST		putIn	1717528774496	1717528774500	OK	 
REQUEST		putIn	1717528774497	1717528774501	OK	 
REQUEST		putIn	1717528774497	1717528774502	OK	 
REQUEST		putIn	1717528774498	1717528774503	OK	 
REQUEST		putIn	1717528774497	1717528774503	OK	 
REQUEST		putIn	1717528774498	1717528774503	OK	 
REQUEST		putIn	1717528774498	1717528774504	OK	 
REQUEST		putIn	1717528774500	1717528774504	OK	 
REQUEST		putIn	1717528774500	1717528774505	OK	 
REQUEST		putIn	1717528774501	1717528774506	OK	 
REQUEST		result	1717528774508	1717528774510	OK	 
REQUEST		putIn	1717528774507	1717528774512	OK	 
REQUEST		putIn	1717528774508	1717528774512	OK	 
REQUEST		putIn	1717528774508	1717528774512	OK	 
REQUEST		putIn	1717528774509	1717528774513	OK	 
REQUEST		putIn	1717528774509	1717528774513	OK	 
REQUEST		putIn	1717528774509	1717528774513	OK	 
REQUEST		putIn	1717528774510	1717528774515	OK	 
REQUEST		putIn	1717528774510	1717528774515	OK	 
REQUEST		putIn	1717528774510	1717528774515	OK	 
USER	RecordedSimulation	END	1717528774517
REQUEST		putIn	1717528774518	1717528774525	OK	 
REQUEST		putIn	1717528774520	1717528774527	OK	 
REQUEST		putIn	1717528774522	1717528774529	OK	 
REQUEST		putIn	1717528774523	1717528774531	OK	 
REQUEST		locked	1717528775208	1717528775210	OK	 
REQUEST		putOut	1717528776144	1717528776146	OK	 
REQUEST		nextRound	1717528776155	1717528776157	OK	 
REQUEST		nextRound	1717528776188	1717528776192	OK	 
REQUEST		nextRound	1717528776188	1717528776192	OK	 
REQUEST		nextRound	1717528776189	1717528776193	OK	 
REQUEST		nextRound	1717528776189	1717528776193	OK	 
REQUEST		nextRound	1717528776190	1717528776194	OK	 
REQUEST		nextRound	1717528776190	1717528776194	OK	 
REQUEST		nextRound	1717528776208	1717528776210	OK	 
REQUEST		nextRound	1717528776209	1717528776212	OK	 
REQUEST		nextRound	1717528776209	1717528776213	OK	 
REQUEST		nextRound	1717528776357	1717528776358	OK	 
REQUEST		nextRound	1717528776365	1717528776366	OK	 
REQUEST		nextRound	1717528776365	1717528776367	OK	 
REQUEST		nextRound	1717528776367	1717528776370	OK	 
REQUEST		nextRound	1717528776367	1717528776370	OK	 
REQUEST		nextRound	1717528776367	1717528776370	OK	 
REQUEST		nextRound	1717528776367	1717528776371	OK	 
REQUEST		nextRound	1717528776368	1717528776372	OK	 
REQUEST		nextRound	1717528776370	1717528776373	OK	 
REQUEST		nextRound	1717528776384	1717528776387	OK	 
REQUEST		nextRound	1717528776397	1717528776399	OK	 
REQUEST		nextRound	1717528776398	1717528776400	OK	 
REQUEST		nextRound	1717528776399	1717528776401	OK	 
REQUEST		nextRound	1717528776407	1717528776408	OK	 
REQUEST		nextRound	1717528776407	1717528776408	OK	 
REQUEST		nextRound	1717528776407	1717528776409	OK	 
REQUEST		nextRound	1717528776407	1717528776409	OK	 
REQUEST		nextRound	1717528776408	1717528776410	OK	 
REQUEST		nextRound	1717528776408	1717528776410	OK	 
REQUEST		nextRound	1717528776417	1717528776420	OK	 
REQUEST		nextRound	1717528776418	1717528776421	OK	 
REQUEST		nextRound	1717528776427	1717528776429	OK	 
REQUEST		nextRound	1717528776428	1717528776430	OK	 
REQUEST		nextRound	1717528776427	1717528776430	OK	 
REQUEST		nextRound	1717528776427	1717528776430	OK	 
REQUEST		nextRound	1717528776428	1717528776431	OK	 
REQUEST		nextRound	1717528776428	1717528776431	OK	 
REQUEST		nextRound	1717528776429	1717528776432	OK	 
REQUEST		nextRound	1717528776429	1717528776432	OK	 
REQUEST		nextRound	1717528776434	1717528776437	OK	 
REQUEST		nextRound	1717528776435	1717528776438	OK	 
REQUEST		nextRound	1717528776437	1717528776439	OK	 
REQUEST		nextRound	1717528776436	1717528776439	OK	 
REQUEST		nextRound	1717528776437	1717528776440	OK	 
REQUEST		nextRound	1717528776437	1717528776440	OK	 
REQUEST		nextRound	1717528776438	1717528776440	OK	 
REQUEST		nextRound	1717528776437	1717528776440	OK	 
REQUEST		nextRound	1717528776437	1717528776440	OK	 
REQUEST		nextRound	1717528776438	1717528776440	OK	 
REQUEST		nextRound	1717528776438	1717528776440	OK	 
REQUEST		nextRound	1717528776438	1717528776440	OK	 
REQUEST		nextRound	1717528776438	1717528776441	OK	 
REQUEST		nextRound	1717528776438	1717528776441	OK	 
REQUEST		nextRound	1717528776439	1717528776441	OK	 
REQUEST		nextRound	1717528776438	1717528776441	OK	 
REQUEST		nextRound	1717528776439	1717528776441	OK	 
REQUEST		nextRound	1717528776439	1717528776441	OK	 
REQUEST		nextRound	1717528776457	1717528776459	OK	 
REQUEST		nextRound	1717528776458	1717528776460	OK	 
REQUEST		nextRound	1717528776465	1717528776466	OK	 
REQUEST		nextRound	1717528776487	1717528776489	OK	 
REQUEST		nextRound	1717528776487	1717528776490	OK	 
REQUEST		nextRound	1717528776487	1717528776490	OK	 
REQUEST		nextRound	1717528776488	1717528776491	OK	 
REQUEST		nextRound	1717528776488	1717528776491	OK	 
REQUEST		nextRound	1717528776488	1717528776491	OK	 
REQUEST		nextRound	1717528776489	1717528776492	OK	 
REQUEST		nextRound	1717528776489	1717528776492	OK	 
REQUEST		nextRound	1717528776490	1717528776492	OK	 
REQUEST		nextRound	1717528776506	1717528776508	OK	 
REQUEST		nextRound	1717528776515	1717528776517	OK	 
REQUEST		nextRound	1717528776515	1717528776517	OK	 
REQUEST		nextRound	1717528776515	1717528776517	OK	 
REQUEST		nextRound	1717528776516	1717528776517	OK	 
REQUEST		nextRound	1717528776515	1717528776518	OK	 
REQUEST		nextRound	1717528776515	1717528776518	OK	 
REQUEST		nextRound	1717528776516	1717528776519	OK	 
REQUEST		nextRound	1717528776516	1717528776519	OK	 
REQUEST		nextRound	1717528776517	1717528776520	OK	 
REQUEST		nextRound	1717528776517	1717528776520	OK	 
REQUEST		nextRound	1717528776518	1717528776521	OK	 
REQUEST		nextRound	1717528776518	1717528776521	OK	 
REQUEST		nextRound	1717528776518	1717528776522	OK	 
REQUEST		nextRound	1717528776517	1717528776522	OK	 
REQUEST		nextRound	1717528776519	1717528776522	OK	 
REQUEST		nextRound	1717528776519	1717528776522	OK	 
REQUEST		nextRound	1717528776519	1717528776522	OK	 
REQUEST		nextRound	1717528776520	1717528776523	OK	 
REQUEST		nextRound	1717528776528	1717528776530	OK	 
REQUEST		nextRound	1717528776527	1717528776530	OK	 
REQUEST		nextRound	1717528776528	1717528776530	OK	 
REQUEST		nextRound	1717528776528	1717528776531	OK	 
REQUEST		nextRound	1717528776528	1717528776531	OK	 
REQUEST		nextRound	1717528776528	1717528776531	OK	 
REQUEST		nextRound	1717528776529	1717528776532	OK	 
REQUEST		nextRound	1717528776529	1717528776532	OK	 
REQUEST		nextRound	1717528776529	1717528776532	OK	 
REQUEST		nextRound	1717528776537	1717528776539	OK	 
REQUEST		nextRound	1717528776538	1717528776540	OK	 
REQUEST		nextRound	1717528776538	1717528776541	OK	 
REQUEST		nextRound	1717528776539	1717528776542	OK	 
REQUEST		remainingDices	1717528777239	1717528777241	OK	 
REQUEST		inCup	1717528778174	1717528778176	OK	 
REQUEST		inCup	1717528778197	1717528778199	OK	 
REQUEST		inCup	1717528778197	1717528778199	OK	 
REQUEST		inCup	1717528778198	1717528778200	OK	 
REQUEST		inCup	1717528778220	1717528778222	OK	 
REQUEST		inCup	1717528778221	1717528778223	OK	 
REQUEST		inCup	1717528778222	1717528778224	OK	 
REQUEST		inCup	1717528778239	1717528778241	OK	 
REQUEST		inCup	1717528778239	1717528778241	OK	 
REQUEST		inCup	1717528778240	1717528778242	OK	 
REQUEST		inCup	1717528778386	1717528778388	OK	 
REQUEST		inCup	1717528778386	1717528778388	OK	 
REQUEST		inCup	1717528778387	1717528778389	OK	 
REQUEST		inCup	1717528778398	1717528778399	OK	 
REQUEST		inCup	1717528778398	1717528778399	OK	 
REQUEST		inCup	1717528778398	1717528778399	OK	 
REQUEST		inCup	1717528778398	1717528778399	OK	 
REQUEST		inCup	1717528778398	1717528778400	OK	 
REQUEST		inCup	1717528778398	1717528778401	OK	 
REQUEST		inCup	1717528778407	1717528778409	OK	 
REQUEST		inCup	1717528778417	1717528778419	OK	 
REQUEST		inCup	1717528778418	1717528778421	OK	 
REQUEST		inCup	1717528778418	1717528778423	OK	 
REQUEST		inCup	1717528778436	1717528778439	OK	 
REQUEST		inCup	1717528778436	1717528778439	OK	 
REQUEST		inCup	1717528778437	1717528778440	OK	 
REQUEST		inCup	1717528778437	1717528778440	OK	 
REQUEST		inCup	1717528778438	1717528778441	OK	 
REQUEST		inCup	1717528778439	1717528778441	OK	 
REQUEST		inCup	1717528778437	1717528778441	OK	 
REQUEST		inCup	1717528778438	1717528778442	OK	 
REQUEST		inCup	1717528778438	1717528778442	OK	 
REQUEST		inCup	1717528778448	1717528778449	OK	 
REQUEST		inCup	1717528778448	1717528778449	OK	 
REQUEST		inCup	1717528778448	1717528778450	OK	 
REQUEST		inCup	1717528778457	1717528778458	OK	 
REQUEST		inCup	1717528778457	1717528778459	OK	 
REQUEST		inCup	1717528778457	1717528778459	OK	 
REQUEST		inCup	1717528778457	1717528778459	OK	 
REQUEST		inCup	1717528778458	1717528778460	OK	 
REQUEST		inCup	1717528778458	1717528778460	OK	 
REQUEST		inCup	1717528778459	1717528778460	OK	 
REQUEST		inCup	1717528778459	1717528778460	OK	 
REQUEST		inCup	1717528778464	1717528778466	OK	 
REQUEST		inCup	1717528778465	1717528778466	OK	 
REQUEST		inCup	1717528778467	1717528778468	OK	 
REQUEST		inCup	1717528778467	1717528778468	OK	 
REQUEST		inCup	1717528778467	1717528778468	OK	 
REQUEST		inCup	1717528778467	1717528778469	OK	 
REQUEST		inCup	1717528778468	1717528778469	OK	 
REQUEST		inCup	1717528778467	1717528778469	OK	 
REQUEST		inCup	1717528778467	1717528778469	OK	 
REQUEST		inCup	1717528778468	1717528778469	OK	 
REQUEST		inCup	1717528778468	1717528778469	OK	 
REQUEST		inCup	1717528778468	1717528778469	OK	 
REQUEST		inCup	1717528778467	1717528778469	OK	 
REQUEST		inCup	1717528778467	1717528778470	OK	 
REQUEST		inCup	1717528778477	1717528778479	OK	 
REQUEST		inCup	1717528778478	1717528778480	OK	 
REQUEST		inCup	1717528778487	1717528778489	OK	 
REQUEST		inCup	1717528778497	1717528778499	OK	 
REQUEST		inCup	1717528778497	1717528778499	OK	 
REQUEST		inCup	1717528778498	1717528778499	OK	 
REQUEST		inCup	1717528778498	1717528778499	OK	 
REQUEST		inCup	1717528778498	1717528778500	OK	 
REQUEST		inCup	1717528778498	1717528778500	OK	 
REQUEST		inCup	1717528778507	1717528778509	OK	 
REQUEST		inCup	1717528778508	1717528778509	OK	 
REQUEST		inCup	1717528778508	1717528778510	OK	 
REQUEST		inCup	1717528778517	1717528778519	OK	 
REQUEST		inCup	1717528778528	1717528778529	OK	 
REQUEST		inCup	1717528778528	1717528778529	OK	 
REQUEST		inCup	1717528778528	1717528778529	OK	 
REQUEST		inCup	1717528778528	1717528778529	OK	 
REQUEST		inCup	1717528778528	1717528778529	OK	 
REQUEST		inCup	1717528778527	1717528778529	OK	 
REQUEST		inCup	1717528778527	1717528778529	OK	 
REQUEST		inCup	1717528778527	1717528778530	OK	 
REQUEST		inCup	1717528778527	1717528778530	OK	 
REQUEST		inCup	1717528778528	1717528778530	OK	 
REQUEST		inCup	1717528778528	1717528778530	OK	 
REQUEST		inCup	1717528778527	1717528778530	OK	 
REQUEST		inCup	1717528778528	1717528778530	OK	 
REQUEST		inCup	1717528778528	1717528778530	OK	 
REQUEST		inCup	1717528778528	1717528778531	OK	 
REQUEST		inCup	1717528778531	1717528778533	OK	 
REQUEST		inCup	1717528778532	1717528778533	OK	 
REQUEST		inCup	1717528778534	1717528778535	OK	 
REQUEST		inCup	1717528778534	1717528778535	OK	 
REQUEST		inCup	1717528778534	1717528778536	OK	 
REQUEST		inCup	1717528778535	1717528778536	OK	 
REQUEST		inCup	1717528778537	1717528778540	OK	 
REQUEST		inCup	1717528778538	1717528778540	OK	 
REQUEST		inCup	1717528778539	1717528778541	OK	 
REQUEST		inCup	1717528778547	1717528778549	OK	 
REQUEST		inCup	1717528778548	1717528778549	OK	 
REQUEST		inCup	1717528778548	1717528778550	OK	 
REQUEST		inCup	1717528778567	1717528778568	OK	 
REQUEST		inCup	1717528778567	1717528778569	OK	 
REQUEST		inCup	1717528778568	1717528778569	OK	 
REQUEST		inCup	1717528778568	1717528778569	OK	 
REQUEST		putIn	1717528779174	1717528779176	OK	 
REQUEST		result	1717528779269	1717528779270	OK	 
USER	RecordedSimulation	END	1717528779271
REQUEST		locked	1717528780195	1717528780196	OK	 
REQUEST		locked	1717528780227	1717528780228	OK	 
REQUEST		locked	1717528780227	1717528780229	OK	 
REQUEST		locked	1717528780228	1717528780229	OK	 
REQUEST		locked	1717528780248	1717528780251	OK	 
REQUEST		locked	1717528780250	1717528780252	OK	 
REQUEST		locked	1717528780249	1717528780252	OK	 
REQUEST		locked	1717528780250	1717528780252	OK	 
REQUEST		locked	1717528780251	1717528780252	OK	 
REQUEST		locked	1717528780251	1717528780253	OK	 
REQUEST		locked	1717528780407	1717528780410	OK	 
REQUEST		locked	1717528780408	1717528780409	OK	 
REQUEST		locked	1717528780407	1717528780410	OK	 
REQUEST		locked	1717528780407	1717528780409	OK	 
REQUEST		locked	1717528780407	1717528780410	OK	 
REQUEST		locked	1717528780427	1717528780429	OK	 
REQUEST		locked	1717528780427	1717528780429	OK	 
REQUEST		locked	1717528780427	1717528780429	OK	 
REQUEST		locked	1717528780427	1717528780429	OK	 
REQUEST		locked	1717528780427	1717528780429	OK	 
REQUEST		locked	1717528780427	1717528780430	OK	 
REQUEST		locked	1717528780427	1717528780430	OK	 
REQUEST		locked	1717528780435	1717528780437	OK	 
REQUEST		locked	1717528780463	1717528780464	OK	 
REQUEST		locked	1717528780463	1717528780465	OK	 
REQUEST		locked	1717528780463	1717528780465	OK	 
REQUEST		locked	1717528780463	1717528780465	OK	 
REQUEST		locked	1717528780464	1717528780466	OK	 
REQUEST		locked	1717528780465	1717528780468	OK	 
REQUEST		locked	1717528780465	1717528780469	OK	 
REQUEST		locked	1717528780468	1717528780469	OK	 
REQUEST		locked	1717528780468	1717528780469	OK	 
REQUEST		locked	1717528780468	1717528780469	OK	 
REQUEST		locked	1717528780468	1717528780469	OK	 
REQUEST		locked	1717528780466	1717528780469	OK	 
REQUEST		locked	1717528780468	1717528780469	OK	 
REQUEST		locked	1717528780468	1717528780470	OK	 
REQUEST		locked	1717528780468	1717528780470	OK	 
REQUEST		locked	1717528780468	1717528780470	OK	 
REQUEST		locked	1717528780468	1717528780470	OK	 
REQUEST		locked	1717528780468	1717528780471	OK	 
REQUEST		locked	1717528780468	1717528780471	OK	 
REQUEST		locked	1717528780487	1717528780489	OK	 
REQUEST		locked	1717528780487	1717528780489	OK	 
REQUEST		locked	1717528780488	1717528780490	OK	 
REQUEST		locked	1717528780495	1717528780497	OK	 
REQUEST		locked	1717528780495	1717528780497	OK	 
REQUEST		locked	1717528780496	1717528780497	OK	 
REQUEST		locked	1717528780496	1717528780498	OK	 
REQUEST		locked	1717528780496	1717528780498	OK	 
REQUEST		locked	1717528780496	1717528780498	OK	 
REQUEST		locked	1717528780496	1717528780498	OK	 
REQUEST		locked	1717528780496	1717528780498	OK	 
REQUEST		locked	1717528780496	1717528780499	OK	 
REQUEST		locked	1717528780497	1717528780499	OK	 
REQUEST		locked	1717528780496	1717528780499	OK	 
REQUEST		locked	1717528780497	1717528780499	OK	 
REQUEST		locked	1717528780497	1717528780499	OK	 
REQUEST		locked	1717528780498	1717528780501	OK	 
REQUEST		locked	1717528780499	1717528780501	OK	 
REQUEST		locked	1717528780517	1717528780519	OK	 
REQUEST		locked	1717528780518	1717528780519	OK	 
REQUEST		locked	1717528780518	1717528780520	OK	 
REQUEST		locked	1717528780527	1717528780529	OK	 
REQUEST		locked	1717528780527	1717528780529	OK	 
REQUEST		locked	1717528780528	1717528780530	OK	 
REQUEST		locked	1717528780528	1717528780530	OK	 
REQUEST		locked	1717528780528	1717528780531	OK	 
REQUEST		locked	1717528780528	1717528780531	OK	 
REQUEST		locked	1717528780537	1717528780539	OK	 
REQUEST		locked	1717528780538	1717528780540	OK	 
REQUEST		locked	1717528780539	1717528780540	OK	 
REQUEST		locked	1717528780545	1717528780547	OK	 
REQUEST		locked	1717528780556	1717528780558	OK	 
REQUEST		locked	1717528780557	1717528780559	OK	 
REQUEST		locked	1717528780557	1717528780559	OK	 
REQUEST		locked	1717528780555	1717528780559	OK	 
REQUEST		locked	1717528780556	1717528780559	OK	 
REQUEST		locked	1717528780555	1717528780559	OK	 
REQUEST		locked	1717528780556	1717528780560	OK	 
REQUEST		locked	1717528780556	1717528780560	OK	 
REQUEST		locked	1717528780557	1717528780560	OK	 
REQUEST		locked	1717528780558	1717528780560	OK	 
REQUEST		locked	1717528780557	1717528780561	OK	 
REQUEST		locked	1717528780556	1717528780561	OK	 
REQUEST		locked	1717528780558	1717528780561	OK	 
REQUEST		locked	1717528780558	1717528780561	OK	 
REQUEST		locked	1717528780558	1717528780561	OK	 
REQUEST		locked	1717528780558	1717528780561	OK	 
REQUEST		locked	1717528780557	1717528780562	OK	 
REQUEST		locked	1717528780558	1717528780562	OK	 
REQUEST		locked	1717528780558	1717528780562	OK	 
REQUEST		locked	1717528780558	1717528780562	OK	 
REQUEST		locked	1717528780559	1717528780562	OK	 
REQUEST		locked	1717528780577	1717528780579	OK	 
REQUEST		locked	1717528780577	1717528780579	OK	 
REQUEST		locked	1717528780577	1717528780579	OK	 
REQUEST		locked	1717528780577	1717528780579	OK	 
REQUEST		locked	1717528780578	1717528780579	OK	 
REQUEST		locked	1717528780578	1717528780579	OK	 
REQUEST		locked	1717528780578	1717528780580	OK	 
REQUEST		nextRound	1717528781203	1717528781204	OK	 
REQUEST		remainingDices	1717528782197	1717528782199	OK	 
REQUEST		remainingDices	1717528782254	1717528782256	OK	 
REQUEST		remainingDices	1717528782255	1717528782257	OK	 
REQUEST		remainingDices	1717528782256	1717528782257	OK	 
REQUEST		remainingDices	1717528782257	1717528782259	OK	 
REQUEST		remainingDices	1717528782257	1717528782259	OK	 
REQUEST		remainingDices	1717528782258	1717528782259	OK	 
REQUEST		remainingDices	1717528782274	1717528782275	OK	 
REQUEST		remainingDices	1717528782275	1717528782276	OK	 
REQUEST		remainingDices	1717528782275	1717528782276	OK	 
REQUEST		remainingDices	1717528782424	1717528782425	OK	 
REQUEST		remainingDices	1717528782424	1717528782426	OK	 
REQUEST		remainingDices	1717528782436	1717528782438	OK	 
REQUEST		remainingDices	1717528782436	1717528782438	OK	 
REQUEST		remainingDices	1717528782437	1717528782439	OK	 
REQUEST		remainingDices	1717528782439	1717528782441	OK	 
REQUEST		remainingDices	1717528782451	1717528782453	OK	 
REQUEST		remainingDices	1717528782451	1717528782453	OK	 
REQUEST		remainingDices	1717528782452	1717528782454	OK	 
REQUEST		remainingDices	1717528782456	1717528782458	OK	 
REQUEST		remainingDices	1717528782457	1717528782459	OK	 
REQUEST		remainingDices	1717528782457	1717528782459	OK	 
REQUEST		remainingDices	1717528782464	1717528782466	OK	 
REQUEST		remainingDices	1717528782477	1717528782479	OK	 
REQUEST		remainingDices	1717528782477	1717528782479	OK	 
REQUEST		remainingDices	1717528782477	1717528782479	OK	 
REQUEST		remainingDices	1717528782478	1717528782480	OK	 
REQUEST		remainingDices	1717528782478	1717528782480	OK	 
REQUEST		remainingDices	1717528782478	1717528782480	OK	 
REQUEST		remainingDices	1717528782478	1717528782481	OK	 
REQUEST		remainingDices	1717528782478	1717528782481	OK	 
REQUEST		remainingDices	1717528782487	1717528782489	OK	 
REQUEST		remainingDices	1717528782488	1717528782490	OK	 
REQUEST		remainingDices	1717528782488	1717528782490	OK	 
REQUEST		remainingDices	1717528782496	1717528782498	OK	 
REQUEST		remainingDices	1717528782496	1717528782498	OK	 
REQUEST		remainingDices	1717528782496	1717528782498	OK	 
REQUEST		remainingDices	1717528782496	1717528782498	OK	 
REQUEST		remainingDices	1717528782496	1717528782498	OK	 
REQUEST		remainingDices	1717528782496	1717528782498	OK	 
REQUEST		remainingDices	1717528782496	1717528782499	OK	 
REQUEST		remainingDices	1717528782504	1717528782506	OK	 
REQUEST		remainingDices	1717528782504	1717528782506	OK	 
REQUEST		remainingDices	1717528782505	1717528782507	OK	 
REQUEST		remainingDices	1717528782506	1717528782507	OK	 
REQUEST		remainingDices	1717528782507	1717528782509	OK	 
REQUEST		remainingDices	1717528782507	1717528782509	OK	 
REQUEST		remainingDices	1717528782508	1717528782509	OK	 
REQUEST		remainingDices	1717528782516	1717528782517	OK	 
REQUEST		remainingDices	1717528782516	1717528782517	OK	 
REQUEST		remainingDices	1717528782516	1717528782518	OK	 
REQUEST		remainingDices	1717528782516	1717528782518	OK	 
REQUEST		remainingDices	1717528782517	1717528782518	OK	 
REQUEST		remainingDices	1717528782517	1717528782518	OK	 
REQUEST		remainingDices	1717528782525	1717528782526	OK	 
REQUEST		remainingDices	1717528782525	1717528782527	OK	 
REQUEST		remainingDices	1717528782525	1717528782527	OK	 
REQUEST		remainingDices	1717528782525	1717528782527	OK	 
REQUEST		remainingDices	1717528782524	1717528782527	OK	 
REQUEST		remainingDices	1717528782526	1717528782528	OK	 
REQUEST		remainingDices	1717528782532	1717528782534	OK	 
REQUEST		remainingDices	1717528782533	1717528782534	OK	 
REQUEST		remainingDices	1717528782533	1717528782535	OK	 
REQUEST		remainingDices	1717528782547	1717528782549	OK	 
REQUEST		remainingDices	1717528782547	1717528782549	OK	 
REQUEST		remainingDices	1717528782547	1717528782549	OK	 
REQUEST		remainingDices	1717528782547	1717528782549	OK	 
REQUEST		remainingDices	1717528782547	1717528782549	OK	 
REQUEST		remainingDices	1717528782548	1717528782550	OK	 
REQUEST		remainingDices	1717528782548	1717528782550	OK	 
REQUEST		remainingDices	1717528782548	1717528782550	OK	 
REQUEST		remainingDices	1717528782548	1717528782550	OK	 
REQUEST		remainingDices	1717528782557	1717528782559	OK	 
REQUEST		remainingDices	1717528782564	1717528782566	OK	 
REQUEST		remainingDices	1717528782564	1717528782566	OK	 
REQUEST		remainingDices	1717528782565	1717528782566	OK	 
REQUEST		remainingDices	1717528782565	1717528782566	OK	 
REQUEST		remainingDices	1717528782565	1717528782567	OK	 
REQUEST		remainingDices	1717528782565	1717528782567	OK	 
REQUEST		remainingDices	1717528782568	1717528782569	OK	 
REQUEST		remainingDices	1717528782567	1717528782569	OK	 
REQUEST		remainingDices	1717528782568	1717528782569	OK	 
REQUEST		remainingDices	1717528782567	1717528782569	OK	 
REQUEST		remainingDices	1717528782567	1717528782569	OK	 
REQUEST		remainingDices	1717528782568	1717528782569	OK	 
REQUEST		remainingDices	1717528782568	1717528782570	OK	 
REQUEST		remainingDices	1717528782568	1717528782570	OK	 
REQUEST		remainingDices	1717528782568	1717528782570	OK	 
REQUEST		remainingDices	1717528782577	1717528782579	OK	 
REQUEST		remainingDices	1717528782577	1717528782579	OK	 
REQUEST		remainingDices	1717528782578	1717528782580	OK	 
REQUEST		remainingDices	1717528782578	1717528782580	OK	 
REQUEST		remainingDices	1717528782578	1717528782580	OK	 
REQUEST		remainingDices	1717528782578	1717528782581	OK	 
REQUEST		remainingDices	1717528782597	1717528782600	OK	 
REQUEST		remainingDices	1717528782598	1717528782600	OK	 
REQUEST		remainingDices	1717528782598	1717528782600	OK	 
REQUEST		remainingDices	1717528782599	1717528782601	OK	 
REQUEST		remainingDices	1717528782607	1717528782608	OK	 
REQUEST		remainingDices	1717528782607	1717528782609	OK	 
REQUEST		remainingDices	1717528782607	1717528782609	OK	 
REQUEST		inCup	1717528783207	1717528783209	OK	 
REQUEST		result	1717528784227	1717528784228	OK	 
USER	RecordedSimulation	END	1717528784230
REQUEST		result	1717528784257	1717528784259	OK	 
USER	RecordedSimulation	END	1717528784260
REQUEST		result	1717528784258	1717528784260	OK	 
USER	RecordedSimulation	END	1717528784261
REQUEST		result	1717528784258	1717528784261	OK	 
USER	RecordedSimulation	END	1717528784261
REQUEST		result	1717528784273	1717528784274	OK	 
USER	RecordedSimulation	END	1717528784275
REQUEST		result	1717528784273	1717528784275	OK	 
USER	RecordedSimulation	END	1717528784276
REQUEST		result	1717528784273	1717528784277	OK	 
USER	RecordedSimulation	END	1717528784278
REQUEST		result	1717528784303	1717528784305	OK	 
USER	RecordedSimulation	END	1717528784306
REQUEST		result	1717528784304	1717528784306	OK	 
USER	RecordedSimulation	END	1717528784307
REQUEST		result	1717528784304	1717528784308	OK	 
USER	RecordedSimulation	END	1717528784309
REQUEST		result	1717528784442	1717528784444	OK	 
REQUEST		result	1717528784442	1717528784444	OK	 
USER	RecordedSimulation	END	1717528784445
USER	RecordedSimulation	END	1717528784445
REQUEST		result	1717528784442	1717528784445	OK	 
USER	RecordedSimulation	END	1717528784446
REQUEST		result	1717528784466	1717528784468	OK	 
REQUEST		result	1717528784466	1717528784468	OK	 
REQUEST		result	1717528784466	1717528784468	OK	 
REQUEST		result	1717528784466	1717528784468	OK	 
USER	RecordedSimulation	END	1717528784470
USER	RecordedSimulation	END	1717528784470
USER	RecordedSimulation	END	1717528784470
REQUEST		result	1717528784467	1717528784470	OK	 
USER	RecordedSimulation	END	1717528784470
USER	RecordedSimulation	END	1717528784471
REQUEST		result	1717528784467	1717528784472	OK	 
USER	RecordedSimulation	END	1717528784473
REQUEST		result	1717528784477	1717528784479	OK	 
USER	RecordedSimulation	END	1717528784480
REQUEST		result	1717528784479	1717528784480	OK	 
USER	RecordedSimulation	END	1717528784482
REQUEST		result	1717528784479	1717528784482	OK	 
USER	RecordedSimulation	END	1717528784483
REQUEST		result	1717528784480	1717528784484	OK	 
USER	RecordedSimulation	END	1717528784485
REQUEST		result	1717528784498	1717528784500	OK	 
REQUEST		result	1717528784498	1717528784500	OK	 
REQUEST		result	1717528784497	1717528784500	OK	 
REQUEST		result	1717528784498	1717528784500	OK	 
USER	RecordedSimulation	END	1717528784501
USER	RecordedSimulation	END	1717528784502
REQUEST		result	1717528784498	1717528784502	OK	 
REQUEST		result	1717528784499	1717528784502	OK	 
REQUEST		result	1717528784497	1717528784502	OK	 
USER	RecordedSimulation	END	1717528784502
USER	RecordedSimulation	END	1717528784502
REQUEST		result	1717528784499	1717528784502	OK	 
REQUEST		result	1717528784499	1717528784503	OK	 
REQUEST		result	1717528784499	1717528784503	OK	 
REQUEST		result	1717528784499	1717528784503	OK	 
USER	RecordedSimulation	END	1717528784503
USER	RecordedSimulation	END	1717528784503
USER	RecordedSimulation	END	1717528784503
USER	RecordedSimulation	END	1717528784504
USER	RecordedSimulation	END	1717528784504
USER	RecordedSimulation	END	1717528784504
USER	RecordedSimulation	END	1717528784504
REQUEST		result	1717528784517	1717528784520	OK	 
USER	RecordedSimulation	END	1717528784521
REQUEST		result	1717528784518	1717528784521	OK	 
USER	RecordedSimulation	END	1717528784522
REQUEST		result	1717528784519	1717528784522	OK	 
USER	RecordedSimulation	END	1717528784523
REQUEST		result	1717528784524	1717528784526	OK	 
REQUEST		result	1717528784525	1717528784526	OK	 
REQUEST		result	1717528784525	1717528784526	OK	 
REQUEST		result	1717528784525	1717528784527	OK	 
REQUEST		result	1717528784525	1717528784527	OK	 
USER	RecordedSimulation	END	1717528784527
USER	RecordedSimulation	END	1717528784528
USER	RecordedSimulation	END	1717528784528
USER	RecordedSimulation	END	1717528784528
USER	RecordedSimulation	END	1717528784529
REQUEST		result	1717528784529	1717528784531	OK	 
REQUEST		result	1717528784528	1717528784531	OK	 
REQUEST		result	1717528784528	1717528784531	OK	 
REQUEST		result	1717528784527	1717528784531	OK	 
REQUEST		result	1717528784529	1717528784531	OK	 
USER	RecordedSimulation	END	1717528784532
REQUEST		result	1717528784528	1717528784532	OK	 
REQUEST		result	1717528784528	1717528784532	OK	 
REQUEST		result	1717528784529	1717528784532	OK	 
USER	RecordedSimulation	END	1717528784532
USER	RecordedSimulation	END	1717528784532
USER	RecordedSimulation	END	1717528784532
REQUEST		result	1717528784528	1717528784533	OK	 
REQUEST		result	1717528784528	1717528784533	OK	 
USER	RecordedSimulation	END	1717528784534
USER	RecordedSimulation	END	1717528784534
USER	RecordedSimulation	END	1717528784534
USER	RecordedSimulation	END	1717528784534
USER	RecordedSimulation	END	1717528784534
REQUEST		result	1717528784529	1717528784536	OK	 
REQUEST		result	1717528784529	1717528784536	OK	 
REQUEST		result	1717528784527	1717528784536	OK	 
USER	RecordedSimulation	END	1717528784537
REQUEST		result	1717528784529	1717528784537	OK	 
REQUEST		result	1717528784528	1717528784537	OK	 
USER	RecordedSimulation	END	1717528784537
USER	RecordedSimulation	END	1717528784537
USER	RecordedSimulation	END	1717528784537
REQUEST		result	1717528784528	1717528784537	OK	 
USER	RecordedSimulation	END	1717528784538
REQUEST		result	1717528784527	1717528784538	OK	 
USER	RecordedSimulation	END	1717528784539
REQUEST		result	1717528784529	1717528784539	OK	 
USER	RecordedSimulation	END	1717528784539
USER	RecordedSimulation	END	1717528784539
USER	RecordedSimulation	END	1717528784540
REQUEST		result	1717528784557	1717528784559	OK	 
REQUEST		result	1717528784557	1717528784559	OK	 
USER	RecordedSimulation	END	1717528784561
REQUEST		result	1717528784558	1717528784561	OK	 
REQUEST		result	1717528784558	1717528784561	OK	 
USER	RecordedSimulation	END	1717528784562
USER	RecordedSimulation	END	1717528784563
USER	RecordedSimulation	END	1717528784563
REQUEST		result	1717528784559	1717528784563	OK	 
REQUEST		result	1717528784559	1717528784563	OK	 
USER	RecordedSimulation	END	1717528784564
USER	RecordedSimulation	END	1717528784565
REQUEST		result	1717528784567	1717528784570	OK	 
USER	RecordedSimulation	END	1717528784571
REQUEST		result	1717528784568	1717528784571	OK	 
USER	RecordedSimulation	END	1717528784572
REQUEST		result	1717528784569	1717528784572	OK	 
REQUEST		result	1717528784571	1717528784572	OK	 
USER	RecordedSimulation	END	1717528784573
USER	RecordedSimulation	END	1717528784574
REQUEST		result	1717528784575	1717528784577	OK	 
REQUEST		result	1717528784575	1717528784577	OK	 
USER	RecordedSimulation	END	1717528784578
REQUEST		result	1717528784576	1717528784578	OK	 
REQUEST		result	1717528784576	1717528784578	OK	 
USER	RecordedSimulation	END	1717528784578
USER	RecordedSimulation	END	1717528784579
USER	RecordedSimulation	END	1717528784579
REQUEST		result	1717528784576	1717528784579	OK	 
REQUEST		result	1717528784576	1717528784579	OK	 
USER	RecordedSimulation	END	1717528784580
USER	RecordedSimulation	END	1717528784581
REQUEST		result	1717528784588	1717528784590	OK	 
REQUEST		result	1717528784587	1717528784590	OK	 
REQUEST		result	1717528784588	1717528784590	OK	 
REQUEST		result	1717528784587	1717528784590	OK	 
REQUEST		result	1717528784587	1717528784590	OK	 
USER	RecordedSimulation	END	1717528784591
USER	RecordedSimulation	END	1717528784591
REQUEST		result	1717528784588	1717528784591	OK	 
REQUEST		result	1717528784589	1717528784592	OK	 
REQUEST		result	1717528784589	1717528784592	OK	 
REQUEST		result	1717528784589	1717528784592	OK	 
USER	RecordedSimulation	END	1717528784593
REQUEST		result	1717528784589	1717528784593	OK	 
USER	RecordedSimulation	END	1717528784593
REQUEST		result	1717528784588	1717528784593	OK	 
REQUEST		result	1717528784589	1717528784593	OK	 
USER	RecordedSimulation	END	1717528784593
USER	RecordedSimulation	END	1717528784594
USER	RecordedSimulation	END	1717528784594
USER	RecordedSimulation	END	1717528784594
USER	RecordedSimulation	END	1717528784594
REQUEST		result	1717528784588	1717528784594	OK	 
REQUEST		result	1717528784589	1717528784594	OK	 
REQUEST		result	1717528784588	1717528784594	OK	 
USER	RecordedSimulation	END	1717528784594
USER	RecordedSimulation	END	1717528784595
USER	RecordedSimulation	END	1717528784595
USER	RecordedSimulation	END	1717528784595
USER	RecordedSimulation	END	1717528784595
USER	RecordedSimulation	END	1717528784595
REQUEST		result	1717528784589	1717528784595	OK	 
USER	RecordedSimulation	END	1717528784597
REQUEST		result	1717528784607	1717528784609	OK	 
USER	RecordedSimulation	END	1717528784610
REQUEST		result	1717528784608	1717528784611	OK	 
USER	RecordedSimulation	END	1717528784612
REQUEST		result	1717528784618	1717528784620	OK	 
USER	RecordedSimulation	END	1717528784621
REQUEST		result	1717528784617	1717528784621	OK	 
USER	RecordedSimulation	END	1717528784622
REQUEST		result	1717528784619	1717528784623	OK	 
USER	RecordedSimulation	END	1717528784624
REQUEST		result	1717528784644	1717528784647	OK	 
USER	RecordedSimulation	END	1717528784648
REQUEST		result	1717528784645	1717528784648	OK	 
USER	RecordedSimulation	END	1717528784650
REQUEST		result	1717528784645	1717528784650	OK	 
USER	RecordedSimulation	END	1717528784652
REQUEST		result	1717528784646	1717528784652	OK	 
USER	RecordedSimulation	END	1717528784653
REQUEST		locked	1717528785236	1717528785238	OK	 
REQUEST		remainingDices	1717528787266	1717528787268	OK	 
REQUEST		result	1717528789297	1717528789298	OK	 
USER	RecordedSimulation	END	1717528789299
