RUN	it.field.FieldSpikeItSimulation	fieldspikeitsimulation	1717570366435	 	3.11.3
USER	RecordedSimulation	START	1717570368424
REQUEST		new	1717570368416	1717570368443	OK	 
REQUEST		putMulti	1717570371513	1717570371527	OK	 
USER	RecordedSimulation	START	1717570373278
REQUEST		new	1717570373276	1717570373286	OK	 
REQUEST		undoMove	1717570373535	1717570373539	OK	 
REQUEST		putMulti	1717570376291	1717570376296	OK	 
REQUEST		cell	1717570376547	1717570376551	OK	 
USER	RecordedSimulation	START	1717570378277
USER	RecordedSimulation	START	1717570378278
USER	RecordedSimulation	START	1717570378279
USER	RecordedSimulation	START	1717570378279
USER	RecordedSimulation	START	1717570378287
USER	RecordedSimulation	START	1717570378289
USER	RecordedSimulation	START	1717570378289
USER	RecordedSimulation	START	1717570378289
USER	RecordedSimulation	START	1717570378291
USER	RecordedSimulation	START	1717570378296
USER	RecordedSimulation	START	1717570378296
USER	RecordedSimulation	START	1717570378296
USER	RecordedSimulation	START	1717570378296
REQUEST		new	1717570378276	1717570378297	OK	 
USER	RecordedSimulation	START	1717570378304
USER	RecordedSimulation	START	1717570378305
USER	RecordedSimulation	START	1717570378305
USER	RecordedSimulation	START	1717570378308
USER	RecordedSimulation	START	1717570378309
USER	RecordedSimulation	START	1717570378309
USER	RecordedSimulation	START	1717570378310
USER	RecordedSimulation	START	1717570378312
USER	RecordedSimulation	START	1717570378315
USER	RecordedSimulation	START	1717570378316
USER	RecordedSimulation	START	1717570378322
USER	RecordedSimulation	START	1717570378322
USER	RecordedSimulation	START	1717570378324
USER	RecordedSimulation	START	1717570378324
USER	RecordedSimulation	START	1717570378324
USER	RecordedSimulation	START	1717570378325
USER	RecordedSimulation	START	1717570378327
USER	RecordedSimulation	START	1717570378330
USER	RecordedSimulation	START	1717570378330
USER	RecordedSimulation	START	1717570378330
USER	RecordedSimulation	START	1717570378330
USER	RecordedSimulation	START	1717570378331
USER	RecordedSimulation	START	1717570378332
USER	RecordedSimulation	START	1717570378333
USER	RecordedSimulation	START	1717570378333
REQUEST		new	1717570378283	1717570378336	OK	 
REQUEST		new	1717570378290	1717570378336	OK	 
USER	RecordedSimulation	START	1717570378340
USER	RecordedSimulation	START	1717570378340
USER	RecordedSimulation	START	1717570378340
USER	RecordedSimulation	START	1717570378346
USER	RecordedSimulation	START	1717570378340
REQUEST		new	1717570378296	1717570378347	OK	 
REQUEST		new	1717570378314	1717570378385	OK	 
REQUEST		new	1717570378320	1717570378395	OK	 
USER	RecordedSimulation	START	1717570378395
USER	RecordedSimulation	START	1717570378395
USER	RecordedSimulation	START	1717570378396
USER	RecordedSimulation	START	1717570378396
USER	RecordedSimulation	START	1717570378396
USER	RecordedSimulation	START	1717570378396
USER	RecordedSimulation	START	1717570378396
USER	RecordedSimulation	START	1717570378396
USER	RecordedSimulation	START	1717570378396
USER	RecordedSimulation	START	1717570378397
USER	RecordedSimulation	START	1717570378397
USER	RecordedSimulation	START	1717570378397
USER	RecordedSimulation	START	1717570378398
USER	RecordedSimulation	START	1717570378398
REQUEST		new	1717570378290	1717570378399	OK	 
REQUEST		new	1717570378322	1717570378398	OK	 
USER	RecordedSimulation	START	1717570378399
USER	RecordedSimulation	START	1717570378400
USER	RecordedSimulation	START	1717570378400
USER	RecordedSimulation	START	1717570378400
USER	RecordedSimulation	START	1717570378400
USER	RecordedSimulation	START	1717570378400
USER	RecordedSimulation	START	1717570378401
USER	RecordedSimulation	START	1717570378401
USER	RecordedSimulation	START	1717570378401
USER	RecordedSimulation	START	1717570378401
USER	RecordedSimulation	START	1717570378403
USER	RecordedSimulation	START	1717570378404
USER	RecordedSimulation	START	1717570378404
USER	RecordedSimulation	START	1717570378405
USER	RecordedSimulation	START	1717570378405
USER	RecordedSimulation	START	1717570378405
USER	RecordedSimulation	START	1717570378405
USER	RecordedSimulation	START	1717570378405
USER	RecordedSimulation	START	1717570378406
USER	RecordedSimulation	START	1717570378406
USER	RecordedSimulation	START	1717570378409
REQUEST		new	1717570378279	1717570378407	OK	 
USER	RecordedSimulation	START	1717570378413
USER	RecordedSimulation	START	1717570378413
USER	RecordedSimulation	START	1717570378413
USER	RecordedSimulation	START	1717570378415
USER	RecordedSimulation	START	1717570378416
USER	RecordedSimulation	START	1717570378416
USER	RecordedSimulation	START	1717570378418
REQUEST		new	1717570378300	1717570378418	OK	 
USER	RecordedSimulation	START	1717570378419
USER	RecordedSimulation	START	1717570378419
REQUEST		new	1717570378325	1717570378419	OK	 
USER	RecordedSimulation	START	1717570378420
USER	RecordedSimulation	START	1717570378421
USER	RecordedSimulation	START	1717570378422
REQUEST		new	1717570378298	1717570378422	OK	 
USER	RecordedSimulation	START	1717570378423
USER	RecordedSimulation	START	1717570378423
REQUEST		new	1717570378300	1717570378423	OK	 
USER	RecordedSimulation	START	1717570378425
USER	RecordedSimulation	START	1717570378425
REQUEST		new	1717570378328	1717570378427	OK	 
REQUEST		new	1717570378300	1717570378427	OK	 
USER	RecordedSimulation	START	1717570378429
USER	RecordedSimulation	START	1717570378429
REQUEST		new	1717570378318	1717570378430	OK	 
REQUEST		new	1717570378279	1717570378430	OK	 
USER	RecordedSimulation	START	1717570378431
REQUEST		new	1717570378276	1717570378432	OK	 
USER	RecordedSimulation	START	1717570378433
REQUEST		new	1717570378279	1717570378421	OK	 
USER	RecordedSimulation	START	1717570378434
REQUEST		new	1717570378327	1717570378434	OK	 
REQUEST		new	1717570378298	1717570378437	OK	 
REQUEST		new	1717570378332	1717570378438	OK	 
REQUEST		new	1717570378290	1717570378440	OK	 
USER	RecordedSimulation	START	1717570378440
REQUEST		new	1717570378298	1717570378440	OK	 
REQUEST		undoMove	1717570378307	1717570378442	OK	 
USER	RecordedSimulation	START	1717570378444
REQUEST		new	1717570378300	1717570378443	OK	 
REQUEST		new	1717570378311	1717570378447	OK	 
REQUEST		new	1717570378290	1717570378448	OK	 
REQUEST		new	1717570378276	1717570378448	OK	 
REQUEST		new	1717570378283	1717570378435	OK	 
REQUEST		new	1717570378327	1717570378449	OK	 
REQUEST		new	1717570378300	1717570378452	OK	 
REQUEST		new	1717570378300	1717570378453	OK	 
REQUEST		new	1717570378310	1717570378456	OK	 
REQUEST		new	1717570378276	1717570378458	OK	 
REQUEST		new	1717570378297	1717570378462	OK	 
REQUEST		new	1717570378332	1717570378463	OK	 
REQUEST		new	1717570378315	1717570378463	OK	 
REQUEST		new	1717570378331	1717570378472	OK	 
REQUEST		new	1717570378335	1717570378477	OK	 
REQUEST		new	1717570378348	1717570378479	OK	 
REQUEST		new	1717570378336	1717570378483	OK	 
REQUEST		new	1717570378396	1717570378485	OK	 
REQUEST		new	1717570378314	1717570378492	OK	 
REQUEST		new	1717570378397	1717570378491	OK	 
REQUEST		new	1717570378327	1717570378497	OK	 
REQUEST		new	1717570378314	1717570378500	OK	 
REQUEST		new	1717570378332	1717570378500	OK	 
REQUEST		new	1717570378341	1717570378507	OK	 
REQUEST		new	1717570378367	1717570378508	OK	 
REQUEST		new	1717570378397	1717570378517	OK	 
REQUEST		new	1717570378401	1717570378519	OK	 
REQUEST		new	1717570378404	1717570378523	OK	 
REQUEST		new	1717570378378	1717570378523	OK	 
REQUEST		new	1717570378403	1717570378530	OK	 
REQUEST		new	1717570378379	1717570378533	OK	 
REQUEST		new	1717570378404	1717570378538	OK	 
REQUEST		new	1717570378367	1717570378539	OK	 
REQUEST		new	1717570378378	1717570378546	OK	 
REQUEST		new	1717570378398	1717570378554	OK	 
REQUEST		new	1717570378379	1717570378553	OK	 
REQUEST		new	1717570378407	1717570378559	OK	 
REQUEST		new	1717570378399	1717570378564	OK	 
REQUEST		new	1717570378379	1717570378567	OK	 
REQUEST		new	1717570378401	1717570378571	OK	 
REQUEST		new	1717570378380	1717570378574	OK	 
REQUEST		new	1717570378415	1717570378580	OK	 
REQUEST		new	1717570378375	1717570378580	OK	 
REQUEST		new	1717570378403	1717570378585	OK	 
REQUEST		new	1717570378379	1717570378587	OK	 
REQUEST		new	1717570378417	1717570378592	OK	 
REQUEST		new	1717570378380	1717570378594	OK	 
REQUEST		new	1717570378379	1717570378599	OK	 
REQUEST		new	1717570378405	1717570378602	OK	 
REQUEST		new	1717570378415	1717570378604	OK	 
REQUEST		new	1717570378417	1717570378610	OK	 
REQUEST		new	1717570378381	1717570378612	OK	 
REQUEST		new	1717570378398	1717570378617	OK	 
REQUEST		new	1717570378314	1717570378620	OK	 
REQUEST		new	1717570378382	1717570378625	OK	 
REQUEST		new	1717570378341	1717570378626	OK	 
REQUEST		new	1717570378422	1717570378630	OK	 
REQUEST		new	1717570378421	1717570378632	OK	 
REQUEST		new	1717570378381	1717570378636	OK	 
REQUEST		new	1717570378423	1717570378640	OK	 
REQUEST		new	1717570378372	1717570378643	OK	 
REQUEST		new	1717570378424	1717570378645	OK	 
REQUEST		new	1717570378427	1717570378648	OK	 
REQUEST		new	1717570378346	1717570378651	OK	 
REQUEST		new	1717570378414	1717570378655	OK	 
REQUEST		new	1717570378384	1717570378658	OK	 
REQUEST		new	1717570378429	1717570378661	OK	 
REQUEST		new	1717570378379	1717570378665	OK	 
REQUEST		new	1717570378416	1717570378669	OK	 
REQUEST		new	1717570378348	1717570378670	OK	 
REQUEST		new	1717570378433	1717570378673	OK	 
REQUEST		new	1717570378329	1717570378677	OK	 
REQUEST		new	1717570378332	1717570378680	OK	 
REQUEST		new	1717570378439	1717570378684	OK	 
REQUEST		new	1717570378372	1717570378687	OK	 
REQUEST		new	1717570378406	1717570378690	OK	 
REQUEST		new	1717570378442	1717570378692	OK	 
REQUEST		numberOfPlayers	1717570379558	1717570379561	OK	 
REQUEST		putMulti	1717570381304	1717570381308	OK	 
REQUEST		putMulti	1717570381343	1717570381347	OK	 
REQUEST		putMulti	1717570381343	1717570381347	OK	 
REQUEST		putMulti	1717570381376	1717570381379	OK	 
REQUEST		putMulti	1717570381392	1717570381396	OK	 
REQUEST		putMulti	1717570381398	1717570381400	OK	 
REQUEST		putMulti	1717570381405	1717570381409	OK	 
REQUEST		putMulti	1717570381421	1717570381424	OK	 
REQUEST		putMulti	1717570381425	1717570381429	OK	 
REQUEST		putMulti	1717570381425	1717570381429	OK	 
REQUEST		putMulti	1717570381435	1717570381439	OK	 
REQUEST		putMulti	1717570381434	1717570381438	OK	 
REQUEST		putMulti	1717570381435	1717570381439	OK	 
REQUEST		putMulti	1717570381435	1717570381440	OK	 
REQUEST		putMulti	1717570381435	1717570381440	OK	 
REQUEST		putMulti	1717570381438	1717570381443	OK	 
REQUEST		putMulti	1717570381440	1717570381445	OK	 
REQUEST		putMulti	1717570381445	1717570381450	OK	 
REQUEST		putMulti	1717570381446	1717570381450	OK	 
REQUEST		putMulti	1717570381446	1717570381450	OK	 
REQUEST		cell	1717570381446	1717570381450	OK	 
REQUEST		putMulti	1717570381452	1717570381456	OK	 
REQUEST		putMulti	1717570381455	1717570381458	OK	 
REQUEST		putMulti	1717570381454	1717570381460	OK	 
REQUEST		putMulti	1717570381454	1717570381461	OK	 
REQUEST		putMulti	1717570381454	1717570381461	OK	 
REQUEST		putMulti	1717570381456	1717570381463	OK	 
REQUEST		putMulti	1717570381458	1717570381463	OK	 
REQUEST		putMulti	1717570381458	1717570381463	OK	 
REQUEST		putMulti	1717570381455	1717570381464	OK	 
REQUEST		putMulti	1717570381452	1717570381465	OK	 
REQUEST		putMulti	1717570381462	1717570381468	OK	 
REQUEST		putMulti	1717570381455	1717570381467	OK	 
REQUEST		putMulti	1717570381464	1717570381468	OK	 
REQUEST		putMulti	1717570381465	1717570381470	OK	 
REQUEST		putMulti	1717570381472	1717570381476	OK	 
REQUEST		putMulti	1717570381471	1717570381477	OK	 
REQUEST		putMulti	1717570381475	1717570381482	OK	 
REQUEST		putMulti	1717570381480	1717570381484	OK	 
REQUEST		putMulti	1717570381482	1717570381485	OK	 
REQUEST		putMulti	1717570381485	1717570381489	OK	 
REQUEST		putMulti	1717570381485	1717570381491	OK	 
REQUEST		putMulti	1717570381492	1717570381497	OK	 
REQUEST		putMulti	1717570381495	1717570381499	OK	 
REQUEST		putMulti	1717570381495	1717570381499	OK	 
REQUEST		putMulti	1717570381501	1717570381505	OK	 
REQUEST		putMulti	1717570381505	1717570381510	OK	 
REQUEST		putMulti	1717570381507	1717570381511	OK	 
REQUEST		putMulti	1717570381511	1717570381514	OK	 
REQUEST		putMulti	1717570381515	1717570381518	OK	 
REQUEST		putMulti	1717570381525	1717570381528	OK	 
REQUEST		putMulti	1717570381528	1717570381532	OK	 
REQUEST		putMulti	1717570381529	1717570381533	OK	 
REQUEST		putMulti	1717570381530	1717570381533	OK	 
REQUEST		putMulti	1717570381535	1717570381538	OK	 
REQUEST		putMulti	1717570381542	1717570381545	OK	 
REQUEST		putMulti	1717570381545	1717570381548	OK	 
REQUEST		putMulti	1717570381543	1717570381548	OK	 
REQUEST		putMulti	1717570381555	1717570381558	OK	 
REQUEST		putMulti	1717570381556	1717570381559	OK	 
REQUEST		putMulti	1717570381561	1717570381564	OK	 
REQUEST		putMulti	1717570381562	1717570381566	OK	 
REQUEST		putMulti	1717570381572	1717570381575	OK	 
REQUEST		putMulti	1717570381572	1717570381575	OK	 
REQUEST		putMulti	1717570381577	1717570381580	OK	 
REQUEST		putMulti	1717570381584	1717570381588	OK	 
REQUEST		putMulti	1717570381586	1717570381590	OK	 
REQUEST		putMulti	1717570381588	1717570381592	OK	 
REQUEST		putMulti	1717570381590	1717570381594	OK	 
REQUEST		putMulti	1717570381595	1717570381599	OK	 
REQUEST		putMulti	1717570381597	1717570381601	OK	 
REQUEST		putMulti	1717570381602	1717570381607	OK	 
REQUEST		putMulti	1717570381605	1717570381609	OK	 
REQUEST		putMulti	1717570381607	1717570381611	OK	 
REQUEST		putMulti	1717570381608	1717570381614	OK	 
REQUEST		putMulti	1717570381612	1717570381616	OK	 
REQUEST		putMulti	1717570381615	1717570381618	OK	 
REQUEST		putMulti	1717570381620	1717570381622	OK	 
REQUEST		putMulti	1717570381625	1717570381630	OK	 
REQUEST		putMulti	1717570381629	1717570381634	OK	 
REQUEST		putMulti	1717570381632	1717570381636	OK	 
REQUEST		putMulti	1717570381634	1717570381637	OK	 
REQUEST		putMulti	1717570381636	1717570381641	OK	 
REQUEST		putMulti	1717570381646	1717570381650	OK	 
REQUEST		putMulti	1717570381643	1717570381650	OK	 
REQUEST		putMulti	1717570381646	1717570381652	OK	 
REQUEST		putMulti	1717570381648	1717570381654	OK	 
REQUEST		putMulti	1717570381652	1717570381656	OK	 
REQUEST		putMulti	1717570381655	1717570381658	OK	 
REQUEST		putMulti	1717570381659	1717570381663	OK	 
REQUEST		putMulti	1717570381666	1717570381669	OK	 
REQUEST		putMulti	1717570381667	1717570381670	OK	 
REQUEST		putMulti	1717570381673	1717570381676	OK	 
REQUEST		putMulti	1717570381674	1717570381678	OK	 
REQUEST		putMulti	1717570381675	1717570381680	OK	 
REQUEST		putMulti	1717570381677	1717570381682	OK	 
REQUEST		putMulti	1717570381684	1717570381689	OK	 
REQUEST		putMulti	1717570381686	1717570381690	OK	 
REQUEST		putMulti	1717570381687	1717570381692	OK	 
REQUEST		putMulti	1717570381695	1717570381699	OK	 
REQUEST		putMulti	1717570381696	1717570381700	OK	 
REQUEST		putMulti	1717570381698	1717570381702	OK	 
REQUEST		isEmpty	1717570382567	1717570382570	OK	 
USER	RecordedSimulation	START	1717570383280
REQUEST		new	1717570383279	1717570383284	OK	 
REQUEST		undoMove	1717570383315	1717570383317	OK	 
REQUEST		undoMove	1717570383353	1717570383357	OK	 
REQUEST		undoMove	1717570383353	1717570383359	OK	 
REQUEST		undoMove	1717570383386	1717570383389	OK	 
REQUEST		undoMove	1717570383403	1717570383406	OK	 
REQUEST		undoMove	1717570383405	1717570383407	OK	 
REQUEST		undoMove	1717570383415	1717570383417	OK	 
REQUEST		undoMove	1717570383432	1717570383434	OK	 
REQUEST		undoMove	1717570383432	1717570383436	OK	 
REQUEST		undoMove	1717570383435	1717570383438	OK	 
REQUEST		undoMove	1717570383445	1717570383448	OK	 
REQUEST		undoMove	1717570383445	1717570383448	OK	 
REQUEST		undoMove	1717570383445	1717570383448	OK	 
REQUEST		undoMove	1717570383447	1717570383450	OK	 
REQUEST		undoMove	1717570383446	1717570383450	OK	 
REQUEST		undoMove	1717570383448	1717570383451	OK	 
REQUEST		undoMove	1717570383449	1717570383452	OK	 
REQUEST		undoMove	1717570383452	1717570383456	OK	 
REQUEST		undoMove	1717570383455	1717570383459	OK	 
REQUEST		undoMove	1717570383457	1717570383461	OK	 
REQUEST		undoMove	1717570383465	1717570383468	OK	 
REQUEST		undoMove	1717570383465	1717570383468	OK	 
REQUEST		undoMove	1717570383465	1717570383468	OK	 
REQUEST		undoMove	1717570383465	1717570383468	OK	 
REQUEST		undoMove	1717570383464	1717570383468	OK	 
REQUEST		undoMove	1717570383465	1717570383468	OK	 
REQUEST		undoMove	1717570383468	1717570383471	OK	 
REQUEST		undoMove	1717570383470	1717570383473	OK	 
REQUEST		undoMove	1717570383470	1717570383473	OK	 
REQUEST		undoMove	1717570383472	1717570383475	OK	 
REQUEST		undoMove	1717570383472	1717570383475	OK	 
REQUEST		undoMove	1717570383474	1717570383477	OK	 
REQUEST		undoMove	1717570383474	1717570383477	OK	 
REQUEST		undoMove	1717570383475	1717570383479	OK	 
REQUEST		undoMove	1717570383483	1717570383487	OK	 
REQUEST		undoMove	1717570383485	1717570383489	OK	 
REQUEST		undoMove	1717570383485	1717570383489	OK	 
REQUEST		undoMove	1717570383491	1717570383494	OK	 
REQUEST		undoMove	1717570383492	1717570383496	OK	 
REQUEST		undoMove	1717570383496	1717570383499	OK	 
REQUEST		undoMove	1717570383495	1717570383499	OK	 
REQUEST		undoMove	1717570383501	1717570383505	OK	 
REQUEST		undoMove	1717570383501	1717570383505	OK	 
REQUEST		undoMove	1717570383505	1717570383508	OK	 
REQUEST		undoMove	1717570383509	1717570383514	OK	 
REQUEST		undoMove	1717570383515	1717570383519	OK	 
REQUEST		undoMove	1717570383516	1717570383520	OK	 
REQUEST		undoMove	1717570383517	1717570383521	OK	 
REQUEST		undoMove	1717570383524	1717570383528	OK	 
REQUEST		undoMove	1717570383535	1717570383538	OK	 
REQUEST		undoMove	1717570383535	1717570383538	OK	 
REQUEST		undoMove	1717570383535	1717570383538	OK	 
REQUEST		undoMove	1717570383537	1717570383540	OK	 
REQUEST		undoMove	1717570383540	1717570383543	OK	 
REQUEST		undoMove	1717570383552	1717570383554	OK	 
REQUEST		undoMove	1717570383552	1717570383555	OK	 
REQUEST		undoMove	1717570383553	1717570383555	OK	 
REQUEST		undoMove	1717570383564	1717570383567	OK	 
REQUEST		undoMove	1717570383566	1717570383571	OK	 
REQUEST		undoMove	1717570383572	1717570383574	OK	 
REQUEST		undoMove	1717570383571	1717570383575	OK	 
REQUEST		undoMove	1717570383582	1717570383584	OK	 
REQUEST		undoMove	1717570383581	1717570383584	OK	 
REQUEST		undoMove	1717570383583	1717570383585	OK	 
REQUEST		undoMove	1717570383595	1717570383598	OK	 
REQUEST		undoMove	1717570383595	1717570383598	OK	 
REQUEST		undoMove	1717570383596	1717570383599	OK	 
REQUEST		undoMove	1717570383596	1717570383599	OK	 
REQUEST		undoMove	1717570383606	1717570383609	OK	 
REQUEST		undoMove	1717570383608	1717570383611	OK	 
REQUEST		undoMove	1717570383614	1717570383616	OK	 
REQUEST		undoMove	1717570383615	1717570383617	OK	 
REQUEST		undoMove	1717570383617	1717570383620	OK	 
REQUEST		undoMove	1717570383618	1717570383621	OK	 
REQUEST		undoMove	1717570383619	1717570383623	OK	 
REQUEST		undoMove	1717570383625	1717570383628	OK	 
REQUEST		undoMove	1717570383626	1717570383629	OK	 
REQUEST		undoMove	1717570383636	1717570383639	OK	 
REQUEST		undoMove	1717570383635	1717570383641	OK	 
REQUEST		undoMove	1717570383637	1717570383642	OK	 
REQUEST		undoMove	1717570383645	1717570383648	OK	 
REQUEST		undoMove	1717570383646	1717570383649	OK	 
REQUEST		undoMove	1717570383655	1717570383658	OK	 
REQUEST		undoMove	1717570383658	1717570383662	OK	 
REQUEST		undoMove	1717570383656	1717570383662	OK	 
REQUEST		undoMove	1717570383660	1717570383664	OK	 
REQUEST		undoMove	1717570383660	1717570383664	OK	 
REQUEST		undoMove	1717570383665	1717570383667	OK	 
REQUEST		undoMove	1717570383666	1717570383668	OK	 
REQUEST		undoMove	1717570383675	1717570383678	OK	 
REQUEST		undoMove	1717570383676	1717570383679	OK	 
REQUEST		undoMove	1717570383683	1717570383686	OK	 
REQUEST		undoMove	1717570383684	1717570383688	OK	 
REQUEST		undoMove	1717570383685	1717570383688	OK	 
REQUEST		undoMove	1717570383686	1717570383689	OK	 
REQUEST		undoMove	1717570383695	1717570383699	OK	 
REQUEST		undoMove	1717570383696	1717570383700	OK	 
REQUEST		undoMove	1717570383698	1717570383701	OK	 
REQUEST		undoMove	1717570383705	1717570383709	OK	 
REQUEST		undoMove	1717570383706	1717570383711	OK	 
REQUEST		undoMove	1717570383708	1717570383712	OK	 
REQUEST		numberOfPlayers	1717570384459	1717570384461	OK	 
REQUEST		mesh	1717570385577	1717570385579	OK	 
USER	RecordedSimulation	END	1717570385585
REQUEST		putMulti	1717570386292	1717570386295	OK	 
REQUEST		cell	1717570386325	1717570386328	OK	 
REQUEST		cell	1717570386364	1717570386367	OK	 
REQUEST		cell	1717570386365	1717570386369	OK	 
REQUEST		cell	1717570386396	1717570386399	OK	 
REQUEST		cell	1717570386413	1717570386415	OK	 
REQUEST		cell	1717570386414	1717570386416	OK	 
REQUEST		cell	1717570386424	1717570386426	OK	 
REQUEST		cell	1717570386441	1717570386444	OK	 
REQUEST		cell	1717570386443	1717570386446	OK	 
REQUEST		cell	1717570386444	1717570386447	OK	 
REQUEST		cell	1717570386454	1717570386457	OK	 
REQUEST		cell	1717570386454	1717570386457	OK	 
REQUEST		cell	1717570386455	1717570386456	OK	 
REQUEST		cell	1717570386455	1717570386457	OK	 
REQUEST		cell	1717570386455	1717570386457	OK	 
REQUEST		cell	1717570386454	1717570386457	OK	 
REQUEST		cell	1717570386456	1717570386459	OK	 
REQUEST		cell	1717570386463	1717570386466	OK	 
REQUEST		cell	1717570386465	1717570386468	OK	 
REQUEST		cell	1717570386469	1717570386471	OK	 
REQUEST		cell	1717570386470	1717570386472	OK	 
REQUEST		cell	1717570386474	1717570386477	OK	 
REQUEST		cell	1717570386475	1717570386477	OK	 
REQUEST		cell	1717570386475	1717570386477	OK	 
REQUEST		cell	1717570386475	1717570386477	OK	 
REQUEST		cell	1717570386475	1717570386477	OK	 
REQUEST		cell	1717570386475	1717570386478	OK	 
REQUEST		cell	1717570386475	1717570386478	OK	 
REQUEST		cell	1717570386479	1717570386481	OK	 
REQUEST		cell	1717570386482	1717570386485	OK	 
REQUEST		cell	1717570386482	1717570386485	OK	 
REQUEST		cell	1717570386482	1717570386485	OK	 
REQUEST		cell	1717570386485	1717570386487	OK	 
REQUEST		cell	1717570386484	1717570386487	OK	 
REQUEST		cell	1717570386493	1717570386496	OK	 
REQUEST		cell	1717570386495	1717570386498	OK	 
REQUEST		cell	1717570386495	1717570386498	OK	 
REQUEST		cell	1717570386501	1717570386503	OK	 
REQUEST		cell	1717570386502	1717570386504	OK	 
REQUEST		cell	1717570386505	1717570386507	OK	 
REQUEST		cell	1717570386505	1717570386507	OK	 
REQUEST		cell	1717570386506	1717570386508	OK	 
REQUEST		cell	1717570386506	1717570386508	OK	 
REQUEST		cell	1717570386515	1717570386518	OK	 
REQUEST		cell	1717570386517	1717570386519	OK	 
REQUEST		cell	1717570386525	1717570386527	OK	 
REQUEST		cell	1717570386526	1717570386530	OK	 
REQUEST		cell	1717570386527	1717570386531	OK	 
REQUEST		cell	1717570386535	1717570386537	OK	 
REQUEST		cell	1717570386545	1717570386549	OK	 
REQUEST		cell	1717570386545	1717570386549	OK	 
REQUEST		cell	1717570386545	1717570386549	OK	 
REQUEST		cell	1717570386547	1717570386551	OK	 
REQUEST		cell	1717570386547	1717570386551	OK	 
REQUEST		cell	1717570386561	1717570386564	OK	 
REQUEST		cell	1717570386561	1717570386564	OK	 
REQUEST		cell	1717570386563	1717570386565	OK	 
REQUEST		cell	1717570386574	1717570386576	OK	 
REQUEST		cell	1717570386575	1717570386578	OK	 
REQUEST		cell	1717570386580	1717570386582	OK	 
REQUEST		cell	1717570386581	1717570386583	OK	 
REQUEST		cell	1717570386585	1717570386587	OK	 
REQUEST		cell	1717570386585	1717570386587	OK	 
REQUEST		cell	1717570386586	1717570386588	OK	 
REQUEST		cell	1717570386605	1717570386609	OK	 
REQUEST		cell	1717570386605	1717570386609	OK	 
REQUEST		cell	1717570386607	1717570386610	OK	 
REQUEST		cell	1717570386607	1717570386610	OK	 
REQUEST		cell	1717570386616	1717570386621	OK	 
REQUEST		cell	1717570386618	1717570386622	OK	 
REQUEST		cell	1717570386623	1717570386626	OK	 
REQUEST		cell	1717570386625	1717570386628	OK	 
REQUEST		cell	1717570386627	1717570386631	OK	 
REQUEST		cell	1717570386628	1717570386633	OK	 
REQUEST		cell	1717570386630	1717570386634	OK	 
REQUEST		cell	1717570386635	1717570386638	OK	 
REQUEST		cell	1717570386637	1717570386639	OK	 
REQUEST		cell	1717570386646	1717570386649	OK	 
REQUEST		cell	1717570386647	1717570386650	OK	 
REQUEST		cell	1717570386648	1717570386651	OK	 
REQUEST		cell	1717570386654	1717570386656	OK	 
REQUEST		cell	1717570386655	1717570386657	OK	 
REQUEST		cell	1717570386665	1717570386667	OK	 
REQUEST		cell	1717570386665	1717570386668	OK	 
REQUEST		cell	1717570386666	1717570386668	OK	 
REQUEST		cell	1717570386666	1717570386669	OK	 
REQUEST		cell	1717570386667	1717570386670	OK	 
REQUEST		cell	1717570386673	1717570386675	OK	 
REQUEST		cell	1717570386674	1717570386676	OK	 
REQUEST		cell	1717570386685	1717570386688	OK	 
REQUEST		cell	1717570386685	1717570386689	OK	 
REQUEST		cell	1717570386692	1717570386694	OK	 
REQUEST		cell	1717570386693	1717570386695	OK	 
REQUEST		cell	1717570386695	1717570386698	OK	 
REQUEST		cell	1717570386696	1717570386698	OK	 
REQUEST		cell	1717570386705	1717570386708	OK	 
REQUEST		cell	1717570386706	1717570386708	OK	 
REQUEST		cell	1717570386707	1717570386709	OK	 
REQUEST		cell	1717570386713	1717570386716	OK	 
REQUEST		cell	1717570386715	1717570386717	OK	 
REQUEST		cell	1717570386715	1717570386718	OK	 
REQUEST		isEmpty	1717570387468	1717570387470	OK	 
REQUEST		undoMove	1717570388302	1717570388305	OK	 
REQUEST		numberOfPlayers	1717570389330	1717570389333	OK	 
REQUEST		numberOfPlayers	1717570389374	1717570389376	OK	 
REQUEST		numberOfPlayers	1717570389375	1717570389377	OK	 
REQUEST		numberOfPlayers	1717570389405	1717570389407	OK	 
REQUEST		numberOfPlayers	1717570389422	1717570389424	OK	 
REQUEST		numberOfPlayers	1717570389423	1717570389425	OK	 
REQUEST		numberOfPlayers	1717570389433	1717570389435	OK	 
REQUEST		numberOfPlayers	1717570389451	1717570389453	OK	 
REQUEST		numberOfPlayers	1717570389453	1717570389455	OK	 
REQUEST		numberOfPlayers	1717570389453	1717570389455	OK	 
REQUEST		numberOfPlayers	1717570389461	1717570389464	OK	 
REQUEST		numberOfPlayers	1717570389461	1717570389464	OK	 
REQUEST		numberOfPlayers	1717570389463	1717570389466	OK	 
REQUEST		numberOfPlayers	1717570389463	1717570389466	OK	 
REQUEST		numberOfPlayers	1717570389464	1717570389466	OK	 
REQUEST		numberOfPlayers	1717570389463	1717570389466	OK	 
REQUEST		numberOfPlayers	1717570389464	1717570389467	OK	 
REQUEST		numberOfPlayers	1717570389473	1717570389475	OK	 
REQUEST		numberOfPlayers	1717570389475	1717570389477	OK	 
REQUEST		numberOfPlayers	1717570389475	1717570389477	OK	 
REQUEST		numberOfPlayers	1717570389475	1717570389477	OK	 
REQUEST		numberOfPlayers	1717570389480	1717570389482	OK	 
REQUEST		numberOfPlayers	1717570389484	1717570389486	OK	 
REQUEST		numberOfPlayers	1717570389483	1717570389486	OK	 
REQUEST		numberOfPlayers	1717570389484	1717570389486	OK	 
REQUEST		numberOfPlayers	1717570389485	1717570389487	OK	 
REQUEST		numberOfPlayers	1717570389485	1717570389487	OK	 
REQUEST		numberOfPlayers	1717570389485	1717570389487	OK	 
REQUEST		numberOfPlayers	1717570389487	1717570389489	OK	 
REQUEST		numberOfPlayers	1717570389488	1717570389489	OK	 
REQUEST		numberOfPlayers	1717570389492	1717570389493	OK	 
REQUEST		numberOfPlayers	1717570389492	1717570389493	OK	 
REQUEST		numberOfPlayers	1717570389494	1717570389496	OK	 
REQUEST		numberOfPlayers	1717570389494	1717570389496	OK	 
REQUEST		numberOfPlayers	1717570389503	1717570389505	OK	 
REQUEST		numberOfPlayers	1717570389504	1717570389506	OK	 
REQUEST		numberOfPlayers	1717570389504	1717570389506	OK	 
REQUEST		numberOfPlayers	1717570389505	1717570389507	OK	 
REQUEST		numberOfPlayers	1717570389505	1717570389507	OK	 
REQUEST		numberOfPlayers	1717570389514	1717570389516	OK	 
REQUEST		numberOfPlayers	1717570389514	1717570389516	OK	 
REQUEST		numberOfPlayers	1717570389515	1717570389517	OK	 
REQUEST		numberOfPlayers	1717570389515	1717570389517	OK	 
REQUEST		numberOfPlayers	1717570389525	1717570389527	OK	 
REQUEST		numberOfPlayers	1717570389525	1717570389527	OK	 
REQUEST		numberOfPlayers	1717570389534	1717570389536	OK	 
REQUEST		numberOfPlayers	1717570389537	1717570389539	OK	 
REQUEST		numberOfPlayers	1717570389537	1717570389539	OK	 
REQUEST		numberOfPlayers	1717570389544	1717570389547	OK	 
REQUEST		numberOfPlayers	1717570389551	1717570389552	OK	 
REQUEST		numberOfPlayers	1717570389551	1717570389552	OK	 
REQUEST		numberOfPlayers	1717570389553	1717570389555	OK	 
REQUEST		numberOfPlayers	1717570389556	1717570389558	OK	 
REQUEST		numberOfPlayers	1717570389557	1717570389559	OK	 
REQUEST		numberOfPlayers	1717570389571	1717570389573	OK	 
REQUEST		numberOfPlayers	1717570389571	1717570389573	OK	 
REQUEST		numberOfPlayers	1717570389572	1717570389574	OK	 
REQUEST		numberOfPlayers	1717570389583	1717570389585	OK	 
REQUEST		numberOfPlayers	1717570389584	1717570389586	OK	 
REQUEST		numberOfPlayers	1717570389589	1717570389591	OK	 
REQUEST		numberOfPlayers	1717570389590	1717570389591	OK	 
REQUEST		numberOfPlayers	1717570389594	1717570389596	OK	 
REQUEST		numberOfPlayers	1717570389594	1717570389596	OK	 
REQUEST		numberOfPlayers	1717570389595	1717570389598	OK	 
REQUEST		numberOfPlayers	1717570389615	1717570389617	OK	 
REQUEST		numberOfPlayers	1717570389615	1717570389618	OK	 
REQUEST		numberOfPlayers	1717570389615	1717570389618	OK	 
REQUEST		numberOfPlayers	1717570389616	1717570389618	OK	 
REQUEST		numberOfPlayers	1717570389625	1717570389628	OK	 
REQUEST		numberOfPlayers	1717570389626	1717570389629	OK	 
REQUEST		numberOfPlayers	1717570389633	1717570389635	OK	 
REQUEST		numberOfPlayers	1717570389634	1717570389636	OK	 
REQUEST		numberOfPlayers	1717570389635	1717570389638	OK	 
REQUEST		numberOfPlayers	1717570389636	1717570389639	OK	 
REQUEST		numberOfPlayers	1717570389637	1717570389640	OK	 
REQUEST		numberOfPlayers	1717570389645	1717570389647	OK	 
REQUEST		numberOfPlayers	1717570389646	1717570389648	OK	 
REQUEST		numberOfPlayers	1717570389655	1717570389657	OK	 
REQUEST		numberOfPlayers	1717570389656	1717570389658	OK	 
REQUEST		numberOfPlayers	1717570389656	1717570389659	OK	 
REQUEST		numberOfPlayers	1717570389663	1717570389665	OK	 
REQUEST		numberOfPlayers	1717570389663	1717570389666	OK	 
REQUEST		numberOfPlayers	1717570389674	1717570389676	OK	 
REQUEST		numberOfPlayers	1717570389674	1717570389677	OK	 
REQUEST		numberOfPlayers	1717570389675	1717570389678	OK	 
REQUEST		numberOfPlayers	1717570389675	1717570389678	OK	 
REQUEST		numberOfPlayers	1717570389676	1717570389679	OK	 
REQUEST		numberOfPlayers	1717570389678	1717570389681	OK	 
REQUEST		numberOfPlayers	1717570389679	1717570389682	OK	 
REQUEST		numberOfPlayers	1717570389694	1717570389697	OK	 
REQUEST		numberOfPlayers	1717570389695	1717570389698	OK	 
REQUEST		numberOfPlayers	1717570389701	1717570389703	OK	 
REQUEST		numberOfPlayers	1717570389702	1717570389704	OK	 
REQUEST		numberOfPlayers	1717570389704	1717570389706	OK	 
REQUEST		numberOfPlayers	1717570389705	1717570389708	OK	 
REQUEST		numberOfPlayers	1717570389714	1717570389721	OK	 
REQUEST		numberOfPlayers	1717570389717	1717570389722	OK	 
REQUEST		numberOfPlayers	1717570389719	1717570389723	OK	 
REQUEST		numberOfPlayers	1717570389722	1717570389726	OK	 
REQUEST		numberOfPlayers	1717570389724	1717570389727	OK	 
REQUEST		numberOfPlayers	1717570389725	1717570389728	OK	 
REQUEST		mesh	1717570390477	1717570390480	OK	 
USER	RecordedSimulation	END	1717570390481
REQUEST		cell	1717570391313	1717570391314	OK	 
REQUEST		isEmpty	1717570392340	1717570392342	OK	 
REQUEST		isEmpty	1717570392383	1717570392384	OK	 
REQUEST		isEmpty	1717570392382	1717570392384	OK	 
REQUEST		isEmpty	1717570392412	1717570392415	OK	 
REQUEST		isEmpty	1717570392430	1717570392432	OK	 
REQUEST		isEmpty	1717570392431	1717570392433	OK	 
REQUEST		isEmpty	1717570392441	1717570392443	OK	 
REQUEST		isEmpty	1717570392455	1717570392457	OK	 
REQUEST		isEmpty	1717570392461	1717570392463	OK	 
REQUEST		isEmpty	1717570392461	1717570392463	OK	 
REQUEST		isEmpty	1717570392464	1717570392466	OK	 
REQUEST		isEmpty	1717570392466	1717570392468	OK	 
REQUEST		isEmpty	1717570392472	1717570392474	OK	 
REQUEST		isEmpty	1717570392472	1717570392474	OK	 
REQUEST		isEmpty	1717570392472	1717570392474	OK	 
REQUEST		isEmpty	1717570392472	1717570392474	OK	 
REQUEST		isEmpty	1717570392473	1717570392475	OK	 
REQUEST		isEmpty	1717570392481	1717570392483	OK	 
REQUEST		isEmpty	1717570392482	1717570392485	OK	 
REQUEST		isEmpty	1717570392483	1717570392485	OK	 
REQUEST		isEmpty	1717570392483	1717570392485	OK	 
REQUEST		isEmpty	1717570392485	1717570392487	OK	 
REQUEST		isEmpty	1717570392492	1717570392494	OK	 
REQUEST		isEmpty	1717570392492	1717570392494	OK	 
REQUEST		isEmpty	1717570392493	1717570392495	OK	 
REQUEST		isEmpty	1717570392493	1717570392495	OK	 
REQUEST		isEmpty	1717570392493	1717570392495	OK	 
REQUEST		isEmpty	1717570392494	1717570392497	OK	 
REQUEST		isEmpty	1717570392494	1717570392497	OK	 
REQUEST		isEmpty	1717570392495	1717570392498	OK	 
REQUEST		isEmpty	1717570392500	1717570392502	OK	 
REQUEST		isEmpty	1717570392500	1717570392502	OK	 
REQUEST		isEmpty	1717570392500	1717570392502	OK	 
REQUEST		isEmpty	1717570392502	1717570392505	OK	 
REQUEST		isEmpty	1717570392508	1717570392509	OK	 
REQUEST		isEmpty	1717570392510	1717570392512	OK	 
REQUEST		isEmpty	1717570392512	1717570392515	OK	 
REQUEST		isEmpty	1717570392512	1717570392515	OK	 
REQUEST		isEmpty	1717570392513	1717570392515	OK	 
REQUEST		isEmpty	1717570392522	1717570392524	OK	 
REQUEST		isEmpty	1717570392522	1717570392524	OK	 
REQUEST		isEmpty	1717570392523	1717570392525	OK	 
REQUEST		isEmpty	1717570392523	1717570392525	OK	 
REQUEST		isEmpty	1717570392534	1717570392536	OK	 
REQUEST		isEmpty	1717570392533	1717570392536	OK	 
REQUEST		isEmpty	1717570392537	1717570392538	OK	 
REQUEST		isEmpty	1717570392545	1717570392547	OK	 
REQUEST		isEmpty	1717570392545	1717570392548	OK	 
REQUEST		isEmpty	1717570392553	1717570392554	OK	 
REQUEST		isEmpty	1717570392554	1717570392556	OK	 
REQUEST		isEmpty	1717570392554	1717570392556	OK	 
REQUEST		isEmpty	1717570392556	1717570392558	OK	 
REQUEST		isEmpty	1717570392565	1717570392567	OK	 
REQUEST		isEmpty	1717570392565	1717570392568	OK	 
REQUEST		isEmpty	1717570392575	1717570392577	OK	 
REQUEST		isEmpty	1717570392575	1717570392577	OK	 
REQUEST		isEmpty	1717570392575	1717570392577	OK	 
REQUEST		isEmpty	1717570392592	1717570392594	OK	 
REQUEST		isEmpty	1717570392592	1717570392594	OK	 
REQUEST		isEmpty	1717570392594	1717570392597	OK	 
REQUEST		isEmpty	1717570392595	1717570392598	OK	 
REQUEST		isEmpty	1717570392603	1717570392604	OK	 
REQUEST		isEmpty	1717570392602	1717570392604	OK	 
REQUEST		isEmpty	1717570392603	1717570392605	OK	 
REQUEST		isEmpty	1717570392623	1717570392625	OK	 
REQUEST		isEmpty	1717570392623	1717570392625	OK	 
REQUEST		isEmpty	1717570392623	1717570392625	OK	 
REQUEST		isEmpty	1717570392624	1717570392625	OK	 
REQUEST		isEmpty	1717570392635	1717570392637	OK	 
REQUEST		isEmpty	1717570392635	1717570392637	OK	 
REQUEST		isEmpty	1717570392641	1717570392643	OK	 
REQUEST		isEmpty	1717570392642	1717570392644	OK	 
REQUEST		isEmpty	1717570392644	1717570392646	OK	 
REQUEST		isEmpty	1717570392644	1717570392647	OK	 
REQUEST		isEmpty	1717570392644	1717570392648	OK	 
REQUEST		isEmpty	1717570392654	1717570392656	OK	 
REQUEST		isEmpty	1717570392654	1717570392656	OK	 
REQUEST		isEmpty	1717570392664	1717570392666	OK	 
REQUEST		isEmpty	1717570392665	1717570392667	OK	 
REQUEST		isEmpty	1717570392665	1717570392667	OK	 
REQUEST		isEmpty	1717570392672	1717570392673	OK	 
REQUEST		isEmpty	1717570392671	1717570392673	OK	 
REQUEST		isEmpty	1717570392682	1717570392685	OK	 
REQUEST		isEmpty	1717570392683	1717570392685	OK	 
REQUEST		isEmpty	1717570392683	1717570392685	OK	 
REQUEST		isEmpty	1717570392683	1717570392686	OK	 
REQUEST		isEmpty	1717570392684	1717570392686	OK	 
REQUEST		isEmpty	1717570392685	1717570392687	OK	 
REQUEST		isEmpty	1717570392686	1717570392688	OK	 
REQUEST		isEmpty	1717570392704	1717570392705	OK	 
REQUEST		isEmpty	1717570392703	1717570392706	OK	 
REQUEST		isEmpty	1717570392704	1717570392706	OK	 
REQUEST		isEmpty	1717570392705	1717570392707	OK	 
REQUEST		isEmpty	1717570392713	1717570392715	OK	 
REQUEST		isEmpty	1717570392714	1717570392716	OK	 
REQUEST		isEmpty	1717570392727	1717570392730	OK	 
REQUEST		isEmpty	1717570392728	1717570392730	OK	 
REQUEST		isEmpty	1717570392728	1717570392731	OK	 
REQUEST		isEmpty	1717570392732	1717570392734	OK	 
REQUEST		isEmpty	1717570392733	1717570392735	OK	 
REQUEST		isEmpty	1717570392733	1717570392735	OK	 
REQUEST		numberOfPlayers	1717570394321	1717570394323	OK	 
REQUEST		mesh	1717570395345	1717570395347	OK	 
USER	RecordedSimulation	END	1717570395348
REQUEST		mesh	1717570395390	1717570395392	OK	 
REQUEST		mesh	1717570395390	1717570395393	OK	 
USER	RecordedSimulation	END	1717570395393
USER	RecordedSimulation	END	1717570395393
REQUEST		mesh	1717570395421	1717570395423	OK	 
USER	RecordedSimulation	END	1717570395424
REQUEST		mesh	1717570395434	1717570395435	OK	 
USER	RecordedSimulation	END	1717570395436
REQUEST		mesh	1717570395433	1717570395436	OK	 
USER	RecordedSimulation	END	1717570395437
REQUEST		mesh	1717570395449	1717570395452	OK	 
USER	RecordedSimulation	END	1717570395452
REQUEST		mesh	1717570395464	1717570395466	OK	 
REQUEST		mesh	1717570395465	1717570395466	OK	 
USER	RecordedSimulation	END	1717570395467
USER	RecordedSimulation	END	1717570395467
REQUEST		mesh	1717570395469	1717570395471	OK	 
USER	RecordedSimulation	END	1717570395472
REQUEST		mesh	1717570395471	1717570395474	OK	 
USER	RecordedSimulation	END	1717570395475
REQUEST		mesh	1717570395472	1717570395475	OK	 
USER	RecordedSimulation	END	1717570395477
REQUEST		mesh	1717570395480	1717570395483	OK	 
REQUEST		mesh	1717570395480	1717570395483	OK	 
REQUEST		mesh	1717570395480	1717570395483	OK	 
REQUEST		mesh	1717570395480	1717570395483	OK	 
USER	RecordedSimulation	END	1717570395484
USER	RecordedSimulation	END	1717570395484
USER	RecordedSimulation	END	1717570395484
USER	RecordedSimulation	END	1717570395484
REQUEST		mesh	1717570395481	1717570395484	OK	 
USER	RecordedSimulation	END	1717570395485
REQUEST		mesh	1717570395484	1717570395487	OK	 
USER	RecordedSimulation	END	1717570395488
REQUEST		mesh	1717570395491	1717570395494	OK	 
REQUEST		mesh	1717570395491	1717570395494	OK	 
REQUEST		mesh	1717570395491	1717570395495	OK	 
USER	RecordedSimulation	END	1717570395496
USER	RecordedSimulation	END	1717570395496
USER	RecordedSimulation	END	1717570395496
REQUEST		mesh	1717570395493	1717570395496	OK	 
USER	RecordedSimulation	END	1717570395498
REQUEST		mesh	1717570395500	1717570395503	OK	 
REQUEST		mesh	1717570395501	1717570395504	OK	 
REQUEST		mesh	1717570395501	1717570395504	OK	 
REQUEST		mesh	1717570395501	1717570395504	OK	 
REQUEST		mesh	1717570395501	1717570395504	OK	 
USER	RecordedSimulation	END	1717570395504
REQUEST		mesh	1717570395501	1717570395504	OK	 
USER	RecordedSimulation	END	1717570395505
USER	RecordedSimulation	END	1717570395505
REQUEST		mesh	1717570395502	1717570395506	OK	 
USER	RecordedSimulation	END	1717570395506
USER	RecordedSimulation	END	1717570395506
USER	RecordedSimulation	END	1717570395506
USER	RecordedSimulation	END	1717570395507
REQUEST		mesh	1717570395503	1717570395507	OK	 
USER	RecordedSimulation	END	1717570395508
REQUEST		mesh	1717570395505	1717570395508	OK	 
REQUEST		mesh	1717570395505	1717570395508	OK	 
USER	RecordedSimulation	END	1717570395509
USER	RecordedSimulation	END	1717570395510
REQUEST		mesh	1717570395508	1717570395511	OK	 
USER	RecordedSimulation	END	1717570395512
REQUEST		mesh	1717570395511	1717570395513	OK	 
USER	RecordedSimulation	END	1717570395515
REQUEST		mesh	1717570395515	1717570395517	OK	 
USER	RecordedSimulation	END	1717570395518
REQUEST		mesh	1717570395518	1717570395520	OK	 
USER	RecordedSimulation	END	1717570395521
REQUEST		mesh	1717570395520	1717570395523	OK	 
REQUEST		mesh	1717570395521	1717570395523	OK	 
USER	RecordedSimulation	END	1717570395524
USER	RecordedSimulation	END	1717570395524
REQUEST		mesh	1717570395520	1717570395525	OK	 
USER	RecordedSimulation	END	1717570395526
REQUEST		mesh	1717570395531	1717570395533	OK	 
REQUEST		mesh	1717570395531	1717570395533	OK	 
USER	RecordedSimulation	END	1717570395535
USER	RecordedSimulation	END	1717570395535
REQUEST		mesh	1717570395532	1717570395535	OK	 
REQUEST		mesh	1717570395532	1717570395535	OK	 
USER	RecordedSimulation	END	1717570395536
USER	RecordedSimulation	END	1717570395537
REQUEST		mesh	1717570395543	1717570395546	OK	 
USER	RecordedSimulation	END	1717570395548
REQUEST		mesh	1717570395544	1717570395548	OK	 
USER	RecordedSimulation	END	1717570395549
REQUEST		mesh	1717570395544	1717570395550	OK	 
USER	RecordedSimulation	END	1717570395551
REQUEST		mesh	1717570395553	1717570395556	OK	 
USER	RecordedSimulation	END	1717570395557
REQUEST		mesh	1717570395554	1717570395557	OK	 
USER	RecordedSimulation	END	1717570395558
REQUEST		mesh	1717570395558	1717570395560	OK	 
USER	RecordedSimulation	END	1717570395561
REQUEST		mesh	1717570395560	1717570395562	OK	 
USER	RecordedSimulation	END	1717570395563
REQUEST		mesh	1717570395561	1717570395564	OK	 
USER	RecordedSimulation	END	1717570395565
REQUEST		mesh	1717570395562	1717570395566	OK	 
USER	RecordedSimulation	END	1717570395566
REQUEST		mesh	1717570395573	1717570395576	OK	 
USER	RecordedSimulation	END	1717570395577
REQUEST		mesh	1717570395574	1717570395577	OK	 
USER	RecordedSimulation	END	1717570395578
REQUEST		mesh	1717570395583	1717570395585	OK	 
REQUEST		mesh	1717570395583	1717570395585	OK	 
USER	RecordedSimulation	END	1717570395586
USER	RecordedSimulation	END	1717570395586
REQUEST		mesh	1717570395583	1717570395586	OK	 
USER	RecordedSimulation	END	1717570395588
REQUEST		mesh	1717570395595	1717570395597	OK	 
USER	RecordedSimulation	END	1717570395598
REQUEST		mesh	1717570395595	1717570395598	OK	 
USER	RecordedSimulation	END	1717570395599
REQUEST		mesh	1717570395604	1717570395606	OK	 
USER	RecordedSimulation	END	1717570395607
REQUEST		mesh	1717570395603	1717570395607	OK	 
USER	RecordedSimulation	END	1717570395608
REQUEST		mesh	1717570395610	1717570395612	OK	 
REQUEST		mesh	1717570395610	1717570395612	OK	 
USER	RecordedSimulation	END	1717570395613
USER	RecordedSimulation	END	1717570395614
REQUEST		mesh	1717570395611	1717570395614	OK	 
USER	RecordedSimulation	END	1717570395616
REQUEST		mesh	1717570395631	1717570395634	OK	 
REQUEST		mesh	1717570395631	1717570395634	OK	 
USER	RecordedSimulation	END	1717570395636
USER	RecordedSimulation	END	1717570395636
REQUEST		mesh	1717570395632	1717570395636	OK	 
REQUEST		mesh	1717570395632	1717570395636	OK	 
USER	RecordedSimulation	END	1717570395637
USER	RecordedSimulation	END	1717570395637
REQUEST		mesh	1717570395640	1717570395643	OK	 
USER	RecordedSimulation	END	1717570395644
REQUEST		mesh	1717570395641	1717570395644	OK	 
USER	RecordedSimulation	END	1717570395646
REQUEST		mesh	1717570395645	1717570395648	OK	 
USER	RecordedSimulation	END	1717570395650
REQUEST		mesh	1717570395645	1717570395650	OK	 
USER	RecordedSimulation	END	1717570395651
REQUEST		mesh	1717570395652	1717570395655	OK	 
USER	RecordedSimulation	END	1717570395656
REQUEST		mesh	1717570395653	1717570395656	OK	 
USER	RecordedSimulation	END	1717570395658
REQUEST		mesh	1717570395654	1717570395658	OK	 
USER	RecordedSimulation	END	1717570395659
REQUEST		mesh	1717570395661	1717570395664	OK	 
USER	RecordedSimulation	END	1717570395665
REQUEST		mesh	1717570395662	1717570395665	OK	 
USER	RecordedSimulation	END	1717570395666
REQUEST		mesh	1717570395672	1717570395675	OK	 
USER	RecordedSimulation	END	1717570395676
REQUEST		mesh	1717570395673	1717570395676	OK	 
USER	RecordedSimulation	END	1717570395677
REQUEST		mesh	1717570395674	1717570395678	OK	 
USER	RecordedSimulation	END	1717570395679
REQUEST		mesh	1717570395679	1717570395683	OK	 
USER	RecordedSimulation	END	1717570395684
REQUEST		mesh	1717570395680	1717570395685	OK	 
USER	RecordedSimulation	END	1717570395686
REQUEST		mesh	1717570395688	1717570395691	OK	 
USER	RecordedSimulation	END	1717570395693
REQUEST		mesh	1717570395689	1717570395693	OK	 
REQUEST		mesh	1717570395691	1717570395694	OK	 
USER	RecordedSimulation	END	1717570395694
USER	RecordedSimulation	END	1717570395695
REQUEST		mesh	1717570395692	1717570395695	OK	 
REQUEST		mesh	1717570395693	1717570395696	OK	 
REQUEST		mesh	1717570395689	1717570395696	OK	 
USER	RecordedSimulation	END	1717570395696
USER	RecordedSimulation	END	1717570395697
USER	RecordedSimulation	END	1717570395697
REQUEST		mesh	1717570395694	1717570395697	OK	 
USER	RecordedSimulation	END	1717570395699
REQUEST		mesh	1717570395712	1717570395715	OK	 
REQUEST		mesh	1717570395713	1717570395716	OK	 
USER	RecordedSimulation	END	1717570395717
USER	RecordedSimulation	END	1717570395717
REQUEST		mesh	1717570395714	1717570395717	OK	 
REQUEST		mesh	1717570395712	1717570395717	OK	 
USER	RecordedSimulation	END	1717570395719
USER	RecordedSimulation	END	1717570395719
REQUEST		mesh	1717570395722	1717570395723	OK	 
USER	RecordedSimulation	END	1717570395725
REQUEST		mesh	1717570395721	1717570395725	OK	 
USER	RecordedSimulation	END	1717570395726
REQUEST		mesh	1717570395735	1717570395737	OK	 
USER	RecordedSimulation	END	1717570395738
REQUEST		mesh	1717570395735	1717570395738	OK	 
USER	RecordedSimulation	END	1717570395739
REQUEST		mesh	1717570395736	1717570395740	OK	 
USER	RecordedSimulation	END	1717570395741
REQUEST		mesh	1717570395742	1717570395743	OK	 
USER	RecordedSimulation	END	1717570395745
REQUEST		mesh	1717570395741	1717570395745	OK	 
USER	RecordedSimulation	END	1717570395746
REQUEST		mesh	1717570395742	1717570395747	OK	 
USER	RecordedSimulation	END	1717570395748
REQUEST		isEmpty	1717570397330	1717570397332	OK	 
REQUEST		mesh	1717570400339	1717570400341	OK	 
USER	RecordedSimulation	END	1717570400342
