RUN	it.persistence.PersistenceEnduranceItSimulation	persistenceenduranceitsimulation	1717491866383	 	3.11.3
USER	RecordedSimulation	START	1717491866939
REQUEST		ping	1717491866935	1717491866951	OK	 
USER	RecordedSimulation	START	1717491868899
REQUEST		ping	1717491868898	1717491868905	OK	 
USER	RecordedSimulation	START	1717491870891
REQUEST		ping	1717491870890	1717491870898	OK	 
USER	RecordedSimulation	START	1717491873891
REQUEST		ping	1717491873890	1717491873896	OK	 
REQUEST		saveField	1717491874968	1717491875109	OK	 
USER	RecordedSimulation	START	1717491875891
REQUEST		ping	1717491875890	1717491875897	OK	 
REQUEST		saveField	1717491876906	1717491877043	OK	 
REQUEST		saveGame	1717491878110	1717491878142	OK	 
USER	RecordedSimulation	START	1717491878890
REQUEST		ping	1717491878889	1717491878896	OK	 
REQUEST		saveField	1717491878899	1717491879034	OK	 
REQUEST		saveGame	1717491880044	1717491880082	OK	 
USER	RecordedSimulation	START	1717491880890
REQUEST		ping	1717491880889	1717491880895	OK	 
REQUEST		saveField	1717491881898	1717491882030	OK	 
REQUEST		saveGame	1717491882035	1717491882063	OK	 
REQUEST		saveDiceCup	1717491882143	1717491882185	OK	 
USER	RecordedSimulation	START	1717491882890
REQUEST		ping	1717491882889	1717491882896	OK	 
REQUEST		saveField	1717491883898	1717491884022	OK	 
REQUEST		saveDiceCup	1717491884083	1717491884120	OK	 
REQUEST		saveGame	1717491885031	1717491885067	OK	 
USER	RecordedSimulation	START	1717491885890
REQUEST		ping	1717491885889	1717491885895	OK	 
REQUEST		saveDiceCup	1717491886064	1717491886106	OK	 
REQUEST		saveField	1717491886897	1717491887023	OK	 
REQUEST		saveGame	1717491887023	1717491887056	OK	 
USER	RecordedSimulation	START	1717491887890
REQUEST		ping	1717491887889	1717491887896	OK	 
REQUEST		saveField	1717491888897	1717491889019	OK	 
REQUEST		saveDiceCup	1717491889068	1717491889103	OK	 
REQUEST		saveGame	1717491890024	1717491890056	OK	 
USER	RecordedSimulation	START	1717491890890
REQUEST		ping	1717491890889	1717491890894	OK	 
REQUEST		saveField	1717491890897	1717491891023	OK	 
REQUEST		saveDiceCup	1717491891057	1717491891089	OK	 
REQUEST		loadGame	1717491891186	1717491891203	OK	 
REQUEST		saveGame	1717491892021	1717491892056	OK	 
USER	RecordedSimulation	START	1717491892890
REQUEST		ping	1717491892889	1717491892896	OK	 
REQUEST		loadGame	1717491893121	1717491893136	OK	 
REQUEST		saveField	1717491893897	1717491894011	OK	 
REQUEST		saveGame	1717491894024	1717491894050	OK	 
REQUEST		saveDiceCup	1717491894057	1717491894095	OK	 
USER	RecordedSimulation	START	1717491894890
REQUEST		ping	1717491894890	1717491894895	OK	 
REQUEST		loadGame	1717491895107	1717491895123	OK	 
REQUEST		saveField	1717491895897	1717491896014	OK	 
REQUEST		saveDiceCup	1717491896057	1717491896090	OK	 
REQUEST		saveGame	1717491897012	1717491897044	OK	 
USER	RecordedSimulation	START	1717491897890
REQUEST		ping	1717491897889	1717491897894	OK	 
REQUEST		saveDiceCup	1717491898051	1717491898087	OK	 
REQUEST		loadGame	1717491898104	1717491898120	OK	 
REQUEST		saveField	1717491898896	1717491899016	OK	 
REQUEST		saveGame	1717491899015	1717491899044	OK	 
USER	RecordedSimulation	START	1717491899891
REQUEST		ping	1717491899890	1717491899897	OK	 
REQUEST		loadGame	1717491900091	1717491900113	OK	 
REQUEST		loadDiceCup	1717491900204	1717491900221	OK	 
REQUEST		saveField	1717491900897	1717491901008	OK	 
REQUEST		saveDiceCup	1717491901045	1717491901084	OK	 
REQUEST		saveGame	1717491902017	1717491902054	OK	 
REQUEST		loadDiceCup	1717491902137	1717491902156	OK	 
USER	RecordedSimulation	START	1717491902889
REQUEST		ping	1717491902889	1717491902895	OK	 
REQUEST		saveField	1717491902897	1717491903027	OK	 
REQUEST		saveDiceCup	1717491903045	1717491903082	OK	 
REQUEST		loadGame	1717491903096	1717491903113	OK	 
REQUEST		saveGame	1717491904009	1717491904040	OK	 
REQUEST		loadDiceCup	1717491904124	1717491904144	OK	 
USER	RecordedSimulation	START	1717491904889
REQUEST		ping	1717491904889	1717491904896	OK	 
REQUEST		loadGame	1717491905091	1717491905112	OK	 
REQUEST		saveField	1717491905896	1717491906011	OK	 
REQUEST		saveGame	1717491906028	1717491906054	OK	 
REQUEST		saveDiceCup	1717491906054	1717491906095	OK	 
USER	RecordedSimulation	START	1717491906889
REQUEST		ping	1717491906889	1717491906894	OK	 
REQUEST		loadGame	1717491907088	1717491907104	OK	 
REQUEST		loadDiceCup	1717491907121	1717491907141	OK	 
REQUEST		saveField	1717491907898	1717491908010	OK	 
REQUEST		saveDiceCup	1717491908041	1717491908074	OK	 
REQUEST		saveGame	1717491909012	1717491909036	OK	 
REQUEST		loadDiceCup	1717491909114	1717491909129	OK	 
USER	RecordedSimulation	START	1717491909890
REQUEST		ping	1717491909890	1717491909895	OK	 
REQUEST		saveDiceCup	1717491910055	1717491910095	OK	 
REQUEST		loadGame	1717491910085	1717491910101	OK	 
REQUEST		saveField	1717491910896	1717491911014	OK	 
REQUEST		saveGame	1717491911011	1717491911042	OK	 
USER	RecordedSimulation	START	1717491911890
REQUEST		ping	1717491911890	1717491911895	OK	 
REQUEST		loadGame	1717491912083	1717491912102	OK	 
REQUEST		loadDiceCup	1717491912114	1717491912131	OK	 
REQUEST		saveField	1717491912898	1717491913016	OK	 
REQUEST		saveDiceCup	1717491913037	1717491913109	OK	 
REQUEST		saveGame	1717491914015	1717491914051	OK	 
REQUEST		loadDiceCup	1717491914113	1717491914130	OK	 
USER	RecordedSimulation	START	1717491914890
REQUEST		ping	1717491914889	1717491914894	OK	 
REQUEST		saveField	1717491914895	1717491915011	OK	 
REQUEST		saveDiceCup	1717491915042	1717491915076	OK	 
REQUEST		loadGame	1717491915097	1717491915117	OK	 
REQUEST		saveGame	1717491916017	1717491916049	OK	 
REQUEST		loadDiceCup	1717491916106	1717491916126	OK	 
USER	RecordedSimulation	START	1717491916890
REQUEST		ping	1717491916890	1717491916895	OK	 
REQUEST		loadGame	1717491917075	1717491917089	OK	 
REQUEST		saveField	1717491917896	1717491918006	OK	 
REQUEST		saveGame	1717491918012	1717491918039	OK	 
REQUEST		saveDiceCup	1717491918052	1717491918085	OK	 
USER	RecordedSimulation	START	1717491918890
REQUEST		ping	1717491918890	1717491918896	OK	 
REQUEST		loadGame	1717491919096	1717491919113	OK	 
REQUEST		loadDiceCup	1717491919102	1717491919121	OK	 
REQUEST		saveField	1717491919897	1717491920002	OK	 
REQUEST		saveDiceCup	1717491920050	1717491920081	OK	 
REQUEST		saveGame	1717491921006	1717491921040	OK	 
REQUEST		loadDiceCup	1717491921103	1717491921118	OK	 
REQUEST		loadField	1717491921222	1717491921241	OK	 
USER	RecordedSimulation	END	1717491921243
USER	RecordedSimulation	START	1717491921889
REQUEST		ping	1717491921889	1717491921893	OK	 
REQUEST		saveDiceCup	1717491922040	1717491922078	OK	 
REQUEST		loadGame	1717491922110	1717491922126	OK	 
REQUEST		saveField	1717491922895	1717491923021	OK	 
REQUEST		saveGame	1717491923002	1717491923033	OK	 
REQUEST		loadField	1717491923157	1717491923174	OK	 
USER	RecordedSimulation	END	1717491923175
USER	RecordedSimulation	START	1717491923889
REQUEST		ping	1717491923889	1717491923894	OK	 
REQUEST		loadGame	1717491924077	1717491924091	OK	 
REQUEST		loadDiceCup	1717491924118	1717491924134	OK	 
REQUEST		saveField	1717491924896	1717491925010	OK	 
REQUEST		saveDiceCup	1717491925040	1717491925074	OK	 
REQUEST		loadField	1717491925145	1717491925161	OK	 
USER	RecordedSimulation	END	1717491925162
REQUEST		saveGame	1717491926022	1717491926056	OK	 
REQUEST		loadDiceCup	1717491926090	1717491926105	OK	 
USER	RecordedSimulation	START	1717491926889
REQUEST		ping	1717491926889	1717491926893	OK	 
REQUEST		saveField	1717491926898	1717491927001	OK	 
REQUEST		saveDiceCup	1717491927034	1717491927070	OK	 
REQUEST		loadGame	1717491927087	1717491927105	OK	 
REQUEST		saveGame	1717491928011	1717491928040	OK	 
REQUEST		loadDiceCup	1717491928114	1717491928130	OK	 
REQUEST		loadField	1717491928142	1717491928161	OK	 
USER	RecordedSimulation	END	1717491928162
USER	RecordedSimulation	START	1717491928889
REQUEST		ping	1717491928889	1717491928893	OK	 
REQUEST		loadGame	1717491929081	1717491929097	OK	 
REQUEST		saveField	1717491929895	1717491930023	OK	 
REQUEST		saveGame	1717491930002	1717491930030	OK	 
REQUEST		saveDiceCup	1717491930057	1717491930095	OK	 
REQUEST		loadField	1717491930131	1717491930150	OK	 
USER	RecordedSimulation	END	1717491930151
USER	RecordedSimulation	START	1717491930889
REQUEST		ping	1717491930889	1717491930893	OK	 
REQUEST		loadGame	1717491931079	1717491931094	OK	 
REQUEST		loadDiceCup	1717491931127	1717491931141	OK	 
REQUEST		saveField	1717491931895	1717491932002	OK	 
REQUEST		saveDiceCup	1717491932041	1717491932072	OK	 
REQUEST		saveGame	1717491933024	1717491933052	OK	 
REQUEST		loadDiceCup	1717491933092	1717491933108	OK	 
REQUEST		loadField	1717491933132	1717491933150	OK	 
USER	RecordedSimulation	END	1717491933151
USER	RecordedSimulation	START	1717491933890
REQUEST		ping	1717491933890	1717491933894	OK	 
REQUEST		saveDiceCup	1717491934031	1717491934070	OK	 
REQUEST		loadGame	1717491934075	1717491934090	OK	 
REQUEST		saveGame	1717491935003	1717491935046	OK	 
REQUEST		saveField	1717491934895	1717491935050	OK	 
REQUEST		loadField	1717491935131	1717491935164	OK	 
USER	RecordedSimulation	END	1717491935166
USER	RecordedSimulation	START	1717491935897
REQUEST		ping	1717491935896	1717491935923	OK	 
REQUEST		loadGame	1717491936071	1717491936115	OK	 
REQUEST		loadDiceCup	1717491936109	1717491936163	OK	 
REQUEST		saveField	1717491936895	1717491937024	OK	 
REQUEST		saveDiceCup	1717491937053	1717491937095	OK	 
REQUEST		loadField	1717491937127	1717491937150	OK	 
USER	RecordedSimulation	END	1717491937151
REQUEST		saveGame	1717491938051	1717491938085	OK	 
REQUEST		loadDiceCup	1717491938098	1717491938118	OK	 
USER	RecordedSimulation	START	1717491938889
REQUEST		ping	1717491938889	1717491938893	OK	 
REQUEST		saveField	1717491938895	1717491939009	OK	 
REQUEST		saveDiceCup	1717491939046	1717491939085	OK	 
REQUEST		loadGame	1717491939096	1717491939113	OK	 
REQUEST		saveGame	1717491940025	1717491940056	OK	 
REQUEST		loadDiceCup	1717491940095	1717491940110	OK	 
REQUEST		loadField	1717491940122	1717491940139	OK	 
USER	RecordedSimulation	END	1717491940140
USER	RecordedSimulation	START	1717491940889
REQUEST		ping	1717491940888	1717491940893	OK	 
REQUEST		loadGame	1717491941073	1717491941088	OK	 
REQUEST		saveField	1717491941895	1717491942010	OK	 
REQUEST		saveGame	1717491942010	1717491942041	OK	 
REQUEST		saveDiceCup	1717491942086	1717491942117	OK	 
REQUEST		loadField	1717491942119	1717491942140	OK	 
USER	RecordedSimulation	END	1717491942140
USER	RecordedSimulation	START	1717491942889
REQUEST		ping	1717491942889	1717491942893	OK	 
REQUEST		loadGame	1717491943071	1717491943091	OK	 
REQUEST		loadDiceCup	1717491943090	1717491943108	OK	 
REQUEST		saveField	1717491943924	1717491944043	OK	 
REQUEST		saveDiceCup	1717491944057	1717491944096	OK	 
REQUEST		saveGame	1717491945010	1717491945052	OK	 
REQUEST		loadDiceCup	1717491945117	1717491945139	OK	 
REQUEST		loadField	1717491945135	1717491945159	OK	 
USER	RecordedSimulation	END	1717491945159
USER	RecordedSimulation	START	1717491945889
REQUEST		ping	1717491945889	1717491945893	OK	 
REQUEST		saveDiceCup	1717491946041	1717491946078	OK	 
REQUEST		loadGame	1717491946096	1717491946113	OK	 
REQUEST		saveField	1717491946895	1717491947005	OK	 
REQUEST		saveGame	1717491947044	1717491947070	OK	 
REQUEST		loadField	1717491947106	1717491947127	OK	 
USER	RecordedSimulation	END	1717491947127
USER	RecordedSimulation	START	1717491947889
REQUEST		ping	1717491947889	1717491947893	OK	 
REQUEST		loadGame	1717491948086	1717491948101	OK	 
REQUEST		loadDiceCup	1717491948114	1717491948128	OK	 
REQUEST		saveField	1717491948894	1717491949013	OK	 
REQUEST		saveDiceCup	1717491949053	1717491949086	OK	 
REQUEST		loadField	1717491949131	1717491949148	OK	 
USER	RecordedSimulation	END	1717491949149
REQUEST		saveGame	1717491950006	1717491950036	OK	 
REQUEST		loadDiceCup	1717491950089	1717491950105	OK	 
USER	RecordedSimulation	START	1717491950890
REQUEST		ping	1717491950890	1717491950894	OK	 
REQUEST		saveField	1717491950894	1717491951001	OK	 
REQUEST		saveDiceCup	1717491951071	1717491951106	OK	 
REQUEST		loadGame	1717491951118	1717491951132	OK	 
REQUEST		saveGame	1717491952014	1717491952047	OK	 
REQUEST		loadDiceCup	1717491952092	1717491952107	OK	 
REQUEST		loadField	1717491952142	1717491952158	OK	 
USER	RecordedSimulation	END	1717491952159
USER	RecordedSimulation	START	1717491952890
REQUEST		ping	1717491952890	1717491952893	OK	 
REQUEST		loadGame	1717491953097	1717491953114	OK	 
REQUEST		saveField	1717491953894	1717491954000	OK	 
REQUEST		saveGame	1717491954002	1717491954031	OK	 
REQUEST		saveDiceCup	1717491954037	1717491954070	OK	 
REQUEST		loadField	1717491954109	1717491954132	OK	 
USER	RecordedSimulation	END	1717491954132
USER	RecordedSimulation	START	1717491954889
REQUEST		ping	1717491954889	1717491954893	OK	 
REQUEST		loadGame	1717491955079	1717491955092	OK	 
REQUEST		loadDiceCup	1717491955114	1717491955129	OK	 
REQUEST		saveField	1717491955894	1717491955999	OK	 
REQUEST		saveDiceCup	1717491956048	1717491956078	OK	 
REQUEST		saveGame	1717491957000	1717491957031	OK	 
REQUEST		loadDiceCup	1717491957102	1717491957115	OK	 
REQUEST		loadField	1717491957164	1717491957180	OK	 
USER	RecordedSimulation	END	1717491957180
USER	RecordedSimulation	START	1717491957889
REQUEST		ping	1717491957889	1717491957893	OK	 
REQUEST		saveDiceCup	1717491958031	1717491958065	OK	 
REQUEST		loadGame	1717491958086	1717491958104	OK	 
REQUEST		saveField	1717491958895	1717491959000	OK	 
REQUEST		saveGame	1717491958999	1717491959028	OK	 
REQUEST		loadField	1717491959118	1717491959137	OK	 
USER	RecordedSimulation	END	1717491959138
USER	RecordedSimulation	START	1717491959889
REQUEST		ping	1717491959889	1717491959893	OK	 
REQUEST		loadGame	1717491960107	1717491960124	OK	 
REQUEST		loadDiceCup	1717491960133	1717491960147	OK	 
REQUEST		saveField	1717491960895	1717491961001	OK	 
REQUEST		saveDiceCup	1717491961032	1717491961065	OK	 
REQUEST		loadField	1717491961111	1717491961128	OK	 
USER	RecordedSimulation	END	1717491961128
REQUEST		saveGame	1717491962001	1717491962029	OK	 
REQUEST		loadDiceCup	1717491962115	1717491962131	OK	 
USER	RecordedSimulation	START	1717491962890
REQUEST		ping	1717491962890	1717491962894	OK	 
REQUEST		saveField	1717491962894	1717491963002	OK	 
REQUEST		saveDiceCup	1717491963029	1717491963067	OK	 
REQUEST		loadGame	1717491963071	1717491963083	OK	 
REQUEST		saveGame	1717491964002	1717491964029	OK	 
REQUEST		loadDiceCup	1717491964092	1717491964110	OK	 
REQUEST		loadField	1717491964109	1717491964125	OK	 
USER	RecordedSimulation	END	1717491964125
USER	RecordedSimulation	START	1717491964889
REQUEST		ping	1717491964889	1717491964893	OK	 
REQUEST		loadGame	1717491965079	1717491965093	OK	 
REQUEST		saveField	1717491965895	1717491965997	OK	 
REQUEST		saveGame	1717491966003	1717491966030	OK	 
REQUEST		saveDiceCup	1717491966030	1717491966062	OK	 
REQUEST		loadField	1717491966140	1717491966160	OK	 
USER	RecordedSimulation	END	1717491966161
USER	RecordedSimulation	START	1717491966889
REQUEST		ping	1717491966889	1717491966893	OK	 
REQUEST		loadGame	1717491967066	1717491967081	OK	 
REQUEST		loadDiceCup	1717491967105	1717491967120	OK	 
REQUEST		saveField	1717491967895	1717491967997	OK	 
REQUEST		saveDiceCup	1717491968030	1717491968061	OK	 
REQUEST		saveGame	1717491968998	1717491969026	OK	 
REQUEST		loadDiceCup	1717491969125	1717491969141	OK	 
REQUEST		loadField	1717491969129	1717491969148	OK	 
USER	RecordedSimulation	END	1717491969149
USER	RecordedSimulation	START	1717491969890
REQUEST		ping	1717491969890	1717491969895	OK	 
REQUEST		saveDiceCup	1717491970031	1717491970070	OK	 
REQUEST		loadGame	1717491970066	1717491970081	OK	 
REQUEST		saveGame	1717491970998	1717491971021	OK	 
REQUEST		saveField	1717491970895	1717491971034	OK	 
REQUEST		loadField	1717491971106	1717491971122	OK	 
USER	RecordedSimulation	END	1717491971123
USER	RecordedSimulation	START	1717491971890
REQUEST		ping	1717491971890	1717491971894	OK	 
REQUEST		loadGame	1717491972067	1717491972081	OK	 
REQUEST		loadDiceCup	1717491972084	1717491972098	OK	 
REQUEST		saveField	1717491972894	1717491973007	OK	 
REQUEST		saveDiceCup	1717491973027	1717491973059	OK	 
REQUEST		loadField	1717491973108	1717491973130	OK	 
USER	RecordedSimulation	END	1717491973131
REQUEST		saveGame	1717491974035	1717491974067	OK	 
REQUEST		loadDiceCup	1717491974094	1717491974109	OK	 
USER	RecordedSimulation	START	1717491974889
REQUEST		ping	1717491974889	1717491974892	OK	 
REQUEST		saveField	1717491974893	1717491974995	OK	 
REQUEST		saveDiceCup	1717491975022	1717491975051	OK	 
REQUEST		loadGame	1717491975062	1717491975078	OK	 
REQUEST		saveGame	1717491976008	1717491976039	OK	 
REQUEST		loadDiceCup	1717491976082	1717491976095	OK	 
REQUEST		loadField	1717491976130	1717491976146	OK	 
USER	RecordedSimulation	END	1717491976147
USER	RecordedSimulation	START	1717491976889
REQUEST		ping	1717491976889	1717491976892	OK	 
REQUEST		loadGame	1717491977061	1717491977074	OK	 
REQUEST		saveGame	1717491977995	1717491978024	OK	 
REQUEST		saveField	1717491977896	1717491978024	OK	 
REQUEST		saveDiceCup	1717491978067	1717491978106	OK	 
REQUEST		loadField	1717491978116	1717491978134	OK	 
USER	RecordedSimulation	END	1717491978135
USER	RecordedSimulation	START	1717491978889
REQUEST		ping	1717491978889	1717491978893	OK	 
REQUEST		loadGame	1717491979071	1717491979084	OK	 
REQUEST		loadDiceCup	1717491979081	1717491979096	OK	 
REQUEST		saveField	1717491979896	1717491980019	OK	 
REQUEST		saveDiceCup	1717491980040	1717491980075	OK	 
REQUEST		saveGame	1717491981025	1717491981052	OK	 
REQUEST		loadDiceCup	1717491981082	1717491981096	OK	 
REQUEST		loadField	1717491981148	1717491981171	OK	 
USER	RecordedSimulation	END	1717491981171
USER	RecordedSimulation	START	1717491981890
REQUEST		ping	1717491981890	1717491981893	OK	 
REQUEST		saveDiceCup	1717491982024	1717491982058	OK	 
REQUEST		loadGame	1717491982060	1717491982072	OK	 
REQUEST		saveField	1717491982894	1717491982993	OK	 
REQUEST		saveGame	1717491983020	1717491983045	OK	 
REQUEST		loadField	1717491983132	1717491983163	OK	 
USER	RecordedSimulation	END	1717491983164
USER	RecordedSimulation	START	1717491983889
REQUEST		ping	1717491983889	1717491983896	OK	 
REQUEST		loadGame	1717491984052	1717491984079	OK	 
REQUEST		loadDiceCup	1717491984079	1717491984103	OK	 
REQUEST		saveField	1717491984894	1717491984992	OK	 
REQUEST		saveDiceCup	1717491985053	1717491985083	OK	 
REQUEST		loadField	1717491985110	1717491985132	OK	 
USER	RecordedSimulation	END	1717491985133
REQUEST		saveGame	1717491985994	1717491986030	OK	 
REQUEST		loadDiceCup	1717491986075	1717491986097	OK	 
REQUEST		saveField	1717491986894	1717491986998	OK	 
REQUEST		saveDiceCup	1717491987045	1717491987077	OK	 
REQUEST		loadGame	1717491987107	1717491987126	OK	 
REQUEST		saveGame	1717491987993	1717491988019	OK	 
REQUEST		loadDiceCup	1717491988085	1717491988099	OK	 
REQUEST		loadField	1717491988121	1717491988137	OK	 
USER	RecordedSimulation	END	1717491988137
REQUEST		loadGame	1717491989075	1717491989089	OK	 
REQUEST		saveField	1717491989895	1717491989995	OK	 
REQUEST		saveGame	1717491989998	1717491990023	OK	 
REQUEST		saveDiceCup	1717491990031	1717491990059	OK	 
REQUEST		loadField	1717491990141	1717491990161	OK	 
USER	RecordedSimulation	END	1717491990162
REQUEST		loadGame	1717491991058	1717491991072	OK	 
REQUEST		loadDiceCup	1717491991073	1717491991088	OK	 
REQUEST		saveField	1717491991898	1717491991999	OK	 
REQUEST		saveDiceCup	1717491992019	1717491992053	OK	 
REQUEST		saveGame	1717491992997	1717491993025	OK	 
REQUEST		loadDiceCup	1717491993080	1717491993096	OK	 
REQUEST		loadField	1717491993099	1717491993117	OK	 
USER	RecordedSimulation	END	1717491993117
REQUEST		saveDiceCup	1717491994024	1717491994056	OK	 
REQUEST		loadGame	1717491994084	1717491994097	OK	 
REQUEST		saveGame	1717491995001	1717491995028	OK	 
REQUEST		loadField	1717491995109	1717491995126	OK	 
USER	RecordedSimulation	END	1717491995126
REQUEST		loadGame	1717491996078	1717491996097	OK	 
REQUEST		loadDiceCup	1717491996127	1717491996139	OK	 
REQUEST		saveDiceCup	1717491997027	1717491997064	OK	 
REQUEST		loadField	1717491997096	1717491997112	OK	 
USER	RecordedSimulation	END	1717491997113
REQUEST		loadDiceCup	1717491998090	1717491998103	OK	 
REQUEST		saveDiceCup	1717491999028	1717491999057	OK	 
REQUEST		loadGame	1717491999059	1717491999071	OK	 
REQUEST		loadDiceCup	1717492000072	1717492000085	OK	 
REQUEST		loadField	1717492000097	1717492000117	OK	 
USER	RecordedSimulation	END	1717492000117
REQUEST		loadGame	1717492001053	1717492001067	OK	 
REQUEST		loadField	1717492002097	1717492002113	OK	 
USER	RecordedSimulation	END	1717492002114
REQUEST		loadGame	1717492003057	1717492003072	OK	 
REQUEST		loadDiceCup	1717492003098	1717492003110	OK	 
REQUEST		loadDiceCup	1717492005098	1717492005110	OK	 
REQUEST		loadField	1717492005104	1717492005122	OK	 
USER	RecordedSimulation	END	1717492005122
REQUEST		loadGame	1717492006064	1717492006076	OK	 
REQUEST		loadField	1717492007097	1717492007113	OK	 
USER	RecordedSimulation	END	1717492007114
REQUEST		loadGame	1717492008057	1717492008069	OK	 
REQUEST		loadDiceCup	1717492008072	1717492008083	OK	 
REQUEST		loadField	1717492009100	1717492009116	OK	 
USER	RecordedSimulation	END	1717492009116
REQUEST		loadDiceCup	1717492010068	1717492010085	OK	 
REQUEST		loadDiceCup	1717492012073	1717492012084	OK	 
REQUEST		loadField	1717492012089	1717492012106	OK	 
USER	RecordedSimulation	END	1717492012107
REQUEST		loadField	1717492014097	1717492014112	OK	 
USER	RecordedSimulation	END	1717492014113
REQUEST		loadDiceCup	1717492015077	1717492015089	OK	 
REQUEST		loadDiceCup	1717492017070	1717492017083	OK	 
REQUEST		loadField	1717492017140	1717492017153	OK	 
USER	RecordedSimulation	END	1717492017154
REQUEST		loadField	1717492019104	1717492019119	OK	 
USER	RecordedSimulation	END	1717492019119
REQUEST		loadField	1717492021086	1717492021101	OK	 
USER	RecordedSimulation	END	1717492021102
REQUEST		loadField	1717492024110	1717492024127	OK	 
USER	RecordedSimulation	END	1717492024128
REQUEST		loadField	1717492026111	1717492026137	OK	 
USER	RecordedSimulation	END	1717492026138
REQUEST		loadField	1717492029084	1717492029103	OK	 
USER	RecordedSimulation	END	1717492029104
REQUEST		loadField	1717492031086	1717492031102	OK	 
USER	RecordedSimulation	END	1717492031102
REQUEST		loadField	1717492033085	1717492033100	OK	 
USER	RecordedSimulation	END	1717492033100
REQUEST		loadField	1717492036090	1717492036106	OK	 
USER	RecordedSimulation	END	1717492036106
REQUEST		loadField	1717492038083	1717492038099	OK	 
USER	RecordedSimulation	END	1717492038100
